#
# There is insufficient memory for the Java Runtime Environment to continue.
# Native memory allocation (mmap) failed to map 65536 bytes for Failed to commit metaspace.
# Possible reasons:
#   The system is out of physical RAM or swap space
#   The process is running with CompressedOops enabled, and the Java Heap may be blocking the growth of the native heap
# Possible solutions:
#   Reduce memory load on the system
#   Increase physical memory or swap space
#   Check if swap backing store is full
#   Decrease Java heap size (-Xmx/-Xms)
#   Decrease number of Java threads
#   Decrease Java thread stack sizes (-Xss)
#   Set larger code cache with -XX:ReservedCodeCacheSize=
#   JVM is running with Unscaled Compressed Oops mode in which the Java heap is
#     placed in the first 4GB address space. The Java Heap base address is the
#     maximum limit for the native heap growth. Please use -XX:HeapBaseMinAddress
#     to set the Java Heap base and to place the Java Heap above 4GB virtual address.
# This output file may be truncated or incomplete.
#
#  Out of Memory Error (virtualSpaceNode.cpp:110), pid=3680, tid=19160
#
# JRE version: OpenJDK Runtime Environment JBR-17.0.8.1+7-1059.3-nomod (17.0.8.1+7) (build 17.0.8.1+7-b1059.3)
# Java VM: OpenJDK 64-Bit Server VM JBR-17.0.8.1+7-1059.3-nomod (17.0.8.1+7-b1059.3, mixed mode, tiered, compressed oops, compressed class ptrs, g1 gc, windows-amd64)
# No core dump will be written. Minidumps are not enabled by default on client versions of Windows
#

---------------  S U M M A R Y ------------

Command Line: --module-path=C:\Users\elbootic.com\.m2\repository\org\openjfx\javafx-base\21.0.2\javafx-base-21.0.2-win.jar;C:\Users\elbootic.com\.m2\repository\org\openjfx\javafx-base\21.0.2\javafx-base-21.0.2.jar;C:\Users\elbootic.com\.m2\repository\org\openjfx\javafx-controls\21.0.2\javafx-controls-21.0.2-win.jar;C:\Users\elbootic.com\.m2\repository\org\openjfx\javafx-controls\21.0.2\javafx-controls-21.0.2.jar;C:\Users\elbootic.com\.m2\repository\org\openjfx\javafx-fxml\21.0.2\javafx-fxml-21.0.2-win.jar;C:\Users\elbootic.com\.m2\repository\org\openjfx\javafx-fxml\21.0.2\javafx-fxml-21.0.2.jar;C:\Users\elbootic.com\.m2\repository\org\openjfx\javafx-graphics\21.0.2\javafx-graphics-21.0.2-win.jar;C:\Users\elbootic.com\.m2\repository\org\openjfx\javafx-graphics\21.0.2\javafx-graphics-21.0.2.jar;C:\Users\elbootic.com\.m2\repository\org\openjfx\javafx-media\21.0.2\javafx-media-21.0.2-win.jar;C:\Users\elbootic.com\.m2\repository\org\openjfx\javafx-media\21.0.2\javafx-media-21.0.2.jar;C:\Users\elbootic.com\.m2\repository\org\openjfx\javafx-web\21.0.2\javafx-web-21.0.2-win.jar;C:\Users\elbootic.com\.m2\repository\org\openjfx\javafx-web\21.0.2\javafx-web-21.0.2.jar --add-modules=javafx.base,javafx.controls,javafx.fxml,javafx.graphics,javafx.media,javafx.web com.esprit.tests.MainApp

Host: Intel(R) Core(TM) i5-10210U CPU @ 1.60GHz, 8 cores, 3G,  Windows 11 , 64 bit Build 22621 (10.0.22621.3085)
Time: Fri Mar  8 04:37:09 2024 Paris, Madrid elapsed time: 2.385054 seconds (0d 0h 0m 2s)

---------------  T H R E A D  ---------------

Current thread (0x000001b6ab012ff0):  JavaThread "JavaFX Application Thread" [_thread_in_vm, id=19160, stack(0x000000b354d00000,0x000000b354e00000)]

Stack: [0x000000b354d00000,0x000000b354e00000]
Native frames: (J=compiled Java code, j=interpreted, Vv=VM code, C=native code)
V  [jvm.dll+0x6852da]
V  [jvm.dll+0x844ad4]
V  [jvm.dll+0x8463ee]
V  [jvm.dll+0x846a53]
V  [jvm.dll+0x24b7cf]
V  [jvm.dll+0x83fe8b]
V  [jvm.dll+0x6296c6]
V  [jvm.dll+0x1c2dee]
V  [jvm.dll+0x62c011]
V  [jvm.dll+0x62a066]
V  [jvm.dll+0x240ad0]
V  [jvm.dll+0x1ef8dd]
V  [jvm.dll+0x1e529c]
V  [jvm.dll+0x54b27d]
V  [jvm.dll+0x7bec35]
V  [jvm.dll+0x7bed4e]
V  [jvm.dll+0x4148ba]
V  [jvm.dll+0x41aa39]
C  [java.dll+0x17ec]

Java frames: (J=compiled Java code, j=interpreted, Vv=VM code)
J 1072  java.lang.ClassLoader.defineClass1(Ljava/lang/ClassLoader;Ljava/lang/String;[BIILjava/security/ProtectionDomain;Ljava/lang/String;)Ljava/lang/Class; java.base@17.0.8.1 (0 bytes) @ 0x000001b69a3bbfdb [0x000001b69a3bbf20+0x00000000000000bb]
j  java.lang.ClassLoader.defineClass(Ljava/lang/String;[BIILjava/security/ProtectionDomain;)Ljava/lang/Class;+27 java.base@17.0.8.1
J 1084 c1 java.lang.ClassLoader.defineClass(Ljava/lang/String;Ljava/nio/ByteBuffer;Ljava/security/ProtectionDomain;)Ljava/lang/Class; java.base@17.0.8.1 (108 bytes) @ 0x000001b692a51b44 [0x000001b692a51300+0x0000000000000844]
J 1083 c1 java.security.SecureClassLoader.defineClass(Ljava/lang/String;Ljava/nio/ByteBuffer;Ljava/security/CodeSource;)Ljava/lang/Class; java.base@17.0.8.1 (12 bytes) @ 0x000001b692a50e7c [0x000001b692a50dc0+0x00000000000000bc]
J 1098 c1 jdk.internal.loader.BuiltinClassLoader.defineClass(Ljava/lang/String;Ljdk/internal/loader/BuiltinClassLoader$LoadedModule;)Ljava/lang/Class; java.base@17.0.8.1 (162 bytes) @ 0x000001b692a5cba4 [0x000001b692a5b140+0x0000000000001a64]
J 892 c1 jdk.internal.loader.BuiltinClassLoader.loadClassOrNull(Ljava/lang/String;Z)Ljava/lang/Class; java.base@17.0.8.1 (143 bytes) @ 0x000001b6929e3c1c [0x000001b6929e3640+0x00000000000005dc]
J 801 c1 jdk.internal.loader.ClassLoaders$AppClassLoader.loadClass(Ljava/lang/String;Z)Ljava/lang/Class; java.base@17.0.8.1 (40 bytes) @ 0x000001b6929bcaf4 [0x000001b6929bc4e0+0x0000000000000614]
J 800 c1 java.lang.ClassLoader.loadClass(Ljava/lang/String;)Ljava/lang/Class; java.base@17.0.8.1 (7 bytes) @ 0x000001b6929bc13c [0x000001b6929bc040+0x00000000000000fc]
v  ~StubRoutines::call_stub
j  java.lang.Class.getDeclaredConstructors0(Z)[Ljava/lang/reflect/Constructor;+0 java.base@17.0.8.1
j  java.lang.Class.privateGetDeclaredConstructors(Z)[Ljava/lang/reflect/Constructor;+52 java.base@17.0.8.1
j  java.lang.Class.getConstructors()[Ljava/lang/reflect/Constructor;+20 java.base@17.0.8.1
j  com.sun.javafx.reflect.ConstructorUtil.getConstructors(Ljava/lang/Class;)[Ljava/lang/reflect/Constructor;+5 javafx.base@21.0.2
j  javafx.fxml.JavaFXBuilderFactory.scanForConstructorAnnotations(Ljava/lang/Class;)Z+1 javafx.fxml@21.0.2
j  javafx.fxml.JavaFXBuilderFactory.getBuilder(Ljava/lang/Class;)Ljavafx/util/Builder;+157 javafx.fxml@21.0.2
j  javafx.fxml.FXMLLoader$InstanceDeclarationElement.constructValue()Ljava/lang/Object;+158 javafx.fxml@21.0.2
j  javafx.fxml.FXMLLoader$ValueElement.processStartElement()V+6 javafx.fxml@21.0.2
j  javafx.fxml.FXMLLoader.processStartElement()V+8 javafx.fxml@21.0.2
j  javafx.fxml.FXMLLoader.loadImpl(Ljava/io/InputStream;Ljava/lang/Class;)Ljava/lang/Object;+207 javafx.fxml@21.0.2
j  javafx.fxml.FXMLLoader.loadImpl(Ljava/lang/Class;)Ljava/lang/Object;+31 javafx.fxml@21.0.2
j  javafx.fxml.FXMLLoader.load()Ljava/lang/Object;+17 javafx.fxml@21.0.2
j  com.esprit.tests.MainApp.start(Ljavafx/stage/Stage;)V+18
j  com.sun.javafx.application.LauncherImpl.lambda$launchApplication1$9(Ljava/util/concurrent/atomic/AtomicBoolean;Ljavafx/application/Application;)V+20 javafx.graphics@21.0.2
j  com.sun.javafx.application.LauncherImpl$$Lambda$104+0x0000000100116b78.run()V+8 javafx.graphics@21.0.2
j  com.sun.javafx.application.PlatformImpl.lambda$runAndWait$12(Ljava/lang/Runnable;Ljava/util/concurrent/CountDownLatch;)V+1 javafx.graphics@21.0.2
j  com.sun.javafx.application.PlatformImpl$$Lambda$97+0x0000000100111e80.run()V+8 javafx.graphics@21.0.2
j  com.sun.javafx.application.PlatformImpl.lambda$runLater$10(Ljava/lang/Runnable;)Ljava/lang/Void;+1 javafx.graphics@21.0.2
j  com.sun.javafx.application.PlatformImpl$$Lambda$99+0x0000000100113480.run()Ljava/lang/Object;+4 javafx.graphics@21.0.2
j  java.security.AccessController.executePrivileged(Ljava/security/PrivilegedAction;Ljava/security/AccessControlContext;Ljava/lang/Class;)Ljava/lang/Object;+29 java.base@17.0.8.1
j  java.security.AccessController.doPrivileged(Ljava/security/PrivilegedAction;Ljava/security/AccessControlContext;)Ljava/lang/Object;+13 java.base@17.0.8.1
j  com.sun.javafx.application.PlatformImpl.lambda$runLater$11(Ljava/lang/Runnable;Ljava/security/AccessControlContext;)V+7 javafx.graphics@21.0.2
j  com.sun.javafx.application.PlatformImpl$$Lambda$98+0x00000001001122f0.run()V+8 javafx.graphics@21.0.2
j  com.sun.glass.ui.InvokeLaterDispatcher$Future.run()V+4 javafx.graphics@21.0.2
v  ~StubRoutines::call_stub
j  com.sun.glass.ui.win.WinApplication._runLoop(Ljava/lang/Runnable;)V+0 javafx.graphics@21.0.2
j  com.sun.glass.ui.win.WinApplication.lambda$runLoop$3(ILjava/lang/Runnable;)V+8 javafx.graphics@21.0.2
j  com.sun.glass.ui.win.WinApplication$$Lambda$87+0x00000001000eedc0.run()V+12 javafx.graphics@21.0.2
j  java.lang.Thread.run()V+11 java.base@17.0.8.1
v  ~StubRoutines::call_stub

---------------  P R O C E S S  ---------------

Threads class SMR info:
_java_thread_list=0x000001b6ab995370, length=17, elements={
0x000001b68f0e9e40, 0x000001b6a6aac270, 0x000001b6a6aad0f0, 0x000001b6a6ac9980,
0x000001b6a6aca950, 0x000001b6ab014e50, 0x000001b6ab014940, 0x000001b6a6ace420,
0x000001b6ab016670, 0x000001b6ab011bb0, 0x000001b6ab0125d0, 0x000001b6ab0116a0,
0x000001b6ab0120c0, 0x000001b6ab012ae0, 0x000001b6ab012ff0, 0x000001b6ab013500,
0x000001b6ab013a10
}

Java Threads: ( => current thread )
  0x000001b68f0e9e40 JavaThread "main" [_thread_blocked, id=19588, stack(0x000000b353800000,0x000000b353900000)]
  0x000001b6a6aac270 JavaThread "Reference Handler" daemon [_thread_blocked, id=6368, stack(0x000000b353f00000,0x000000b354000000)]
  0x000001b6a6aad0f0 JavaThread "Finalizer" daemon [_thread_blocked, id=20108, stack(0x000000b354000000,0x000000b354100000)]
  0x000001b6a6ac9980 JavaThread "Signal Dispatcher" daemon [_thread_blocked, id=5708, stack(0x000000b354100000,0x000000b354200000)]
  0x000001b6a6aca950 JavaThread "Attach Listener" daemon [_thread_blocked, id=9316, stack(0x000000b354200000,0x000000b354300000)]
  0x000001b6ab014e50 JavaThread "Service Thread" daemon [_thread_blocked, id=8184, stack(0x000000b354300000,0x000000b354400000)]
  0x000001b6ab014940 JavaThread "Monitor Deflation Thread" daemon [_thread_blocked, id=19480, stack(0x000000b354400000,0x000000b354500000)]
  0x000001b6a6ace420 JavaThread "C2 CompilerThread0" daemon [_thread_blocked, id=9344, stack(0x000000b354500000,0x000000b354600000)]
  0x000001b6ab016670 JavaThread "C1 CompilerThread0" daemon [_thread_blocked, id=18684, stack(0x000000b354600000,0x000000b354700000)]
  0x000001b6ab011bb0 JavaThread "Sweeper thread" daemon [_thread_blocked, id=7028, stack(0x000000b354700000,0x000000b354800000)]
  0x000001b6ab0125d0 JavaThread "Common-Cleaner" daemon [_thread_blocked, id=14408, stack(0x000000b354800000,0x000000b354900000)]
  0x000001b6ab0116a0 JavaThread "Notification Thread" daemon [_thread_blocked, id=11544, stack(0x000000b354a00000,0x000000b354b00000)]
  0x000001b6ab0120c0 JavaThread "QuantumRenderer-0" daemon [_thread_blocked, id=20372, stack(0x000000b354c00000,0x000000b354d00000)]
  0x000001b6ab012ae0 JavaThread "InvokeLaterDispatcher" daemon [_thread_blocked, id=13444, stack(0x000000b354900000,0x000000b354a00000)]
=>0x000001b6ab012ff0 JavaThread "JavaFX Application Thread" [_thread_in_vm, id=19160, stack(0x000000b354d00000,0x000000b354e00000)]
  0x000001b6ab013500 JavaThread "Thread-1" daemon [_thread_in_native, id=18564, stack(0x000000b355100000,0x000000b355200000)]
  0x000001b6ab013a10 JavaThread "JavaFX-Launcher" [_thread_blocked, id=1620, stack(0x000000b355200000,0x000000b355300000)]

Other Threads:
  0x000001b6a6a88d80 VMThread "VM Thread" [stack: 0x000000b353e00000,0x000000b353f00000] [id=3296]
  0x000001b68f1456c0 WatcherThread [stack: 0x000000b354b00000,0x000000b354c00000] [id=12808]
  0x000001b68f124710 GCTaskThread "GC Thread#0" [stack: 0x000000b353900000,0x000000b353a00000] [id=20116]
  0x000001b6abbd6aa0 GCTaskThread "GC Thread#1" [stack: 0x000000b355300000,0x000000b355400000] [id=6396]
  0x000001b6abba8e20 GCTaskThread "GC Thread#2" [stack: 0x000000b355400000,0x000000b355500000] [id=9392]
  0x000001b6abba90e0 GCTaskThread "GC Thread#3" [stack: 0x000000b355500000,0x000000b355600000] [id=16452]
  0x000001b6b03010b0 GCTaskThread "GC Thread#4" [stack: 0x000000b355600000,0x000000b355700000] [id=15276]
  0x000001b6b0301370 GCTaskThread "GC Thread#5" [stack: 0x000000b355700000,0x000000b355800000] [id=6424]
  0x000001b68f12d160 ConcurrentGCThread "G1 Main Marker" [stack: 0x000000b353a00000,0x000000b353b00000] [id=3312]
  0x000001b68f12db70 ConcurrentGCThread "G1 Conc#0" [stack: 0x000000b353b00000,0x000000b353c00000] [id=12804]
  0x000001b68f17def0 ConcurrentGCThread "G1 Refine#0" [stack: 0x000000b353c00000,0x000000b353d00000] [id=16160]
  0x000001b68f17e920 ConcurrentGCThread "G1 Service" [stack: 0x000000b353d00000,0x000000b353e00000] [id=8588]

Threads with active compile tasks:

VM state: not at safepoint (normal execution)

VM Mutex/Monitor currently owned by a thread:  ([mutex/lock_event])
[0x000001b68cf55f10] Metaspace_lock - owner thread: 0x000001b6ab012ff0

Heap address: 0x00000000c2800000, size: 984 MB, Compressed Oops mode: 32-bit

CDS archive(s) not mapped
Compressed class space mapped at: 0x0000000100000000-0x0000000140000000, reserved size: 1073741824
Narrow klass base: 0x0000000000000000, Narrow klass shift: 3, Narrow klass range: 0x140000000

GC Precious Log:
 CPUs: 8 total, 8 available
 Memory: 3929M
 Large Page Support: Disabled
 NUMA Support: Disabled
 Compressed Oops: Enabled (32-bit)
 Heap Region Size: 1M
 Heap Min Capacity: 8M
 Heap Initial Capacity: 62M
 Heap Max Capacity: 984M
 Pre-touch: Disabled
 Parallel Workers: 8
 Concurrent Workers: 2
 Concurrent Refinement Workers: 8
 Periodic GC: Disabled

Heap:
 garbage-first heap   total 63488K, used 19731K [0x00000000c2800000, 0x0000000100000000)
  region size 1024K, 13 young (13312K), 3 survivors (3072K)
 Metaspace       used 13547K, committed 13696K, reserved 1114112K
  class space    used 1400K, committed 1472K, reserved 1048576K

Heap Regions: E=young(eden), S=young(survivor), O=old, HS=humongous(starts), HC=humongous(continues), CS=collection set, F=free, OA=open archive, CA=closed archive, TAMS=top-at-mark-start (previous, next)
|   0|0x00000000c2800000, 0x00000000c2844e00, 0x00000000c2900000| 26%| O|  |TAMS 0x00000000c2800000, 0x00000000c2800000| Untracked 
|   1|0x00000000c2900000, 0x00000000c2a00000, 0x00000000c2a00000|100%|HS|  |TAMS 0x00000000c2900000, 0x00000000c2900000| Complete 
|   2|0x00000000c2a00000, 0x00000000c2b00000, 0x00000000c2b00000|100%|HC|  |TAMS 0x00000000c2a00000, 0x00000000c2a00000| Complete 
|   3|0x00000000c2b00000, 0x00000000c2c00000, 0x00000000c2c00000|100%|HC|  |TAMS 0x00000000c2b00000, 0x00000000c2b00000| Complete 
|   4|0x00000000c2c00000, 0x00000000c2d00000, 0x00000000c2d00000|100%|HC|  |TAMS 0x00000000c2c00000, 0x00000000c2c00000| Complete 
|   5|0x00000000c2d00000, 0x00000000c2e00000, 0x00000000c2e00000|100%|HC|  |TAMS 0x00000000c2d00000, 0x00000000c2d00000| Complete 
|   6|0x00000000c2e00000, 0x00000000c2f00000, 0x00000000c2f00000|100%|HC|  |TAMS 0x00000000c2e00000, 0x00000000c2e00000| Complete 
|   7|0x00000000c2f00000, 0x00000000c3000000, 0x00000000c3000000|100%|HS|  |TAMS 0x00000000c2f00000, 0x00000000c2f00000| Complete 
|   8|0x00000000c3000000, 0x00000000c3100000, 0x00000000c3100000|100%|HS|  |TAMS 0x00000000c3000000, 0x00000000c3000000| Complete 
|   9|0x00000000c3100000, 0x00000000c3100000, 0x00000000c3200000|  0%| F|  |TAMS 0x00000000c3100000, 0x00000000c3100000| Untracked 
|  10|0x00000000c3200000, 0x00000000c3200000, 0x00000000c3300000|  0%| F|  |TAMS 0x00000000c3200000, 0x00000000c3200000| Untracked 
|  11|0x00000000c3300000, 0x00000000c3300000, 0x00000000c3400000|  0%| F|  |TAMS 0x00000000c3300000, 0x00000000c3300000| Untracked 
|  12|0x00000000c3400000, 0x00000000c3400000, 0x00000000c3500000|  0%| F|  |TAMS 0x00000000c3400000, 0x00000000c3400000| Untracked 
|  13|0x00000000c3500000, 0x00000000c3500000, 0x00000000c3600000|  0%| F|  |TAMS 0x00000000c3500000, 0x00000000c3500000| Untracked 
|  14|0x00000000c3600000, 0x00000000c3600000, 0x00000000c3700000|  0%| F|  |TAMS 0x00000000c3600000, 0x00000000c3600000| Untracked 
|  15|0x00000000c3700000, 0x00000000c3700000, 0x00000000c3800000|  0%| F|  |TAMS 0x00000000c3700000, 0x00000000c3700000| Untracked 
|  16|0x00000000c3800000, 0x00000000c3800000, 0x00000000c3900000|  0%| F|  |TAMS 0x00000000c3800000, 0x00000000c3800000| Untracked 
|  17|0x00000000c3900000, 0x00000000c3900000, 0x00000000c3a00000|  0%| F|  |TAMS 0x00000000c3900000, 0x00000000c3900000| Untracked 
|  18|0x00000000c3a00000, 0x00000000c3a00000, 0x00000000c3b00000|  0%| F|  |TAMS 0x00000000c3a00000, 0x00000000c3a00000| Untracked 
|  19|0x00000000c3b00000, 0x00000000c3b00000, 0x00000000c3c00000|  0%| F|  |TAMS 0x00000000c3b00000, 0x00000000c3b00000| Untracked 
|  20|0x00000000c3c00000, 0x00000000c3c00000, 0x00000000c3d00000|  0%| F|  |TAMS 0x00000000c3c00000, 0x00000000c3c00000| Untracked 
|  21|0x00000000c3d00000, 0x00000000c3d00000, 0x00000000c3e00000|  0%| F|  |TAMS 0x00000000c3d00000, 0x00000000c3d00000| Untracked 
|  22|0x00000000c3e00000, 0x00000000c3e00000, 0x00000000c3f00000|  0%| F|  |TAMS 0x00000000c3e00000, 0x00000000c3e00000| Untracked 
|  23|0x00000000c3f00000, 0x00000000c3f00000, 0x00000000c4000000|  0%| F|  |TAMS 0x00000000c3f00000, 0x00000000c3f00000| Untracked 
|  24|0x00000000c4000000, 0x00000000c4000000, 0x00000000c4100000|  0%| F|  |TAMS 0x00000000c4000000, 0x00000000c4000000| Untracked 
|  25|0x00000000c4100000, 0x00000000c4100000, 0x00000000c4200000|  0%| F|  |TAMS 0x00000000c4100000, 0x00000000c4100000| Untracked 
|  26|0x00000000c4200000, 0x00000000c4200000, 0x00000000c4300000|  0%| F|  |TAMS 0x00000000c4200000, 0x00000000c4200000| Untracked 
|  27|0x00000000c4300000, 0x00000000c4300000, 0x00000000c4400000|  0%| F|  |TAMS 0x00000000c4300000, 0x00000000c4300000| Untracked 
|  28|0x00000000c4400000, 0x00000000c4400000, 0x00000000c4500000|  0%| F|  |TAMS 0x00000000c4400000, 0x00000000c4400000| Untracked 
|  29|0x00000000c4500000, 0x00000000c4500000, 0x00000000c4600000|  0%| F|  |TAMS 0x00000000c4500000, 0x00000000c4500000| Untracked 
|  30|0x00000000c4600000, 0x00000000c4600000, 0x00000000c4700000|  0%| F|  |TAMS 0x00000000c4600000, 0x00000000c4600000| Untracked 
|  31|0x00000000c4700000, 0x00000000c4700000, 0x00000000c4800000|  0%| F|  |TAMS 0x00000000c4700000, 0x00000000c4700000| Untracked 
|  32|0x00000000c4800000, 0x00000000c4800000, 0x00000000c4900000|  0%| F|  |TAMS 0x00000000c4800000, 0x00000000c4800000| Untracked 
|  33|0x00000000c4900000, 0x00000000c4900000, 0x00000000c4a00000|  0%| F|  |TAMS 0x00000000c4900000, 0x00000000c4900000| Untracked 
|  34|0x00000000c4a00000, 0x00000000c4a00000, 0x00000000c4b00000|  0%| F|  |TAMS 0x00000000c4a00000, 0x00000000c4a00000| Untracked 
|  35|0x00000000c4b00000, 0x00000000c4b00000, 0x00000000c4c00000|  0%| F|  |TAMS 0x00000000c4b00000, 0x00000000c4b00000| Untracked 
|  36|0x00000000c4c00000, 0x00000000c4d00000, 0x00000000c4d00000|100%| S|CS|TAMS 0x00000000c4c00000, 0x00000000c4c00000| Complete 
|  37|0x00000000c4d00000, 0x00000000c4e00000, 0x00000000c4e00000|100%| S|CS|TAMS 0x00000000c4d00000, 0x00000000c4d00000| Complete 
|  38|0x00000000c4e00000, 0x00000000c4f00000, 0x00000000c4f00000|100%| S|CS|TAMS 0x00000000c4e00000, 0x00000000c4e00000| Complete 
|  39|0x00000000c4f00000, 0x00000000c4f00000, 0x00000000c5000000|  0%| F|  |TAMS 0x00000000c4f00000, 0x00000000c4f00000| Untracked 
|  40|0x00000000c5000000, 0x00000000c5000000, 0x00000000c5100000|  0%| F|  |TAMS 0x00000000c5000000, 0x00000000c5000000| Untracked 
|  41|0x00000000c5100000, 0x00000000c5100000, 0x00000000c5200000|  0%| F|  |TAMS 0x00000000c5100000, 0x00000000c5100000| Untracked 
|  42|0x00000000c5200000, 0x00000000c5200000, 0x00000000c5300000|  0%| F|  |TAMS 0x00000000c5200000, 0x00000000c5200000| Untracked 
|  43|0x00000000c5300000, 0x00000000c5300000, 0x00000000c5400000|  0%| F|  |TAMS 0x00000000c5300000, 0x00000000c5300000| Untracked 
|  44|0x00000000c5400000, 0x00000000c5400000, 0x00000000c5500000|  0%| F|  |TAMS 0x00000000c5400000, 0x00000000c5400000| Untracked 
|  45|0x00000000c5500000, 0x00000000c5500000, 0x00000000c5600000|  0%| F|  |TAMS 0x00000000c5500000, 0x00000000c5500000| Untracked 
|  46|0x00000000c5600000, 0x00000000c5600000, 0x00000000c5700000|  0%| F|  |TAMS 0x00000000c5600000, 0x00000000c5600000| Untracked 
|  47|0x00000000c5700000, 0x00000000c5700000, 0x00000000c5800000|  0%| F|  |TAMS 0x00000000c5700000, 0x00000000c5700000| Untracked 
|  48|0x00000000c5800000, 0x00000000c5800000, 0x00000000c5900000|  0%| F|  |TAMS 0x00000000c5800000, 0x00000000c5800000| Untracked 
|  49|0x00000000c5900000, 0x00000000c5900000, 0x00000000c5a00000|  0%| F|  |TAMS 0x00000000c5900000, 0x00000000c5900000| Untracked 
|  50|0x00000000c5a00000, 0x00000000c5a00000, 0x00000000c5b00000|  0%| F|  |TAMS 0x00000000c5a00000, 0x00000000c5a00000| Untracked 
|  51|0x00000000c5b00000, 0x00000000c5b00000, 0x00000000c5c00000|  0%| F|  |TAMS 0x00000000c5b00000, 0x00000000c5b00000| Untracked 
|  52|0x00000000c5c00000, 0x00000000c5ca68f0, 0x00000000c5d00000| 65%| E|  |TAMS 0x00000000c5c00000, 0x00000000c5c00000| Complete 
|  53|0x00000000c5d00000, 0x00000000c5e00000, 0x00000000c5e00000|100%| E|CS|TAMS 0x00000000c5d00000, 0x00000000c5d00000| Complete 
|  54|0x00000000c5e00000, 0x00000000c5f00000, 0x00000000c5f00000|100%| E|CS|TAMS 0x00000000c5e00000, 0x00000000c5e00000| Complete 
|  55|0x00000000c5f00000, 0x00000000c6000000, 0x00000000c6000000|100%| E|CS|TAMS 0x00000000c5f00000, 0x00000000c5f00000| Complete 
|  56|0x00000000c6000000, 0x00000000c6100000, 0x00000000c6100000|100%| E|CS|TAMS 0x00000000c6000000, 0x00000000c6000000| Complete 
|  57|0x00000000c6100000, 0x00000000c6200000, 0x00000000c6200000|100%| E|CS|TAMS 0x00000000c6100000, 0x00000000c6100000| Complete 
|  58|0x00000000c6200000, 0x00000000c6300000, 0x00000000c6300000|100%| E|CS|TAMS 0x00000000c6200000, 0x00000000c6200000| Complete 
|  59|0x00000000c6300000, 0x00000000c6400000, 0x00000000c6400000|100%| E|  |TAMS 0x00000000c6300000, 0x00000000c6300000| Complete 
|  60|0x00000000c6400000, 0x00000000c6500000, 0x00000000c6500000|100%| E|CS|TAMS 0x00000000c6400000, 0x00000000c6400000| Complete 
|  61|0x00000000c6500000, 0x00000000c6600000, 0x00000000c6600000|100%| E|CS|TAMS 0x00000000c6500000, 0x00000000c6500000| Complete 

Card table byte_map: [0x000001b6a1db0000,0x000001b6a1fa0000] _byte_map_base: 0x000001b6a179c000

Marking Bits (Prev, Next): (CMBitMap*) 0x000001b68f124d30, (CMBitMap*) 0x000001b68f124d70
 Prev Bits: [0x000001b6a2190000, 0x000001b6a30f0000)
 Next Bits: [0x000001b6a30f0000, 0x000001b6a4050000)

Polling page: 0x000001b68ced0000

Metaspace:

Usage:
  Non-class:     11.86 MB used.
      Class:      1.37 MB used.
       Both:     13.23 MB used.

Virtual space:
  Non-class space:       64.00 MB reserved,      11.94 MB ( 19%) committed,  1 nodes.
      Class space:        1.00 GB reserved,       1.44 MB ( <1%) committed,  1 nodes.
             Both:        1.06 GB reserved,      13.38 MB (  1%) committed. 

Chunk freelists:
   Non-Class:  3.55 MB
       Class:  14.44 MB
        Both:  17.99 MB

MaxMetaspaceSize: unlimited
CompressedClassSpaceSize: 1.00 GB
Initial GC threshold: 21.00 MB
Current GC threshold: 21.00 MB
CDS: off
MetaspaceReclaimPolicy: balanced
 - commit_granule_bytes: 65536.
 - commit_granule_words: 8192.
 - virtual_space_node_default_size: 8388608.
 - enlarge_chunks_in_place: 1.
 - new_chunks_are_fully_committed: 0.
 - uncommit_free_chunks: 1.
 - use_allocation_guard: 0.
 - handle_deallocations: 1.


Internal statistics:

num_allocs_failed_limit: 0.
num_arena_births: 90.
num_arena_deaths: 0.
num_vsnodes_births: 2.
num_vsnodes_deaths: 0.
num_space_committed: 214.
num_space_uncommitted: 0.
num_chunks_returned_to_freelist: 0.
num_chunks_taken_from_freelist: 270.
num_chunk_merges: 0.
num_chunk_splits: 174.
num_chunks_enlarged: 124.
num_inconsistent_stats: 0.

CodeHeap 'non-profiled nmethods': size=120000Kb used=375Kb max_used=375Kb free=119625Kb
 bounds [0x000001b69a360000, 0x000001b69a5d0000, 0x000001b6a1890000]
CodeHeap 'profiled nmethods': size=120000Kb used=1856Kb max_used=1856Kb free=118144Kb
 bounds [0x000001b692890000, 0x000001b692b00000, 0x000001b699dc0000]
CodeHeap 'non-nmethods': size=5760Kb used=1202Kb max_used=1228Kb free=4557Kb
 bounds [0x000001b699dc0000, 0x000001b69a030000, 0x000001b69a360000]
 total_blobs=1607 nmethods=1101 adapters=419
 compilation: enabled
              stopped_count=0, restarted_count=0
 full_count=0

Compilation events (20 events):
Event: 2.351 Thread 0x000001b6ab016670 1092       3       java.util.concurrent.locks.AbstractQueuedSynchronizer::apparentlyFirstQueuedIsExclusive (38 bytes)
Event: 2.351 Thread 0x000001b6ab016670 nmethod 1092 0x000001b692a58290 code [0x000001b692a58440, 0x000001b692a58758]
Event: 2.351 Thread 0x000001b6ab016670 1093       3       jdk.internal.module.ModuleReferences$JarModuleReader::getEntry (15 bytes)
Event: 2.351 Thread 0x000001b6ab016670 nmethod 1093 0x000001b692a58810 code [0x000001b692a589e0, 0x000001b692a58dd8]
Event: 2.351 Thread 0x000001b6ab016670 1094       3       java.util.concurrent.locks.ReentrantReadWriteLock$ReadLock::unlock (10 bytes)
Event: 2.351 Thread 0x000001b6ab016670 nmethod 1094 0x000001b692a58f90 code [0x000001b692a59160, 0x000001b692a59438]
Event: 2.351 Thread 0x000001b6ab016670 1095       3       java.util.concurrent.locks.ReentrantReadWriteLock$Sync::tryReleaseShared (146 bytes)
Event: 2.352 Thread 0x000001b6a6ace420 1096       4       java.lang.StringLatin1::newString (24 bytes)
Event: 2.352 Thread 0x000001b6ab016670 nmethod 1095 0x000001b692a59590 code [0x000001b692a597e0, 0x000001b692a5a2d8]
Event: 2.355 Thread 0x000001b6ab016670 1097       3       java.lang.ref.Reference::<init> (7 bytes)
Event: 2.355 Thread 0x000001b6ab016670 nmethod 1097 0x000001b692a5a710 code [0x000001b692a5a8c0, 0x000001b692a5ab78]
Event: 2.355 Thread 0x000001b6ab016670 1098   !   3       jdk.internal.loader.BuiltinClassLoader::defineClass (162 bytes)
Event: 2.356 Thread 0x000001b6a6ace420 nmethod 1096 0x000001b69a3bcf90 code [0x000001b69a3bd120, 0x000001b69a3bd5b8]
Event: 2.357 Thread 0x000001b6a6ace420 1099       4       java.util.zip.ZipEntry::<init> (84 bytes)
Event: 2.358 Thread 0x000001b6ab016670 nmethod 1098 0x000001b692a5ac90 code [0x000001b692a5b140, 0x000001b692a5d758]
Event: 2.359 Thread 0x000001b6ab016670 1100   !   3       jdk.internal.module.ModuleReferences$SafeCloseModuleReader::open (55 bytes)
Event: 2.359 Thread 0x000001b6a6ace420 nmethod 1099 0x000001b69a3bd790 code [0x000001b69a3bd900, 0x000001b69a3bdad8]
Event: 2.359 Thread 0x000001b6ab016670 nmethod 1100 0x000001b692a5e890 code [0x000001b692a5ea80, 0x000001b692a5efe8]
Event: 2.359 Thread 0x000001b6ab016670 1101       3       jdk.internal.module.ModuleReferences$JarModuleReader::implOpen (26 bytes)
Event: 2.359 Thread 0x000001b6ab016670 nmethod 1101 0x000001b692a5f210 code [0x000001b692a5f460, 0x000001b692a5fcf8]

GC Heap History (2 events):
Event: 2.092 GC heap before
{Heap before GC invocations=0 (full 0):
 garbage-first heap   total 63488K, used 22528K [0x00000000c2800000, 0x0000000100000000)
  region size 1024K, 23 young (23552K), 0 survivors (0K)
 Metaspace       used 12179K, committed 12352K, reserved 1114112K
  class space    used 1245K, committed 1344K, reserved 1048576K
}
Event: 2.101 GC heap after
{Heap after GC invocations=1 (full 0):
 garbage-first heap   total 63488K, used 3347K [0x00000000c2800000, 0x0000000100000000)
  region size 1024K, 3 young (3072K), 3 survivors (3072K)
 Metaspace       used 12179K, committed 12352K, reserved 1114112K
  class space    used 1245K, committed 1344K, reserved 1048576K
}

Dll operation events (2 events):
Event: 0.016 Loaded shared library C:\Users\elbootic.com\.jdks\jbr-17.0.8.1\bin\java.dll
Event: 0.058 Loaded shared library C:\Users\elbootic.com\.jdks\jbr-17.0.8.1\bin\jsvml.dll

Deoptimization events (20 events):
Event: 1.171 Thread 0x000001b68f0e9e40 Uncommon trap: trap_request=0xffffffde fr.pc=0x000001b69a3a3044 relative=0x0000000000000124
Event: 1.171 Thread 0x000001b68f0e9e40 Uncommon trap: reason=class_check action=maybe_recompile pc=0x000001b69a3a3044 method=jdk.internal.misc.Unsafe.allocateUninitializedArray(Ljava/lang/Class;I)Ljava/lang/Object; @ 51 c2
Event: 1.171 Thread 0x000001b68f0e9e40 DEOPT PACKING pc=0x000001b69a3a3044 sp=0x000000b3538fa0b0
Event: 1.171 Thread 0x000001b68f0e9e40 DEOPT UNPACKING pc=0x000001b699e169a3 sp=0x000000b3538fa038 mode 2
Event: 1.231 Thread 0x000001b6ab012ff0 Uncommon trap: trap_request=0xffffff45 fr.pc=0x000001b69a3959bc relative=0x000000000000027c
Event: 1.231 Thread 0x000001b6ab012ff0 Uncommon trap: reason=unstable_if action=reinterpret pc=0x000001b69a3959bc method=java.lang.invoke.VarHandle.checkExactAccessMode(Ljava/lang/invoke/VarHandle$AccessDescriptor;)V @ 4 c2
Event: 1.231 Thread 0x000001b6ab012ff0 DEOPT PACKING pc=0x000001b69a3959bc sp=0x000000b354dfe6e0
Event: 1.232 Thread 0x000001b6ab012ff0 DEOPT UNPACKING pc=0x000001b699e169a3 sp=0x000000b354dfe650 mode 2
Event: 1.234 Thread 0x000001b6ab0120c0 Uncommon trap: trap_request=0xffffff45 fr.pc=0x000001b69a3962b8 relative=0x0000000000000198
Event: 1.234 Thread 0x000001b6ab0120c0 Uncommon trap: reason=unstable_if action=reinterpret pc=0x000001b69a3962b8 method=java.lang.invoke.VarHandle.checkExactAccessMode(Ljava/lang/invoke/VarHandle$AccessDescriptor;)V @ 4 c2
Event: 1.234 Thread 0x000001b6ab0120c0 DEOPT PACKING pc=0x000001b69a3962b8 sp=0x000000b354cfed80
Event: 1.234 Thread 0x000001b6ab0120c0 DEOPT UNPACKING pc=0x000001b699e169a3 sp=0x000000b354cfed60 mode 2
Event: 2.054 Thread 0x000001b6ab012ff0 Uncommon trap: trap_request=0xffffff45 fr.pc=0x000001b69a3848b4 relative=0x00000000000005f4
Event: 2.054 Thread 0x000001b6ab012ff0 Uncommon trap: reason=unstable_if action=reinterpret pc=0x000001b69a3848b4 method=java.util.zip.ZipFile$Source.checkAndAddEntry(II)I @ 50 c2
Event: 2.054 Thread 0x000001b6ab012ff0 DEOPT PACKING pc=0x000001b69a3848b4 sp=0x000000b354dfcef0
Event: 2.054 Thread 0x000001b6ab012ff0 DEOPT UNPACKING pc=0x000001b699e169a3 sp=0x000000b354dfce60 mode 2
Event: 2.182 Thread 0x000001b6ab012ff0 DEOPT PACKING pc=0x000001b692a10055 sp=0x000000b354dfd180
Event: 2.182 Thread 0x000001b6ab012ff0 DEOPT UNPACKING pc=0x000001b699e17143 sp=0x000000b354dfc5f0 mode 0
Event: 2.239 Thread 0x000001b6ab012ff0 DEOPT PACKING pc=0x000001b69289ee3e sp=0x000000b354dfcb90
Event: 2.239 Thread 0x000001b6ab012ff0 DEOPT UNPACKING pc=0x000001b699e17143 sp=0x000000b354dfc030 mode 0

Classes unloaded (0 events):
No events

Classes redefined (0 events):
No events

Internal exceptions (11 events):
Event: 0.538 Thread 0x000001b68f0e9e40 Exception <a 'java/lang/NoSuchMethodError'{0x00000000c5d238a0}: 'java.lang.Object java.lang.invoke.DirectMethodHandle$Holder.invokeStaticInit(java.lang.Object)'> (0x00000000c5d238a0) 
thrown [s\src\hotspot\share\interpreter\linkResolver.cpp, line 771]
Event: 0.544 Thread 0x000001b68f0e9e40 Exception <a 'java/lang/NoSuchMethodError'{0x00000000c5d2b4b0}: 'void java.lang.invoke.DirectMethodHandle$Holder.invokeStatic(java.lang.Object, java.lang.Object)'> (0x00000000c5d2b4b0) 
thrown [s\src\hotspot\share\interpreter\linkResolver.cpp, line 771]
Event: 0.914 Thread 0x000001b68f0e9e40 Exception <a 'java/lang/NoSuchMethodError'{0x00000000c5724b28}: 'void java.lang.invoke.DirectMethodHandle$Holder.invokeSpecial(java.lang.Object, java.lang.Object, java.lang.Object)'> (0x00000000c5724b28) 
thrown [s\src\hotspot\share\interpreter\linkResolver.cpp, line 771]
Event: 0.928 Thread 0x000001b68f0e9e40 Exception <a 'java/lang/NoSuchMethodError'{0x00000000c575d900}: 'void java.lang.invoke.DirectMethodHandle$Holder.invokeStatic(java.lang.Object, java.lang.Object, java.lang.Object)'> (0x00000000c575d900) 
thrown [s\src\hotspot\share\interpreter\linkResolver.cpp, line 771]
Event: 1.166 Thread 0x000001b68f0e9e40 Exception <a 'java/lang/NoSuchMethodError'{0x00000000c57f0418}: 'int java.lang.invoke.DirectMethodHandle$Holder.invokeStaticInit(java.lang.Object, java.lang.Object, java.lang.Object)'> (0x00000000c57f0418) 
thrown [s\src\hotspot\share\interpreter\linkResolver.cpp, line 771]
Event: 1.210 Thread 0x000001b68f0e9e40 Exception <a 'java/lang/NoSuchMethodError'{0x00000000c56af748}: 'java.lang.Object java.lang.invoke.DirectMethodHandle$Holder.newInvokeSpecial(java.lang.Object, java.lang.Object, int, java.lang.Object)'> (0x00000000c56af748) 
thrown [s\src\hotspot\share\interpreter\linkResolver.cpp, line 771]
Event: 1.211 Thread 0x000001b68f0e9e40 Exception <a 'java/lang/NoSuchMethodError'{0x00000000c56b3b28}: 'java.lang.Object java.lang.invoke.DirectMethodHandle$Holder.invokeSpecial(java.lang.Object, java.lang.Object, java.lang.Object, int, java.lang.Object)'> (0x00000000c56b3b28) 
thrown [s\src\hotspot\share\interpreter\linkResolver.cpp, line 771]
Event: 1.513 Thread 0x000001b6ab012ff0 Exception <a 'java/lang/NoSuchMethodError'{0x00000000c531d730}: 'void java.lang.invoke.DirectMethodHandle$Holder.invokeStaticInit(java.lang.Object)'> (0x00000000c531d730) 
thrown [s\src\hotspot\share\interpreter\linkResolver.cpp, line 771]
Event: 1.521 Thread 0x000001b68f0e9e40 Exception <a 'java/lang/NoSuchMethodError'{0x00000000c56c8bb8}: 'java.lang.Object java.lang.invoke.DirectMethodHandle$Holder.newInvokeSpecial(java.lang.Object, java.lang.Object, java.lang.Object, java.lang.Object, java.lang.Object, java.lang.Object)'> (0x00000000c56c8bb8) 
thrown [s\src\hotspot\share\interpreter\linkResolver.cpp, line 771]
Event: 1.555 Thread 0x000001b68f0e9e40 Exception <a 'java/lang/NoSuchMethodError'{0x00000000c53f7c40}: 'java.lang.Object java.lang.invoke.DirectMethodHandle$Holder.newInvokeSpecial(java.lang.Object, java.lang.Object, java.lang.Object, java.lang.Object, java.lang.Object)'> (0x00000000c53f7c40) 
thrown [s\src\hotspot\share\interpreter\linkResolver.cpp, line 771]
Event: 1.557 Thread 0x000001b6ab013a10 Exception <a 'java/lang/NoSuchMethodError'{0x00000000c52042d0}: 'void java.lang.invoke.DirectMethodHandle$Holder.invokeStatic(java.lang.Object, java.lang.Object, java.lang.Object, java.lang.Object)'> (0x00000000c52042d0) 
thrown [s\src\hotspot\share\interpreter\linkResolver.cpp, line 771]

VM Operations (10 events):
Event: 0.407 Executing VM operation: HandshakeAllThreads
Event: 0.407 Executing VM operation: HandshakeAllThreads done
Event: 0.474 Executing VM operation: HandshakeAllThreads
Event: 0.474 Executing VM operation: HandshakeAllThreads done
Event: 1.178 Executing VM operation: HandshakeAllThreads
Event: 1.178 Executing VM operation: HandshakeAllThreads done
Event: 1.178 Executing VM operation: Cleanup
Event: 1.179 Executing VM operation: Cleanup done
Event: 2.090 Executing VM operation: G1CollectForAllocation
Event: 2.101 Executing VM operation: G1CollectForAllocation done

Events (20 events):
Event: 2.281 loading class com/sun/xml/internal/stream/Entity done
Event: 2.281 loading class com/sun/xml/internal/stream/Entity$ScannedEntity done
Event: 2.281 loading class com/sun/xml/internal/stream/util/ThreadLocalBufferAllocator
Event: 2.284 loading class com/sun/xml/internal/stream/util/ThreadLocalBufferAllocator done
Event: 2.284 loading class com/sun/xml/internal/stream/util/BufferAllocator
Event: 2.284 loading class com/sun/xml/internal/stream/util/BufferAllocator done
Event: 2.284 loading class com/sun/org/apache/xerces/internal/util/XMLChar
Event: 2.285 loading class com/sun/org/apache/xerces/internal/util/XMLChar done
Event: 2.285 loading class com/sun/org/apache/xerces/internal/impl/XMLScanner$NameType
Event: 2.286 loading class com/sun/org/apache/xerces/internal/impl/XMLScanner$NameType done
Event: 2.287 loading class jdk/internal/loader/URLClassPath$JarLoader$2
Event: 2.287 loading class jdk/internal/loader/URLClassPath$JarLoader$2 done
Event: 2.287 loading class java/util/zip/CRC32
Event: 2.288 loading class java/util/zip/Checksum
Event: 2.288 loading class java/util/zip/Checksum done
Event: 2.288 loading class java/util/zip/CRC32 done
Event: 2.288 loading class java/util/zip/Checksum$1
Event: 2.288 loading class java/util/zip/Checksum$1 done
Event: 2.312 loading class java/util/EventListener
Event: 2.312 loading class java/util/EventListener done


Dynamic libraries:
0x00007ff6ca140000 - 0x00007ff6ca14a000 	C:\Users\elbootic.com\.jdks\jbr-17.0.8.1\bin\java.exe
0x00007ffcc4030000 - 0x00007ffcc4247000 	C:\WINDOWS\SYSTEM32\ntdll.dll
0x00007ffcc2b70000 - 0x00007ffcc2c34000 	C:\WINDOWS\System32\KERNEL32.DLL
0x00007ffcc19d0000 - 0x00007ffcc1d76000 	C:\WINDOWS\System32\KERNELBASE.dll
0x00007ffcc1830000 - 0x00007ffcc1941000 	C:\WINDOWS\System32\ucrtbase.dll
0x00007ffcab1d0000 - 0x00007ffcab1e7000 	C:\Users\elbootic.com\.jdks\jbr-17.0.8.1\bin\jli.dll
0x00007ffcc3040000 - 0x00007ffcc31ee000 	C:\WINDOWS\System32\USER32.dll
0x00007ffcc1430000 - 0x00007ffcc1456000 	C:\WINDOWS\System32\win32u.dll
0x00007ffcc0660000 - 0x00007ffcc08f3000 	C:\WINDOWS\WinSxS\amd64_microsoft.windows.common-controls_6595b64144ccf1df_6.0.22621.2506_none_270c5ae97388e100\COMCTL32.dll
0x00007ffcab180000 - 0x00007ffcab19b000 	C:\Users\elbootic.com\.jdks\jbr-17.0.8.1\bin\VCRUNTIME140.dll
0x00007ffcc1f80000 - 0x00007ffcc1fa9000 	C:\WINDOWS\System32\GDI32.dll
0x00007ffcc3e90000 - 0x00007ffcc3f37000 	C:\WINDOWS\System32\msvcrt.dll
0x00007ffcc1710000 - 0x00007ffcc1828000 	C:\WINDOWS\System32\gdi32full.dll
0x00007ffcc1460000 - 0x00007ffcc14fa000 	C:\WINDOWS\System32\msvcp_win.dll
0x00007ffcc2540000 - 0x00007ffcc2571000 	C:\WINDOWS\System32\IMM32.DLL
0x00007ffcab170000 - 0x00007ffcab17c000 	C:\Users\elbootic.com\.jdks\jbr-17.0.8.1\bin\vcruntime140_1.dll
0x00007ffca92a0000 - 0x00007ffca932d000 	C:\Users\elbootic.com\.jdks\jbr-17.0.8.1\bin\msvcp140.dll
0x00007ffc53ed0000 - 0x00007ffc54b53000 	C:\Users\elbootic.com\.jdks\jbr-17.0.8.1\bin\server\jvm.dll
0x00007ffcc3390000 - 0x00007ffcc3443000 	C:\WINDOWS\System32\ADVAPI32.dll
0x00007ffcc3f40000 - 0x00007ffcc3fe8000 	C:\WINDOWS\System32\sechost.dll
0x00007ffcc1670000 - 0x00007ffcc1698000 	C:\WINDOWS\System32\bcrypt.dll
0x00007ffcc31f0000 - 0x00007ffcc3307000 	C:\WINDOWS\System32\RPCRT4.dll
0x00007ffcc1240000 - 0x00007ffcc128d000 	C:\WINDOWS\SYSTEM32\POWRPROF.dll
0x00007ffca4450000 - 0x00007ffca4459000 	C:\WINDOWS\SYSTEM32\WSOCK32.dll
0x00007ffcba190000 - 0x00007ffcba1c4000 	C:\WINDOWS\SYSTEM32\WINMM.dll
0x00007ffcc2fb0000 - 0x00007ffcc3021000 	C:\WINDOWS\System32\WS2_32.dll
0x00007ffcb9dd0000 - 0x00007ffcb9dda000 	C:\WINDOWS\SYSTEM32\VERSION.dll
0x00007ffcc1220000 - 0x00007ffcc1233000 	C:\WINDOWS\SYSTEM32\UMPDC.dll
0x00007ffcbfaf0000 - 0x00007ffcbfb08000 	C:\WINDOWS\SYSTEM32\kernel.appcore.dll
0x00007ffcab160000 - 0x00007ffcab16a000 	C:\Users\elbootic.com\.jdks\jbr-17.0.8.1\bin\jimage.dll
0x00007ffcc0bf0000 - 0x00007ffcc0e23000 	C:\WINDOWS\SYSTEM32\DBGHELP.DLL
0x00007ffcc21a0000 - 0x00007ffcc2529000 	C:\WINDOWS\System32\combase.dll
0x00007ffcc3450000 - 0x00007ffcc3527000 	C:\WINDOWS\System32\OLEAUT32.dll
0x00007ffcc0ae0000 - 0x00007ffcc0b12000 	C:\WINDOWS\SYSTEM32\dbgcore.DLL
0x00007ffcc1950000 - 0x00007ffcc19ca000 	C:\WINDOWS\System32\bcryptPrimitives.dll
0x00007ffcaac40000 - 0x00007ffcaac65000 	C:\Users\elbootic.com\.jdks\jbr-17.0.8.1\bin\java.dll
0x00007ffcaac20000 - 0x00007ffcaac38000 	C:\Users\elbootic.com\.jdks\jbr-17.0.8.1\bin\zip.dll
0x00007ffca90a0000 - 0x00007ffca9177000 	C:\Users\elbootic.com\.jdks\jbr-17.0.8.1\bin\jsvml.dll
0x00007ffcc3630000 - 0x00007ffcc3e8b000 	C:\WINDOWS\System32\SHELL32.dll
0x00007ffcbe8c0000 - 0x00007ffcbf1b6000 	C:\WINDOWS\SYSTEM32\windows.storage.dll
0x00007ffcbe760000 - 0x00007ffcbe89e000 	C:\WINDOWS\SYSTEM32\wintypes.dll
0x00007ffcc2c40000 - 0x00007ffcc2d33000 	C:\WINDOWS\System32\SHCORE.dll
0x00007ffcc2aa0000 - 0x00007ffcc2afe000 	C:\WINDOWS\System32\shlwapi.dll
0x00007ffcc12a0000 - 0x00007ffcc12c6000 	C:\WINDOWS\SYSTEM32\profapi.dll
0x00007ffcaac00000 - 0x00007ffcaac19000 	C:\Users\elbootic.com\.jdks\jbr-17.0.8.1\bin\net.dll
0x00007ffcbaa00000 - 0x00007ffcbab37000 	C:\WINDOWS\SYSTEM32\WINHTTP.dll
0x00007ffcbff70000 - 0x00007ffcbffd9000 	C:\WINDOWS\system32\mswsock.dll
0x00007ffcaa670000 - 0x00007ffcaa686000 	C:\Users\elbootic.com\.jdks\jbr-17.0.8.1\bin\nio.dll
0x000001b68d080000 - 0x000001b68d083000 	C:\Users\elbootic.com\.openjfx\cache\21.0.2+5\amd64\api-ms-win-core-console-l1-1-0.dll
0x000001b68d090000 - 0x000001b68d093000 	C:\Users\elbootic.com\.openjfx\cache\21.0.2+5\amd64\api-ms-win-core-console-l1-2-0.dll
0x000001b68d0a0000 - 0x000001b68d0a3000 	C:\Users\elbootic.com\.openjfx\cache\21.0.2+5\amd64\api-ms-win-core-datetime-l1-1-0.dll
0x000001b68d0b0000 - 0x000001b68d0b3000 	C:\Users\elbootic.com\.openjfx\cache\21.0.2+5\amd64\api-ms-win-core-debug-l1-1-0.dll
0x000001b68d0c0000 - 0x000001b68d0c3000 	C:\Users\elbootic.com\.openjfx\cache\21.0.2+5\amd64\api-ms-win-core-errorhandling-l1-1-0.dll
0x000001b68efb0000 - 0x000001b68efb4000 	C:\Users\elbootic.com\.openjfx\cache\21.0.2+5\amd64\api-ms-win-core-file-l1-1-0.dll
0x000001b68efc0000 - 0x000001b68efc3000 	C:\Users\elbootic.com\.openjfx\cache\21.0.2+5\amd64\api-ms-win-core-file-l1-2-0.dll
0x000001b68efd0000 - 0x000001b68efd3000 	C:\Users\elbootic.com\.openjfx\cache\21.0.2+5\amd64\api-ms-win-core-file-l2-1-0.dll
0x000001b68efe0000 - 0x000001b68efe3000 	C:\Users\elbootic.com\.openjfx\cache\21.0.2+5\amd64\api-ms-win-core-handle-l1-1-0.dll
0x000001b68eff0000 - 0x000001b68eff3000 	C:\Users\elbootic.com\.openjfx\cache\21.0.2+5\amd64\api-ms-win-core-heap-l1-1-0.dll
0x000001b68f000000 - 0x000001b68f003000 	C:\Users\elbootic.com\.openjfx\cache\21.0.2+5\amd64\api-ms-win-core-interlocked-l1-1-0.dll
0x000001b68f010000 - 0x000001b68f013000 	C:\Users\elbootic.com\.openjfx\cache\21.0.2+5\amd64\api-ms-win-core-libraryloader-l1-1-0.dll
0x000001b68f020000 - 0x000001b68f023000 	C:\Users\elbootic.com\.openjfx\cache\21.0.2+5\amd64\api-ms-win-core-localization-l1-2-0.dll
0x000001b68f030000 - 0x000001b68f033000 	C:\Users\elbootic.com\.openjfx\cache\21.0.2+5\amd64\api-ms-win-core-memory-l1-1-0.dll
0x000001b68f040000 - 0x000001b68f043000 	C:\Users\elbootic.com\.openjfx\cache\21.0.2+5\amd64\api-ms-win-core-namedpipe-l1-1-0.dll
0x000001b68f050000 - 0x000001b68f053000 	C:\Users\elbootic.com\.openjfx\cache\21.0.2+5\amd64\api-ms-win-core-processenvironment-l1-1-0.dll
0x000001b68f060000 - 0x000001b68f063000 	C:\Users\elbootic.com\.openjfx\cache\21.0.2+5\amd64\api-ms-win-core-processthreads-l1-1-0.dll
0x000001b68f070000 - 0x000001b68f073000 	C:\Users\elbootic.com\.openjfx\cache\21.0.2+5\amd64\api-ms-win-core-processthreads-l1-1-1.dll
0x000001b6a6d30000 - 0x000001b6a6d33000 	C:\Users\elbootic.com\.openjfx\cache\21.0.2+5\amd64\api-ms-win-core-profile-l1-1-0.dll
0x000001b6a6d40000 - 0x000001b6a6d43000 	C:\Users\elbootic.com\.openjfx\cache\21.0.2+5\amd64\api-ms-win-core-rtlsupport-l1-1-0.dll
0x000001b6a6d50000 - 0x000001b6a6d53000 	C:\Users\elbootic.com\.openjfx\cache\21.0.2+5\amd64\api-ms-win-core-string-l1-1-0.dll
0x000001b6a6d60000 - 0x000001b6a6d63000 	C:\Users\elbootic.com\.openjfx\cache\21.0.2+5\amd64\api-ms-win-core-synch-l1-1-0.dll
0x000001b6a6d70000 - 0x000001b6a6d73000 	C:\Users\elbootic.com\.openjfx\cache\21.0.2+5\amd64\api-ms-win-core-synch-l1-2-0.dll
0x000001b6a6d80000 - 0x000001b6a6d83000 	C:\Users\elbootic.com\.openjfx\cache\21.0.2+5\amd64\api-ms-win-core-sysinfo-l1-1-0.dll
0x000001b6a6d90000 - 0x000001b6a6d93000 	C:\Users\elbootic.com\.openjfx\cache\21.0.2+5\amd64\api-ms-win-core-timezone-l1-1-0.dll
0x000001b6a6da0000 - 0x000001b6a6da3000 	C:\Users\elbootic.com\.openjfx\cache\21.0.2+5\amd64\api-ms-win-core-util-l1-1-0.dll
0x000001b6a6db0000 - 0x000001b6a6db3000 	C:\Users\elbootic.com\.openjfx\cache\21.0.2+5\amd64\api-ms-win-crt-conio-l1-1-0.dll
0x000001b6a6dc0000 - 0x000001b6a6dc4000 	C:\Users\elbootic.com\.openjfx\cache\21.0.2+5\amd64\api-ms-win-crt-convert-l1-1-0.dll
0x000001b6a6dd0000 - 0x000001b6a6dd3000 	C:\Users\elbootic.com\.openjfx\cache\21.0.2+5\amd64\api-ms-win-crt-environment-l1-1-0.dll
0x000001b6a6de0000 - 0x000001b6a6de3000 	C:\Users\elbootic.com\.openjfx\cache\21.0.2+5\amd64\api-ms-win-crt-filesystem-l1-1-0.dll
0x000001b6a6df0000 - 0x000001b6a6df3000 	C:\Users\elbootic.com\.openjfx\cache\21.0.2+5\amd64\api-ms-win-crt-heap-l1-1-0.dll
0x000001b6a6e00000 - 0x000001b6a6e03000 	C:\Users\elbootic.com\.openjfx\cache\21.0.2+5\amd64\api-ms-win-crt-locale-l1-1-0.dll
0x000001b6a6e10000 - 0x000001b6a6e15000 	C:\Users\elbootic.com\.openjfx\cache\21.0.2+5\amd64\api-ms-win-crt-math-l1-1-0.dll
0x000001b6a6e20000 - 0x000001b6a6e25000 	C:\Users\elbootic.com\.openjfx\cache\21.0.2+5\amd64\api-ms-win-crt-multibyte-l1-1-0.dll
0x000001b6a6e30000 - 0x000001b6a6e40000 	C:\Users\elbootic.com\.openjfx\cache\21.0.2+5\amd64\api-ms-win-crt-private-l1-1-0.dll
0x000001b6a6e40000 - 0x000001b6a6e43000 	C:\Users\elbootic.com\.openjfx\cache\21.0.2+5\amd64\api-ms-win-crt-process-l1-1-0.dll
0x000001b6a6e50000 - 0x000001b6a6e54000 	C:\Users\elbootic.com\.openjfx\cache\21.0.2+5\amd64\api-ms-win-crt-runtime-l1-1-0.dll
0x000001b6a6e60000 - 0x000001b6a6e64000 	C:\Users\elbootic.com\.openjfx\cache\21.0.2+5\amd64\api-ms-win-crt-stdio-l1-1-0.dll
0x000001b6a6e70000 - 0x000001b6a6e74000 	C:\Users\elbootic.com\.openjfx\cache\21.0.2+5\amd64\api-ms-win-crt-string-l1-1-0.dll
0x000001b6a6e80000 - 0x000001b6a6e83000 	C:\Users\elbootic.com\.openjfx\cache\21.0.2+5\amd64\api-ms-win-crt-time-l1-1-0.dll
0x000001b6a6e90000 - 0x000001b6a6e93000 	C:\Users\elbootic.com\.openjfx\cache\21.0.2+5\amd64\api-ms-win-crt-utility-l1-1-0.dll
0x00007ffca8fa0000 - 0x00007ffca909c000 	C:\Users\elbootic.com\.openjfx\cache\21.0.2+5\amd64\ucrtbase.dll
0x00007ffca9280000 - 0x00007ffca929b000 	C:\Users\elbootic.com\.openjfx\cache\21.0.2+5\amd64\vcruntime140.dll
0x00007ffcab150000 - 0x00007ffcab15c000 	C:\Users\elbootic.com\.openjfx\cache\21.0.2+5\amd64\vcruntime140_1.dll
0x00007ffc8e1f0000 - 0x00007ffc8e27e000 	C:\Users\elbootic.com\.openjfx\cache\21.0.2+5\amd64\msvcp140.dll
0x00007ffcaabf0000 - 0x00007ffcaabf9000 	C:\Users\elbootic.com\.openjfx\cache\21.0.2+5\amd64\msvcp140_1.dll
0x00007ffca91c0000 - 0x00007ffca9201000 	C:\Users\elbootic.com\.openjfx\cache\21.0.2+5\amd64\msvcp140_2.dll
0x00007ffca4140000 - 0x00007ffca4170000 	C:\Users\elbootic.com\.openjfx\cache\21.0.2+5\amd64\prism_d3d.dll
0x00007ffcaf400000 - 0x00007ffcaf5a9000 	C:\WINDOWS\system32\d3d9.dll
0x00007ffcbde90000 - 0x00007ffcbdebb000 	C:\WINDOWS\SYSTEM32\dwmapi.dll
0x00007ffcbdd40000 - 0x00007ffcbdd79000 	C:\WINDOWS\SYSTEM32\dxcore.dll
0x00007ffcbdc00000 - 0x00007ffcbdcab000 	C:\WINDOWS\system32\uxtheme.dll
0x00007ffc5f4a0000 - 0x00007ffc5f605000 	C:\WINDOWS\System32\DriverStore\FileRepository\iigd_dch.inf_amd64_4b31d9b38e2bb506\igdumdim64.dll
0x00007ffcc1fb0000 - 0x00007ffcc2150000 	C:\WINDOWS\System32\ole32.dll
0x00007ffc361d0000 - 0x00007ffc39e5b000 	C:\WINDOWS\System32\DriverStore\FileRepository\iigd_dch.inf_amd64_4b31d9b38e2bb506\igd9dxva64.dll
0x00007ffcc2580000 - 0x00007ffcc29f4000 	C:\WINDOWS\System32\SETUPAPI.dll
0x00007ffcc0f90000 - 0x00007ffcc0fde000 	C:\WINDOWS\SYSTEM32\cfgmgr32.dll
0x00007ffcb4c30000 - 0x00007ffcb4f66000 	C:\WINDOWS\System32\DriverStore\FileRepository\iigd_dch.inf_amd64_4b31d9b38e2bb506\igdgmm64.dll
0x00007ffcba5f0000 - 0x00007ffcba63a000 	C:\WINDOWS\SYSTEM32\directxdatabasehelper.dll
0x00007ffc8b070000 - 0x00007ffc8b0b2000 	C:\Users\elbootic.com\.openjfx\cache\21.0.2+5\amd64\glass.dll
0x00007ffcc3530000 - 0x00007ffcc3629000 	C:\WINDOWS\System32\COMDLG32.dll
0x00007ffcc1d90000 - 0x00007ffcc1ee1000 	C:\WINDOWS\System32\MSCTF.dll
0x00007ffc76a90000 - 0x00007ffc76ab7000 	C:\WINDOWS\System32\DriverStore\FileRepository\iigd_dch.inf_amd64_4b31d9b38e2bb506\igdinfo64.dll
0x00007ffcc0f20000 - 0x00007ffcc0f3b000 	C:\WINDOWS\SYSTEM32\CRYPTSP.dll
0x00007ffcbfe90000 - 0x00007ffcbfec5000 	C:\WINDOWS\system32\rsaenh.dll
0x00007ffcc03b0000 - 0x00007ffcc03bc000 	C:\WINDOWS\SYSTEM32\CRYPTBASE.dll
0x00007ffcaf710000 - 0x00007ffcb249f000 	C:\WINDOWS\System32\DriverStore\FileRepository\iigd_dch.inf_amd64_4b31d9b38e2bb506\igc64.dll

dbghelp: loaded successfully - version: 4.0.5 - missing functions: none
symbol engine: initialized successfully - sym options: 0x614 - pdb path: .;C:\Users\elbootic.com\.jdks\jbr-17.0.8.1\bin;C:\WINDOWS\SYSTEM32;C:\WINDOWS\WinSxS\amd64_microsoft.windows.common-controls_6595b64144ccf1df_6.0.22621.2506_none_270c5ae97388e100;C:\Users\elbootic.com\.jdks\jbr-17.0.8.1\bin\server;C:\Users\elbootic.com\.openjfx\cache\21.0.2+5\amd64;C:\WINDOWS\System32\DriverStore\FileRepository\iigd_dch.inf_amd64_4b31d9b38e2bb506

VM Arguments:
jvm_args: --module-path=C:\Users\elbootic.com\.m2\repository\org\openjfx\javafx-base\21.0.2\javafx-base-21.0.2-win.jar;C:\Users\elbootic.com\.m2\repository\org\openjfx\javafx-base\21.0.2\javafx-base-21.0.2.jar;C:\Users\elbootic.com\.m2\repository\org\openjfx\javafx-controls\21.0.2\javafx-controls-21.0.2-win.jar;C:\Users\elbootic.com\.m2\repository\org\openjfx\javafx-controls\21.0.2\javafx-controls-21.0.2.jar;C:\Users\elbootic.com\.m2\repository\org\openjfx\javafx-fxml\21.0.2\javafx-fxml-21.0.2-win.jar;C:\Users\elbootic.com\.m2\repository\org\openjfx\javafx-fxml\21.0.2\javafx-fxml-21.0.2.jar;C:\Users\elbootic.com\.m2\repository\org\openjfx\javafx-graphics\21.0.2\javafx-graphics-21.0.2-win.jar;C:\Users\elbootic.com\.m2\repository\org\openjfx\javafx-graphics\21.0.2\javafx-graphics-21.0.2.jar;C:\Users\elbootic.com\.m2\repository\org\openjfx\javafx-media\21.0.2\javafx-media-21.0.2-win.jar;C:\Users\elbootic.com\.m2\repository\org\openjfx\javafx-media\21.0.2\javafx-media-21.0.2.jar;C:\Users\elbootic.com\.m2\repository\org\openjfx\javafx-web\21.0.2\javafx-web-21.0.2-win.jar;C:\Users\elbootic.com\.m2\repository\org\openjfx\javafx-web\21.0.2\javafx-web-21.0.2.jar --add-modules=javafx.base,javafx.controls,javafx.fxml,javafx.graphics,javafx.media,javafx.web 
java_command: com.esprit.tests.MainApp
java_class_path (initial): C:\Users\elbootic.com\OneDrive\Bureau\rakcha\RAKCHA\target\classes;C:\Users\elbootic.com\.m2\repository\ch\qos\logback\logback-classic\1.4.14\logback-classic-1.4.14.jar;C:\Users\elbootic.com\.m2\repository\ch\qos\logback\logback-core\1.4.14\logback-core-1.4.14.jar;C:\Users\elbootic.com\.m2\repository\com\azure\azure-core\1.46.0\azure-core-1.46.0.jar;C:\Users\elbootic.com\.m2\repository\com\azure\azure-core-http-netty\1.14.0\azure-core-http-netty-1.14.0.jar;C:\Users\elbootic.com\.m2\repository\com\azure\azure-identity\1.12.0-beta.1\azure-identity-1.12.0-beta.1.jar;C:\Users\elbootic.com\.m2\repository\com\azure\azure-json\1.1.0\azure-json-1.1.0.jar;C:\Users\elbootic.com\.m2\repository\com\fasterxml\jackson\core\jackson-annotations\2.8.7\jackson-annotations-2.8.7.jar;C:\Users\elbootic.com\.m2\repository\com\fasterxml\jackson\core\jackson-core\2.10.2\jackson-core-2.10.2.jar;C:\Users\elbootic.com\.m2\repository\com\fasterxml\jackson\core\jackson-databind\2.8.7\jackson-databind-2.8.7.jar;C:\Users\elbootic.com\.m2\repository\com\fasterxml\jackson\datatype\jackson-datatype-jsr310\2.13.3\jackson-datatype-jsr310-2.13.3.jar;C:\Users\elbootic.com\.m2\repository\com\fasterxml\jackson\jaxrs\jackson-jaxrs-base\2.12.2\jackson-jaxrs-base-2.12.2.jar;C:\Users\elbootic.com\.m2\repository\com\fasterxml\jackson\jaxrs\jackson-jaxrs-json-provider\2.12.2\jackson-jaxrs-json-provider-2.12.2.jar;C:\Users\elbootic.com\.m2\repository\com\fasterxml\jackson\module\jackson-module-jaxb-annotations\2.12.2\jackson-module-jaxb-annotations-2.12.2.jar;C:\Users\elbootic.com\.m2\repository\com\github\scribejava\scribejava-apis\8.3.3\scribejava-apis-8.3.3.jar;C:\Users\elbootic.com\.m2\repository\com\github\scribejava\scribejava-core\8.3.3\scribejava-core-8.3.3.jar;C:\Users\elbootic.com\.m2\repository\com\github\scribejava\scribejava-java8\8.3.3\scribejava-java8-8.3.3.jar;C:\Users\elbootic.com\.m2\repository\com\github\stephenc\jcip\jcip-annotations\1.0-1\jcip-annotations-1.0-1.j
Launcher Type: SUN_STANDARD

[Global flags]
     intx CICompilerCount                          = 4                                         {product} {ergonomic}
     uint ConcGCThreads                            = 2                                         {product} {ergonomic}
     uint G1ConcRefinementThreads                  = 8                                         {product} {ergonomic}
   size_t G1HeapRegionSize                         = 1048576                                   {product} {ergonomic}
    uintx GCDrainStackTargetSize                   = 64                                        {product} {ergonomic}
   size_t InitialHeapSize                          = 65011712                                  {product} {ergonomic}
   size_t MarkStackSize                            = 4194304                                   {product} {ergonomic}
   size_t MaxHeapSize                              = 1031798784                                {product} {ergonomic}
   size_t MaxNewSize                               = 618659840                                 {product} {ergonomic}
   size_t MinHeapDeltaBytes                        = 1048576                                   {product} {ergonomic}
   size_t MinHeapSize                              = 8388608                                   {product} {ergonomic}
    uintx NonNMethodCodeHeapSize                   = 5839372                                {pd product} {ergonomic}
    uintx NonProfiledCodeHeapSize                  = 122909434                              {pd product} {ergonomic}
    uintx ProfiledCodeHeapSize                     = 122909434                              {pd product} {ergonomic}
    uintx ReservedCodeCacheSize                    = 251658240                              {pd product} {ergonomic}
     bool SegmentedCodeCache                       = true                                      {product} {ergonomic}
   size_t SoftMaxHeapSize                          = 1031798784                             {manageable} {ergonomic}
     bool UseCompressedClassPointers               = true                           {product lp64_product} {ergonomic}
     bool UseCompressedOops                        = true                           {product lp64_product} {ergonomic}
     bool UseG1GC                                  = true                                      {product} {ergonomic}
     bool UseLargePagesIndividualAllocation        = false                                  {pd product} {ergonomic}

Logging:
Log output configuration:
 #0: stdout all=warning uptime,level,tags
 #1: stderr all=off uptime,level,tags

Environment Variables:
PATH=C:\Program Files (x86)\VMware\VMware Player\bin\;C:\WINDOWS\system32;C:\WINDOWS;C:\WINDOWS\System32\Wbem;C:\WINDOWS\System32\WindowsPowerShell\v1.0\;C:\WINDOWS\System32\OpenSSH\;C:\Program Files\MongoDB\Server\3.2\bin;C:\ProgramData\chocolatey\bin;C:\Program Files\nodejs\;C:\mongosh-1.6.2\bin;C:\Program Files\MongoDB\Server\6.0\bin;C:\Program Files\Git\cmd;C:\Program Files\Git\mingw64\bin;C:\Program Files\Git\usr\bin;C:\Users\elbootic.com\.jdks\jbr-17.0.8.1\bin;C:\xampp\php;C:\composer;C:\Users\elbootic.com\scoop\shims;C:\Users\elbootic.com\AppData\Local\Microsoft\WindowsApps;C:\Users\elbootic.com\AppData\Local\Programs\Microsoft VS Code\bin;C:\Users\elbootic.com\AppData\Roaming\npm;C:\mongosh-1.6.2\bin;C:\Program Files\MongoDB\Server\6.0\bin;C:\Users\elbootic.com\AppData\Roaming\Composer\vendor\bin;C:\Users\elbootic.com\AppData\Local\GitHubDesktop\bin
USERNAME=elbootic.com
OS=Windows_NT
PROCESSOR_IDENTIFIER=Intel64 Family 6 Model 142 Stepping 12, GenuineIntel
TMP=C:\Users\elbootic.com\AppData\Local\Temp
TEMP=C:\Users\elbootic.com\AppData\Local\Temp


JNI global refs:
JNI global refs: 14, weak refs: 0

JNI global refs memory usage: 843, weak refs: 209

OOME stack traces (most recent first):
Classloader memory used:
Loader bootstrap                                                                       : 1269K
Loader jdk.internal.loader.ClassLoaders$AppClassLoader                                 : 423K
Loader jdk.internal.loader.ClassLoaders$PlatformClassLoader                            : 509B
Loader jdk.internal.reflect.DelegatingClassLoader                                      : 432B


---------------  S Y S T E M  ---------------

OS:
 Windows 11 , 64 bit Build 22621 (10.0.22621.3085)
OS uptime: 1 days 4:50 hours

CPU: total 8 (initial active 8) (4 cores per cpu, 2 threads per core) family 6 model 142 stepping 12 microcode 0xde, cx8, cmov, fxsr, ht, mmx, 3dnowpref, sse, sse2, sse3, ssse3, sse4.1, sse4.2, popcnt, lzcnt, tsc, tscinvbit, avx, avx2, aes, erms, clmul, bmi1, bmi2, adx, fma, vzeroupper, clflush, clflushopt
Processor Information for all 8 processors :
  Max Mhz: 2112, Current Mhz: 1609, Mhz Limit: 1605

Memory: 4k page, system-wide physical 3929M (202M free)
TotalPageFile size 16217M (AvailPageFile size 0M)
current process WorkingSet (physical memory assigned to process): 117M, peak: 118M
current process commit charge ("private bytes"): 182M, peak: 185M

vm_info: OpenJDK 64-Bit Server VM (17.0.8.1+7-b1059.3) for windows-amd64 JRE (17.0.8.1+7-b1059.3), built on 2023-09-11 by "builduser" with MS VC++ 16.10 / 16.11 (VS2019)

END.
