#
# There is insufficient memory for the Java Runtime Environment to continue.
# Native memory allocation (mmap) failed to map 264241152 bytes for G1 virtual space
# Possible reasons:
#   The system is out of physical RAM or swap space
#   The process is running with CompressedOops enabled, and the Java Heap may be blocking the growth of the native heap
# Possible solutions:
#   Reduce memory load on the system
#   Increase physical memory or swap space
#   Check if swap backing store is full
#   Decrease Java heap size (-Xmx/-Xms)
#   Decrease number of Java threads
#   Decrease Java thread stack sizes (-Xss)
#   Set larger code cache with -XX:ReservedCodeCacheSize=
#   JVM is running with Unscaled Compressed Oops mode in which the Java heap is
#     placed in the first 4GB address space. The Java Heap base address is the
#     maximum limit for the native heap growth. Please use -XX:HeapBaseMinAddress
#     to set the Java Heap base and to place the Java Heap above 4GB virtual address.
# This output file may be truncated or incomplete.
#
#  Out of Memory Error (os_windows.cpp:3825), pid=11992, tid=15948
#
# JRE version: OpenJDK Runtime Environment JBR-17.0.8.1+7-1059.3-nomod (17.0.8.1+7) (build 17.0.8.1+7-b1059.3)
# Java VM: OpenJDK 64-Bit Server VM JBR-17.0.8.1+7-1059.3-nomod (17.0.8.1+7-b1059.3, mixed mode, tiered, compressed oops, compressed class ptrs, g1 gc, windows-amd64)
# No core dump will be written. Minidumps are not enabled by default on client versions of Windows
#

---------------  S U M M A R Y ------------

Command Line: --module-path=C:\Users\elbootic.com\.m2\repository\org\openjfx\javafx-base\21.0.2\javafx-base-21.0.2-win.jar;C:\Users\elbootic.com\.m2\repository\org\openjfx\javafx-base\21.0.2\javafx-base-21.0.2.jar;C:\Users\elbootic.com\.m2\repository\org\openjfx\javafx-controls\21.0.2\javafx-controls-21.0.2-win.jar;C:\Users\elbootic.com\.m2\repository\org\openjfx\javafx-controls\21.0.2\javafx-controls-21.0.2.jar;C:\Users\elbootic.com\.m2\repository\org\openjfx\javafx-fxml\21.0.2\javafx-fxml-21.0.2-win.jar;C:\Users\elbootic.com\.m2\repository\org\openjfx\javafx-fxml\21.0.2\javafx-fxml-21.0.2.jar;C:\Users\elbootic.com\.m2\repository\org\openjfx\javafx-graphics\21.0.2\javafx-graphics-21.0.2-win.jar;C:\Users\elbootic.com\.m2\repository\org\openjfx\javafx-graphics\21.0.2\javafx-graphics-21.0.2.jar;C:\Users\elbootic.com\.m2\repository\org\openjfx\javafx-media\21.0.2\javafx-media-21.0.2-win.jar;C:\Users\elbootic.com\.m2\repository\org\openjfx\javafx-media\21.0.2\javafx-media-21.0.2.jar;C:\Users\elbootic.com\.m2\repository\org\openjfx\javafx-web\21.0.2\javafx-web-21.0.2-win.jar;C:\Users\elbootic.com\.m2\repository\org\openjfx\javafx-web\21.0.2\javafx-web-21.0.2.jar --add-modules=javafx.base,javafx.controls,javafx.fxml,javafx.graphics,javafx.media,javafx.web com.esprit.tests.MainApp

Host: Intel(R) Core(TM) i5-10210U CPU @ 1.60GHz, 8 cores, 3G,  Windows 11 , 64 bit Build 22621 (10.0.22621.3235)
Time: Thu Mar 14 09:32:00 2024 Paris, Madrid elapsed time: 71.324357 seconds (0d 0h 1m 11s)

---------------  T H R E A D  ---------------

Current thread (0x00000262464480c0):  VMThread "VM Thread" [stack: 0x000000d05c300000,0x000000d05c400000] [id=15948]

Stack: [0x000000d05c300000,0x000000d05c400000]
Native frames: (J=compiled Java code, j=interpreted, Vv=VM code, C=native code)
V  [jvm.dll+0x6852da]  os::platform_print_native_stack+0xca  (os_windows_x86.cpp:235)
V  [jvm.dll+0x844ad4]  VMError::report+0xc34  (vmError.cpp:741)
V  [jvm.dll+0x8463ee]  VMError::report_and_die+0x78e  (vmError.cpp:1582)
V  [jvm.dll+0x846a53]  VMError::report_and_die+0x43  (vmError.cpp:1368)
V  [jvm.dll+0x24b7cf]  report_vm_out_of_memory+0x8f  (debug.cpp:321)
V  [jvm.dll+0x682099]  os::pd_commit_memory_or_exit+0xc9  (os_windows.cpp:3833)
V  [jvm.dll+0x67677a]  os::commit_memory_or_exit+0x2a  (os.cpp:1750)
V  [jvm.dll+0x30be2b]  G1PageBasedVirtualSpace::commit+0x19b  (g1PageBasedVirtualSpace.cpp:204)
V  [jvm.dll+0x3132d6]  G1RegionsLargerThanCommitSizeMapper::commit_regions+0x96  (g1RegionToSpaceMapper.cpp:100)
V  [jvm.dll+0x36302e]  HeapRegionManager::expand_any+0xee  (heapRegionManager.cpp:363)
V  [jvm.dll+0x36325f]  HeapRegionManager::expand_by+0x7f  (heapRegionManager.cpp:380)
V  [jvm.dll+0x2e1f48]  G1CollectedHeap::expand+0xb8  (g1CollectedHeap.cpp:1298)
V  [jvm.dll+0x2e0124]  G1CollectedHeap::do_collection_pause_at_safepoint_helper+0x9e4  (g1CollectedHeap.cpp:3049)
V  [jvm.dll+0x2df72c]  G1CollectedHeap::do_collection_pause_at_safepoint+0x5c  (g1CollectedHeap.cpp:2912)
V  [jvm.dll+0x32427b]  VM_G1CollectForAllocation::doit+0x6b  (g1VMOperations.cpp:146)
V  [jvm.dll+0x84b13b]  VM_Operation::evaluate+0xfb  (vmOperations.cpp:73)
V  [jvm.dll+0x84be74]  VMThread::evaluate_operation+0xe4  (vmThread.cpp:270)
V  [jvm.dll+0x84c38d]  VMThread::inner_execute+0x1ad  (vmThread.cpp:418)
V  [jvm.dll+0x84c764]  VMThread::loop+0x254  (vmThread.cpp:482)
V  [jvm.dll+0x84c830]  VMThread::run+0x70  (vmThread.cpp:167)
V  [jvm.dll+0x7f3faa]  Thread::call_run+0x8a  (thread.cpp:404)
V  [jvm.dll+0x684165]  thread_native_entry+0x75  (os_windows.cpp:550)
C  [ucrtbase.dll+0x29363]
C  [KERNEL32.DLL+0x1257d]
C  [ntdll.dll+0x5aa58]

VM_Operation (0x000000d05cef9700): G1CollectForAllocation, mode: safepoint, requested by thread 0x00000262469cd080


---------------  P R O C E S S  ---------------

Threads class SMR info:
_java_thread_list=0x000002625179bec0, length=20, elements={
0x000002622c9ade20, 0x000002624641e270, 0x000002624641f000, 0x000002624646a470,
0x000002624646af40, 0x000002624646b810, 0x000002624646c0e0, 0x000002624646da70,
0x000002624670f510, 0x000002624671a220, 0x00000262467b9a40, 0x00000262467b8f30,
0x000002624b648040, 0x000002624b6d19f0, 0x00000262469cd080, 0x000002624f8e39a0,
0x000002624f925c40, 0x000002624f9ea7a0, 0x000002624f9e9d80, 0x000002624f9eacb0
}

Java Threads: ( => current thread )
  0x000002622c9ade20 JavaThread "main" [_thread_blocked, id=18020, stack(0x000000d05bd00000,0x000000d05be00000)]
  0x000002624641e270 JavaThread "Reference Handler" daemon [_thread_blocked, id=20284, stack(0x000000d05c400000,0x000000d05c500000)]
  0x000002624641f000 JavaThread "Finalizer" daemon [_thread_blocked, id=17656, stack(0x000000d05c500000,0x000000d05c600000)]
  0x000002624646a470 JavaThread "Signal Dispatcher" daemon [_thread_blocked, id=15504, stack(0x000000d05c600000,0x000000d05c700000)]
  0x000002624646af40 JavaThread "Attach Listener" daemon [_thread_blocked, id=10112, stack(0x000000d05c700000,0x000000d05c800000)]
  0x000002624646b810 JavaThread "Service Thread" daemon [_thread_blocked, id=11712, stack(0x000000d05c800000,0x000000d05c900000)]
  0x000002624646c0e0 JavaThread "Monitor Deflation Thread" daemon [_thread_blocked, id=17020, stack(0x000000d05c900000,0x000000d05ca00000)]
  0x000002624646da70 JavaThread "C2 CompilerThread0" daemon [_thread_blocked, id=14564, stack(0x000000d05ca00000,0x000000d05cb00000)]
  0x000002624670f510 JavaThread "C1 CompilerThread0" daemon [_thread_blocked, id=2384, stack(0x000000d05cb00000,0x000000d05cc00000)]
  0x000002624671a220 JavaThread "Sweeper thread" daemon [_thread_blocked, id=20308, stack(0x000000d05cc00000,0x000000d05cd00000)]
  0x00000262467b9a40 JavaThread "Common-Cleaner" daemon [_thread_blocked, id=8104, stack(0x000000d05cd00000,0x000000d05ce00000)]
  0x00000262467b8f30 JavaThread "Notification Thread" daemon [_thread_blocked, id=20220, stack(0x000000d05d000000,0x000000d05d100000)]
  0x000002624b648040 JavaThread "QuantumRenderer-0" daemon [_thread_blocked, id=18988, stack(0x000000d05d200000,0x000000d05d300000)]
  0x000002624b6d19f0 JavaThread "InvokeLaterDispatcher" daemon [_thread_blocked, id=19416, stack(0x000000d05cf00000,0x000000d05d000000)]
  0x00000262469cd080 JavaThread "JavaFX Application Thread" [_thread_blocked, id=17360, stack(0x000000d05ce00000,0x000000d05cf00000)]
  0x000002624f8e39a0 JavaThread "JavaFX-Launcher" [_thread_blocked, id=5372, stack(0x000000d05d800000,0x000000d05d900000)]
  0x000002624f925c40 JavaThread "Thread-2" daemon [_thread_blocked, id=13864, stack(0x000000d05d700000,0x000000d05d800000)]
  0x000002624f9ea7a0 JavaThread "Prism Font Disposer" daemon [_thread_blocked, id=11700, stack(0x000000d05de00000,0x000000d05df00000)]
  0x000002624f9e9d80 JavaThread "mysql-cj-abandoned-connection-cleanup" daemon [_thread_blocked, id=17392, stack(0x000000d05dd00000,0x000000d05de00000)]
  0x000002624f9eacb0 JavaThread "Cleaner-0" daemon [_thread_blocked, id=18656, stack(0x000000d05ea00000,0x000000d05eb00000)]

Other Threads:
=>0x00000262464480c0 VMThread "VM Thread" [stack: 0x000000d05c300000,0x000000d05c400000] [id=15948]
  0x000002622eae7650 WatcherThread [stack: 0x000000d05d100000,0x000000d05d200000] [id=12512]
  0x000002622ead46a0 GCTaskThread "GC Thread#0" [stack: 0x000000d05be00000,0x000000d05bf00000] [id=14608]
  0x000002624b6b9cf0 GCTaskThread "GC Thread#1" [stack: 0x000000d05d300000,0x000000d05d400000] [id=18696]
  0x000002624b6b9fb0 GCTaskThread "GC Thread#2" [stack: 0x000000d05d900000,0x000000d05da00000] [id=7656]
  0x000002624b6ba270 GCTaskThread "GC Thread#3" [stack: 0x000000d05da00000,0x000000d05db00000] [id=1228]
  0x000002624b6ba530 GCTaskThread "GC Thread#4" [stack: 0x000000d05db00000,0x000000d05dc00000] [id=8348]
  0x000002624fae12a0 GCTaskThread "GC Thread#5" [stack: 0x000000d05dc00000,0x000000d05dd00000] [id=3052]
  0x0000026250fe2890 GCTaskThread "GC Thread#6" [stack: 0x000000d05df00000,0x000000d05e000000] [id=17628]
  0x00000262510fef50 GCTaskThread "GC Thread#7" [stack: 0x000000d05e000000,0x000000d05e100000] [id=8932]
  0x000002622eadd0f0 ConcurrentGCThread "G1 Main Marker" [stack: 0x000000d05bf00000,0x000000d05c000000] [id=17840]
  0x000002622eaddb00 ConcurrentGCThread "G1 Conc#0" [stack: 0x000000d05c000000,0x000000d05c100000] [id=19056]
  0x00000262501afb70 ConcurrentGCThread "G1 Conc#1" [stack: 0x000000d05e500000,0x000000d05e600000] [id=12164]
  0x000002622eb1eca0 ConcurrentGCThread "G1 Refine#0" [stack: 0x000000d05c100000,0x000000d05c200000] [id=15076]
  0x000002624fb11d80 ConcurrentGCThread "G1 Refine#1" [stack: 0x000000d05e100000,0x000000d05e200000] [id=19756]
  0x0000026250c4fcd0 ConcurrentGCThread "G1 Refine#2" [stack: 0x000000d05e200000,0x000000d05e300000] [id=6196]
  0x00000262467b86e0 ConcurrentGCThread "G1 Refine#3" [stack: 0x000000d05e300000,0x000000d05e400000] [id=17576]
  0x0000026250e88180 ConcurrentGCThread "G1 Refine#4" [stack: 0x000000d05ba00000,0x000000d05bb00000] [id=17460]
  0x0000026250e89030 ConcurrentGCThread "G1 Refine#5" [stack: 0x000000d05bb00000,0x000000d05bc00000] [id=16256]
  0x0000026250e875c0 ConcurrentGCThread "G1 Refine#6" [stack: 0x000000d05bc00000,0x000000d05bd00000] [id=11400]
  0x000002624694ec70 ConcurrentGCThread "G1 Refine#7" [stack: 0x000000d05ef00000,0x000000d05f000000] [id=15092]
  0x0000026246293b10 ConcurrentGCThread "G1 Service" [stack: 0x000000d05c200000,0x000000d05c300000] [id=14852]

Threads with active compile tasks:
C2 CompilerThread0    71981 5134   !   4       java.io.ObjectInputStream::readObject0 (681 bytes)

VM state: at safepoint (normal execution)

VM Mutex/Monitor currently owned by a thread:  ([mutex/lock_event])
[0x000002622c9ab440] Threads_lock - owner thread: 0x00000262464480c0
[0x000002622c9aba70] Heap_lock - owner thread: 0x00000262469cd080

Heap address: 0x00000000c2800000, size: 984 MB, Compressed Oops mode: 32-bit

CDS archive(s) not mapped
Compressed class space mapped at: 0x0000000100000000-0x0000000140000000, reserved size: 1073741824
Narrow klass base: 0x0000000000000000, Narrow klass shift: 3, Narrow klass range: 0x140000000

GC Precious Log:
 CPUs: 8 total, 8 available
 Memory: 3929M
 Large Page Support: Disabled
 NUMA Support: Disabled
 Compressed Oops: Enabled (32-bit)
 Heap Region Size: 1M
 Heap Min Capacity: 8M
 Heap Initial Capacity: 62M
 Heap Max Capacity: 984M
 Pre-touch: Disabled
 Parallel Workers: 8
 Concurrent Workers: 2
 Concurrent Refinement Workers: 8
 Periodic GC: Disabled

Heap:
 garbage-first heap   total 281600K, used 215040K [0x00000000c2800000, 0x0000000100000000)
  region size 1024K, 4 young (4096K), 4 survivors (4096K)
 Metaspace       used 36813K, committed 37120K, reserved 1114112K
  class space    used 4710K, committed 4864K, reserved 1048576K

Heap Regions: E=young(eden), S=young(survivor), O=old, HS=humongous(starts), HC=humongous(continues), CS=collection set, F=free, OA=open archive, CA=closed archive, TAMS=top-at-mark-start (previous, next)
|   0|0x00000000c2800000, 0x00000000c2900000, 0x00000000c2900000|100%| O|  |TAMS 0x00000000c2900000, 0x00000000c2900000| Untracked 
|   1|0x00000000c2900000, 0x00000000c2a00000, 0x00000000c2a00000|100%|HS|  |TAMS 0x00000000c2a00000, 0x00000000c2a00000| Complete 
|   2|0x00000000c2a00000, 0x00000000c2b00000, 0x00000000c2b00000|100%|HC|  |TAMS 0x00000000c2b00000, 0x00000000c2b00000| Complete 
|   3|0x00000000c2b00000, 0x00000000c2c00000, 0x00000000c2c00000|100%|HC|  |TAMS 0x00000000c2c00000, 0x00000000c2c00000| Complete 
|   4|0x00000000c2c00000, 0x00000000c2d00000, 0x00000000c2d00000|100%|HC|  |TAMS 0x00000000c2d00000, 0x00000000c2d00000| Complete 
|   5|0x00000000c2d00000, 0x00000000c2e00000, 0x00000000c2e00000|100%|HC|  |TAMS 0x00000000c2e00000, 0x00000000c2e00000| Complete 
|   6|0x00000000c2e00000, 0x00000000c2f00000, 0x00000000c2f00000|100%|HC|  |TAMS 0x00000000c2f00000, 0x00000000c2f00000| Complete 
|   7|0x00000000c2f00000, 0x00000000c3000000, 0x00000000c3000000|100%|HS|  |TAMS 0x00000000c3000000, 0x00000000c3000000| Complete 
|   8|0x00000000c3000000, 0x00000000c3100000, 0x00000000c3100000|100%|HS|  |TAMS 0x00000000c3100000, 0x00000000c3100000| Complete 
|   9|0x00000000c3100000, 0x00000000c3200000, 0x00000000c3200000|100%|HS|  |TAMS 0x00000000c3200000, 0x00000000c3200000| Complete 
|  10|0x00000000c3200000, 0x00000000c3300000, 0x00000000c3300000|100%|HS|  |TAMS 0x00000000c3300000, 0x00000000c3300000| Complete 
|  11|0x00000000c3300000, 0x00000000c3400000, 0x00000000c3400000|100%| O|  |TAMS 0x00000000c3400000, 0x00000000c3400000| Untracked 
|  12|0x00000000c3400000, 0x00000000c3500000, 0x00000000c3500000|100%| O|  |TAMS 0x00000000c3500000, 0x00000000c3500000| Untracked 
|  13|0x00000000c3500000, 0x00000000c3600000, 0x00000000c3600000|100%| O|  |TAMS 0x00000000c3600000, 0x00000000c3600000| Untracked 
|  14|0x00000000c3600000, 0x00000000c3700000, 0x00000000c3700000|100%| O|  |TAMS 0x00000000c3700000, 0x00000000c3700000| Untracked 
|  15|0x00000000c3700000, 0x00000000c3800000, 0x00000000c3800000|100%| O|  |TAMS 0x00000000c3800000, 0x00000000c3800000| Untracked 
|  16|0x00000000c3800000, 0x00000000c3900000, 0x00000000c3900000|100%| O|  |TAMS 0x00000000c3900000, 0x00000000c3900000| Untracked 
|  17|0x00000000c3900000, 0x00000000c3a00000, 0x00000000c3a00000|100%| O|  |TAMS 0x00000000c3a00000, 0x00000000c3a00000| Untracked 
|  18|0x00000000c3a00000, 0x00000000c3b00000, 0x00000000c3b00000|100%| O|  |TAMS 0x00000000c3b00000, 0x00000000c3b00000| Untracked 
|  19|0x00000000c3b00000, 0x00000000c3c00000, 0x00000000c3c00000|100%| O|  |TAMS 0x00000000c3c00000, 0x00000000c3c00000| Untracked 
|  20|0x00000000c3c00000, 0x00000000c3d00000, 0x00000000c3d00000|100%| O|  |TAMS 0x00000000c3d00000, 0x00000000c3d00000| Untracked 
|  21|0x00000000c3d00000, 0x00000000c3e00000, 0x00000000c3e00000|100%| O|  |TAMS 0x00000000c3e00000, 0x00000000c3e00000| Untracked 
|  22|0x00000000c3e00000, 0x00000000c3f00000, 0x00000000c3f00000|100%| O|  |TAMS 0x00000000c3f00000, 0x00000000c3f00000| Untracked 
|  23|0x00000000c3f00000, 0x00000000c4000000, 0x00000000c4000000|100%| O|  |TAMS 0x00000000c4000000, 0x00000000c4000000| Untracked 
|  24|0x00000000c4000000, 0x00000000c4100000, 0x00000000c4100000|100%| O|  |TAMS 0x00000000c4100000, 0x00000000c4100000| Untracked 
|  25|0x00000000c4100000, 0x00000000c4200000, 0x00000000c4200000|100%|HS|  |TAMS 0x00000000c4200000, 0x00000000c4200000| Complete 
|  26|0x00000000c4200000, 0x00000000c4300000, 0x00000000c4300000|100%|HS|  |TAMS 0x00000000c4300000, 0x00000000c4300000| Complete 
|  27|0x00000000c4300000, 0x00000000c4400000, 0x00000000c4400000|100%|HC|  |TAMS 0x00000000c4400000, 0x00000000c4400000| Complete 
|  28|0x00000000c4400000, 0x00000000c4500000, 0x00000000c4500000|100%|HS|  |TAMS 0x00000000c4500000, 0x00000000c4500000| Complete 
|  29|0x00000000c4500000, 0x00000000c4600000, 0x00000000c4600000|100%|HS|  |TAMS 0x00000000c4600000, 0x00000000c4600000| Complete 
|  30|0x00000000c4600000, 0x00000000c4700000, 0x00000000c4700000|100%|HC|  |TAMS 0x00000000c4700000, 0x00000000c4700000| Complete 
|  31|0x00000000c4700000, 0x00000000c4800000, 0x00000000c4800000|100%| O|  |TAMS 0x00000000c4800000, 0x00000000c4800000| Untracked 
|  32|0x00000000c4800000, 0x00000000c4900000, 0x00000000c4900000|100%| O|  |TAMS 0x00000000c4900000, 0x00000000c4900000| Untracked 
|  33|0x00000000c4900000, 0x00000000c4a00000, 0x00000000c4a00000|100%| O|  |TAMS 0x00000000c4a00000, 0x00000000c4a00000| Untracked 
|  34|0x00000000c4a00000, 0x00000000c4b00000, 0x00000000c4b00000|100%| O|  |TAMS 0x00000000c4b00000, 0x00000000c4b00000| Untracked 
|  35|0x00000000c4b00000, 0x00000000c4c00000, 0x00000000c4c00000|100%| O|  |TAMS 0x00000000c4c00000, 0x00000000c4c00000| Untracked 
|  36|0x00000000c4c00000, 0x00000000c4d00000, 0x00000000c4d00000|100%|HS|  |TAMS 0x00000000c4d00000, 0x00000000c4d00000| Complete 
|  37|0x00000000c4d00000, 0x00000000c4e00000, 0x00000000c4e00000|100%|HC|  |TAMS 0x00000000c4e00000, 0x00000000c4e00000| Complete 
|  38|0x00000000c4e00000, 0x00000000c4f00000, 0x00000000c4f00000|100%| O|  |TAMS 0x00000000c4e00000, 0x00000000c4f00000| Untracked 
|  39|0x00000000c4f00000, 0x00000000c5000000, 0x00000000c5000000|100%| O|  |TAMS 0x00000000c5000000, 0x00000000c5000000| Untracked 
|  40|0x00000000c5000000, 0x00000000c5100000, 0x00000000c5100000|100%| O|  |TAMS 0x00000000c5000000, 0x00000000c5100000| Untracked 
|  41|0x00000000c5100000, 0x00000000c5200000, 0x00000000c5200000|100%| O|  |TAMS 0x00000000c5200000, 0x00000000c5200000| Untracked 
|  42|0x00000000c5200000, 0x00000000c5300000, 0x00000000c5300000|100%| O|  |TAMS 0x00000000c5200000, 0x00000000c5300000| Untracked 
|  43|0x00000000c5300000, 0x00000000c5400000, 0x00000000c5400000|100%| O|  |TAMS 0x00000000c5300000, 0x00000000c5400000| Untracked 
|  44|0x00000000c5400000, 0x00000000c5500000, 0x00000000c5500000|100%| O|  |TAMS 0x00000000c5400000, 0x00000000c5500000| Untracked 
|  45|0x00000000c5500000, 0x00000000c5600000, 0x00000000c5600000|100%| O|  |TAMS 0x00000000c5500000, 0x00000000c5600000| Untracked 
|  46|0x00000000c5600000, 0x00000000c5700000, 0x00000000c5700000|100%| O|  |TAMS 0x00000000c5600000, 0x00000000c5700000| Untracked 
|  47|0x00000000c5700000, 0x00000000c5800000, 0x00000000c5800000|100%|HS|  |TAMS 0x00000000c5800000, 0x00000000c5800000| Complete 
|  48|0x00000000c5800000, 0x00000000c5900000, 0x00000000c5900000|100%|HS|  |TAMS 0x00000000c5900000, 0x00000000c5900000| Complete 
|  49|0x00000000c5900000, 0x00000000c5a00000, 0x00000000c5a00000|100%|HS|  |TAMS 0x00000000c5a00000, 0x00000000c5a00000| Complete 
|  50|0x00000000c5a00000, 0x00000000c5b00000, 0x00000000c5b00000|100%|HS|  |TAMS 0x00000000c5b00000, 0x00000000c5b00000| Complete 
|  51|0x00000000c5b00000, 0x00000000c5c00000, 0x00000000c5c00000|100%|HS|  |TAMS 0x00000000c5c00000, 0x00000000c5c00000| Complete 
|  52|0x00000000c5c00000, 0x00000000c5d00000, 0x00000000c5d00000|100%|HS|  |TAMS 0x00000000c5d00000, 0x00000000c5d00000| Complete 
|  53|0x00000000c5d00000, 0x00000000c5e00000, 0x00000000c5e00000|100%|HC|  |TAMS 0x00000000c5e00000, 0x00000000c5e00000| Complete 
|  54|0x00000000c5e00000, 0x00000000c5f00000, 0x00000000c5f00000|100%|HC|  |TAMS 0x00000000c5f00000, 0x00000000c5f00000| Complete 
|  55|0x00000000c5f00000, 0x00000000c6000000, 0x00000000c6000000|100%|HC|  |TAMS 0x00000000c6000000, 0x00000000c6000000| Complete 
|  56|0x00000000c6000000, 0x00000000c6100000, 0x00000000c6100000|100%|HC|  |TAMS 0x00000000c6100000, 0x00000000c6100000| Complete 
|  57|0x00000000c6100000, 0x00000000c6200000, 0x00000000c6200000|100%| O|  |TAMS 0x00000000c6200000, 0x00000000c6200000| Untracked 
|  58|0x00000000c6200000, 0x00000000c6300000, 0x00000000c6300000|100%| O|  |TAMS 0x00000000c6300000, 0x00000000c6300000| Untracked 
|  59|0x00000000c6300000, 0x00000000c6400000, 0x00000000c6400000|100%| O|  |TAMS 0x00000000c6400000, 0x00000000c6400000| Untracked 
|  60|0x00000000c6400000, 0x00000000c6500000, 0x00000000c6500000|100%| O|  |TAMS 0x00000000c6500000, 0x00000000c6500000| Untracked 
|  61|0x00000000c6500000, 0x00000000c6600000, 0x00000000c6600000|100%| O|  |TAMS 0x00000000c6600000, 0x00000000c6600000| Untracked 
|  62|0x00000000c6600000, 0x00000000c6700000, 0x00000000c6700000|100%| O|  |TAMS 0x00000000c6700000, 0x00000000c6700000| Untracked 
|  63|0x00000000c6700000, 0x00000000c6800000, 0x00000000c6800000|100%| O|  |TAMS 0x00000000c6700000, 0x00000000c6800000| Untracked 
|  64|0x00000000c6800000, 0x00000000c6900000, 0x00000000c6900000|100%| O|  |TAMS 0x00000000c6800000, 0x00000000c6900000| Untracked 
|  65|0x00000000c6900000, 0x00000000c6a00000, 0x00000000c6a00000|100%| O|  |TAMS 0x00000000c6900000, 0x00000000c6a00000| Untracked 
|  66|0x00000000c6a00000, 0x00000000c6b00000, 0x00000000c6b00000|100%| O|  |TAMS 0x00000000c6a00000, 0x00000000c6b00000| Untracked 
|  67|0x00000000c6b00000, 0x00000000c6c00000, 0x00000000c6c00000|100%| O|  |TAMS 0x00000000c6b00000, 0x00000000c6c00000| Untracked 
|  68|0x00000000c6c00000, 0x00000000c6d00000, 0x00000000c6d00000|100%| O|  |TAMS 0x00000000c6c00000, 0x00000000c6d00000| Untracked 
|  69|0x00000000c6d00000, 0x00000000c6e00000, 0x00000000c6e00000|100%|HS|  |TAMS 0x00000000c6d00000, 0x00000000c6e00000| Complete 
|  70|0x00000000c6e00000, 0x00000000c6f00000, 0x00000000c6f00000|100%| O|  |TAMS 0x00000000c6f00000, 0x00000000c6f00000| Untracked 
|  71|0x00000000c6f00000, 0x00000000c7000000, 0x00000000c7000000|100%| O|  |TAMS 0x00000000c7000000, 0x00000000c7000000| Untracked 
|  72|0x00000000c7000000, 0x00000000c7100000, 0x00000000c7100000|100%| O|  |TAMS 0x00000000c7100000, 0x00000000c7100000| Untracked 
|  73|0x00000000c7100000, 0x00000000c7200000, 0x00000000c7200000|100%| O|  |TAMS 0x00000000c7200000, 0x00000000c7200000| Untracked 
|  74|0x00000000c7200000, 0x00000000c7300000, 0x00000000c7300000|100%| O|  |TAMS 0x00000000c7300000, 0x00000000c7300000| Untracked 
|  75|0x00000000c7300000, 0x00000000c7400000, 0x00000000c7400000|100%| O|  |TAMS 0x00000000c7400000, 0x00000000c7400000| Untracked 
|  76|0x00000000c7400000, 0x00000000c7500000, 0x00000000c7500000|100%| O|  |TAMS 0x00000000c7500000, 0x00000000c7500000| Untracked 
|  77|0x00000000c7500000, 0x00000000c7600000, 0x00000000c7600000|100%| O|  |TAMS 0x00000000c7600000, 0x00000000c7600000| Untracked 
|  78|0x00000000c7600000, 0x00000000c7700000, 0x00000000c7700000|100%| O|  |TAMS 0x00000000c7700000, 0x00000000c7700000| Untracked 
|  79|0x00000000c7700000, 0x00000000c7800000, 0x00000000c7800000|100%| O|  |TAMS 0x00000000c7800000, 0x00000000c7800000| Untracked 
|  80|0x00000000c7800000, 0x00000000c7900000, 0x00000000c7900000|100%| O|  |TAMS 0x00000000c7900000, 0x00000000c7900000| Untracked 
|  81|0x00000000c7900000, 0x00000000c7a00000, 0x00000000c7a00000|100%| O|  |TAMS 0x00000000c7a00000, 0x00000000c7a00000| Untracked 
|  82|0x00000000c7a00000, 0x00000000c7b00000, 0x00000000c7b00000|100%| O|  |TAMS 0x00000000c7b00000, 0x00000000c7b00000| Untracked 
|  83|0x00000000c7b00000, 0x00000000c7c00000, 0x00000000c7c00000|100%| O|  |TAMS 0x00000000c7c00000, 0x00000000c7c00000| Untracked 
|  84|0x00000000c7c00000, 0x00000000c7d00000, 0x00000000c7d00000|100%| O|  |TAMS 0x00000000c7d00000, 0x00000000c7d00000| Untracked 
|  85|0x00000000c7d00000, 0x00000000c7e00000, 0x00000000c7e00000|100%| O|  |TAMS 0x00000000c7e00000, 0x00000000c7e00000| Untracked 
|  86|0x00000000c7e00000, 0x00000000c7f00000, 0x00000000c7f00000|100%|HS|  |TAMS 0x00000000c7f00000, 0x00000000c7f00000| Complete 
|  87|0x00000000c7f00000, 0x00000000c8000000, 0x00000000c8000000|100%| O|  |TAMS 0x00000000c8000000, 0x00000000c8000000| Untracked 
|  88|0x00000000c8000000, 0x00000000c8100000, 0x00000000c8100000|100%| O|  |TAMS 0x00000000c8100000, 0x00000000c8100000| Untracked 
|  89|0x00000000c8100000, 0x00000000c8200000, 0x00000000c8200000|100%| O|  |TAMS 0x00000000c8200000, 0x00000000c8200000| Untracked 
|  90|0x00000000c8200000, 0x00000000c8300000, 0x00000000c8300000|100%| O|  |TAMS 0x00000000c8300000, 0x00000000c8300000| Untracked 
|  91|0x00000000c8300000, 0x00000000c8400000, 0x00000000c8400000|100%| O|  |TAMS 0x00000000c8400000, 0x00000000c8400000| Untracked 
|  92|0x00000000c8400000, 0x00000000c8500000, 0x00000000c8500000|100%| O|  |TAMS 0x00000000c8480000, 0x00000000c8500000| Untracked 
|  93|0x00000000c8500000, 0x00000000c8600000, 0x00000000c8600000|100%| O|  |TAMS 0x00000000c8600000, 0x00000000c8600000| Untracked 
|  94|0x00000000c8600000, 0x00000000c8700000, 0x00000000c8700000|100%| O|  |TAMS 0x00000000c8700000, 0x00000000c8700000| Untracked 
|  95|0x00000000c8700000, 0x00000000c8800000, 0x00000000c8800000|100%|HS|  |TAMS 0x00000000c8800000, 0x00000000c8800000| Complete 
|  96|0x00000000c8800000, 0x00000000c8900000, 0x00000000c8900000|100%|HS|  |TAMS 0x00000000c8900000, 0x00000000c8900000| Complete 
|  97|0x00000000c8900000, 0x00000000c8a00000, 0x00000000c8a00000|100%|HS|  |TAMS 0x00000000c8900000, 0x00000000c8a00000| Complete 
|  98|0x00000000c8a00000, 0x00000000c8b00000, 0x00000000c8b00000|100%|HC|  |TAMS 0x00000000c8a00000, 0x00000000c8b00000| Complete 
|  99|0x00000000c8b00000, 0x00000000c8c00000, 0x00000000c8c00000|100%|HS|  |TAMS 0x00000000c8b00000, 0x00000000c8c00000| Complete 
| 100|0x00000000c8c00000, 0x00000000c8d00000, 0x00000000c8d00000|100%|HC|  |TAMS 0x00000000c8c00000, 0x00000000c8d00000| Complete 
| 101|0x00000000c8d00000, 0x00000000c8e00000, 0x00000000c8e00000|100%|HC|  |TAMS 0x00000000c8d00000, 0x00000000c8e00000| Complete 
| 102|0x00000000c8e00000, 0x00000000c8f00000, 0x00000000c8f00000|100%| O|  |TAMS 0x00000000c8e00000, 0x00000000c8f00000| Untracked 
| 103|0x00000000c8f00000, 0x00000000c9000000, 0x00000000c9000000|100%| O|  |TAMS 0x00000000c9000000, 0x00000000c9000000| Untracked 
| 104|0x00000000c9000000, 0x00000000c9100000, 0x00000000c9100000|100%| O|  |TAMS 0x00000000c9100000, 0x00000000c9100000| Untracked 
| 105|0x00000000c9100000, 0x00000000c9200000, 0x00000000c9200000|100%| O|  |TAMS 0x00000000c9200000, 0x00000000c9200000| Untracked 
| 106|0x00000000c9200000, 0x00000000c9300000, 0x00000000c9300000|100%| O|  |TAMS 0x00000000c9300000, 0x00000000c9300000| Untracked 
| 107|0x00000000c9300000, 0x00000000c9400000, 0x00000000c9400000|100%| O|  |TAMS 0x00000000c9400000, 0x00000000c9400000| Untracked 
| 108|0x00000000c9400000, 0x00000000c9500000, 0x00000000c9500000|100%| O|  |TAMS 0x00000000c9500000, 0x00000000c9500000| Untracked 
| 109|0x00000000c9500000, 0x00000000c9600000, 0x00000000c9600000|100%| O|  |TAMS 0x00000000c9600000, 0x00000000c9600000| Untracked 
| 110|0x00000000c9600000, 0x00000000c9700000, 0x00000000c9700000|100%| O|  |TAMS 0x00000000c9700000, 0x00000000c9700000| Untracked 
| 111|0x00000000c9700000, 0x00000000c9800000, 0x00000000c9800000|100%| O|  |TAMS 0x00000000c9800000, 0x00000000c9800000| Untracked 
| 112|0x00000000c9800000, 0x00000000c9900000, 0x00000000c9900000|100%| O|  |TAMS 0x00000000c9900000, 0x00000000c9900000| Untracked 
| 113|0x00000000c9900000, 0x00000000c9a00000, 0x00000000c9a00000|100%| O|  |TAMS 0x00000000c9a00000, 0x00000000c9a00000| Untracked 
| 114|0x00000000c9a00000, 0x00000000c9b00000, 0x00000000c9b00000|100%| O|  |TAMS 0x00000000c9b00000, 0x00000000c9b00000| Untracked 
| 115|0x00000000c9b00000, 0x00000000c9c00000, 0x00000000c9c00000|100%| O|  |TAMS 0x00000000c9c00000, 0x00000000c9c00000| Untracked 
| 116|0x00000000c9c00000, 0x00000000c9d00000, 0x00000000c9d00000|100%| O|  |TAMS 0x00000000c9d00000, 0x00000000c9d00000| Untracked 
| 117|0x00000000c9d00000, 0x00000000c9e00000, 0x00000000c9e00000|100%| O|  |TAMS 0x00000000c9e00000, 0x00000000c9e00000| Untracked 
| 118|0x00000000c9e00000, 0x00000000c9f00000, 0x00000000c9f00000|100%| O|  |TAMS 0x00000000c9f00000, 0x00000000c9f00000| Untracked 
| 119|0x00000000c9f00000, 0x00000000ca000000, 0x00000000ca000000|100%| O|  |TAMS 0x00000000ca000000, 0x00000000ca000000| Untracked 
| 120|0x00000000ca000000, 0x00000000ca100000, 0x00000000ca100000|100%| O|  |TAMS 0x00000000ca100000, 0x00000000ca100000| Untracked 
| 121|0x00000000ca100000, 0x00000000ca200000, 0x00000000ca200000|100%| O|  |TAMS 0x00000000ca200000, 0x00000000ca200000| Untracked 
| 122|0x00000000ca200000, 0x00000000ca300000, 0x00000000ca300000|100%| O|  |TAMS 0x00000000ca300000, 0x00000000ca300000| Untracked 
| 123|0x00000000ca300000, 0x00000000ca400000, 0x00000000ca400000|100%| O|  |TAMS 0x00000000ca400000, 0x00000000ca400000| Untracked 
| 124|0x00000000ca400000, 0x00000000ca500000, 0x00000000ca500000|100%| O|  |TAMS 0x00000000ca500000, 0x00000000ca500000| Untracked 
| 125|0x00000000ca500000, 0x00000000ca600000, 0x00000000ca600000|100%| O|  |TAMS 0x00000000ca500000, 0x00000000ca500000| Untracked 
| 126|0x00000000ca600000, 0x00000000ca700000, 0x00000000ca700000|100%| O|  |TAMS 0x00000000ca700000, 0x00000000ca700000| Untracked 
| 127|0x00000000ca700000, 0x00000000ca800000, 0x00000000ca800000|100%|HS|  |TAMS 0x00000000ca700000, 0x00000000ca800000| Complete 
| 128|0x00000000ca800000, 0x00000000ca900000, 0x00000000ca900000|100%|HC|  |TAMS 0x00000000ca800000, 0x00000000ca900000| Complete 
| 129|0x00000000ca900000, 0x00000000caa00000, 0x00000000caa00000|100%|HS|  |TAMS 0x00000000ca900000, 0x00000000caa00000| Complete 
| 130|0x00000000caa00000, 0x00000000cab00000, 0x00000000cab00000|100%|HC|  |TAMS 0x00000000caa00000, 0x00000000cab00000| Complete 
| 131|0x00000000cab00000, 0x00000000cac00000, 0x00000000cac00000|100%| O|  |TAMS 0x00000000cab00000, 0x00000000cac00000| Untracked 
| 132|0x00000000cac00000, 0x00000000cad00000, 0x00000000cad00000|100%| O|  |TAMS 0x00000000cac00000, 0x00000000cad00000| Untracked 
| 133|0x00000000cad00000, 0x00000000cae00000, 0x00000000cae00000|100%| O|  |TAMS 0x00000000cad00000, 0x00000000cae00000| Untracked 
| 134|0x00000000cae00000, 0x00000000caf00000, 0x00000000caf00000|100%| O|  |TAMS 0x00000000cae00000, 0x00000000caf00000| Untracked 
| 135|0x00000000caf00000, 0x00000000cb000000, 0x00000000cb000000|100%| O|  |TAMS 0x00000000caf00000, 0x00000000cb000000| Untracked 
| 136|0x00000000cb000000, 0x00000000cb100000, 0x00000000cb100000|100%| O|  |TAMS 0x00000000cb000000, 0x00000000cb100000| Untracked 
| 137|0x00000000cb100000, 0x00000000cb200000, 0x00000000cb200000|100%| O|  |TAMS 0x00000000cb100000, 0x00000000cb200000| Untracked 
| 138|0x00000000cb200000, 0x00000000cb300000, 0x00000000cb300000|100%| O|  |TAMS 0x00000000cb200000, 0x00000000cb300000| Untracked 
| 139|0x00000000cb300000, 0x00000000cb400000, 0x00000000cb400000|100%| O|  |TAMS 0x00000000cb300000, 0x00000000cb400000| Untracked 
| 140|0x00000000cb400000, 0x00000000cb500000, 0x00000000cb500000|100%| O|  |TAMS 0x00000000cb400000, 0x00000000cb500000| Untracked 
| 141|0x00000000cb500000, 0x00000000cb600000, 0x00000000cb600000|100%| O|  |TAMS 0x00000000cb500000, 0x00000000cb600000| Untracked 
| 142|0x00000000cb600000, 0x00000000cb700000, 0x00000000cb700000|100%| O|  |TAMS 0x00000000cb600000, 0x00000000cb700000| Untracked 
| 143|0x00000000cb700000, 0x00000000cb800000, 0x00000000cb800000|100%|HS|  |TAMS 0x00000000cb700000, 0x00000000cb800000| Complete 
| 144|0x00000000cb800000, 0x00000000cb900000, 0x00000000cb900000|100%|HS|  |TAMS 0x00000000cb800000, 0x00000000cb900000| Complete 
| 145|0x00000000cb900000, 0x00000000cba00000, 0x00000000cba00000|100%|HC|  |TAMS 0x00000000cb900000, 0x00000000cba00000| Complete 
| 146|0x00000000cba00000, 0x00000000cbb00000, 0x00000000cbb00000|100%|HC|  |TAMS 0x00000000cba00000, 0x00000000cbb00000| Complete 
| 147|0x00000000cbb00000, 0x00000000cbc00000, 0x00000000cbc00000|100%|HS|  |TAMS 0x00000000cbb00000, 0x00000000cbc00000| Complete 
| 148|0x00000000cbc00000, 0x00000000cbd00000, 0x00000000cbd00000|100%|HC|  |TAMS 0x00000000cbc00000, 0x00000000cbd00000| Complete 
| 149|0x00000000cbd00000, 0x00000000cbe00000, 0x00000000cbe00000|100%|HC|  |TAMS 0x00000000cbd00000, 0x00000000cbe00000| Complete 
| 150|0x00000000cbe00000, 0x00000000cbf00000, 0x00000000cbf00000|100%| O|  |TAMS 0x00000000cbe00000, 0x00000000cbf00000| Untracked 
| 151|0x00000000cbf00000, 0x00000000cc000000, 0x00000000cc000000|100%| O|  |TAMS 0x00000000cbf00000, 0x00000000cc000000| Untracked 
| 152|0x00000000cc000000, 0x00000000cc100000, 0x00000000cc100000|100%| O|  |TAMS 0x00000000cc000000, 0x00000000cc100000| Untracked 
| 153|0x00000000cc100000, 0x00000000cc200000, 0x00000000cc200000|100%| O|  |TAMS 0x00000000cc100000, 0x00000000cc200000| Untracked 
| 154|0x00000000cc200000, 0x00000000cc300000, 0x00000000cc300000|100%| O|  |TAMS 0x00000000cc200000, 0x00000000cc300000| Untracked 
| 155|0x00000000cc300000, 0x00000000cc400000, 0x00000000cc400000|100%| O|  |TAMS 0x00000000cc300000, 0x00000000cc400000| Untracked 
| 156|0x00000000cc400000, 0x00000000cc500000, 0x00000000cc500000|100%| O|  |TAMS 0x00000000cc400000, 0x00000000cc462200| Untracked 
| 157|0x00000000cc500000, 0x00000000cc600000, 0x00000000cc600000|100%| O|  |TAMS 0x00000000cc500000, 0x00000000cc500000| Untracked 
| 158|0x00000000cc600000, 0x00000000cc700000, 0x00000000cc700000|100%| O|  |TAMS 0x00000000cc600000, 0x00000000cc600000| Untracked 
| 159|0x00000000cc700000, 0x00000000cc800000, 0x00000000cc800000|100%| O|  |TAMS 0x00000000cc700000, 0x00000000cc700000| Untracked 
| 160|0x00000000cc800000, 0x00000000cc900000, 0x00000000cc900000|100%| O|  |TAMS 0x00000000cc800000, 0x00000000cc800000| Untracked 
| 161|0x00000000cc900000, 0x00000000cca00000, 0x00000000cca00000|100%|HS|  |TAMS 0x00000000cc900000, 0x00000000cc900000| Complete 
| 162|0x00000000cca00000, 0x00000000ccb00000, 0x00000000ccb00000|100%| O|  |TAMS 0x00000000cca00000, 0x00000000cca00000| Untracked 
| 163|0x00000000ccb00000, 0x00000000ccc00000, 0x00000000ccc00000|100%| O|  |TAMS 0x00000000ccb00000, 0x00000000ccb00000| Untracked 
| 164|0x00000000ccc00000, 0x00000000ccd00000, 0x00000000ccd00000|100%| O|  |TAMS 0x00000000ccc00000, 0x00000000ccc00000| Untracked 
| 165|0x00000000ccd00000, 0x00000000cce00000, 0x00000000cce00000|100%| O|  |TAMS 0x00000000ccd00000, 0x00000000ccd00000| Untracked 
| 166|0x00000000cce00000, 0x00000000ccf00000, 0x00000000ccf00000|100%| O|  |TAMS 0x00000000cce00000, 0x00000000cce00000| Untracked 
| 167|0x00000000ccf00000, 0x00000000cd000000, 0x00000000cd000000|100%| O|  |TAMS 0x00000000ccf00000, 0x00000000ccf00000| Untracked 
| 168|0x00000000cd000000, 0x00000000cd100000, 0x00000000cd100000|100%| O|  |TAMS 0x00000000cd000000, 0x00000000cd000000| Untracked 
| 169|0x00000000cd100000, 0x00000000cd200000, 0x00000000cd200000|100%| O|  |TAMS 0x00000000cd100000, 0x00000000cd100000| Untracked 
| 170|0x00000000cd200000, 0x00000000cd300000, 0x00000000cd300000|100%| O|  |TAMS 0x00000000cd200000, 0x00000000cd200000| Untracked 
| 171|0x00000000cd300000, 0x00000000cd400000, 0x00000000cd400000|100%| O|  |TAMS 0x00000000cd300000, 0x00000000cd300000| Untracked 
| 172|0x00000000cd400000, 0x00000000cd500000, 0x00000000cd500000|100%| O|  |TAMS 0x00000000cd400000, 0x00000000cd400000| Untracked 
| 173|0x00000000cd500000, 0x00000000cd600000, 0x00000000cd600000|100%| O|  |TAMS 0x00000000cd500000, 0x00000000cd500000| Untracked 
| 174|0x00000000cd600000, 0x00000000cd700000, 0x00000000cd700000|100%| O|  |TAMS 0x00000000cd600000, 0x00000000cd600000| Untracked 
| 175|0x00000000cd700000, 0x00000000cd800000, 0x00000000cd800000|100%| O|  |TAMS 0x00000000cd700000, 0x00000000cd700000| Untracked 
| 176|0x00000000cd800000, 0x00000000cd900000, 0x00000000cd900000|100%| O|  |TAMS 0x00000000cd800000, 0x00000000cd800000| Untracked 
| 177|0x00000000cd900000, 0x00000000cd900000, 0x00000000cda00000|  0%| F|  |TAMS 0x00000000cd900000, 0x00000000cd900000| Untracked 
| 178|0x00000000cda00000, 0x00000000cda00000, 0x00000000cdb00000|  0%| F|  |TAMS 0x00000000cda00000, 0x00000000cda00000| Untracked 
| 179|0x00000000cdb00000, 0x00000000cdb00000, 0x00000000cdc00000|  0%| F|  |TAMS 0x00000000cdb00000, 0x00000000cdb00000| Untracked 
| 180|0x00000000cdc00000, 0x00000000cdc00000, 0x00000000cdd00000|  0%| F|  |TAMS 0x00000000cdc00000, 0x00000000cdc00000| Untracked 
| 181|0x00000000cdd00000, 0x00000000cdd00000, 0x00000000cde00000|  0%| F|  |TAMS 0x00000000cdd00000, 0x00000000cdd00000| Untracked 
| 182|0x00000000cde00000, 0x00000000cde00000, 0x00000000cdf00000|  0%| F|  |TAMS 0x00000000cde00000, 0x00000000cde00000| Untracked 
| 183|0x00000000cdf00000, 0x00000000cdf00000, 0x00000000ce000000|  0%| F|  |TAMS 0x00000000cdf00000, 0x00000000cdf00000| Untracked 
| 184|0x00000000ce000000, 0x00000000ce000000, 0x00000000ce100000|  0%| F|  |TAMS 0x00000000ce000000, 0x00000000ce000000| Untracked 
| 185|0x00000000ce100000, 0x00000000ce100000, 0x00000000ce200000|  0%| F|  |TAMS 0x00000000ce100000, 0x00000000ce100000| Untracked 
| 186|0x00000000ce200000, 0x00000000ce200000, 0x00000000ce300000|  0%| F|  |TAMS 0x00000000ce200000, 0x00000000ce200000| Untracked 
| 187|0x00000000ce300000, 0x00000000ce300000, 0x00000000ce400000|  0%| F|  |TAMS 0x00000000ce300000, 0x00000000ce300000| Untracked 
| 188|0x00000000ce400000, 0x00000000ce400000, 0x00000000ce500000|  0%| F|  |TAMS 0x00000000ce400000, 0x00000000ce400000| Untracked 
| 189|0x00000000ce500000, 0x00000000ce500000, 0x00000000ce600000|  0%| F|  |TAMS 0x00000000ce500000, 0x00000000ce500000| Untracked 
| 190|0x00000000ce600000, 0x00000000ce600000, 0x00000000ce700000|  0%| F|  |TAMS 0x00000000ce600000, 0x00000000ce600000| Untracked 
| 191|0x00000000ce700000, 0x00000000ce700000, 0x00000000ce800000|  0%| F|  |TAMS 0x00000000ce700000, 0x00000000ce700000| Untracked 
| 192|0x00000000ce800000, 0x00000000ce800000, 0x00000000ce900000|  0%| F|  |TAMS 0x00000000ce800000, 0x00000000ce800000| Untracked 
| 193|0x00000000ce900000, 0x00000000ce900000, 0x00000000cea00000|  0%| F|  |TAMS 0x00000000ce900000, 0x00000000ce900000| Untracked 
| 194|0x00000000cea00000, 0x00000000cea00000, 0x00000000ceb00000|  0%| F|  |TAMS 0x00000000cea00000, 0x00000000cea00000| Untracked 
| 195|0x00000000ceb00000, 0x00000000ceb00000, 0x00000000cec00000|  0%| F|  |TAMS 0x00000000ceb00000, 0x00000000ceb00000| Untracked 
| 196|0x00000000cec00000, 0x00000000cec00000, 0x00000000ced00000|  0%| F|  |TAMS 0x00000000cec00000, 0x00000000cec00000| Untracked 
| 197|0x00000000ced00000, 0x00000000ced00000, 0x00000000cee00000|  0%| F|  |TAMS 0x00000000ced00000, 0x00000000ced00000| Untracked 
| 198|0x00000000cee00000, 0x00000000cee00000, 0x00000000cef00000|  0%| F|  |TAMS 0x00000000cee00000, 0x00000000cee00000| Untracked 
| 199|0x00000000cef00000, 0x00000000cef00000, 0x00000000cf000000|  0%| F|  |TAMS 0x00000000cef00000, 0x00000000cef00000| Untracked 
| 200|0x00000000cf000000, 0x00000000cf000000, 0x00000000cf100000|  0%| F|  |TAMS 0x00000000cf000000, 0x00000000cf000000| Untracked 
| 201|0x00000000cf100000, 0x00000000cf100000, 0x00000000cf200000|  0%| F|  |TAMS 0x00000000cf100000, 0x00000000cf100000| Untracked 
| 202|0x00000000cf200000, 0x00000000cf200000, 0x00000000cf300000|  0%| F|  |TAMS 0x00000000cf200000, 0x00000000cf200000| Untracked 
| 203|0x00000000cf300000, 0x00000000cf300000, 0x00000000cf400000|  0%| F|  |TAMS 0x00000000cf300000, 0x00000000cf300000| Untracked 
| 204|0x00000000cf400000, 0x00000000cf400000, 0x00000000cf500000|  0%| F|  |TAMS 0x00000000cf400000, 0x00000000cf400000| Untracked 
| 205|0x00000000cf500000, 0x00000000cf500000, 0x00000000cf600000|  0%| F|  |TAMS 0x00000000cf500000, 0x00000000cf500000| Untracked 
| 206|0x00000000cf600000, 0x00000000cf600000, 0x00000000cf700000|  0%| F|  |TAMS 0x00000000cf600000, 0x00000000cf600000| Untracked 
| 207|0x00000000cf700000, 0x00000000cf700000, 0x00000000cf800000|  0%| F|  |TAMS 0x00000000cf700000, 0x00000000cf700000| Untracked 
| 208|0x00000000cf800000, 0x00000000cf800000, 0x00000000cf900000|  0%| F|  |TAMS 0x00000000cf800000, 0x00000000cf800000| Untracked 
| 209|0x00000000cf900000, 0x00000000cf900000, 0x00000000cfa00000|  0%| F|  |TAMS 0x00000000cf900000, 0x00000000cf900000| Untracked 
| 210|0x00000000cfa00000, 0x00000000cfa00000, 0x00000000cfb00000|  0%| F|  |TAMS 0x00000000cfa00000, 0x00000000cfa00000| Untracked 
| 211|0x00000000cfb00000, 0x00000000cfc00000, 0x00000000cfc00000|100%| S|CS|TAMS 0x00000000cfb00000, 0x00000000cfb00000| Complete 
| 212|0x00000000cfc00000, 0x00000000cfd00000, 0x00000000cfd00000|100%| S|CS|TAMS 0x00000000cfc00000, 0x00000000cfc00000| Complete 
| 213|0x00000000cfd00000, 0x00000000cfd00000, 0x00000000cfe00000|  0%| F|  |TAMS 0x00000000cfd00000, 0x00000000cfd00000| Untracked 
| 214|0x00000000cfe00000, 0x00000000cfe00000, 0x00000000cff00000|  0%| F|  |TAMS 0x00000000cfe00000, 0x00000000cfe00000| Untracked 
| 215|0x00000000cff00000, 0x00000000cff00000, 0x00000000d0000000|  0%| F|  |TAMS 0x00000000cff00000, 0x00000000cff00000| Untracked 
| 216|0x00000000d0000000, 0x00000000d0000000, 0x00000000d0100000|  0%| F|  |TAMS 0x00000000d0000000, 0x00000000d0000000| Untracked 
| 217|0x00000000d0100000, 0x00000000d0200000, 0x00000000d0200000|100%| S|CS|TAMS 0x00000000d0100000, 0x00000000d0100000| Complete 
| 218|0x00000000d0200000, 0x00000000d0300000, 0x00000000d0300000|100%| S|CS|TAMS 0x00000000d0200000, 0x00000000d0200000| Complete 
| 219|0x00000000d0300000, 0x00000000d0300000, 0x00000000d0400000|  0%| F|  |TAMS 0x00000000d0300000, 0x00000000d0300000| Untracked 
| 220|0x00000000d0400000, 0x00000000d0400000, 0x00000000d0500000|  0%| F|  |TAMS 0x00000000d0400000, 0x00000000d0400000| Untracked 
| 221|0x00000000d0500000, 0x00000000d0500000, 0x00000000d0600000|  0%| F|  |TAMS 0x00000000d0500000, 0x00000000d0500000| Untracked 
| 222|0x00000000d0600000, 0x00000000d0600000, 0x00000000d0700000|  0%| F|  |TAMS 0x00000000d0600000, 0x00000000d0600000| Untracked 
| 223|0x00000000d0700000, 0x00000000d0700000, 0x00000000d0800000|  0%| F|  |TAMS 0x00000000d0700000, 0x00000000d0700000| Untracked 
| 224|0x00000000d0800000, 0x00000000d0800000, 0x00000000d0900000|  0%| F|  |TAMS 0x00000000d0800000, 0x00000000d0800000| Untracked 
| 225|0x00000000d0900000, 0x00000000d0900000, 0x00000000d0a00000|  0%| F|  |TAMS 0x00000000d0900000, 0x00000000d0900000| Untracked 
| 226|0x00000000d0a00000, 0x00000000d0a00000, 0x00000000d0b00000|  0%| F|  |TAMS 0x00000000d0a00000, 0x00000000d0a00000| Untracked 
| 227|0x00000000d0b00000, 0x00000000d0b00000, 0x00000000d0c00000|  0%| F|  |TAMS 0x00000000d0b00000, 0x00000000d0b00000| Untracked 
| 228|0x00000000d0c00000, 0x00000000d0c00000, 0x00000000d0d00000|  0%| F|  |TAMS 0x00000000d0c00000, 0x00000000d0c00000| Untracked 
| 229|0x00000000d0d00000, 0x00000000d0d00000, 0x00000000d0e00000|  0%| F|  |TAMS 0x00000000d0d00000, 0x00000000d0d00000| Untracked 
| 230|0x00000000d0e00000, 0x00000000d0e00000, 0x00000000d0f00000|  0%| F|  |TAMS 0x00000000d0e00000, 0x00000000d0e00000| Untracked 
| 231|0x00000000d0f00000, 0x00000000d0f00000, 0x00000000d1000000|  0%| F|  |TAMS 0x00000000d0f00000, 0x00000000d0f00000| Untracked 
| 232|0x00000000d1000000, 0x00000000d1000000, 0x00000000d1100000|  0%| F|  |TAMS 0x00000000d1000000, 0x00000000d1000000| Untracked 
| 233|0x00000000d1100000, 0x00000000d1100000, 0x00000000d1200000|  0%| F|  |TAMS 0x00000000d1100000, 0x00000000d1100000| Untracked 
| 234|0x00000000d1200000, 0x00000000d1200000, 0x00000000d1300000|  0%| F|  |TAMS 0x00000000d1200000, 0x00000000d1200000| Untracked 
| 235|0x00000000d1300000, 0x00000000d1300000, 0x00000000d1400000|  0%| F|  |TAMS 0x00000000d1300000, 0x00000000d1300000| Untracked 
| 236|0x00000000d1400000, 0x00000000d1400000, 0x00000000d1500000|  0%| F|  |TAMS 0x00000000d1400000, 0x00000000d1400000| Untracked 
| 237|0x00000000d1500000, 0x00000000d1500000, 0x00000000d1600000|  0%| F|  |TAMS 0x00000000d1500000, 0x00000000d1500000| Untracked 
| 238|0x00000000d1600000, 0x00000000d1600000, 0x00000000d1700000|  0%| F|  |TAMS 0x00000000d1600000, 0x00000000d1600000| Untracked 
| 239|0x00000000d1700000, 0x00000000d1700000, 0x00000000d1800000|  0%| F|  |TAMS 0x00000000d1700000, 0x00000000d1700000| Untracked 
| 240|0x00000000d1800000, 0x00000000d1800000, 0x00000000d1900000|  0%| F|  |TAMS 0x00000000d1800000, 0x00000000d1800000| Untracked 
| 241|0x00000000d1900000, 0x00000000d1900000, 0x00000000d1a00000|  0%| F|  |TAMS 0x00000000d1900000, 0x00000000d1900000| Untracked 
| 242|0x00000000d1a00000, 0x00000000d1a00000, 0x00000000d1b00000|  0%| F|  |TAMS 0x00000000d1a00000, 0x00000000d1a00000| Untracked 
| 243|0x00000000d1b00000, 0x00000000d1b00000, 0x00000000d1c00000|  0%| F|  |TAMS 0x00000000d1b00000, 0x00000000d1b00000| Untracked 
| 244|0x00000000d1c00000, 0x00000000d1c00000, 0x00000000d1d00000|  0%| F|  |TAMS 0x00000000d1c00000, 0x00000000d1c00000| Untracked 
| 245|0x00000000d1d00000, 0x00000000d1d00000, 0x00000000d1e00000|  0%| F|  |TAMS 0x00000000d1d00000, 0x00000000d1d00000| Untracked 
| 955|0x00000000fe300000, 0x00000000fe400000, 0x00000000fe400000|100%| O|  |TAMS 0x00000000fe400000, 0x00000000fe400000| Untracked 
| 956|0x00000000fe400000, 0x00000000fe500000, 0x00000000fe500000|100%| O|  |TAMS 0x00000000fe500000, 0x00000000fe500000| Untracked 
| 957|0x00000000fe500000, 0x00000000fe600000, 0x00000000fe600000|100%| O|  |TAMS 0x00000000fe600000, 0x00000000fe600000| Untracked 
| 958|0x00000000fe600000, 0x00000000fe700000, 0x00000000fe700000|100%| O|  |TAMS 0x00000000fe700000, 0x00000000fe700000| Untracked 
| 959|0x00000000fe700000, 0x00000000fe800000, 0x00000000fe800000|100%| O|  |TAMS 0x00000000fe800000, 0x00000000fe800000| Untracked 
| 960|0x00000000fe800000, 0x00000000fe900000, 0x00000000fe900000|100%| O|  |TAMS 0x00000000fe900000, 0x00000000fe900000| Untracked 
| 961|0x00000000fe900000, 0x00000000fea00000, 0x00000000fea00000|100%| O|  |TAMS 0x00000000fea00000, 0x00000000fea00000| Untracked 
| 962|0x00000000fea00000, 0x00000000feb00000, 0x00000000feb00000|100%| O|  |TAMS 0x00000000feb00000, 0x00000000feb00000| Untracked 
| 963|0x00000000feb00000, 0x00000000fec00000, 0x00000000fec00000|100%| O|  |TAMS 0x00000000fec00000, 0x00000000fec00000| Untracked 
| 964|0x00000000fec00000, 0x00000000fed00000, 0x00000000fed00000|100%| O|  |TAMS 0x00000000fed00000, 0x00000000fed00000| Untracked 
| 965|0x00000000fed00000, 0x00000000fee00000, 0x00000000fee00000|100%| O|  |TAMS 0x00000000fee00000, 0x00000000fee00000| Untracked 
| 966|0x00000000fee00000, 0x00000000fef00000, 0x00000000fef00000|100%| O|  |TAMS 0x00000000fef00000, 0x00000000fef00000| Untracked 
| 967|0x00000000fef00000, 0x00000000ff000000, 0x00000000ff000000|100%| O|  |TAMS 0x00000000ff000000, 0x00000000ff000000| Untracked 
| 968|0x00000000ff000000, 0x00000000ff100000, 0x00000000ff100000|100%| O|  |TAMS 0x00000000ff100000, 0x00000000ff100000| Untracked 
| 969|0x00000000ff100000, 0x00000000ff200000, 0x00000000ff200000|100%| O|  |TAMS 0x00000000ff200000, 0x00000000ff200000| Untracked 
| 970|0x00000000ff200000, 0x00000000ff300000, 0x00000000ff300000|100%| O|  |TAMS 0x00000000ff300000, 0x00000000ff300000| Untracked 
| 971|0x00000000ff300000, 0x00000000ff400000, 0x00000000ff400000|100%| O|  |TAMS 0x00000000ff400000, 0x00000000ff400000| Untracked 
| 972|0x00000000ff400000, 0x00000000ff500000, 0x00000000ff500000|100%| O|  |TAMS 0x00000000ff500000, 0x00000000ff500000| Untracked 
| 973|0x00000000ff500000, 0x00000000ff600000, 0x00000000ff600000|100%| O|  |TAMS 0x00000000ff600000, 0x00000000ff600000| Untracked 
| 974|0x00000000ff600000, 0x00000000ff700000, 0x00000000ff700000|100%| O|  |TAMS 0x00000000ff700000, 0x00000000ff700000| Untracked 
| 975|0x00000000ff700000, 0x00000000ff800000, 0x00000000ff800000|100%| O|  |TAMS 0x00000000ff800000, 0x00000000ff800000| Untracked 
| 976|0x00000000ff800000, 0x00000000ff900000, 0x00000000ff900000|100%| O|  |TAMS 0x00000000ff900000, 0x00000000ff900000| Untracked 
| 977|0x00000000ff900000, 0x00000000ffa00000, 0x00000000ffa00000|100%| O|  |TAMS 0x00000000ffa00000, 0x00000000ffa00000| Untracked 
| 978|0x00000000ffa00000, 0x00000000ffb00000, 0x00000000ffb00000|100%| O|  |TAMS 0x00000000ffb00000, 0x00000000ffb00000| Untracked 
| 979|0x00000000ffb00000, 0x00000000ffc00000, 0x00000000ffc00000|100%| O|  |TAMS 0x00000000ffc00000, 0x00000000ffc00000| Untracked 
| 980|0x00000000ffc00000, 0x00000000ffd00000, 0x00000000ffd00000|100%| O|  |TAMS 0x00000000ffd00000, 0x00000000ffd00000| Untracked 
| 981|0x00000000ffd00000, 0x00000000ffe00000, 0x00000000ffe00000|100%| O|  |TAMS 0x00000000ffe00000, 0x00000000ffe00000| Untracked 
| 982|0x00000000ffe00000, 0x00000000fff00000, 0x00000000fff00000|100%| O|  |TAMS 0x00000000fff00000, 0x00000000fff00000| Untracked 
| 983|0x00000000fff00000, 0x0000000100000000, 0x0000000100000000|100%| O|  |TAMS 0x0000000100000000, 0x0000000100000000| Untracked 

Card table byte_map: [0x0000026241750000,0x0000026241940000] _byte_map_base: 0x000002624113c000

Marking Bits (Prev, Next): (CMBitMap*) 0x000002622ead4d00, (CMBitMap*) 0x000002622ead4cc0
 Prev Bits: [0x0000026242a90000, 0x00000262439f0000)
 Next Bits: [0x0000026241b30000, 0x0000026242a90000)

Polling page: 0x000002622c9c0000

Metaspace:

Usage:
  Non-class:     31.35 MB used.
      Class:      4.60 MB used.
       Both:     35.95 MB used.

Virtual space:
  Non-class space:       64.00 MB reserved,      31.50 MB ( 49%) committed,  1 nodes.
      Class space:        1.00 GB reserved,       4.75 MB ( <1%) committed,  1 nodes.
             Both:        1.06 GB reserved,      36.25 MB (  3%) committed. 

Chunk freelists:
   Non-Class:  288.00 KB
       Class:  11.19 MB
        Both:  11.47 MB

MaxMetaspaceSize: unlimited
CompressedClassSpaceSize: 1.00 GB
Initial GC threshold: 21.00 MB
Current GC threshold: 60.12 MB
CDS: off
MetaspaceReclaimPolicy: balanced
 - commit_granule_bytes: 65536.
 - commit_granule_words: 8192.
 - virtual_space_node_default_size: 8388608.
 - enlarge_chunks_in_place: 1.
 - new_chunks_are_fully_committed: 0.
 - uncommit_free_chunks: 1.
 - use_allocation_guard: 0.
 - handle_deallocations: 1.


Internal statistics:

num_allocs_failed_limit: 3.
num_arena_births: 364.
num_arena_deaths: 0.
num_vsnodes_births: 2.
num_vsnodes_deaths: 0.
num_space_committed: 580.
num_space_uncommitted: 0.
num_chunks_returned_to_freelist: 3.
num_chunks_taken_from_freelist: 1385.
num_chunk_merges: 3.
num_chunk_splits: 901.
num_chunks_enlarged: 637.
num_inconsistent_stats: 0.

CodeHeap 'non-profiled nmethods': size=120000Kb used=2612Kb max_used=2612Kb free=117387Kb
 bounds [0x0000026239d00000, 0x0000026239f90000, 0x0000026241230000]
CodeHeap 'profiled nmethods': size=120000Kb used=10784Kb max_used=10784Kb free=109215Kb
 bounds [0x0000026232230000, 0x0000026232cc0000, 0x0000026239760000]
CodeHeap 'non-nmethods': size=5760Kb used=1500Kb max_used=1555Kb free=4259Kb
 bounds [0x0000026239760000, 0x00000262399d0000, 0x0000026239d00000]
 total_blobs=5988 nmethods=5103 adapters=797
 compilation: enabled
              stopped_count=0, restarted_count=0
 full_count=0

Compilation events (20 events):
Event: 71.217 Thread 0x000002624646da70 5111       4       java.lang.StringBuilder::append (8 bytes)
Event: 71.218 Thread 0x000002624670f510 nmethod 5131% 0x0000026232cadf10 code [0x0000026232cae420, 0x0000026232cb04e8]
Event: 71.218 Thread 0x000002624670f510 5132       3       java.io.ObjectInputStream$BlockDataInputStream::readUTFBody (192 bytes)
Event: 71.219 Thread 0x000002624670f510 nmethod 5132 0x0000026232cb1290 code [0x0000026232cb1500, 0x0000026232cb2098]
Event: 71.219 Thread 0x000002624670f510 5121   !   2       java.io.ObjectInputStream::readObject0 (681 bytes)
Event: 71.220 Thread 0x000002624670f510 nmethod 5121 0x0000026232cb2410 code [0x0000026232cb2a20, 0x0000026232cb4848]
Event: 71.220 Thread 0x000002624670f510 5133 %     3       java.lang.AbstractStringBuilder::appendChars @ 26 (130 bytes)
Event: 71.221 Thread 0x000002624646da70 nmethod 5111 0x0000026239f8c490 code [0x0000026239f8c640, 0x0000026239f8cbf8]
Event: 71.221 Thread 0x000002624646da70 5124       4       java.lang.StringLatin1::canEncode (13 bytes)
Event: 71.221 Thread 0x000002624670f510 nmethod 5133% 0x0000026232cb6290 code [0x0000026232cb64a0, 0x0000026232cb6b68]
Event: 71.221 Thread 0x000002624646da70 nmethod 5124 0x0000026239f8ce90 code [0x0000026239f8d000, 0x0000026239f8d078]
Event: 71.221 Thread 0x000002624646da70 5134   !   4       java.io.ObjectInputStream::readObject0 (681 bytes)
Event: 71.222 Thread 0x000002624670f510 5135       3       java.lang.AbstractStringBuilder::appendChars (130 bytes)
Event: 71.222 Thread 0x000002624670f510 nmethod 5135 0x0000026232cb6e10 code [0x0000026232cb7000, 0x0000026232cb75a8]
Event: 71.224 Thread 0x000002624670f510 5136       2       java.lang.StringUTF16::length (5 bytes)
Event: 71.224 Thread 0x000002624670f510 nmethod 5136 0x0000026232cb7810 code [0x0000026232cb79a0, 0x0000026232cb7a98]
Event: 71.224 Thread 0x000002624670f510 5137       2       java.lang.StringUTF16::putChar (54 bytes)
Event: 71.224 Thread 0x000002624670f510 nmethod 5137 0x0000026232cb7b90 code [0x0000026232cb7d20, 0x0000026232cb7e58]
Event: 71.235 Thread 0x000002624670f510 5141       2       java.lang.StringUTF16::checkBoundsOffCount (10 bytes)
Event: 71.235 Thread 0x000002624670f510 nmethod 5141 0x0000026232cb7f90 code [0x0000026232cb8120, 0x0000026232cb8228]

GC Heap History (20 events):
Event: 61.787 GC heap after
{Heap after GC invocations=19 (full 0):
 garbage-first heap   total 100352K, used 48681K [0x00000000c2800000, 0x0000000100000000)
  region size 1024K, 2 young (2048K), 2 survivors (2048K)
 Metaspace       used 32817K, committed 33088K, reserved 1114112K
  class space    used 4295K, committed 4416K, reserved 1048576K
}
Event: 61.808 GC heap before
{Heap before GC invocations=20 (full 0):
 garbage-first heap   total 100352K, used 49705K [0x00000000c2800000, 0x0000000100000000)
  region size 1024K, 3 young (3072K), 2 survivors (2048K)
 Metaspace       used 32828K, committed 33088K, reserved 1114112K
  class space    used 4295K, committed 4416K, reserved 1048576K
}
Event: 61.809 GC heap after
{Heap after GC invocations=21 (full 0):
 garbage-first heap   total 100352K, used 49745K [0x00000000c2800000, 0x0000000100000000)
  region size 1024K, 2 young (2048K), 2 survivors (2048K)
 Metaspace       used 32828K, committed 33088K, reserved 1114112K
  class space    used 4295K, committed 4416K, reserved 1048576K
}
Event: 61.827 GC heap before
{Heap before GC invocations=22 (full 0):
 garbage-first heap   total 100352K, used 50769K [0x00000000c2800000, 0x0000000100000000)
  region size 1024K, 3 young (3072K), 2 survivors (2048K)
 Metaspace       used 32830K, committed 33088K, reserved 1114112K
  class space    used 4295K, committed 4416K, reserved 1048576K
}
Event: 61.830 GC heap after
{Heap after GC invocations=23 (full 0):
 garbage-first heap   total 224256K, used 50869K [0x00000000c2800000, 0x0000000100000000)
  region size 1024K, 2 young (2048K), 2 survivors (2048K)
 Metaspace       used 32830K, committed 33088K, reserved 1114112K
  class space    used 4295K, committed 4416K, reserved 1048576K
}
Event: 70.308 GC heap before
{Heap before GC invocations=23 (full 0):
 garbage-first heap   total 224256K, used 191157K [0x00000000c2800000, 0x0000000100000000)
  region size 1024K, 118 young (120832K), 2 survivors (2048K)
 Metaspace       used 35531K, committed 35776K, reserved 1114112K
  class space    used 4586K, committed 4736K, reserved 1048576K
}
Event: 70.399 GC heap after
{Heap after GC invocations=24 (full 0):
 garbage-first heap   total 253952K, used 132616K [0x00000000c2800000, 0x0000000100000000)
  region size 1024K, 15 young (15360K), 15 survivors (15360K)
 Metaspace       used 35531K, committed 35776K, reserved 1114112K
  class space    used 4586K, committed 4736K, reserved 1048576K
}
Event: 70.530 GC heap before
{Heap before GC invocations=24 (full 0):
 garbage-first heap   total 253952K, used 173576K [0x00000000c2800000, 0x0000000100000000)
  region size 1024K, 55 young (56320K), 15 survivors (15360K)
 Metaspace       used 35691K, committed 36032K, reserved 1114112K
  class space    used 4606K, committed 4800K, reserved 1048576K
}
Event: 70.558 GC heap after
{Heap after GC invocations=25 (full 0):
 garbage-first heap   total 253952K, used 151040K [0x00000000c2800000, 0x0000000100000000)
  region size 1024K, 7 young (7168K), 7 survivors (7168K)
 Metaspace       used 35691K, committed 36032K, reserved 1114112K
  class space    used 4606K, committed 4800K, reserved 1048576K
}
Event: 70.697 GC heap before
{Heap before GC invocations=26 (full 0):
 garbage-first heap   total 260096K, used 170496K [0x00000000c2800000, 0x0000000100000000)
  region size 1024K, 32 young (32768K), 7 survivors (7168K)
 Metaspace       used 36170K, committed 36480K, reserved 1114112K
  class space    used 4645K, committed 4800K, reserved 1048576K
}
Event: 70.709 GC heap after
{Heap after GC invocations=27 (full 0):
 garbage-first heap   total 260096K, used 157184K [0x00000000c2800000, 0x0000000100000000)
  region size 1024K, 6 young (6144K), 6 survivors (6144K)
 Metaspace       used 36170K, committed 36480K, reserved 1114112K
  class space    used 4645K, committed 4800K, reserved 1048576K
}
Event: 70.842 GC heap before
{Heap before GC invocations=28 (full 0):
 garbage-first heap   total 260096K, used 164352K [0x00000000c2800000, 0x0000000100000000)
  region size 1024K, 26 young (26624K), 6 survivors (6144K)
 Metaspace       used 36215K, committed 36544K, reserved 1114112K
  class space    used 4650K, committed 4800K, reserved 1048576K
}
Event: 70.860 GC heap after
{Heap after GC invocations=29 (full 0):
 garbage-first heap   total 260096K, used 157696K [0x00000000c2800000, 0x0000000100000000)
  region size 1024K, 5 young (5120K), 5 survivors (5120K)
 Metaspace       used 36215K, committed 36544K, reserved 1114112K
  class space    used 4650K, committed 4800K, reserved 1048576K
}
Event: 71.080 GC heap before
{Heap before GC invocations=30 (full 0):
 garbage-first heap   total 281600K, used 201728K [0x00000000c2800000, 0x0000000100000000)
  region size 1024K, 38 young (38912K), 5 survivors (5120K)
 Metaspace       used 36772K, committed 37120K, reserved 1114112K
  class space    used 4706K, committed 4864K, reserved 1048576K
}
Event: 71.098 GC heap after
{Heap after GC invocations=31 (full 0):
 garbage-first heap   total 281600K, used 181100K [0x00000000c2800000, 0x0000000100000000)
  region size 1024K, 5 young (5120K), 5 survivors (5120K)
 Metaspace       used 36772K, committed 37120K, reserved 1114112K
  class space    used 4706K, committed 4864K, reserved 1048576K
}
Event: 71.132 GC heap before
{Heap before GC invocations=31 (full 0):
 garbage-first heap   total 281600K, used 196460K [0x00000000c2800000, 0x0000000100000000)
  region size 1024K, 13 young (13312K), 5 survivors (5120K)
 Metaspace       used 36773K, committed 37120K, reserved 1114112K
  class space    used 4706K, committed 4864K, reserved 1048576K
}
Event: 71.140 GC heap after
{Heap after GC invocations=32 (full 0):
 garbage-first heap   total 281600K, used 190856K [0x00000000c2800000, 0x0000000100000000)
  region size 1024K, 2 young (2048K), 2 survivors (2048K)
 Metaspace       used 36773K, committed 37120K, reserved 1114112K
  class space    used 4706K, committed 4864K, reserved 1048576K
}
Event: 71.200 GC heap before
{Heap before GC invocations=32 (full 0):
 garbage-first heap   total 281600K, used 217480K [0x00000000c2800000, 0x0000000100000000)
  region size 1024K, 29 young (29696K), 2 survivors (2048K)
 Metaspace       used 36813K, committed 37120K, reserved 1114112K
  class space    used 4710K, committed 4864K, reserved 1048576K
}
Event: 71.212 GC heap after
{Heap after GC invocations=33 (full 0):
 garbage-first heap   total 281600K, used 198572K [0x00000000c2800000, 0x0000000100000000)
  region size 1024K, 4 young (4096K), 4 survivors (4096K)
 Metaspace       used 36813K, committed 37120K, reserved 1114112K
  class space    used 4710K, committed 4864K, reserved 1048576K
}
Event: 71.293 GC heap before
{Heap before GC invocations=33 (full 0):
 garbage-first heap   total 281600K, used 227244K [0x00000000c2800000, 0x0000000100000000)
  region size 1024K, 31 young (31744K), 4 survivors (4096K)
 Metaspace       used 36813K, committed 37120K, reserved 1114112K
  class space    used 4710K, committed 4864K, reserved 1048576K
}

Dll operation events (3 events):
Event: 0.013 Loaded shared library C:\Users\elbootic.com\.jdks\jbr-17.0.8.1\bin\java.dll
Event: 0.035 Loaded shared library C:\Users\elbootic.com\.jdks\jbr-17.0.8.1\bin\jsvml.dll
Event: 69.673 Loaded shared library C:\Users\elbootic.com\.jdks\jbr-17.0.8.1\bin\verify.dll

Deoptimization events (20 events):
Event: 71.199 Thread 0x00000262469cd080 Uncommon trap: trap_request=0xffffff45 fr.pc=0x0000026239f4a75c relative=0x000000000000019c
Event: 71.199 Thread 0x00000262469cd080 Uncommon trap: reason=unstable_if action=reinterpret pc=0x0000026239f4a75c method=java.io.ObjectInputStream$HandleTable.markDependency(II)V @ 54 c2
Event: 71.199 Thread 0x00000262469cd080 DEOPT PACKING pc=0x0000026239f4a75c sp=0x000000d05cef9e50
Event: 71.199 Thread 0x00000262469cd080 DEOPT UNPACKING pc=0x00000262397b69a3 sp=0x000000d05cef9d68 mode 2
Event: 71.200 Thread 0x00000262469cd080 Uncommon trap: trap_request=0xffffff45 fr.pc=0x0000026239f85b28 relative=0x0000000000000568
Event: 71.200 Thread 0x00000262469cd080 Uncommon trap: reason=unstable_if action=reinterpret pc=0x0000026239f85b28 method=java.io.ObjectInputStream$HandleTable.markDependency(II)V @ 54 c2
Event: 71.200 Thread 0x00000262469cd080 DEOPT PACKING pc=0x0000026239f85b28 sp=0x000000d05cef9f20
Event: 71.200 Thread 0x00000262469cd080 DEOPT UNPACKING pc=0x00000262397b69a3 sp=0x000000d05cef9d70 mode 2
Event: 71.212 Thread 0x00000262469cd080 Uncommon trap: trap_request=0xffffff45 fr.pc=0x0000026239f78774 relative=0x0000000000001ff4
Event: 71.212 Thread 0x00000262469cd080 Uncommon trap: reason=unstable_if action=reinterpret pc=0x0000026239f78774 method=java.io.ObjectInputStream$HandleTable.finish(I)V @ 4 c2
Event: 71.212 Thread 0x00000262469cd080 DEOPT PACKING pc=0x0000026239f78774 sp=0x000000d05cef9d70
Event: 71.212 Thread 0x00000262469cd080 DEOPT UNPACKING pc=0x00000262397b69a3 sp=0x000000d05cef9c70 mode 2
Event: 71.213 Thread 0x00000262469cd080 Uncommon trap: trap_request=0xffffff45 fr.pc=0x0000026239f3fdac relative=0x0000000000000c6c
Event: 71.213 Thread 0x00000262469cd080 Uncommon trap: reason=unstable_if action=reinterpret pc=0x0000026239f3fdac method=java.io.ObjectInputStream$BlockDataInputStream.readUTFSpan(Ljava/lang/StringBuilder;J)J @ 88 c2
Event: 71.213 Thread 0x00000262469cd080 DEOPT PACKING pc=0x0000026239f3fdac sp=0x000000d05cef9af0
Event: 71.213 Thread 0x00000262469cd080 DEOPT UNPACKING pc=0x00000262397b69a3 sp=0x000000d05cef9ab8 mode 2
Event: 71.213 Thread 0x00000262469cd080 Uncommon trap: trap_request=0xffffff45 fr.pc=0x0000026239f3edac relative=0x00000000000002ac
Event: 71.213 Thread 0x00000262469cd080 Uncommon trap: reason=unstable_if action=reinterpret pc=0x0000026239f3edac method=java.lang.AbstractStringBuilder.appendChars([CII)V @ 43 c2
Event: 71.213 Thread 0x00000262469cd080 DEOPT PACKING pc=0x0000026239f3edac sp=0x000000d05cef9970
Event: 71.213 Thread 0x00000262469cd080 DEOPT UNPACKING pc=0x00000262397b69a3 sp=0x000000d05cef9908 mode 2

Classes unloaded (0 events):
No events

Classes redefined (0 events):
No events

Internal exceptions (20 events):
Event: 3.643 Thread 0x00000262469cd080 Exception <a 'java/io/FileNotFoundException'{0x00000000c5f7b2b0}> (0x00000000c5f7b2b0) 
thrown [s\src\hotspot\share\prims\jni.cpp, line 517]
Event: 3.757 Thread 0x00000262469cd080 Exception <a 'java/lang/NoSuchMethodError'{0x00000000c5a01228}: 'int java.lang.invoke.DirectMethodHandle$Holder.invokeSpecial(java.lang.Object, java.lang.Object, int)'> (0x00000000c5a01228) 
thrown [s\src\hotspot\share\interpreter\linkResolver.cpp, line 771]
Event: 3.994 Thread 0x00000262469cd080 Exception <a 'java/lang/NoSuchMethodError'{0x00000000c67e94f0}: 'void java.lang.invoke.DirectMethodHandle$Holder.invokeSpecial(java.lang.Object, java.lang.Object, int, int)'> (0x00000000c67e94f0) 
thrown [s\src\hotspot\share\interpreter\linkResolver.cpp, line 771]
Event: 3.995 Thread 0x00000262469cd080 Exception <a 'java/lang/NoSuchMethodError'{0x00000000c67efcd0}: 'java.lang.Object java.lang.invoke.DirectMethodHandle$Holder.newInvokeSpecial(java.lang.Object, java.lang.Object, int, int)'> (0x00000000c67efcd0) 
thrown [s\src\hotspot\share\interpreter\linkResolver.cpp, line 771]
Event: 4.007 Thread 0x00000262469cd080 Exception <a 'java/lang/NoSuchMethodError'{0x00000000c6605260}: 'java.lang.Object java.lang.invoke.DirectMethodHandle$Holder.newInvokeSpecial(java.lang.Object, java.lang.Object, int)'> (0x00000000c6605260) 
thrown [s\src\hotspot\share\interpreter\linkResolver.cpp, line 771]
Event: 4.226 Thread 0x000002624b648040 Exception <a 'java/lang/NoSuchMethodError'{0x00000000c6454e00}: 'int java.lang.invoke.DirectMethodHandle$Holder.invokeStaticInit(java.lang.Object, java.lang.Object)'> (0x00000000c6454e00) 
thrown [s\src\hotspot\share\interpreter\linkResolver.cpp, line 771]
Event: 4.517 Thread 0x000002624b648040 Exception <a 'java/lang/NoSuchMethodError'{0x00000000c67af1e8}: 'java.lang.Object java.lang.invoke.DirectMethodHandle$Holder.invokeStaticInit(java.lang.Object, int)'> (0x00000000c67af1e8) 
thrown [s\src\hotspot\share\interpreter\linkResolver.cpp, line 771]
Event: 57.421 Thread 0x00000262469cd080 Exception <a 'java/lang/NoSuchMethodError'{0x00000000c6ac1018}: 'long java.lang.invoke.DirectMethodHandle$Holder.invokeStatic(java.lang.Object, java.lang.Object, java.lang.Object)'> (0x00000000c6ac1018) 
thrown [s\src\hotspot\share\interpreter\linkResolver.cpp, line 771]
Event: 57.434 Thread 0x00000262469cd080 Exception <a 'java/lang/NoSuchMethodError'{0x00000000c6ac47c0}: 'long java.lang.invoke.DirectMethodHandle$Holder.invokeStaticInit(java.lang.Object, java.lang.Object, java.lang.Object)'> (0x00000000c6ac47c0) 
thrown [s\src\hotspot\share\interpreter\linkResolver.cpp, line 771]
Event: 57.440 Thread 0x00000262469cd080 Exception <a 'java/lang/NoSuchMethodError'{0x00000000c6adc6a0}: 'java.lang.Object java.lang.invoke.DirectMethodHandle$Holder.newInvokeSpecial(java.lang.Object, java.lang.Object, long)'> (0x00000000c6adc6a0) 
thrown [s\src\hotspot\share\interpreter\linkResolver.cpp, line 771]
Event: 57.441 Thread 0x00000262469cd080 Exception <a 'java/lang/NoSuchMethodError'{0x00000000c6ae0210}: 'java.lang.Object java.lang.invoke.Invokers$Holder.linkToTargetMethod(java.lang.Object, long, java.lang.Object)'> (0x00000000c6ae0210) 
thrown [s\src\hotspot\share\interpreter\linkResolver.cpp, line 771]
Event: 57.853 Thread 0x00000262469cd080 Exception <a 'java/lang/NoSuchMethodError'{0x00000000c6cbd860}: 'java.lang.Object java.lang.invoke.DirectMethodHandle$Holder.invokeStatic(java.lang.Object, int, java.lang.Object)'> (0x00000000c6cbd860) 
thrown [s\src\hotspot\share\interpreter\linkResolver.cpp, line 771]
Event: 57.857 Thread 0x00000262469cd080 Exception <a 'java/lang/ClassNotFoundException'{0x00000000c6ccead0}: sun/util/logging/resources/spi/loggingProvider> (0x00000000c6ccead0) 
thrown [s\src\hotspot\share\classfile\systemDictionary.cpp, line 256]
Event: 69.656 Thread 0x00000262469cd080 Exception <a 'java/lang/NoSuchMethodError'{0x00000000cfe6db58}: 'void java.lang.invoke.DirectMethodHandle$Holder.invokeStaticInit(java.lang.Object, java.lang.Object, java.lang.Object)'> (0x00000000cfe6db58) 
thrown [s\src\hotspot\share\interpreter\linkResolver.cpp, line 771]
Event: 69.693 Thread 0x00000262469cd080 Exception <a 'java/lang/NoSuchMethodError'{0x00000000cfd89398}: 'void java.lang.invoke.DirectMethodHandle$Holder.invokeInterface(java.lang.Object, java.lang.Object)'> (0x00000000cfd89398) 
thrown [s\src\hotspot\share\interpreter\linkResolver.cpp, line 771]
Event: 69.693 Thread 0x00000262469cd080 Exception <a 'java/lang/IncompatibleClassChangeError'{0x00000000cfd8c928}: Found class java.lang.Object, but interface was expected> (0x00000000cfd8c928) 
thrown [s\src\hotspot\share\interpreter\linkResolver.cpp, line 838]
Event: 69.733 Thread 0x00000262469cd080 Exception <a 'java/lang/ClassNotFoundException'{0x00000000cfc75b38}: javax/smartcardio/CardPermission> (0x00000000cfc75b38) 
thrown [s\src\hotspot\share\classfile\systemDictionary.cpp, line 256]
Event: 69.736 Thread 0x00000262469cd080 Exception <a 'java/io/FileNotFoundException'{0x00000000cfc844e0}> (0x00000000cfc844e0) 
thrown [s\src\hotspot\share\prims\jni.cpp, line 517]
Event: 69.777 Thread 0x00000262469cd080 Exception <a 'java/lang/NoSuchMethodError'{0x00000000cfb7c108}: 'org.slf4j.impl.StaticMDCBinder org.slf4j.impl.StaticMDCBinder.getSingleton()'> (0x00000000cfb7c108) 
thrown [s\src\hotspot\share\interpreter\linkResolver.cpp, line 771]
Event: 69.820 Thread 0x00000262469cd080 Exception <a 'java/lang/NoSuchMethodError'{0x00000000cf909948}: 'int java.lang.invoke.DirectMethodHandle$Holder.invokeStatic(java.lang.Object, java.lang.Object, int)'> (0x00000000cf909948) 
thrown [s\src\hotspot\share\interpreter\linkResolver.cpp, line 771]

VM Operations (20 events):
Event: 70.655 Executing VM operation: G1PauseCleanup done
Event: 70.697 Executing VM operation: G1TryInitiateConcMark
Event: 70.709 Executing VM operation: G1TryInitiateConcMark done
Event: 70.772 Executing VM operation: G1PauseRemark
Event: 70.774 Executing VM operation: G1PauseRemark done
Event: 70.823 Executing VM operation: G1PauseCleanup
Event: 70.824 Executing VM operation: G1PauseCleanup done
Event: 70.841 Executing VM operation: G1TryInitiateConcMark
Event: 70.860 Executing VM operation: G1TryInitiateConcMark done
Event: 70.951 Executing VM operation: G1PauseRemark
Event: 70.954 Executing VM operation: G1PauseRemark done
Event: 71.000 Executing VM operation: G1PauseCleanup
Event: 71.000 Executing VM operation: G1PauseCleanup done
Event: 71.080 Executing VM operation: G1CollectForAllocation
Event: 71.098 Executing VM operation: G1CollectForAllocation done
Event: 71.132 Executing VM operation: G1CollectForAllocation
Event: 71.140 Executing VM operation: G1CollectForAllocation done
Event: 71.200 Executing VM operation: G1TryInitiateConcMark
Event: 71.212 Executing VM operation: G1TryInitiateConcMark done
Event: 71.293 Executing VM operation: G1CollectForAllocation

Events (20 events):
Event: 69.851 loading class java/io/FileReader
Event: 69.852 loading class java/io/FileReader done
Event: 70.022 loading class java/io/ObjectStreamClass$ExceptionInfo
Event: 70.022 loading class java/io/ObjectStreamClass$ExceptionInfo done
Event: 70.028 loading class java/util/HashMap$UnsafeHolder
Event: 70.029 loading class java/util/HashMap$UnsafeHolder done
Event: 70.587 loading class java/text/DigitList$1
Event: 70.587 loading class java/text/DigitList$1 done
Event: 70.588 loading class java/util/Collections$SingletonSet
Event: 70.589 loading class java/util/Collections$SingletonSet done
Event: 70.593 loading class java/util/concurrent/RejectedExecutionException
Event: 70.594 loading class java/util/concurrent/RejectedExecutionException done
Event: 70.607 loading class java/io/InvalidClassException
Event: 70.607 loading class java/io/InvalidClassException done
Event: 70.612 loading class java/util/zip/CheckedInputStream
Event: 70.612 loading class java/util/zip/CheckedInputStream done
Event: 70.624 loading class java/io/FileFilter
Event: 70.625 loading class java/io/FileFilter done
Event: 70.633 loading class java/util/function/UnaryOperator
Event: 70.633 loading class java/util/function/UnaryOperator done


Dynamic libraries:
0x00007ff7738a0000 - 0x00007ff7738aa000 	C:\Users\elbootic.com\.jdks\jbr-17.0.8.1\bin\java.exe
0x00007ffaabfb0000 - 0x00007ffaac1c6000 	C:\WINDOWS\SYSTEM32\ntdll.dll
0x00007ffaab1b0000 - 0x00007ffaab274000 	C:\WINDOWS\System32\KERNEL32.DLL
0x00007ffaa95f0000 - 0x00007ffaa9996000 	C:\WINDOWS\System32\KERNELBASE.dll
0x00007ffaa9be0000 - 0x00007ffaa9cf1000 	C:\WINDOWS\System32\ucrtbase.dll
0x00007ffa99bb0000 - 0x00007ffa99bcb000 	C:\Users\elbootic.com\.jdks\jbr-17.0.8.1\bin\VCRUNTIME140.dll
0x00007ffaa1150000 - 0x00007ffaa1167000 	C:\Users\elbootic.com\.jdks\jbr-17.0.8.1\bin\jli.dll
0x00007ffaab290000 - 0x00007ffaab43d000 	C:\WINDOWS\System32\USER32.dll
0x00007ffaa9bb0000 - 0x00007ffaa9bd6000 	C:\WINDOWS\System32\win32u.dll
0x00007ffa92540000 - 0x00007ffa927d3000 	C:\WINDOWS\WinSxS\amd64_microsoft.windows.common-controls_6595b64144ccf1df_6.0.22621.3235_none_270f74e173860f98\COMCTL32.dll
0x00007ffaabdc0000 - 0x00007ffaabde9000 	C:\WINDOWS\System32\GDI32.dll
0x00007ffaabd10000 - 0x00007ffaabdb7000 	C:\WINDOWS\System32\msvcrt.dll
0x00007ffaa99a0000 - 0x00007ffaa9ab8000 	C:\WINDOWS\System32\gdi32full.dll
0x00007ffaa9550000 - 0x00007ffaa95ea000 	C:\WINDOWS\System32\msvcp_win.dll
0x00007ffaaa560000 - 0x00007ffaaa591000 	C:\WINDOWS\System32\IMM32.DLL
0x00007ffaa2e10000 - 0x00007ffaa2e1c000 	C:\Users\elbootic.com\.jdks\jbr-17.0.8.1\bin\vcruntime140_1.dll
0x00007ffa83950000 - 0x00007ffa839dd000 	C:\Users\elbootic.com\.jdks\jbr-17.0.8.1\bin\msvcp140.dll
0x00007ffa2f530000 - 0x00007ffa301b3000 	C:\Users\elbootic.com\.jdks\jbr-17.0.8.1\bin\server\jvm.dll
0x00007ffaabc50000 - 0x00007ffaabd02000 	C:\WINDOWS\System32\ADVAPI32.dll
0x00007ffaaac30000 - 0x00007ffaaacd8000 	C:\WINDOWS\System32\sechost.dll
0x00007ffaa93b0000 - 0x00007ffaa93d8000 	C:\WINDOWS\System32\bcrypt.dll
0x00007ffaaaa90000 - 0x00007ffaaaba5000 	C:\WINDOWS\System32\RPCRT4.dll
0x00007ffa914a0000 - 0x00007ffa914a9000 	C:\WINDOWS\SYSTEM32\WSOCK32.dll
0x00007ffaa3830000 - 0x00007ffaa3864000 	C:\WINDOWS\SYSTEM32\WINMM.dll
0x00007ffaabdf0000 - 0x00007ffaabe61000 	C:\WINDOWS\System32\WS2_32.dll
0x00007ffaa3290000 - 0x00007ffaa329a000 	C:\WINDOWS\SYSTEM32\VERSION.dll
0x00007ffaa8c60000 - 0x00007ffaa8cad000 	C:\WINDOWS\SYSTEM32\POWRPROF.dll
0x00007ffaa8ba0000 - 0x00007ffaa8bb3000 	C:\WINDOWS\SYSTEM32\UMPDC.dll
0x00007ffaa8330000 - 0x00007ffaa8348000 	C:\WINDOWS\SYSTEM32\kernel.appcore.dll
0x00007ffaa2e50000 - 0x00007ffaa2e5a000 	C:\Users\elbootic.com\.jdks\jbr-17.0.8.1\bin\jimage.dll
0x00007ffaa2bb0000 - 0x00007ffaa2de3000 	C:\WINDOWS\SYSTEM32\DBGHELP.DLL
0x00007ffaaace0000 - 0x00007ffaab068000 	C:\WINDOWS\System32\combase.dll
0x00007ffaaa900000 - 0x00007ffaaa9d7000 	C:\WINDOWS\System32\OLEAUT32.dll
0x00007ffaa2870000 - 0x00007ffaa28a2000 	C:\WINDOWS\SYSTEM32\dbgcore.DLL
0x00007ffaa9ac0000 - 0x00007ffaa9b3a000 	C:\WINDOWS\System32\bcryptPrimitives.dll
0x00007ffa89080000 - 0x00007ffa890a5000 	C:\Users\elbootic.com\.jdks\jbr-17.0.8.1\bin\java.dll
0x00007ffaa2e30000 - 0x00007ffaa2e48000 	C:\Users\elbootic.com\.jdks\jbr-17.0.8.1\bin\zip.dll
0x00007ffa6c630000 - 0x00007ffa6c707000 	C:\Users\elbootic.com\.jdks\jbr-17.0.8.1\bin\jsvml.dll
0x00007ffaa9d00000 - 0x00007ffaaa55d000 	C:\WINDOWS\System32\SHELL32.dll
0x00007ffaa7250000 - 0x00007ffaa7b48000 	C:\WINDOWS\SYSTEM32\windows.storage.dll
0x00007ffaa7110000 - 0x00007ffaa724e000 	C:\WINDOWS\SYSTEM32\wintypes.dll
0x00007ffaabe70000 - 0x00007ffaabf63000 	C:\WINDOWS\System32\SHCORE.dll
0x00007ffaaaa10000 - 0x00007ffaaaa6e000 	C:\WINDOWS\System32\shlwapi.dll
0x00007ffaa9220000 - 0x00007ffaa9246000 	C:\WINDOWS\SYSTEM32\profapi.dll
0x00007ffa989d0000 - 0x00007ffa989e9000 	C:\Users\elbootic.com\.jdks\jbr-17.0.8.1\bin\net.dll
0x00007ffaa3bf0000 - 0x00007ffaa3d27000 	C:\WINDOWS\SYSTEM32\WINHTTP.dll
0x00007ffaa87b0000 - 0x00007ffaa8819000 	C:\WINDOWS\system32\mswsock.dll
0x00007ffa88a80000 - 0x00007ffa88a96000 	C:\Users\elbootic.com\.jdks\jbr-17.0.8.1\bin\nio.dll
0x000002622e950000 - 0x000002622e953000 	C:\Users\elbootic.com\.openjfx\cache\21.0.2+5\amd64\api-ms-win-core-console-l1-1-0.dll
0x000002622e960000 - 0x000002622e963000 	C:\Users\elbootic.com\.openjfx\cache\21.0.2+5\amd64\api-ms-win-core-console-l1-2-0.dll
0x000002622e970000 - 0x000002622e973000 	C:\Users\elbootic.com\.openjfx\cache\21.0.2+5\amd64\api-ms-win-core-datetime-l1-1-0.dll
0x000002622e980000 - 0x000002622e983000 	C:\Users\elbootic.com\.openjfx\cache\21.0.2+5\amd64\api-ms-win-core-debug-l1-1-0.dll
0x000002622e990000 - 0x000002622e993000 	C:\Users\elbootic.com\.openjfx\cache\21.0.2+5\amd64\api-ms-win-core-errorhandling-l1-1-0.dll
0x000002622e9a0000 - 0x000002622e9a4000 	C:\Users\elbootic.com\.openjfx\cache\21.0.2+5\amd64\api-ms-win-core-file-l1-1-0.dll
0x000002622e9b0000 - 0x000002622e9b3000 	C:\Users\elbootic.com\.openjfx\cache\21.0.2+5\amd64\api-ms-win-core-file-l1-2-0.dll
0x000002622e9c0000 - 0x000002622e9c3000 	C:\Users\elbootic.com\.openjfx\cache\21.0.2+5\amd64\api-ms-win-core-file-l2-1-0.dll
0x000002622e9d0000 - 0x000002622e9d3000 	C:\Users\elbootic.com\.openjfx\cache\21.0.2+5\amd64\api-ms-win-core-handle-l1-1-0.dll
0x000002622e9e0000 - 0x000002622e9e3000 	C:\Users\elbootic.com\.openjfx\cache\21.0.2+5\amd64\api-ms-win-core-heap-l1-1-0.dll
0x000002622e9f0000 - 0x000002622e9f3000 	C:\Users\elbootic.com\.openjfx\cache\21.0.2+5\amd64\api-ms-win-core-interlocked-l1-1-0.dll
0x000002622ea00000 - 0x000002622ea03000 	C:\Users\elbootic.com\.openjfx\cache\21.0.2+5\amd64\api-ms-win-core-libraryloader-l1-1-0.dll
0x000002622ea10000 - 0x000002622ea13000 	C:\Users\elbootic.com\.openjfx\cache\21.0.2+5\amd64\api-ms-win-core-localization-l1-2-0.dll
0x0000026246ad0000 - 0x0000026246ad3000 	C:\Users\elbootic.com\.openjfx\cache\21.0.2+5\amd64\api-ms-win-core-memory-l1-1-0.dll
0x0000026246ae0000 - 0x0000026246ae3000 	C:\Users\elbootic.com\.openjfx\cache\21.0.2+5\amd64\api-ms-win-core-namedpipe-l1-1-0.dll
0x0000026246af0000 - 0x0000026246af3000 	C:\Users\elbootic.com\.openjfx\cache\21.0.2+5\amd64\api-ms-win-core-processenvironment-l1-1-0.dll
0x0000026246b00000 - 0x0000026246b03000 	C:\Users\elbootic.com\.openjfx\cache\21.0.2+5\amd64\api-ms-win-core-processthreads-l1-1-0.dll
0x0000026246b10000 - 0x0000026246b13000 	C:\Users\elbootic.com\.openjfx\cache\21.0.2+5\amd64\api-ms-win-core-processthreads-l1-1-1.dll
0x0000026246b20000 - 0x0000026246b23000 	C:\Users\elbootic.com\.openjfx\cache\21.0.2+5\amd64\api-ms-win-core-profile-l1-1-0.dll
0x0000026246b30000 - 0x0000026246b33000 	C:\Users\elbootic.com\.openjfx\cache\21.0.2+5\amd64\api-ms-win-core-rtlsupport-l1-1-0.dll
0x0000026246b40000 - 0x0000026246b43000 	C:\Users\elbootic.com\.openjfx\cache\21.0.2+5\amd64\api-ms-win-core-string-l1-1-0.dll
0x0000026246b50000 - 0x0000026246b53000 	C:\Users\elbootic.com\.openjfx\cache\21.0.2+5\amd64\api-ms-win-core-synch-l1-1-0.dll
0x0000026246b60000 - 0x0000026246b63000 	C:\Users\elbootic.com\.openjfx\cache\21.0.2+5\amd64\api-ms-win-core-synch-l1-2-0.dll
0x0000026246b70000 - 0x0000026246b73000 	C:\Users\elbootic.com\.openjfx\cache\21.0.2+5\amd64\api-ms-win-core-sysinfo-l1-1-0.dll
0x0000026246b80000 - 0x0000026246b83000 	C:\Users\elbootic.com\.openjfx\cache\21.0.2+5\amd64\api-ms-win-core-timezone-l1-1-0.dll
0x0000026246b90000 - 0x0000026246b93000 	C:\Users\elbootic.com\.openjfx\cache\21.0.2+5\amd64\api-ms-win-core-util-l1-1-0.dll
0x0000026246ba0000 - 0x0000026246ba3000 	C:\Users\elbootic.com\.openjfx\cache\21.0.2+5\amd64\api-ms-win-crt-conio-l1-1-0.dll
0x0000026246bb0000 - 0x0000026246bb4000 	C:\Users\elbootic.com\.openjfx\cache\21.0.2+5\amd64\api-ms-win-crt-convert-l1-1-0.dll
0x0000026246bc0000 - 0x0000026246bc3000 	C:\Users\elbootic.com\.openjfx\cache\21.0.2+5\amd64\api-ms-win-crt-environment-l1-1-0.dll
0x0000026246bd0000 - 0x0000026246bd3000 	C:\Users\elbootic.com\.openjfx\cache\21.0.2+5\amd64\api-ms-win-crt-filesystem-l1-1-0.dll
0x0000026246be0000 - 0x0000026246be3000 	C:\Users\elbootic.com\.openjfx\cache\21.0.2+5\amd64\api-ms-win-crt-heap-l1-1-0.dll
0x0000026246bf0000 - 0x0000026246bf3000 	C:\Users\elbootic.com\.openjfx\cache\21.0.2+5\amd64\api-ms-win-crt-locale-l1-1-0.dll
0x0000026246c00000 - 0x0000026246c05000 	C:\Users\elbootic.com\.openjfx\cache\21.0.2+5\amd64\api-ms-win-crt-math-l1-1-0.dll
0x0000026246c10000 - 0x0000026246c15000 	C:\Users\elbootic.com\.openjfx\cache\21.0.2+5\amd64\api-ms-win-crt-multibyte-l1-1-0.dll
0x0000026246c20000 - 0x0000026246c30000 	C:\Users\elbootic.com\.openjfx\cache\21.0.2+5\amd64\api-ms-win-crt-private-l1-1-0.dll
0x0000026246c30000 - 0x0000026246c33000 	C:\Users\elbootic.com\.openjfx\cache\21.0.2+5\amd64\api-ms-win-crt-process-l1-1-0.dll
0x0000026246c40000 - 0x0000026246c44000 	C:\Users\elbootic.com\.openjfx\cache\21.0.2+5\amd64\api-ms-win-crt-runtime-l1-1-0.dll
0x0000026246c50000 - 0x0000026246c54000 	C:\Users\elbootic.com\.openjfx\cache\21.0.2+5\amd64\api-ms-win-crt-stdio-l1-1-0.dll
0x0000026246c60000 - 0x0000026246c64000 	C:\Users\elbootic.com\.openjfx\cache\21.0.2+5\amd64\api-ms-win-crt-string-l1-1-0.dll
0x0000026246c70000 - 0x0000026246c73000 	C:\Users\elbootic.com\.openjfx\cache\21.0.2+5\amd64\api-ms-win-crt-time-l1-1-0.dll
0x0000026246c80000 - 0x0000026246c83000 	C:\Users\elbootic.com\.openjfx\cache\21.0.2+5\amd64\api-ms-win-crt-utility-l1-1-0.dll
0x00007ffa6c530000 - 0x00007ffa6c62c000 	C:\Users\elbootic.com\.openjfx\cache\21.0.2+5\amd64\ucrtbase.dll
0x00007ffa889c0000 - 0x00007ffa889db000 	C:\Users\elbootic.com\.openjfx\cache\21.0.2+5\amd64\vcruntime140.dll
0x00007ffaa1420000 - 0x00007ffaa142c000 	C:\Users\elbootic.com\.openjfx\cache\21.0.2+5\amd64\vcruntime140_1.dll
0x00007ffa834b0000 - 0x00007ffa8353e000 	C:\Users\elbootic.com\.openjfx\cache\21.0.2+5\amd64\msvcp140.dll
0x00007ffaa1400000 - 0x00007ffaa1409000 	C:\Users\elbootic.com\.openjfx\cache\21.0.2+5\amd64\msvcp140_1.dll
0x00007ffa82140000 - 0x00007ffa82181000 	C:\Users\elbootic.com\.openjfx\cache\21.0.2+5\amd64\msvcp140_2.dll
0x00007ffa88990000 - 0x00007ffa889c0000 	C:\Users\elbootic.com\.openjfx\cache\21.0.2+5\amd64\prism_d3d.dll
0x00007ffa804d0000 - 0x00007ffa80679000 	C:\WINDOWS\system32\d3d9.dll
0x00007ffaa6ad0000 - 0x00007ffaa6afb000 	C:\WINDOWS\SYSTEM32\dwmapi.dll
0x00007ffaa6970000 - 0x00007ffaa69a9000 	C:\WINDOWS\SYSTEM32\dxcore.dll
0x00007ffaa6870000 - 0x00007ffaa691b000 	C:\WINDOWS\system32\uxtheme.dll
0x00007ffa6c0e0000 - 0x00007ffa6c245000 	C:\WINDOWS\System32\DriverStore\FileRepository\iigd_dch.inf_amd64_4b31d9b38e2bb506\igdumdim64.dll
0x00007ffaaa5a0000 - 0x00007ffaaa73f000 	C:\WINDOWS\System32\ole32.dll
0x00007ffa1d480000 - 0x00007ffa2110b000 	C:\WINDOWS\System32\DriverStore\FileRepository\iigd_dch.inf_amd64_4b31d9b38e2bb506\igd9dxva64.dll
0x00007ffaab7d0000 - 0x00007ffaabc44000 	C:\WINDOWS\System32\SETUPAPI.dll
0x00007ffaa8fb0000 - 0x00007ffaa8ffe000 	C:\WINDOWS\SYSTEM32\cfgmgr32.dll
0x00007ffa8cd90000 - 0x00007ffa8d0c6000 	C:\WINDOWS\System32\DriverStore\FileRepository\iigd_dch.inf_amd64_4b31d9b38e2bb506\igdgmm64.dll
0x00007ffa938c0000 - 0x00007ffa9390a000 	C:\WINDOWS\SYSTEM32\directxdatabasehelper.dll
0x00007ffa6d3e0000 - 0x00007ffa6d422000 	C:\Users\elbootic.com\.openjfx\cache\21.0.2+5\amd64\glass.dll
0x00007ffaab450000 - 0x00007ffaab549000 	C:\WINDOWS\System32\COMDLG32.dll
0x00007ffaaa740000 - 0x00007ffaaa894000 	C:\WINDOWS\System32\MSCTF.dll
0x00007ffa5a990000 - 0x00007ffa5a9b7000 	C:\WINDOWS\System32\DriverStore\FileRepository\iigd_dch.inf_amd64_4b31d9b38e2bb506\igdinfo64.dll
0x00007ffaa8a80000 - 0x00007ffaa8a9b000 	C:\WINDOWS\SYSTEM32\CRYPTSP.dll
0x00007ffaa8290000 - 0x00007ffaa82c5000 	C:\WINDOWS\system32\rsaenh.dll
0x00007ffaa8a70000 - 0x00007ffaa8a7c000 	C:\WINDOWS\SYSTEM32\CRYPTBASE.dll
0x00007ffa89e40000 - 0x00007ffa8cbcf000 	C:\WINDOWS\System32\DriverStore\FileRepository\iigd_dch.inf_amd64_4b31d9b38e2bb506\igc64.dll
0x00007ffa87ee0000 - 0x00007ffa87ef4000 	C:\Users\elbootic.com\.openjfx\cache\21.0.2+5\amd64\javafx_font.dll
0x00007ffaa5270000 - 0x00007ffaa54e4000 	C:\WINDOWS\SYSTEM32\dwrite.dll
0x00007ffaa8910000 - 0x00007ffaa893c000 	C:\WINDOWS\SYSTEM32\USERENV.dll
0x00007ffaa7db0000 - 0x00007ffaa7ddd000 	C:\WINDOWS\SYSTEM32\IPHLPAPI.DLL
0x00007ffaaa9e0000 - 0x00007ffaaa9e9000 	C:\WINDOWS\System32\NSI.dll
0x00007ffaa3d70000 - 0x00007ffaa3d89000 	C:\WINDOWS\SYSTEM32\dhcpcsvc6.DLL
0x00007ffaa3af0000 - 0x00007ffaa3b0f000 	C:\WINDOWS\SYSTEM32\dhcpcsvc.DLL
0x00007ffaa7e20000 - 0x00007ffaa7f19000 	C:\WINDOWS\SYSTEM32\DNSAPI.dll
0x00007ffaa2440000 - 0x00007ffaa244a000 	C:\Windows\System32\rasadhlp.dll
0x00007ffaa3420000 - 0x00007ffaa34a3000 	C:\WINDOWS\System32\fwpuclnt.dll
0x00007ffaab070000 - 0x00007ffaab120000 	C:\WINDOWS\System32\clbcatq.dll
0x00007ffaa50c0000 - 0x00007ffaa5270000 	C:\WINDOWS\SYSTEM32\WindowsCodecs.dll
0x00007ffa7b740000 - 0x00007ffa7b79e000 	C:\WINDOWS\system32\dataexchange.dll

dbghelp: loaded successfully - version: 4.0.5 - missing functions: none
symbol engine: initialized successfully - sym options: 0x614 - pdb path: .;C:\Users\elbootic.com\.jdks\jbr-17.0.8.1\bin;C:\WINDOWS\SYSTEM32;C:\WINDOWS\WinSxS\amd64_microsoft.windows.common-controls_6595b64144ccf1df_6.0.22621.3235_none_270f74e173860f98;C:\Users\elbootic.com\.jdks\jbr-17.0.8.1\bin\server;C:\Users\elbootic.com\.openjfx\cache\21.0.2+5\amd64;C:\WINDOWS\System32\DriverStore\FileRepository\iigd_dch.inf_amd64_4b31d9b38e2bb506;C:\WINDOWS\System32\DriverStore\FileRepository\nvlt.inf_amd64_bffc2ae18ab8f148;C:\Program Files\Common Files\Microsoft Shared\Ink

VM Arguments:
jvm_args: --module-path=C:\Users\elbootic.com\.m2\repository\org\openjfx\javafx-base\21.0.2\javafx-base-21.0.2-win.jar;C:\Users\elbootic.com\.m2\repository\org\openjfx\javafx-base\21.0.2\javafx-base-21.0.2.jar;C:\Users\elbootic.com\.m2\repository\org\openjfx\javafx-controls\21.0.2\javafx-controls-21.0.2-win.jar;C:\Users\elbootic.com\.m2\repository\org\openjfx\javafx-controls\21.0.2\javafx-controls-21.0.2.jar;C:\Users\elbootic.com\.m2\repository\org\openjfx\javafx-fxml\21.0.2\javafx-fxml-21.0.2-win.jar;C:\Users\elbootic.com\.m2\repository\org\openjfx\javafx-fxml\21.0.2\javafx-fxml-21.0.2.jar;C:\Users\elbootic.com\.m2\repository\org\openjfx\javafx-graphics\21.0.2\javafx-graphics-21.0.2-win.jar;C:\Users\elbootic.com\.m2\repository\org\openjfx\javafx-graphics\21.0.2\javafx-graphics-21.0.2.jar;C:\Users\elbootic.com\.m2\repository\org\openjfx\javafx-media\21.0.2\javafx-media-21.0.2-win.jar;C:\Users\elbootic.com\.m2\repository\org\openjfx\javafx-media\21.0.2\javafx-media-21.0.2.jar;C:\Users\elbootic.com\.m2\repository\org\openjfx\javafx-web\21.0.2\javafx-web-21.0.2-win.jar;C:\Users\elbootic.com\.m2\repository\org\openjfx\javafx-web\21.0.2\javafx-web-21.0.2.jar --add-modules=javafx.base,javafx.controls,javafx.fxml,javafx.graphics,javafx.media,javafx.web 
java_command: com.esprit.tests.MainApp
java_class_path (initial): C:\Users\elbootic.com\OneDrive\Bureau\RAKCHA-main\target\classes;C:\Users\elbootic.com\.m2\repository\ch\qos\logback\logback-classic\1.2.3\logback-classic-1.2.3.jar;C:\Users\elbootic.com\.m2\repository\ch\qos\logback\logback-core\1.2.3\logback-core-1.2.3.jar;C:\Users\elbootic.com\.m2\repository\com\apple\AppleJavaExtensions\1.4\AppleJavaExtensions-1.4.jar;C:\Users\elbootic.com\.m2\repository\com\azure\azure-core\1.46.0\azure-core-1.46.0.jar;C:\Users\elbootic.com\.m2\repository\com\azure\azure-core-http-netty\1.14.0\azure-core-http-netty-1.14.0.jar;C:\Users\elbootic.com\.m2\repository\com\azure\azure-identity\1.12.0-beta.1\azure-identity-1.12.0-beta.1.jar;C:\Users\elbootic.com\.m2\repository\com\azure\azure-json\1.1.0\azure-json-1.1.0.jar;C:\Users\elbootic.com\.m2\repository\com\beust\jcommander\1.78\jcommander-1.78.jar;C:\Users\elbootic.com\.m2\repository\com\calendarfx\view\11.8.3\view-11.8.3.jar;C:\Users\elbootic.com\.m2\repository\com\fasterxml\jackson\core\jackson-annotations\2.8.7\jackson-annotations-2.8.7.jar;C:\Users\elbootic.com\.m2\repository\com\fasterxml\jackson\core\jackson-core\2.10.2\jackson-core-2.10.2.jar;C:\Users\elbootic.com\.m2\repository\com\fasterxml\jackson\core\jackson-databind\2.8.7\jackson-databind-2.8.7.jar;C:\Users\elbootic.com\.m2\repository\com\fasterxml\jackson\datatype\jackson-datatype-jsr310\2.13.3\jackson-datatype-jsr310-2.13.3.jar;C:\Users\elbootic.com\.m2\repository\com\fasterxml\jackson\jaxrs\jackson-jaxrs-base\2.12.2\jackson-jaxrs-base-2.12.2.jar;C:\Users\elbootic.com\.m2\repository\com\fasterxml\jackson\jaxrs\jackson-jaxrs-json-provider\2.12.2\jackson-jaxrs-json-provider-2.12.2.jar;C:\Users\elbootic.com\.m2\repository\com\fasterxml\jackson\module\jackson-module-jaxb-annotations\2.12.2\jackson-module-jaxb-annotations-2.12.2.jar;C:\Users\elbootic.com\.m2\repository\com\github\jai-imageio\jai-imageio-core\1.4.0\jai-imageio-core-1.4.0.jar;C:\Users\elbootic.com\.m2\repository\com\github\scribejava\scribej
Launcher Type: SUN_STANDARD

[Global flags]
     intx CICompilerCount                          = 4                                         {product} {ergonomic}
     uint ConcGCThreads                            = 2                                         {product} {ergonomic}
     uint G1ConcRefinementThreads                  = 8                                         {product} {ergonomic}
   size_t G1HeapRegionSize                         = 1048576                                   {product} {ergonomic}
    uintx GCDrainStackTargetSize                   = 64                                        {product} {ergonomic}
   size_t InitialHeapSize                          = 65011712                                  {product} {ergonomic}
   size_t MarkStackSize                            = 4194304                                   {product} {ergonomic}
   size_t MaxHeapSize                              = 1031798784                                {product} {ergonomic}
   size_t MaxNewSize                               = 618659840                                 {product} {ergonomic}
   size_t MinHeapDeltaBytes                        = 1048576                                   {product} {ergonomic}
   size_t MinHeapSize                              = 8388608                                   {product} {ergonomic}
    uintx NonNMethodCodeHeapSize                   = 5839372                                {pd product} {ergonomic}
    uintx NonProfiledCodeHeapSize                  = 122909434                              {pd product} {ergonomic}
    uintx ProfiledCodeHeapSize                     = 122909434                              {pd product} {ergonomic}
    uintx ReservedCodeCacheSize                    = 251658240                              {pd product} {ergonomic}
     bool SegmentedCodeCache                       = true                                      {product} {ergonomic}
   size_t SoftMaxHeapSize                          = 1031798784                             {manageable} {ergonomic}
     bool UseCompressedClassPointers               = true                           {product lp64_product} {ergonomic}
     bool UseCompressedOops                        = true                           {product lp64_product} {ergonomic}
     bool UseG1GC                                  = true                                      {product} {ergonomic}
     bool UseLargePagesIndividualAllocation        = false                                  {pd product} {ergonomic}

Logging:
Log output configuration:
 #0: stdout all=warning uptime,level,tags
 #1: stderr all=off uptime,level,tags

Environment Variables:
PATH=C:\Program Files (x86)\VMware\VMware Player\bin\;C:\WINDOWS\system32;C:\WINDOWS;C:\WINDOWS\System32\Wbem;C:\WINDOWS\System32\WindowsPowerShell\v1.0\;C:\WINDOWS\System32\OpenSSH\;C:\Program Files\MongoDB\Server\3.2\bin;C:\ProgramData\chocolatey\bin;C:\Program Files\nodejs\;C:\mongosh-1.6.2\bin;C:\Program Files\MongoDB\Server\6.0\bin;C:\Program Files\Git\cmd;C:\Program Files\Git\mingw64\bin;C:\Program Files\Git\usr\bin;C:\Users\elbootic.com\.jdks\jbr-17.0.8.1\bin;C:\xampp\php;C:\composer;C:\Users\elbootic.com\scoop\shims;C:\Users\elbootic.com\AppData\Local\Microsoft\WindowsApps;C:\Users\elbootic.com\AppData\Local\Programs\Microsoft VS Code\bin;C:\Users\elbootic.com\AppData\Roaming\npm;C:\mongosh-1.6.2\bin;C:\Program Files\MongoDB\Server\6.0\bin;C:\Users\elbootic.com\AppData\Roaming\Composer\vendor\bin;C:\Users\elbootic.com\AppData\Local\GitHubDesktop\bin
USERNAME=elbootic.com
OS=Windows_NT
PROCESSOR_IDENTIFIER=Intel64 Family 6 Model 142 Stepping 12, GenuineIntel
TMP=C:\Users\elbootic.com\AppData\Local\Temp
TEMP=C:\Users\elbootic.com\AppData\Local\Temp


JNI global refs:
JNI global refs: 37, weak refs: 6

JNI global refs memory usage: 843, weak refs: 841

OOME stack traces (most recent first):
Classloader memory used:
Loader jdk.internal.loader.ClassLoaders$AppClassLoader                                 : 2459K
Loader bootstrap                                                                       : 2063K
Loader jdk.internal.loader.ClassLoaders$PlatformClassLoader                            : 45777B
Loader jdk.internal.reflect.DelegatingClassLoader                                      : 34368B
Loader com.sun.javafx.reflect.MethodUtil                                               : 364B


---------------  S Y S T E M  ---------------

OS:
 Windows 11 , 64 bit Build 22621 (10.0.22621.3235)
OS uptime: 1 days 0:41 hours

CPU: total 8 (initial active 8) (4 cores per cpu, 2 threads per core) family 6 model 142 stepping 12 microcode 0xde, cx8, cmov, fxsr, ht, mmx, 3dnowpref, sse, sse2, sse3, ssse3, sse4.1, sse4.2, popcnt, lzcnt, tsc, tscinvbit, avx, avx2, aes, erms, clmul, bmi1, bmi2, adx, fma, vzeroupper, clflush, clflushopt
Processor Information for all 8 processors :
  Max Mhz: 2112, Current Mhz: 1609, Mhz Limit: 1605

Memory: 4k page, system-wide physical 3929M (198M free)
TotalPageFile size 16217M (AvailPageFile size 105M)
current process WorkingSet (physical memory assigned to process): 366M, peak: 366M
current process commit charge ("private bytes"): 581M, peak: 809M

vm_info: OpenJDK 64-Bit Server VM (17.0.8.1+7-b1059.3) for windows-amd64 JRE (17.0.8.1+7-b1059.3), built on 2023-09-11 by "builduser" with MS VC++ 16.10 / 16.11 (VS2019)

END.
