#
# There is insufficient memory for the Java Runtime Environment to continue.
# Native memory allocation (mmap) failed to map 65011712 bytes for G1 virtual space
# Possible reasons:
#   The system is out of physical RAM or swap space
#   The process is running with CompressedOops enabled, and the Java Heap may be blocking the growth of the native heap
# Possible solutions:
#   Reduce memory load on the system
#   Increase physical memory or swap space
#   Check if swap backing store is full
#   Decrease Java heap size (-Xmx/-Xms)
#   Decrease number of Java threads
#   Decrease Java thread stack sizes (-Xss)
#   Set larger code cache with -XX:ReservedCodeCacheSize=
#   JVM is running with Unscaled Compressed Oops mode in which the Java heap is
#     placed in the first 4GB address space. The Java Heap base address is the
#     maximum limit for the native heap growth. Please use -XX:HeapBaseMinAddress
#     to set the Java Heap base and to place the Java Heap above 4GB virtual address.
# This output file may be truncated or incomplete.
#
#  Out of Memory Error (os_windows.cpp:3825), pid=9484, tid=15800
#
# JRE version:  (17.0.8.1+7) (build )
# Java VM: OpenJDK 64-Bit Server VM (17.0.8.1+7-b1059.3, mixed mode, sharing, tiered, compressed oops, compressed class ptrs, g1 gc, windows-amd64)
# No core dump will be written. Minidumps are not enabled by default on client versions of Windows
#

---------------  S U M M A R Y ------------

Command Line: --module-path=C:\Users\elbootic.com\.m2\repository\org\openjfx\javafx-base\21.0.2\javafx-base-21.0.2-win.jar;C:\Users\elbootic.com\.m2\repository\org\openjfx\javafx-base\21.0.2\javafx-base-21.0.2.jar;C:\Users\elbootic.com\.m2\repository\org\openjfx\javafx-controls\21.0.2\javafx-controls-21.0.2-win.jar;C:\Users\elbootic.com\.m2\repository\org\openjfx\javafx-controls\21.0.2\javafx-controls-21.0.2.jar;C:\Users\elbootic.com\.m2\repository\org\openjfx\javafx-fxml\21.0.2\javafx-fxml-21.0.2-win.jar;C:\Users\elbootic.com\.m2\repository\org\openjfx\javafx-fxml\21.0.2\javafx-fxml-21.0.2.jar;C:\Users\elbootic.com\.m2\repository\org\openjfx\javafx-graphics\21.0.2\javafx-graphics-21.0.2-win.jar;C:\Users\elbootic.com\.m2\repository\org\openjfx\javafx-graphics\21.0.2\javafx-graphics-21.0.2.jar;C:\Users\elbootic.com\.m2\repository\org\openjfx\javafx-media\21.0.2\javafx-media-21.0.2-win.jar;C:\Users\elbootic.com\.m2\repository\org\openjfx\javafx-media\21.0.2\javafx-media-21.0.2.jar;C:\Users\elbootic.com\.m2\repository\org\openjfx\javafx-web\21.0.2\javafx-web-21.0.2-win.jar;C:\Users\elbootic.com\.m2\repository\org\openjfx\javafx-web\21.0.2\javafx-web-21.0.2.jar --add-modules=javafx.base,javafx.controls,javafx.fxml,javafx.graphics,javafx.media,javafx.web com.esprit.tests.MainApp

Host: Intel(R) Core(TM) i5-10210U CPU @ 1.60GHz, 8 cores, 3G,  Windows 11 , 64 bit Build 22621 (10.0.22621.3085)
Time: Fri Mar  8 05:15:48 2024 Paris, Madrid elapsed time: 0.118136 seconds (0d 0h 0m 0s)

---------------  T H R E A D  ---------------

Current thread (0x000001ee2df060a0):  JavaThread "Unknown thread" [_thread_in_vm, id=15800, stack(0x000000578bf00000,0x000000578c000000)]

Stack: [0x000000578bf00000,0x000000578c000000]
Native frames: (J=compiled Java code, j=interpreted, Vv=VM code, C=native code)
V  [jvm.dll+0x6852da]  os::platform_print_native_stack+0xca  (os_windows_x86.cpp:235)
V  [jvm.dll+0x844ad4]  VMError::report+0xc34  (vmError.cpp:741)
V  [jvm.dll+0x8463ee]  VMError::report_and_die+0x78e  (vmError.cpp:1582)
V  [jvm.dll+0x846a53]  VMError::report_and_die+0x43  (vmError.cpp:1368)
V  [jvm.dll+0x24b7cf]  report_vm_out_of_memory+0x8f  (debug.cpp:321)
V  [jvm.dll+0x682099]  os::pd_commit_memory_or_exit+0xc9  (os_windows.cpp:3833)
V  [jvm.dll+0x67677a]  os::commit_memory_or_exit+0x2a  (os.cpp:1750)
V  [jvm.dll+0x30be2b]  G1PageBasedVirtualSpace::commit+0x19b  (g1PageBasedVirtualSpace.cpp:204)
V  [jvm.dll+0x3132d6]  G1RegionsLargerThanCommitSizeMapper::commit_regions+0x96  (g1RegionToSpaceMapper.cpp:100)
V  [jvm.dll+0x36302e]  HeapRegionManager::expand_any+0xee  (heapRegionManager.cpp:363)
V  [jvm.dll+0x36325f]  HeapRegionManager::expand_by+0x7f  (heapRegionManager.cpp:380)
V  [jvm.dll+0x2e1f48]  G1CollectedHeap::expand+0xb8  (g1CollectedHeap.cpp:1298)
V  [jvm.dll+0x2e2eb4]  G1CollectedHeap::initialize+0x664  (g1CollectedHeap.cpp:1719)
V  [jvm.dll+0x815a61]  universe_init+0xb1  (universe.cpp:736)
V  [jvm.dll+0x370df1]  init_globals+0x31  (init.cpp:124)
V  [jvm.dll+0x7f4e2c]  Threads::create_vm+0x60c  (thread.cpp:2901)
V  [jvm.dll+0x3f3f1f]  JNI_CreateJavaVM_inner+0x8f  (jni.cpp:3635)
V  [jvm.dll+0x3f5b31]  JNI_CreateJavaVM+0x11  (jni.cpp:3727)
C  [jli.dll+0x528f]  JavaMain+0x113  (java.c:413)
C  [ucrtbase.dll+0x29363]
C  [KERNEL32.DLL+0x1257d]
C  [ntdll.dll+0x5aa58]


---------------  P R O C E S S  ---------------

Threads class SMR info:
_java_thread_list=0x00007ffc7fe200d8, length=0, elements={
}

Java Threads: ( => current thread )

Other Threads:
  0x000001ee2df43a70 GCTaskThread "GC Thread#0" [stack: 0x000000578c000000,0x000000578c100000] [id=14392]
  0x000001ee2df4c4c0 ConcurrentGCThread "G1 Main Marker" [stack: 0x000000578c100000,0x000000578c200000] [id=1472]
  0x000001ee2df4ced0 ConcurrentGCThread "G1 Conc#0" [stack: 0x000000578c200000,0x000000578c300000] [id=12124]

[error occurred during error reporting (printing all threads), id 0xc0000005, EXCEPTION_ACCESS_VIOLATION (0xc0000005) at pc=0x00007ffc7f5d2ab7]

VM state: not at safepoint (not fully initialized)

VM Mutex/Monitor currently owned by a thread:  ([mutex/lock_event])
[0x000001ee2df02370] Heap_lock - owner thread: 0x000001ee2df060a0

Heap address: 0x00000000c2800000, size: 984 MB, Compressed Oops mode: 32-bit

CDS archive(s) mapped at: [0x0000000000000000-0x0000000000000000-0x0000000000000000), size 0, SharedBaseAddress: 0x0000000800000000, ArchiveRelocationMode: 1.
Narrow klass base: 0x0000000000000000, Narrow klass shift: 0, Narrow klass range: 0x0

GC Precious Log:
<Empty>

Heap:
 garbage-first heap   total 0K, used 0K [0x00000000c2800000, 0x0000000100000000)
  region size 1024K, 0 young (0K), 0 survivors (0K)
 Metaspace       used 0K, committed 0K, reserved 0K
  class space    used 0K, committed 0K, reserved 0K

Heap Regions: E=young(eden), S=young(survivor), O=old, HS=humongous(starts), HC=humongous(continues), CS=collection set, F=free, OA=open archive, CA=closed archive, TAMS=top-at-mark-start (previous, next)

Card table byte_map: [0x000001ee40bd0000,0x000001ee40dc0000] _byte_map_base: 0x000001ee405bc000

Marking Bits (Prev, Next): (CMBitMap*) 0x000001ee2df44090, (CMBitMap*) 0x000001ee2df440d0
 Prev Bits: [0x000001ee40fb0000, 0x000001ee41f10000)
 Next Bits: [0x000001ee41f10000, 0x000001ee42e70000)

GC Heap History (0 events):
No events

Dll operation events (1 events):
Event: 0.012 Loaded shared library C:\Users\elbootic.com\.jdks\jbr-17.0.8.1\bin\java.dll

Deoptimization events (0 events):
No events

Classes unloaded (0 events):
No events

Classes redefined (0 events):
No events

Internal exceptions (0 events):
No events

VM Operations (0 events):
No events

Events (0 events):
No events


Dynamic libraries:
0x00007ff61ccb0000 - 0x00007ff61ccba000 	C:\Users\elbootic.com\.jdks\jbr-17.0.8.1\bin\java.exe
0x00007ffcc4030000 - 0x00007ffcc4247000 	C:\WINDOWS\SYSTEM32\ntdll.dll
0x00007ffcc2b70000 - 0x00007ffcc2c34000 	C:\WINDOWS\System32\KERNEL32.DLL
0x00007ffcc19d0000 - 0x00007ffcc1d76000 	C:\WINDOWS\System32\KERNELBASE.dll
0x00007ffcc1830000 - 0x00007ffcc1941000 	C:\WINDOWS\System32\ucrtbase.dll
0x00007ffca8f90000 - 0x00007ffca8fa7000 	C:\Users\elbootic.com\.jdks\jbr-17.0.8.1\bin\jli.dll
0x00007ffca8f70000 - 0x00007ffca8f8b000 	C:\Users\elbootic.com\.jdks\jbr-17.0.8.1\bin\VCRUNTIME140.dll
0x00007ffcc3040000 - 0x00007ffcc31ee000 	C:\WINDOWS\System32\USER32.dll
0x00007ffcc1430000 - 0x00007ffcc1456000 	C:\WINDOWS\System32\win32u.dll
0x00007ffcc0660000 - 0x00007ffcc08f3000 	C:\WINDOWS\WinSxS\amd64_microsoft.windows.common-controls_6595b64144ccf1df_6.0.22621.2506_none_270c5ae97388e100\COMCTL32.dll
0x00007ffcc3e90000 - 0x00007ffcc3f37000 	C:\WINDOWS\System32\msvcrt.dll
0x00007ffcc1f80000 - 0x00007ffcc1fa9000 	C:\WINDOWS\System32\GDI32.dll
0x00007ffcc1710000 - 0x00007ffcc1828000 	C:\WINDOWS\System32\gdi32full.dll
0x00007ffcc1460000 - 0x00007ffcc14fa000 	C:\WINDOWS\System32\msvcp_win.dll
0x00007ffcc2540000 - 0x00007ffcc2571000 	C:\WINDOWS\System32\IMM32.DLL
0x00007ffca91a0000 - 0x00007ffca91ac000 	C:\Users\elbootic.com\.jdks\jbr-17.0.8.1\bin\vcruntime140_1.dll
0x00007ffc8e1f0000 - 0x00007ffc8e27d000 	C:\Users\elbootic.com\.jdks\jbr-17.0.8.1\bin\msvcp140.dll
0x00007ffc7f2e0000 - 0x00007ffc7ff63000 	C:\Users\elbootic.com\.jdks\jbr-17.0.8.1\bin\server\jvm.dll
0x00007ffcc3390000 - 0x00007ffcc3443000 	C:\WINDOWS\System32\ADVAPI32.dll
0x00007ffcc3f40000 - 0x00007ffcc3fe8000 	C:\WINDOWS\System32\sechost.dll
0x00007ffcc1670000 - 0x00007ffcc1698000 	C:\WINDOWS\System32\bcrypt.dll
0x00007ffcc31f0000 - 0x00007ffcc3307000 	C:\WINDOWS\System32\RPCRT4.dll
0x00007ffca4450000 - 0x00007ffca4459000 	C:\WINDOWS\SYSTEM32\WSOCK32.dll
0x00007ffcc1240000 - 0x00007ffcc128d000 	C:\WINDOWS\SYSTEM32\POWRPROF.dll
0x00007ffcc2fb0000 - 0x00007ffcc3021000 	C:\WINDOWS\System32\WS2_32.dll
0x00007ffcba190000 - 0x00007ffcba1c4000 	C:\WINDOWS\SYSTEM32\WINMM.dll
0x00007ffcb9dd0000 - 0x00007ffcb9dda000 	C:\WINDOWS\SYSTEM32\VERSION.dll
0x00007ffcc1220000 - 0x00007ffcc1233000 	C:\WINDOWS\SYSTEM32\UMPDC.dll
0x00007ffcbfaf0000 - 0x00007ffcbfb08000 	C:\WINDOWS\SYSTEM32\kernel.appcore.dll
0x00007ffca8cd0000 - 0x00007ffca8cda000 	C:\Users\elbootic.com\.jdks\jbr-17.0.8.1\bin\jimage.dll
0x00007ffcc0bf0000 - 0x00007ffcc0e23000 	C:\WINDOWS\SYSTEM32\DBGHELP.DLL
0x00007ffcc21a0000 - 0x00007ffcc2529000 	C:\WINDOWS\System32\combase.dll
0x00007ffcc3450000 - 0x00007ffcc3527000 	C:\WINDOWS\System32\OLEAUT32.dll
0x00007ffcc0ae0000 - 0x00007ffcc0b12000 	C:\WINDOWS\SYSTEM32\dbgcore.DLL
0x00007ffcc1950000 - 0x00007ffcc19ca000 	C:\WINDOWS\System32\bcryptPrimitives.dll
0x00007ffca8ab0000 - 0x00007ffca8ad5000 	C:\Users\elbootic.com\.jdks\jbr-17.0.8.1\bin\java.dll

dbghelp: loaded successfully - version: 4.0.5 - missing functions: none
symbol engine: initialized successfully - sym options: 0x614 - pdb path: .;C:\Users\elbootic.com\.jdks\jbr-17.0.8.1\bin;C:\WINDOWS\SYSTEM32;C:\WINDOWS\WinSxS\amd64_microsoft.windows.common-controls_6595b64144ccf1df_6.0.22621.2506_none_270c5ae97388e100;C:\Users\elbootic.com\.jdks\jbr-17.0.8.1\bin\server

VM Arguments:
jvm_args: --module-path=C:\Users\elbootic.com\.m2\repository\org\openjfx\javafx-base\21.0.2\javafx-base-21.0.2-win.jar;C:\Users\elbootic.com\.m2\repository\org\openjfx\javafx-base\21.0.2\javafx-base-21.0.2.jar;C:\Users\elbootic.com\.m2\repository\org\openjfx\javafx-controls\21.0.2\javafx-controls-21.0.2-win.jar;C:\Users\elbootic.com\.m2\repository\org\openjfx\javafx-controls\21.0.2\javafx-controls-21.0.2.jar;C:\Users\elbootic.com\.m2\repository\org\openjfx\javafx-fxml\21.0.2\javafx-fxml-21.0.2-win.jar;C:\Users\elbootic.com\.m2\repository\org\openjfx\javafx-fxml\21.0.2\javafx-fxml-21.0.2.jar;C:\Users\elbootic.com\.m2\repository\org\openjfx\javafx-graphics\21.0.2\javafx-graphics-21.0.2-win.jar;C:\Users\elbootic.com\.m2\repository\org\openjfx\javafx-graphics\21.0.2\javafx-graphics-21.0.2.jar;C:\Users\elbootic.com\.m2\repository\org\openjfx\javafx-media\21.0.2\javafx-media-21.0.2-win.jar;C:\Users\elbootic.com\.m2\repository\org\openjfx\javafx-media\21.0.2\javafx-media-21.0.2.jar;C:\Users\elbootic.com\.m2\repository\org\openjfx\javafx-web\21.0.2\javafx-web-21.0.2-win.jar;C:\Users\elbootic.com\.m2\repository\org\openjfx\javafx-web\21.0.2\javafx-web-21.0.2.jar --add-modules=javafx.base,javafx.controls,javafx.fxml,javafx.graphics,javafx.media,javafx.web 
java_command: com.esprit.tests.MainApp
java_class_path (initial): C:\Users\elbootic.com\OneDrive\Bureau\rakcha\RAKCHA\target\classes;C:\Users\elbootic.com\.m2\repository\ch\qos\logback\logback-classic\1.4.14\logback-classic-1.4.14.jar;C:\Users\elbootic.com\.m2\repository\ch\qos\logback\logback-core\1.4.14\logback-core-1.4.14.jar;C:\Users\elbootic.com\.m2\repository\com\azure\azure-core\1.46.0\azure-core-1.46.0.jar;C:\Users\elbootic.com\.m2\repository\com\azure\azure-core-http-netty\1.14.0\azure-core-http-netty-1.14.0.jar;C:\Users\elbootic.com\.m2\repository\com\azure\azure-identity\1.12.0-beta.1\azure-identity-1.12.0-beta.1.jar;C:\Users\elbootic.com\.m2\repository\com\azure\azure-json\1.1.0\azure-json-1.1.0.jar;C:\Users\elbootic.com\.m2\repository\com\fasterxml\jackson\core\jackson-annotations\2.8.7\jackson-annotations-2.8.7.jar;C:\Users\elbootic.com\.m2\repository\com\fasterxml\jackson\core\jackson-core\2.10.2\jackson-core-2.10.2.jar;C:\Users\elbootic.com\.m2\repository\com\fasterxml\jackson\core\jackson-databind\2.8.7\jackson-databind-2.8.7.jar;C:\Users\elbootic.com\.m2\repository\com\fasterxml\jackson\datatype\jackson-datatype-jsr310\2.13.3\jackson-datatype-jsr310-2.13.3.jar;C:\Users\elbootic.com\.m2\repository\com\fasterxml\jackson\jaxrs\jackson-jaxrs-base\2.12.2\jackson-jaxrs-base-2.12.2.jar;C:\Users\elbootic.com\.m2\repository\com\fasterxml\jackson\jaxrs\jackson-jaxrs-json-provider\2.12.2\jackson-jaxrs-json-provider-2.12.2.jar;C:\Users\elbootic.com\.m2\repository\com\fasterxml\jackson\module\jackson-module-jaxb-annotations\2.12.2\jackson-module-jaxb-annotations-2.12.2.jar;C:\Users\elbootic.com\.m2\repository\com\github\scribejava\scribejava-apis\8.3.3\scribejava-apis-8.3.3.jar;C:\Users\elbootic.com\.m2\repository\com\github\scribejava\scribejava-core\8.3.3\scribejava-core-8.3.3.jar;C:\Users\elbootic.com\.m2\repository\com\github\scribejava\scribejava-java8\8.3.3\scribejava-java8-8.3.3.jar;C:\Users\elbootic.com\.m2\repository\com\github\stephenc\jcip\jcip-annotations\1.0-1\jcip-annotations-1.0-1.j
Launcher Type: SUN_STANDARD

[Global flags]
     intx CICompilerCount                          = 4                                         {product} {ergonomic}
     uint ConcGCThreads                            = 2                                         {product} {ergonomic}
     uint G1ConcRefinementThreads                  = 8                                         {product} {ergonomic}
   size_t G1HeapRegionSize                         = 1048576                                   {product} {ergonomic}
    uintx GCDrainStackTargetSize                   = 64                                        {product} {ergonomic}
   size_t InitialHeapSize                          = 65011712                                  {product} {ergonomic}
   size_t MarkStackSize                            = 4194304                                   {product} {ergonomic}
   size_t MaxHeapSize                              = 1031798784                                {product} {ergonomic}
   size_t MinHeapDeltaBytes                        = 1048576                                   {product} {ergonomic}
   size_t MinHeapSize                              = 8388608                                   {product} {ergonomic}
    uintx NonNMethodCodeHeapSize                   = 5839372                                {pd product} {ergonomic}
    uintx NonProfiledCodeHeapSize                  = 122909434                              {pd product} {ergonomic}
    uintx ProfiledCodeHeapSize                     = 122909434                              {pd product} {ergonomic}
    uintx ReservedCodeCacheSize                    = 251658240                              {pd product} {ergonomic}
     bool SegmentedCodeCache                       = true                                      {product} {ergonomic}
   size_t SoftMaxHeapSize                          = 1031798784                             {manageable} {ergonomic}
     bool UseCompressedClassPointers               = true                           {product lp64_product} {ergonomic}
     bool UseCompressedOops                        = true                           {product lp64_product} {ergonomic}
     bool UseG1GC                                  = true                                      {product} {ergonomic}
     bool UseLargePagesIndividualAllocation        = false                                  {pd product} {ergonomic}

Logging:
Log output configuration:
 #0: stdout all=warning uptime,level,tags
 #1: stderr all=off uptime,level,tags

Environment Variables:
PATH=C:\Program Files (x86)\VMware\VMware Player\bin\;C:\WINDOWS\system32;C:\WINDOWS;C:\WINDOWS\System32\Wbem;C:\WINDOWS\System32\WindowsPowerShell\v1.0\;C:\WINDOWS\System32\OpenSSH\;C:\Program Files\MongoDB\Server\3.2\bin;C:\ProgramData\chocolatey\bin;C:\Program Files\nodejs\;C:\mongosh-1.6.2\bin;C:\Program Files\MongoDB\Server\6.0\bin;C:\Program Files\Git\cmd;C:\Program Files\Git\mingw64\bin;C:\Program Files\Git\usr\bin;C:\Users\elbootic.com\.jdks\jbr-17.0.8.1\bin;C:\xampp\php;C:\composer;C:\Users\elbootic.com\scoop\shims;C:\Users\elbootic.com\AppData\Local\Microsoft\WindowsApps;C:\Users\elbootic.com\AppData\Local\Programs\Microsoft VS Code\bin;C:\Users\elbootic.com\AppData\Roaming\npm;C:\mongosh-1.6.2\bin;C:\Program Files\MongoDB\Server\6.0\bin;C:\Users\elbootic.com\AppData\Roaming\Composer\vendor\bin;C:\Users\elbootic.com\AppData\Local\GitHubDesktop\bin
USERNAME=elbootic.com
OS=Windows_NT
PROCESSOR_IDENTIFIER=Intel64 Family 6 Model 142 Stepping 12, GenuineIntel
TMP=C:\Users\elbootic.com\AppData\Local\Temp
TEMP=C:\Users\elbootic.com\AppData\Local\Temp


JNI global refs:
JNI global refs: 0, weak refs: 0

JNI global refs memory usage: 0, weak refs: 0

OOME stack traces (most recent first):
Classloader memory used:


---------------  S Y S T E M  ---------------

OS:
 Windows 11 , 64 bit Build 22621 (10.0.22621.3085)
OS uptime: 1 days 5:29 hours

CPU: total 8 (initial active 8) (4 cores per cpu, 2 threads per core) family 6 model 142 stepping 12 microcode 0xde, cx8, cmov, fxsr, ht, mmx, 3dnowpref, sse, sse2, sse3, ssse3, sse4.1, sse4.2, popcnt, lzcnt, tsc, tscinvbit, avx, avx2, aes, erms, clmul, bmi1, bmi2, adx, fma, vzeroupper, clflush, clflushopt
Processor Information for all 8 processors :
  Max Mhz: 2112, Current Mhz: 1609, Mhz Limit: 1605

Memory: 4k page, system-wide physical 3929M (450M free)
TotalPageFile size 16217M (AvailPageFile size 27M)
current process WorkingSet (physical memory assigned to process): 44M, peak: 44M
current process commit charge ("private bytes"): 93M, peak: 122M

vm_info: OpenJDK 64-Bit Server VM (17.0.8.1+7-b1059.3) for windows-amd64 JRE (17.0.8.1+7-b1059.3), built on 2023-09-11 by "builduser" with MS VC++ 16.10 / 16.11 (VS2019)

END.
