#
# There is insufficient memory for the Java Runtime Environment to continue.
# Native memory allocation (malloc) failed to allocate 70416 bytes for Chunk::new
# Possible reasons:
#   The system is out of physical RAM or swap space
#   The process is running with CompressedOops enabled, and the Java Heap may be blocking the growth of the native heap
# Possible solutions:
#   Reduce memory load on the system
#   Increase physical memory or swap space
#   Check if swap backing store is full
#   Decrease Java heap size (-Xmx/-Xms)
#   Decrease number of Java threads
#   Decrease Java thread stack sizes (-Xss)
#   Set larger code cache with -XX:ReservedCodeCacheSize=
#   JVM is running with Unscaled Compressed Oops mode in which the Java heap is
#     placed in the first 4GB address space. The Java Heap base address is the
#     maximum limit for the native heap growth. Please use -XX:HeapBaseMinAddress
#     to set the Java Heap base and to place the Java Heap above 4GB virtual address.
# This output file may be truncated or incomplete.
#
#  Out of Memory Error (arena.cpp:189), pid=2792, tid=1448
#
# JRE version: OpenJDK Runtime Environment JBR-17.0.8.1+7-1059.3-nomod (17.0.8.1+7) (build 17.0.8.1+7-b1059.3)
# Java VM: OpenJDK 64-Bit Server VM JBR-17.0.8.1+7-1059.3-nomod (17.0.8.1+7-b1059.3, mixed mode, tiered, compressed oops, compressed class ptrs, g1 gc, windows-amd64)
# No core dump will be written. Minidumps are not enabled by default on client versions of Windows
#

---------------  S U M M A R Y ------------

Command Line: --module-path=C:\Users\elbootic.com\.m2\repository\org\openjfx\javafx-base\21.0.2\javafx-base-21.0.2-win.jar;C:\Users\elbootic.com\.m2\repository\org\openjfx\javafx-base\21.0.2\javafx-base-21.0.2.jar;C:\Users\elbootic.com\.m2\repository\org\openjfx\javafx-controls\21.0.2\javafx-controls-21.0.2-win.jar;C:\Users\elbootic.com\.m2\repository\org\openjfx\javafx-controls\21.0.2\javafx-controls-21.0.2.jar;C:\Users\elbootic.com\.m2\repository\org\openjfx\javafx-fxml\21.0.2\javafx-fxml-21.0.2-win.jar;C:\Users\elbootic.com\.m2\repository\org\openjfx\javafx-fxml\21.0.2\javafx-fxml-21.0.2.jar;C:\Users\elbootic.com\.m2\repository\org\openjfx\javafx-graphics\21.0.2\javafx-graphics-21.0.2-win.jar;C:\Users\elbootic.com\.m2\repository\org\openjfx\javafx-graphics\21.0.2\javafx-graphics-21.0.2.jar;C:\Users\elbootic.com\.m2\repository\org\openjfx\javafx-media\21.0.2\javafx-media-21.0.2-win.jar;C:\Users\elbootic.com\.m2\repository\org\openjfx\javafx-media\21.0.2\javafx-media-21.0.2.jar;C:\Users\elbootic.com\.m2\repository\org\openjfx\javafx-web\21.0.2\javafx-web-21.0.2-win.jar;C:\Users\elbootic.com\.m2\repository\org\openjfx\javafx-web\21.0.2\javafx-web-21.0.2.jar --add-modules=javafx.base,javafx.controls,javafx.fxml,javafx.graphics,javafx.media,javafx.web com.esprit.tests.MainApp

Host: Intel(R) Core(TM) i5-10210U CPU @ 1.60GHz, 8 cores, 3G,  Windows 11 , 64 bit Build 22621 (10.0.22621.3235)
Time: Thu Mar 14 11:34:02 2024 Paris, Madrid elapsed time: 3.282291 seconds (0d 0h 0m 3s)

---------------  T H R E A D  ---------------

Current thread (0x000002c1a4b9d3f0):  JavaThread "C2 CompilerThread0" daemon [_thread_in_native, id=1448, stack(0x000000f990d00000,0x000000f990e00000)]


Current CompileTask:
C2:   3282 1214       4       jdk.internal.org.objectweb.asm.Symbol::<init> (38 bytes)

Stack: [0x000000f990d00000,0x000000f990e00000]
Native frames: (J=compiled Java code, j=interpreted, Vv=VM code, C=native code)
V  [jvm.dll+0x6852da]  os::platform_print_native_stack+0xca  (os_windows_x86.cpp:235)
V  [jvm.dll+0x844ad4]  VMError::report+0xc34  (vmError.cpp:741)
V  [jvm.dll+0x8463ee]  VMError::report_and_die+0x78e  (vmError.cpp:1582)
V  [jvm.dll+0x846a53]  VMError::report_and_die+0x43  (vmError.cpp:1368)
V  [jvm.dll+0x24b7cf]  report_vm_out_of_memory+0x8f  (debug.cpp:321)
V  [jvm.dll+0xac3bc]  Chunk::operator new+0xcc  (arena.cpp:189)
V  [jvm.dll+0xac98c]  Arena::grow+0x3c  (arena.cpp:350)
V  [jvm.dll+0x36af42]  PhaseIFG::init+0xa2  (ifg.cpp:50)
V  [jvm.dll+0x3352b1]  PhaseCFG::global_code_motion+0x441  (gcm.cpp:1555)
V  [jvm.dll+0x33475a]  PhaseCFG::do_global_code_motion+0x3a  (gcm.cpp:1622)
V  [jvm.dll+0x21d7f1]  Compile::Code_Gen+0x261  (compile.cpp:2727)
V  [jvm.dll+0x21cc11]  Compile::Compile+0xe51  (compile.cpp:836)
V  [jvm.dll+0x1a660d]  C2Compiler::compile_method+0xad  (c2compiler.cpp:110)
V  [jvm.dll+0x22c9c8]  CompileBroker::invoke_compiler_on_method+0x878  (compileBroker.cpp:2372)
V  [jvm.dll+0x22a990]  CompileBroker::compiler_thread_loop+0x2d0  (compileBroker.cpp:2030)
V  [jvm.dll+0x7f9b8c]  JavaThread::run+0x13c  (thread.cpp:1296)
V  [jvm.dll+0x7f3faa]  Thread::call_run+0x8a  (thread.cpp:404)
V  [jvm.dll+0x684165]  thread_native_entry+0x75  (os_windows.cpp:550)
C  [ucrtbase.dll+0x29363]
C  [KERNEL32.DLL+0x1257d]
C  [ntdll.dll+0x5aa58]


---------------  P R O C E S S  ---------------

Threads class SMR info:
_java_thread_list=0x000002c1a9bf8240, length=17, elements={
0x000002c18b247190, 0x000002c1a4b66a50, 0x000002c1a4b677e0, 0x000002c1a4b9a570,
0x000002c1a4b9b040, 0x000002c1a4b9b910, 0x000002c1a4b9c1e0, 0x000002c1a4b9d3f0,
0x000002c1a901e820, 0x000002c1a9024e20, 0x000002c1a913e420, 0x000002c1a934aa10,
0x000002c1a9528b30, 0x000002c1a9993740, 0x000002c1a99f3f60, 0x000002c1ae371ca0,
0x000002c1ae372180
}

Java Threads: ( => current thread )
  0x000002c18b247190 JavaThread "main" [_thread_blocked, id=14424, stack(0x000000f990000000,0x000000f990100000)]
  0x000002c1a4b66a50 JavaThread "Reference Handler" daemon [_thread_blocked, id=16236, stack(0x000000f990700000,0x000000f990800000)]
  0x000002c1a4b677e0 JavaThread "Finalizer" daemon [_thread_blocked, id=11600, stack(0x000000f990800000,0x000000f990900000)]
  0x000002c1a4b9a570 JavaThread "Signal Dispatcher" daemon [_thread_blocked, id=16364, stack(0x000000f990900000,0x000000f990a00000)]
  0x000002c1a4b9b040 JavaThread "Attach Listener" daemon [_thread_blocked, id=5972, stack(0x000000f990a00000,0x000000f990b00000)]
  0x000002c1a4b9b910 JavaThread "Service Thread" daemon [_thread_blocked, id=12052, stack(0x000000f990b00000,0x000000f990c00000)]
  0x000002c1a4b9c1e0 JavaThread "Monitor Deflation Thread" daemon [_thread_blocked, id=10992, stack(0x000000f990c00000,0x000000f990d00000)]
=>0x000002c1a4b9d3f0 JavaThread "C2 CompilerThread0" daemon [_thread_in_native, id=1448, stack(0x000000f990d00000,0x000000f990e00000)]
  0x000002c1a901e820 JavaThread "C1 CompilerThread0" daemon [_thread_blocked, id=20216, stack(0x000000f990e00000,0x000000f990f00000)]
  0x000002c1a9024e20 JavaThread "Sweeper thread" daemon [_thread_blocked, id=6096, stack(0x000000f990f00000,0x000000f991000000)]
  0x000002c1a913e420 JavaThread "Common-Cleaner" daemon [_thread_blocked, id=9036, stack(0x000000f991000000,0x000000f991100000)]
  0x000002c1a934aa10 JavaThread "Notification Thread" daemon [_thread_blocked, id=1536, stack(0x000000f991100000,0x000000f991200000)]
  0x000002c1a9528b30 JavaThread "QuantumRenderer-0" daemon [_thread_blocked, id=17940, stack(0x000000f991300000,0x000000f991400000)]
  0x000002c1a9993740 JavaThread "InvokeLaterDispatcher" daemon [_thread_blocked, id=11760, stack(0x000000f991500000,0x000000f991600000)]
  0x000002c1a99f3f60 JavaThread "JavaFX Application Thread" [_thread_in_Java, id=9396, stack(0x000000f991600000,0x000000f991700000)]
  0x000002c1ae371ca0 JavaThread "JavaFX-Launcher" [_thread_blocked, id=15096, stack(0x000000f991b00000,0x000000f991c00000)]
  0x000002c1ae372180 JavaThread "Thread-2" daemon [_thread_in_native, id=15936, stack(0x000000f991a00000,0x000000f991b00000)]

Other Threads:
  0x000002c1a4b63e20 VMThread "VM Thread" [stack: 0x000000f990600000,0x000000f990700000] [id=6752]
  0x000002c1a934dfa0 WatcherThread [stack: 0x000000f991200000,0x000000f991300000] [id=20040]
  0x000002c18b284460 GCTaskThread "GC Thread#0" [stack: 0x000000f990100000,0x000000f990200000] [id=11048]
  0x000002c1a9be5b30 GCTaskThread "GC Thread#1" [stack: 0x000000f991c00000,0x000000f991d00000] [id=20240]
  0x000002c1a9bdb960 GCTaskThread "GC Thread#2" [stack: 0x000000f991d00000,0x000000f991e00000] [id=16508]
  0x000002c1a9bd8230 GCTaskThread "GC Thread#3" [stack: 0x000000f991e00000,0x000000f991f00000] [id=17872]
  0x000002c1a9bc5ff0 GCTaskThread "GC Thread#4" [stack: 0x000000f991f00000,0x000000f992000000] [id=15280]
  0x000002c1ae3b7610 GCTaskThread "GC Thread#5" [stack: 0x000000f992000000,0x000000f992100000] [id=12300]
  0x000002c18b28cdc0 ConcurrentGCThread "G1 Main Marker" [stack: 0x000000f990200000,0x000000f990300000] [id=19384]
  0x000002c18b28d6e0 ConcurrentGCThread "G1 Conc#0" [stack: 0x000000f990300000,0x000000f990400000] [id=1060]
  0x000002c18b2cec40 ConcurrentGCThread "G1 Refine#0" [stack: 0x000000f990400000,0x000000f990500000] [id=10488]
  0x000002c1a49c2b00 ConcurrentGCThread "G1 Service" [stack: 0x000000f990500000,0x000000f990600000] [id=14016]

Threads with active compile tasks:
C2 CompilerThread0     3760 1214       4       jdk.internal.org.objectweb.asm.Symbol::<init> (38 bytes)

VM state: not at safepoint (normal execution)

VM Mutex/Monitor currently owned by a thread: None

Heap address: 0x00000000c2800000, size: 984 MB, Compressed Oops mode: 32-bit

CDS archive(s) not mapped
Compressed class space mapped at: 0x0000000100000000-0x0000000140000000, reserved size: 1073741824
Narrow klass base: 0x0000000000000000, Narrow klass shift: 3, Narrow klass range: 0x140000000

GC Precious Log:
 CPUs: 8 total, 8 available
 Memory: 3929M
 Large Page Support: Disabled
 NUMA Support: Disabled
 Compressed Oops: Enabled (32-bit)
 Heap Region Size: 1M
 Heap Min Capacity: 8M
 Heap Initial Capacity: 62M
 Heap Max Capacity: 984M
 Pre-touch: Disabled
 Parallel Workers: 8
 Concurrent Workers: 2
 Concurrent Refinement Workers: 8
 Periodic GC: Disabled

Heap:
 garbage-first heap   total 63488K, used 37656K [0x00000000c2800000, 0x0000000100000000)
  region size 1024K, 28 young (28672K), 3 survivors (3072K)
 Metaspace       used 16859K, committed 17088K, reserved 1114112K
  class space    used 1895K, committed 1984K, reserved 1048576K

Heap Regions: E=young(eden), S=young(survivor), O=old, HS=humongous(starts), HC=humongous(continues), CS=collection set, F=free, OA=open archive, CA=closed archive, TAMS=top-at-mark-start (previous, next)
|   0|0x00000000c2800000, 0x00000000c28c6000, 0x00000000c2900000| 77%| O|  |TAMS 0x00000000c2800000, 0x00000000c2800000| Untracked 
|   1|0x00000000c2900000, 0x00000000c2a00000, 0x00000000c2a00000|100%|HS|  |TAMS 0x00000000c2900000, 0x00000000c2900000| Complete 
|   2|0x00000000c2a00000, 0x00000000c2b00000, 0x00000000c2b00000|100%|HC|  |TAMS 0x00000000c2a00000, 0x00000000c2a00000| Complete 
|   3|0x00000000c2b00000, 0x00000000c2c00000, 0x00000000c2c00000|100%|HC|  |TAMS 0x00000000c2b00000, 0x00000000c2b00000| Complete 
|   4|0x00000000c2c00000, 0x00000000c2d00000, 0x00000000c2d00000|100%|HC|  |TAMS 0x00000000c2c00000, 0x00000000c2c00000| Complete 
|   5|0x00000000c2d00000, 0x00000000c2e00000, 0x00000000c2e00000|100%|HC|  |TAMS 0x00000000c2d00000, 0x00000000c2d00000| Complete 
|   6|0x00000000c2e00000, 0x00000000c2f00000, 0x00000000c2f00000|100%|HC|  |TAMS 0x00000000c2e00000, 0x00000000c2e00000| Complete 
|   7|0x00000000c2f00000, 0x00000000c3000000, 0x00000000c3000000|100%|HS|  |TAMS 0x00000000c2f00000, 0x00000000c2f00000| Complete 
|   8|0x00000000c3000000, 0x00000000c3100000, 0x00000000c3100000|100%|HS|  |TAMS 0x00000000c3000000, 0x00000000c3000000| Complete 
|   9|0x00000000c3100000, 0x00000000c3200000, 0x00000000c3200000|100%|HS|  |TAMS 0x00000000c3100000, 0x00000000c3100000| Complete 
|  10|0x00000000c3200000, 0x00000000c3300000, 0x00000000c3300000|100%|HS|  |TAMS 0x00000000c3200000, 0x00000000c3200000| Complete 
|  11|0x00000000c3300000, 0x00000000c3300000, 0x00000000c3400000|  0%| F|  |TAMS 0x00000000c3300000, 0x00000000c3300000| Untracked 
|  12|0x00000000c3400000, 0x00000000c3400000, 0x00000000c3500000|  0%| F|  |TAMS 0x00000000c3400000, 0x00000000c3400000| Untracked 
|  13|0x00000000c3500000, 0x00000000c3500000, 0x00000000c3600000|  0%| F|  |TAMS 0x00000000c3500000, 0x00000000c3500000| Untracked 
|  14|0x00000000c3600000, 0x00000000c3600000, 0x00000000c3700000|  0%| F|  |TAMS 0x00000000c3600000, 0x00000000c3600000| Untracked 
|  15|0x00000000c3700000, 0x00000000c3700000, 0x00000000c3800000|  0%| F|  |TAMS 0x00000000c3700000, 0x00000000c3700000| Untracked 
|  16|0x00000000c3800000, 0x00000000c3800000, 0x00000000c3900000|  0%| F|  |TAMS 0x00000000c3800000, 0x00000000c3800000| Untracked 
|  17|0x00000000c3900000, 0x00000000c3900000, 0x00000000c3a00000|  0%| F|  |TAMS 0x00000000c3900000, 0x00000000c3900000| Untracked 
|  18|0x00000000c3a00000, 0x00000000c3a00000, 0x00000000c3b00000|  0%| F|  |TAMS 0x00000000c3a00000, 0x00000000c3a00000| Untracked 
|  19|0x00000000c3b00000, 0x00000000c3b00000, 0x00000000c3c00000|  0%| F|  |TAMS 0x00000000c3b00000, 0x00000000c3b00000| Untracked 
|  20|0x00000000c3c00000, 0x00000000c3c00000, 0x00000000c3d00000|  0%| F|  |TAMS 0x00000000c3c00000, 0x00000000c3c00000| Untracked 
|  21|0x00000000c3d00000, 0x00000000c3d00000, 0x00000000c3e00000|  0%| F|  |TAMS 0x00000000c3d00000, 0x00000000c3d00000| Untracked 
|  22|0x00000000c3e00000, 0x00000000c3e00000, 0x00000000c3f00000|  0%| F|  |TAMS 0x00000000c3e00000, 0x00000000c3e00000| Untracked 
|  23|0x00000000c3f00000, 0x00000000c3f00000, 0x00000000c4000000|  0%| F|  |TAMS 0x00000000c3f00000, 0x00000000c3f00000| Untracked 
|  24|0x00000000c4000000, 0x00000000c4000000, 0x00000000c4100000|  0%| F|  |TAMS 0x00000000c4000000, 0x00000000c4000000| Untracked 
|  25|0x00000000c4100000, 0x00000000c4100000, 0x00000000c4200000|  0%| F|  |TAMS 0x00000000c4100000, 0x00000000c4100000| Untracked 
|  26|0x00000000c4200000, 0x00000000c4200000, 0x00000000c4300000|  0%| F|  |TAMS 0x00000000c4200000, 0x00000000c4200000| Untracked 
|  27|0x00000000c4300000, 0x00000000c4300000, 0x00000000c4400000|  0%| F|  |TAMS 0x00000000c4300000, 0x00000000c4300000| Untracked 
|  28|0x00000000c4400000, 0x00000000c4400000, 0x00000000c4500000|  0%| F|  |TAMS 0x00000000c4400000, 0x00000000c4400000| Untracked 
|  29|0x00000000c4500000, 0x00000000c4500000, 0x00000000c4600000|  0%| F|  |TAMS 0x00000000c4500000, 0x00000000c4500000| Untracked 
|  30|0x00000000c4600000, 0x00000000c4600000, 0x00000000c4700000|  0%| F|  |TAMS 0x00000000c4600000, 0x00000000c4600000| Untracked 
|  31|0x00000000c4700000, 0x00000000c4700000, 0x00000000c4800000|  0%| F|  |TAMS 0x00000000c4700000, 0x00000000c4700000| Untracked 
|  32|0x00000000c4800000, 0x00000000c4800000, 0x00000000c4900000|  0%| F|  |TAMS 0x00000000c4800000, 0x00000000c4800000| Untracked 
|  33|0x00000000c4900000, 0x00000000c4900000, 0x00000000c4a00000|  0%| F|  |TAMS 0x00000000c4900000, 0x00000000c4900000| Untracked 
|  34|0x00000000c4a00000, 0x00000000c4a54920, 0x00000000c4b00000| 33%| E|  |TAMS 0x00000000c4a00000, 0x00000000c4a00000| Complete 
|  35|0x00000000c4b00000, 0x00000000c4c00000, 0x00000000c4c00000|100%| E|CS|TAMS 0x00000000c4b00000, 0x00000000c4b00000| Complete 
|  36|0x00000000c4c00000, 0x00000000c4d00000, 0x00000000c4d00000|100%| S|CS|TAMS 0x00000000c4c00000, 0x00000000c4c00000| Complete 
|  37|0x00000000c4d00000, 0x00000000c4e00000, 0x00000000c4e00000|100%| S|CS|TAMS 0x00000000c4d00000, 0x00000000c4d00000| Complete 
|  38|0x00000000c4e00000, 0x00000000c4f00000, 0x00000000c4f00000|100%| S|CS|TAMS 0x00000000c4e00000, 0x00000000c4e00000| Complete 
|  39|0x00000000c4f00000, 0x00000000c5000000, 0x00000000c5000000|100%| E|CS|TAMS 0x00000000c4f00000, 0x00000000c4f00000| Complete 
|  40|0x00000000c5000000, 0x00000000c5100000, 0x00000000c5100000|100%| E|CS|TAMS 0x00000000c5000000, 0x00000000c5000000| Complete 
|  41|0x00000000c5100000, 0x00000000c5200000, 0x00000000c5200000|100%| E|CS|TAMS 0x00000000c5100000, 0x00000000c5100000| Complete 
|  42|0x00000000c5200000, 0x00000000c5300000, 0x00000000c5300000|100%| E|CS|TAMS 0x00000000c5200000, 0x00000000c5200000| Complete 
|  43|0x00000000c5300000, 0x00000000c5400000, 0x00000000c5400000|100%| E|CS|TAMS 0x00000000c5300000, 0x00000000c5300000| Complete 
|  44|0x00000000c5400000, 0x00000000c5500000, 0x00000000c5500000|100%| E|CS|TAMS 0x00000000c5400000, 0x00000000c5400000| Complete 
|  45|0x00000000c5500000, 0x00000000c5600000, 0x00000000c5600000|100%| E|  |TAMS 0x00000000c5500000, 0x00000000c5500000| Complete 
|  46|0x00000000c5600000, 0x00000000c5700000, 0x00000000c5700000|100%| E|CS|TAMS 0x00000000c5600000, 0x00000000c5600000| Complete 
|  47|0x00000000c5700000, 0x00000000c5800000, 0x00000000c5800000|100%| E|CS|TAMS 0x00000000c5700000, 0x00000000c5700000| Complete 
|  48|0x00000000c5800000, 0x00000000c5900000, 0x00000000c5900000|100%| E|CS|TAMS 0x00000000c5800000, 0x00000000c5800000| Complete 
|  49|0x00000000c5900000, 0x00000000c5a00000, 0x00000000c5a00000|100%| E|CS|TAMS 0x00000000c5900000, 0x00000000c5900000| Complete 
|  50|0x00000000c5a00000, 0x00000000c5b00000, 0x00000000c5b00000|100%| E|CS|TAMS 0x00000000c5a00000, 0x00000000c5a00000| Complete 
|  51|0x00000000c5b00000, 0x00000000c5c00000, 0x00000000c5c00000|100%| E|CS|TAMS 0x00000000c5b00000, 0x00000000c5b00000| Complete 
|  52|0x00000000c5c00000, 0x00000000c5d00000, 0x00000000c5d00000|100%| E|CS|TAMS 0x00000000c5c00000, 0x00000000c5c00000| Complete 
|  53|0x00000000c5d00000, 0x00000000c5e00000, 0x00000000c5e00000|100%| E|CS|TAMS 0x00000000c5d00000, 0x00000000c5d00000| Complete 
|  54|0x00000000c5e00000, 0x00000000c5f00000, 0x00000000c5f00000|100%| E|CS|TAMS 0x00000000c5e00000, 0x00000000c5e00000| Complete 
|  55|0x00000000c5f00000, 0x00000000c6000000, 0x00000000c6000000|100%| E|CS|TAMS 0x00000000c5f00000, 0x00000000c5f00000| Complete 
|  56|0x00000000c6000000, 0x00000000c6100000, 0x00000000c6100000|100%| E|CS|TAMS 0x00000000c6000000, 0x00000000c6000000| Complete 
|  57|0x00000000c6100000, 0x00000000c6200000, 0x00000000c6200000|100%| E|CS|TAMS 0x00000000c6100000, 0x00000000c6100000| Complete 
|  58|0x00000000c6200000, 0x00000000c6300000, 0x00000000c6300000|100%| E|CS|TAMS 0x00000000c6200000, 0x00000000c6200000| Complete 
|  59|0x00000000c6300000, 0x00000000c6400000, 0x00000000c6400000|100%| E|CS|TAMS 0x00000000c6300000, 0x00000000c6300000| Complete 
|  60|0x00000000c6400000, 0x00000000c6500000, 0x00000000c6500000|100%| E|CS|TAMS 0x00000000c6400000, 0x00000000c6400000| Complete 
|  61|0x00000000c6500000, 0x00000000c6600000, 0x00000000c6600000|100%| E|CS|TAMS 0x00000000c6500000, 0x00000000c6500000| Complete 

Card table byte_map: [0x000002c19fe20000,0x000002c1a0010000] _byte_map_base: 0x000002c19f80c000

Marking Bits (Prev, Next): (CMBitMap*) 0x000002c18b284990, (CMBitMap*) 0x000002c18b2849d0
 Prev Bits: [0x000002c1a0200000, 0x000002c1a1160000)
 Next Bits: [0x000002c1a1160000, 0x000002c1a20c0000)

Polling page: 0x000002c18b2d0000

Metaspace:

Usage:
  Non-class:     14.61 MB used.
      Class:      1.85 MB used.
       Both:     16.46 MB used.

Virtual space:
  Non-class space:       64.00 MB reserved,      14.75 MB ( 23%) committed,  1 nodes.
      Class space:        1.00 GB reserved,       1.94 MB ( <1%) committed,  1 nodes.
             Both:        1.06 GB reserved,      16.69 MB (  2%) committed. 

Chunk freelists:
   Non-Class:  1.11 MB
       Class:  14.04 MB
        Both:  15.15 MB

MaxMetaspaceSize: unlimited
CompressedClassSpaceSize: 1.00 GB
Initial GC threshold: 21.00 MB
Current GC threshold: 21.00 MB
CDS: off
MetaspaceReclaimPolicy: balanced
 - commit_granule_bytes: 65536.
 - commit_granule_words: 8192.
 - virtual_space_node_default_size: 8388608.
 - enlarge_chunks_in_place: 1.
 - new_chunks_are_fully_committed: 0.
 - uncommit_free_chunks: 1.
 - use_allocation_guard: 0.
 - handle_deallocations: 1.


Internal statistics:

num_allocs_failed_limit: 0.
num_arena_births: 118.
num_arena_deaths: 0.
num_vsnodes_births: 2.
num_vsnodes_deaths: 0.
num_space_committed: 267.
num_space_uncommitted: 0.
num_chunks_returned_to_freelist: 0.
num_chunks_taken_from_freelist: 397.
num_chunk_merges: 0.
num_chunk_splits: 269.
num_chunks_enlarged: 203.
num_inconsistent_stats: 0.

CodeHeap 'non-profiled nmethods': size=120000Kb used=462Kb max_used=462Kb free=119537Kb
 bounds [0x000002c197ca0000, 0x000002c197f10000, 0x000002c19f1d0000]
CodeHeap 'profiled nmethods': size=120000Kb used=2683Kb max_used=2683Kb free=117316Kb
 bounds [0x000002c1901d0000, 0x000002c190470000, 0x000002c197700000]
CodeHeap 'non-nmethods': size=5760Kb used=1249Kb max_used=1249Kb free=4510Kb
 bounds [0x000002c197700000, 0x000002c197970000, 0x000002c197ca0000]
 total_blobs=2006 nmethods=1438 adapters=481
 compilation: enabled
              stopped_count=0, restarted_count=0
 full_count=0

Compilation events (20 events):
Event: 3.274 Thread 0x000002c1a901e820 1209       1       java.lang.reflect.Method::getName (5 bytes)
Event: 3.274 Thread 0x000002c1a901e820 nmethod 1209 0x000002c197d0ed90 code [0x000002c197d0ef20, 0x000002c197d0eff8]
Event: 3.274 Thread 0x000002c1a901e820 1210       3       java.util.ArrayList::grow (60 bytes)
Event: 3.274 Thread 0x000002c1a901e820 nmethod 1210 0x000002c1903e9f90 code [0x000002c1903ea180, 0x000002c1903ea7d8]
Event: 3.275 Thread 0x000002c1a901e820 1211       3       sun.invoke.util.Wrapper::isSingleWord (15 bytes)
Event: 3.275 Thread 0x000002c1a901e820 nmethod 1211 0x000002c1903eaa10 code [0x000002c1903eaba0, 0x000002c1903ead18]
Event: 3.276 Thread 0x000002c1a901e820 1212       3       java.lang.invoke.InvokerBytecodeGenerator::getInternalName (103 bytes)
Event: 3.276 Thread 0x000002c1a4b9d3f0 1213       4       jdk.internal.org.objectweb.asm.ByteVector::putShort (52 bytes)
Event: 3.276 Thread 0x000002c1a901e820 nmethod 1212 0x000002c1903ead90 code [0x000002c1903eafa0, 0x000002c1903eb4f8]
Event: 3.277 Thread 0x000002c1a901e820 1215       3       java.lang.invoke.InvokerBytecodeGenerator::emitStoreResult (27 bytes)
Event: 3.277 Thread 0x000002c1a901e820 nmethod 1215 0x000002c1903eb610 code [0x000002c1903eb7c0, 0x000002c1903eb9a8]
Event: 3.277 Thread 0x000002c1a4b9d3f0 nmethod 1213 0x000002c197d0f090 code [0x000002c197d0f200, 0x000002c197d0f338]
Event: 3.277 Thread 0x000002c1a901e820 1216       3       java.lang.invoke.LambdaForm$NamedFunction::intrinsicName (21 bytes)
Event: 3.277 Thread 0x000002c1a4b9d3f0 1214       4       jdk.internal.org.objectweb.asm.Symbol::<init> (38 bytes)
Event: 3.277 Thread 0x000002c1a901e820 nmethod 1216 0x000002c1903eba90 code [0x000002c1903ebc40, 0x000002c1903ebe88]
Event: 3.277 Thread 0x000002c1a901e820 1217       3       java.lang.invoke.InvokerBytecodeGenerator::refKindOpcode (112 bytes)
Event: 3.278 Thread 0x000002c1a901e820 nmethod 1217 0x000002c1903ebf90 code [0x000002c1903ec200, 0x000002c1903ecab8]
Event: 3.278 Thread 0x000002c1a901e820 1219   !   3       java.lang.invoke.MemberName::getFieldType (176 bytes)
Event: 3.279 Thread 0x000002c1a901e820 nmethod 1219 0x000002c1903ecd10 code [0x000002c1903ed040, 0x000002c1903ee558]
Event: 3.279 Thread 0x000002c1a901e820 1218       3       java.lang.invoke.InvokerBytecodeGenerator::emitReferenceCast (188 bytes)

GC Heap History (2 events):
Event: 2.238 GC heap before
{Heap before GC invocations=0 (full 0):
 garbage-first heap   total 63488K, used 22528K [0x00000000c2800000, 0x0000000100000000)
  region size 1024K, 23 young (23552K), 0 survivors (0K)
 Metaspace       used 12202K, committed 12416K, reserved 1114112K
  class space    used 1245K, committed 1344K, reserved 1048576K
}
Event: 2.248 GC heap after
{Heap after GC invocations=1 (full 0):
 garbage-first heap   total 63488K, used 3864K [0x00000000c2800000, 0x0000000100000000)
  region size 1024K, 3 young (3072K), 3 survivors (3072K)
 Metaspace       used 12202K, committed 12416K, reserved 1114112K
  class space    used 1245K, committed 1344K, reserved 1048576K
}

Dll operation events (2 events):
Event: 0.046 Loaded shared library C:\Users\elbootic.com\.jdks\jbr-17.0.8.1\bin\java.dll
Event: 0.107 Loaded shared library C:\Users\elbootic.com\.jdks\jbr-17.0.8.1\bin\jsvml.dll

Deoptimization events (20 events):
Event: 2.157 Thread 0x000002c1a99f3f60 Uncommon trap: trap_request=0xffffff45 fr.pc=0x000002c197cc24b4 relative=0x00000000000005f4
Event: 2.158 Thread 0x000002c1a99f3f60 Uncommon trap: reason=unstable_if action=reinterpret pc=0x000002c197cc24b4 method=java.util.zip.ZipFile$Source.checkAndAddEntry(II)I @ 50 c2
Event: 2.158 Thread 0x000002c1a99f3f60 DEOPT PACKING pc=0x000002c197cc24b4 sp=0x000000f9916fcf90
Event: 2.158 Thread 0x000002c1a99f3f60 DEOPT UNPACKING pc=0x000002c1977569a3 sp=0x000000f9916fcf00 mode 2
Event: 2.544 Thread 0x000002c1a99f3f60 DEOPT PACKING pc=0x000002c1903728b4 sp=0x000000f9916fd200
Event: 2.544 Thread 0x000002c1a99f3f60 DEOPT UNPACKING pc=0x000002c197757143 sp=0x000000f9916fc670 mode 0
Event: 2.642 Thread 0x000002c1a99f3f60 DEOPT PACKING pc=0x000002c1901e05be sp=0x000000f9916fcc30
Event: 2.642 Thread 0x000002c1a99f3f60 DEOPT UNPACKING pc=0x000002c197757143 sp=0x000000f9916fc0d0 mode 0
Event: 2.741 Thread 0x000002c1a99f3f60 DEOPT PACKING pc=0x000002c1901dfc88 sp=0x000000f9916fd200
Event: 2.741 Thread 0x000002c1a99f3f60 DEOPT UNPACKING pc=0x000002c197757143 sp=0x000000f9916fc708 mode 0
Event: 2.802 Thread 0x000002c1a99f3f60 DEOPT PACKING pc=0x000002c190388201 sp=0x000000f9916fcfe0
Event: 2.802 Thread 0x000002c1a99f3f60 DEOPT UNPACKING pc=0x000002c197757143 sp=0x000000f9916fc570 mode 0
Event: 2.833 Thread 0x000002c1a99f3f60 DEOPT PACKING pc=0x000002c190388201 sp=0x000000f9916fcfe0
Event: 2.833 Thread 0x000002c1a99f3f60 DEOPT UNPACKING pc=0x000002c197757143 sp=0x000000f9916fc570 mode 0
Event: 2.916 Thread 0x000002c1a99f3f60 DEOPT PACKING pc=0x000002c190388201 sp=0x000000f9916fcfe0
Event: 2.916 Thread 0x000002c1a99f3f60 DEOPT UNPACKING pc=0x000002c197757143 sp=0x000000f9916fc570 mode 0
Event: 2.985 Thread 0x000002c1a99f3f60 Uncommon trap: trap_request=0xffffff45 fr.pc=0x000002c197cb445c relative=0x000000000000015c
Event: 2.985 Thread 0x000002c1a99f3f60 Uncommon trap: reason=unstable_if action=reinterpret pc=0x000002c197cb445c method=java.lang.StringCoding.hasNegatives([BII)Z @ 12 c2
Event: 2.985 Thread 0x000002c1a99f3f60 DEOPT PACKING pc=0x000002c197cb445c sp=0x000000f9916fd7b0
Event: 2.985 Thread 0x000002c1a99f3f60 DEOPT UNPACKING pc=0x000002c1977569a3 sp=0x000000f9916fd758 mode 2

Classes unloaded (0 events):
No events

Classes redefined (0 events):
No events

Internal exceptions (13 events):
Event: 0.926 Thread 0x000002c18b247190 Exception <a 'java/lang/NoSuchMethodError'{0x00000000c5efba58}: 'java.lang.Object java.lang.invoke.DirectMethodHandle$Holder.invokeStaticInit(java.lang.Object)'> (0x00000000c5efba58) 
thrown [s\src\hotspot\share\interpreter\linkResolver.cpp, line 771]
Event: 0.934 Thread 0x000002c18b247190 Exception <a 'java/lang/NoSuchMethodError'{0x00000000c5d4e3a8}: 'void java.lang.invoke.DirectMethodHandle$Holder.invokeStatic(java.lang.Object, java.lang.Object)'> (0x00000000c5d4e3a8) 
thrown [s\src\hotspot\share\interpreter\linkResolver.cpp, line 771]
Event: 1.497 Thread 0x000002c18b247190 Exception <a 'java/lang/NoSuchMethodError'{0x00000000c5744758}: 'void java.lang.invoke.DirectMethodHandle$Holder.invokeSpecial(java.lang.Object, java.lang.Object, java.lang.Object)'> (0x00000000c5744758) 
thrown [s\src\hotspot\share\interpreter\linkResolver.cpp, line 771]
Event: 1.532 Thread 0x000002c18b247190 Exception <a 'java/lang/NoSuchMethodError'{0x00000000c577d780}: 'void java.lang.invoke.DirectMethodHandle$Holder.invokeStatic(java.lang.Object, java.lang.Object, java.lang.Object)'> (0x00000000c577d780) 
thrown [s\src\hotspot\share\interpreter\linkResolver.cpp, line 771]
Event: 1.761 Thread 0x000002c18b247190 Exception <a 'java/lang/NoSuchMethodError'{0x00000000c579a3f0}: 'int java.lang.invoke.DirectMethodHandle$Holder.invokeStaticInit(java.lang.Object, java.lang.Object, java.lang.Object)'> (0x00000000c579a3f0) 
thrown [s\src\hotspot\share\interpreter\linkResolver.cpp, line 771]
Event: 1.837 Thread 0x000002c18b247190 Exception <a 'java/lang/NoSuchMethodError'{0x00000000c56e2ef8}: 'java.lang.Object java.lang.invoke.DirectMethodHandle$Holder.newInvokeSpecial(java.lang.Object, java.lang.Object, int, java.lang.Object)'> (0x00000000c56e2ef8) 
thrown [s\src\hotspot\share\interpreter\linkResolver.cpp, line 771]
Event: 1.838 Thread 0x000002c18b247190 Exception <a 'java/lang/NoSuchMethodError'{0x00000000c56e72d8}: 'java.lang.Object java.lang.invoke.DirectMethodHandle$Holder.invokeSpecial(java.lang.Object, java.lang.Object, java.lang.Object, int, java.lang.Object)'> (0x00000000c56e72d8) 
thrown [s\src\hotspot\share\interpreter\linkResolver.cpp, line 771]
Event: 2.039 Thread 0x000002c1a99f3f60 Exception <a 'java/lang/NoSuchMethodError'{0x00000000c5386d70}: 'void java.lang.invoke.DirectMethodHandle$Holder.invokeStaticInit(java.lang.Object)'> (0x00000000c5386d70) 
thrown [s\src\hotspot\share\interpreter\linkResolver.cpp, line 771]
Event: 2.049 Thread 0x000002c18b247190 Exception <a 'java/lang/NoSuchMethodError'{0x00000000c5509020}: 'java.lang.Object java.lang.invoke.DirectMethodHandle$Holder.newInvokeSpecial(java.lang.Object, java.lang.Object, java.lang.Object, java.lang.Object, java.lang.Object, java.lang.Object)'> (0x00000000c5509020) 
thrown [s\src\hotspot\share\interpreter\linkResolver.cpp, line 771]
Event: 2.058 Thread 0x000002c18b247190 Exception <a 'java/lang/NoSuchMethodError'{0x00000000c5539a88}: 'java.lang.Object java.lang.invoke.DirectMethodHandle$Holder.newInvokeSpecial(java.lang.Object, java.lang.Object, java.lang.Object, java.lang.Object, java.lang.Object)'> (0x00000000c5539a88) 
thrown [s\src\hotspot\share\interpreter\linkResolver.cpp, line 771]
Event: 2.060 Thread 0x000002c1ae371ca0 Exception <a 'java/lang/NoSuchMethodError'{0x00000000c53ebad8}: 'void java.lang.invoke.DirectMethodHandle$Holder.invokeStatic(java.lang.Object, java.lang.Object, java.lang.Object, java.lang.Object)'> (0x00000000c53ebad8) 
thrown [s\src\hotspot\share\interpreter\linkResolver.cpp, line 771]
Event: 3.240 Thread 0x000002c1a99f3f60 Exception <a 'java/lang/NoSuchMethodError'{0x00000000c57427c8}: 'java.lang.Object java.lang.invoke.DirectMethodHandle$Holder.invokeStaticInit(java.lang.Object, java.lang.Object, java.lang.Object, java.lang.Object)'> (0x00000000c57427c8) 
thrown [s\src\hotspot\share\interpreter\linkResolver.cpp, line 771]
Event: 3.242 Thread 0x000002c1a99f3f60 Exception <a 'java/lang/NullPointerException'{0x00000000c574e4b0}> (0x00000000c574e4b0) 
thrown [s\src\hotspot\share\interpreter\linkResolver.cpp, line 1362]

VM Operations (12 events):
Event: 0.724 Executing VM operation: HandshakeAllThreads
Event: 0.724 Executing VM operation: HandshakeAllThreads done
Event: 0.847 Executing VM operation: HandshakeAllThreads
Event: 0.847 Executing VM operation: HandshakeAllThreads done
Event: 1.787 Executing VM operation: HandshakeAllThreads
Event: 1.787 Executing VM operation: HandshakeAllThreads done
Event: 1.787 Executing VM operation: Cleanup
Event: 1.788 Executing VM operation: Cleanup done
Event: 2.237 Executing VM operation: G1CollectForAllocation
Event: 2.249 Executing VM operation: G1CollectForAllocation done
Event: 2.987 Executing VM operation: HandshakeAllThreads
Event: 2.987 Executing VM operation: HandshakeAllThreads done

Events (20 events):
Event: 2.983 loading class com/sun/org/apache/xerces/internal/util/XMLChar
Event: 2.984 loading class com/sun/org/apache/xerces/internal/util/XMLChar done
Event: 2.985 loading class com/sun/org/apache/xerces/internal/impl/XMLScanner$NameType
Event: 2.985 loading class com/sun/org/apache/xerces/internal/impl/XMLScanner$NameType done
Event: 2.987 loading class jdk/internal/loader/URLClassPath$JarLoader$2
Event: 2.987 loading class jdk/internal/loader/URLClassPath$JarLoader$2 done
Event: 2.988 loading class java/util/zip/CRC32
Event: 2.988 loading class java/util/zip/Checksum
Event: 2.988 loading class java/util/zip/Checksum done
Event: 2.988 loading class java/util/zip/CRC32 done
Event: 2.988 loading class java/util/zip/Checksum$1
Event: 2.989 loading class java/util/zip/Checksum$1 done
Event: 3.014 loading class java/util/EventListener
Event: 3.014 loading class java/util/EventListener done
Event: 3.193 loading class java/time/temporal/TemporalAdjuster
Event: 3.193 loading class java/time/temporal/TemporalAdjuster done
Event: 3.253 loading class java/util/regex/Pattern$Loop
Event: 3.253 loading class java/util/regex/Pattern$Loop done
Event: 3.253 loading class java/util/regex/Pattern$Prolog
Event: 3.253 loading class java/util/regex/Pattern$Prolog done


Dynamic libraries:
0x00007ff6cec00000 - 0x00007ff6cec0a000 	C:\Users\elbootic.com\.jdks\jbr-17.0.8.1\bin\java.exe
0x00007ffaabfb0000 - 0x00007ffaac1c6000 	C:\WINDOWS\SYSTEM32\ntdll.dll
0x00007ffaab1b0000 - 0x00007ffaab274000 	C:\WINDOWS\System32\KERNEL32.DLL
0x00007ffaa95f0000 - 0x00007ffaa9996000 	C:\WINDOWS\System32\KERNELBASE.dll
0x00007ffaa9be0000 - 0x00007ffaa9cf1000 	C:\WINDOWS\System32\ucrtbase.dll
0x00007ffaa2e40000 - 0x00007ffaa2e57000 	C:\Users\elbootic.com\.jdks\jbr-17.0.8.1\bin\jli.dll
0x00007ffaab290000 - 0x00007ffaab43d000 	C:\WINDOWS\System32\USER32.dll
0x00007ffa92540000 - 0x00007ffa927d3000 	C:\WINDOWS\WinSxS\amd64_microsoft.windows.common-controls_6595b64144ccf1df_6.0.22621.3235_none_270f74e173860f98\COMCTL32.dll
0x00007ffaa9bb0000 - 0x00007ffaa9bd6000 	C:\WINDOWS\System32\win32u.dll
0x00007ffaabdc0000 - 0x00007ffaabde9000 	C:\WINDOWS\System32\GDI32.dll
0x00007ffaa99a0000 - 0x00007ffaa9ab8000 	C:\WINDOWS\System32\gdi32full.dll
0x00007ffaabd10000 - 0x00007ffaabdb7000 	C:\WINDOWS\System32\msvcrt.dll
0x00007ffaa9550000 - 0x00007ffaa95ea000 	C:\WINDOWS\System32\msvcp_win.dll
0x00007ffaa2e00000 - 0x00007ffaa2e1b000 	C:\Users\elbootic.com\.jdks\jbr-17.0.8.1\bin\VCRUNTIME140.dll
0x00007ffaaa560000 - 0x00007ffaaa591000 	C:\WINDOWS\System32\IMM32.DLL
0x00007ffaa42d0000 - 0x00007ffaa42dc000 	C:\Users\elbootic.com\.jdks\jbr-17.0.8.1\bin\vcruntime140_1.dll
0x00007ffa883b0000 - 0x00007ffa8843d000 	C:\Users\elbootic.com\.jdks\jbr-17.0.8.1\bin\msvcp140.dll
0x00007ffa6a3b0000 - 0x00007ffa6b033000 	C:\Users\elbootic.com\.jdks\jbr-17.0.8.1\bin\server\jvm.dll
0x00007ffaabc50000 - 0x00007ffaabd02000 	C:\WINDOWS\System32\ADVAPI32.dll
0x00007ffaaac30000 - 0x00007ffaaacd8000 	C:\WINDOWS\System32\sechost.dll
0x00007ffaa93b0000 - 0x00007ffaa93d8000 	C:\WINDOWS\System32\bcrypt.dll
0x00007ffaaaa90000 - 0x00007ffaaaba5000 	C:\WINDOWS\System32\RPCRT4.dll
0x00007ffaa8c60000 - 0x00007ffaa8cad000 	C:\WINDOWS\SYSTEM32\POWRPROF.dll
0x00007ffa914a0000 - 0x00007ffa914a9000 	C:\WINDOWS\SYSTEM32\WSOCK32.dll
0x00007ffaabdf0000 - 0x00007ffaabe61000 	C:\WINDOWS\System32\WS2_32.dll
0x00007ffaa3830000 - 0x00007ffaa3864000 	C:\WINDOWS\SYSTEM32\WINMM.dll
0x00007ffaa3290000 - 0x00007ffaa329a000 	C:\WINDOWS\SYSTEM32\VERSION.dll
0x00007ffaa8ba0000 - 0x00007ffaa8bb3000 	C:\WINDOWS\SYSTEM32\UMPDC.dll
0x00007ffaa8330000 - 0x00007ffaa8348000 	C:\WINDOWS\SYSTEM32\kernel.appcore.dll
0x00007ffaa3d50000 - 0x00007ffaa3d5a000 	C:\Users\elbootic.com\.jdks\jbr-17.0.8.1\bin\jimage.dll
0x00007ffaa2bb0000 - 0x00007ffaa2de3000 	C:\WINDOWS\SYSTEM32\DBGHELP.DLL
0x00007ffaaace0000 - 0x00007ffaab068000 	C:\WINDOWS\System32\combase.dll
0x00007ffaaa900000 - 0x00007ffaaa9d7000 	C:\WINDOWS\System32\OLEAUT32.dll
0x00007ffaa2870000 - 0x00007ffaa28a2000 	C:\WINDOWS\SYSTEM32\dbgcore.DLL
0x00007ffaa9ac0000 - 0x00007ffaa9b3a000 	C:\WINDOWS\System32\bcryptPrimitives.dll
0x00007ffaa20c0000 - 0x00007ffaa20e5000 	C:\Users\elbootic.com\.jdks\jbr-17.0.8.1\bin\java.dll
0x00007ffaa2110000 - 0x00007ffaa2128000 	C:\Users\elbootic.com\.jdks\jbr-17.0.8.1\bin\zip.dll
0x00007ffa83610000 - 0x00007ffa836e7000 	C:\Users\elbootic.com\.jdks\jbr-17.0.8.1\bin\jsvml.dll
0x00007ffaa9d00000 - 0x00007ffaaa55d000 	C:\WINDOWS\System32\SHELL32.dll
0x00007ffaa7250000 - 0x00007ffaa7b48000 	C:\WINDOWS\SYSTEM32\windows.storage.dll
0x00007ffaa7110000 - 0x00007ffaa724e000 	C:\WINDOWS\SYSTEM32\wintypes.dll
0x00007ffaabe70000 - 0x00007ffaabf63000 	C:\WINDOWS\System32\SHCORE.dll
0x00007ffaaaa10000 - 0x00007ffaaaa6e000 	C:\WINDOWS\System32\shlwapi.dll
0x00007ffaa9220000 - 0x00007ffaa9246000 	C:\WINDOWS\SYSTEM32\profapi.dll
0x00007ffaa1ee0000 - 0x00007ffaa1ef9000 	C:\Users\elbootic.com\.jdks\jbr-17.0.8.1\bin\net.dll
0x00007ffaa3bf0000 - 0x00007ffaa3d27000 	C:\WINDOWS\SYSTEM32\WINHTTP.dll
0x00007ffaa87b0000 - 0x00007ffaa8819000 	C:\WINDOWS\system32\mswsock.dll
0x00007ffaa1ec0000 - 0x00007ffaa1ed6000 	C:\Users\elbootic.com\.jdks\jbr-17.0.8.1\bin\nio.dll
0x000002c1a4e30000 - 0x000002c1a4e33000 	C:\Users\elbootic.com\.openjfx\cache\21.0.2+5\amd64\api-ms-win-core-console-l1-1-0.dll
0x000002c1a4e40000 - 0x000002c1a4e43000 	C:\Users\elbootic.com\.openjfx\cache\21.0.2+5\amd64\api-ms-win-core-console-l1-2-0.dll
0x000002c1a4e50000 - 0x000002c1a4e53000 	C:\Users\elbootic.com\.openjfx\cache\21.0.2+5\amd64\api-ms-win-core-datetime-l1-1-0.dll
0x000002c1a4e60000 - 0x000002c1a4e63000 	C:\Users\elbootic.com\.openjfx\cache\21.0.2+5\amd64\api-ms-win-core-debug-l1-1-0.dll
0x000002c1a4e70000 - 0x000002c1a4e73000 	C:\Users\elbootic.com\.openjfx\cache\21.0.2+5\amd64\api-ms-win-core-errorhandling-l1-1-0.dll
0x000002c1a4e80000 - 0x000002c1a4e84000 	C:\Users\elbootic.com\.openjfx\cache\21.0.2+5\amd64\api-ms-win-core-file-l1-1-0.dll
0x000002c1a4e90000 - 0x000002c1a4e93000 	C:\Users\elbootic.com\.openjfx\cache\21.0.2+5\amd64\api-ms-win-core-file-l1-2-0.dll
0x000002c1a4ea0000 - 0x000002c1a4ea3000 	C:\Users\elbootic.com\.openjfx\cache\21.0.2+5\amd64\api-ms-win-core-file-l2-1-0.dll
0x000002c1a4eb0000 - 0x000002c1a4eb3000 	C:\Users\elbootic.com\.openjfx\cache\21.0.2+5\amd64\api-ms-win-core-handle-l1-1-0.dll
0x000002c1a4ec0000 - 0x000002c1a4ec3000 	C:\Users\elbootic.com\.openjfx\cache\21.0.2+5\amd64\api-ms-win-core-heap-l1-1-0.dll
0x000002c1a4ed0000 - 0x000002c1a4ed3000 	C:\Users\elbootic.com\.openjfx\cache\21.0.2+5\amd64\api-ms-win-core-interlocked-l1-1-0.dll
0x000002c1a4ee0000 - 0x000002c1a4ee3000 	C:\Users\elbootic.com\.openjfx\cache\21.0.2+5\amd64\api-ms-win-core-libraryloader-l1-1-0.dll
0x000002c1a4ef0000 - 0x000002c1a4ef3000 	C:\Users\elbootic.com\.openjfx\cache\21.0.2+5\amd64\api-ms-win-core-localization-l1-2-0.dll
0x000002c1a4f00000 - 0x000002c1a4f03000 	C:\Users\elbootic.com\.openjfx\cache\21.0.2+5\amd64\api-ms-win-core-memory-l1-1-0.dll
0x000002c1a4f10000 - 0x000002c1a4f13000 	C:\Users\elbootic.com\.openjfx\cache\21.0.2+5\amd64\api-ms-win-core-namedpipe-l1-1-0.dll
0x000002c1a4f20000 - 0x000002c1a4f23000 	C:\Users\elbootic.com\.openjfx\cache\21.0.2+5\amd64\api-ms-win-core-processenvironment-l1-1-0.dll
0x000002c1a4f30000 - 0x000002c1a4f33000 	C:\Users\elbootic.com\.openjfx\cache\21.0.2+5\amd64\api-ms-win-core-processthreads-l1-1-0.dll
0x000002c1a4f40000 - 0x000002c1a4f43000 	C:\Users\elbootic.com\.openjfx\cache\21.0.2+5\amd64\api-ms-win-core-processthreads-l1-1-1.dll
0x000002c1a4f50000 - 0x000002c1a4f53000 	C:\Users\elbootic.com\.openjfx\cache\21.0.2+5\amd64\api-ms-win-core-profile-l1-1-0.dll
0x000002c1a4f60000 - 0x000002c1a4f63000 	C:\Users\elbootic.com\.openjfx\cache\21.0.2+5\amd64\api-ms-win-core-rtlsupport-l1-1-0.dll
0x000002c1a4f70000 - 0x000002c1a4f73000 	C:\Users\elbootic.com\.openjfx\cache\21.0.2+5\amd64\api-ms-win-core-string-l1-1-0.dll
0x000002c1a4f80000 - 0x000002c1a4f83000 	C:\Users\elbootic.com\.openjfx\cache\21.0.2+5\amd64\api-ms-win-core-synch-l1-1-0.dll
0x000002c1a4f90000 - 0x000002c1a4f93000 	C:\Users\elbootic.com\.openjfx\cache\21.0.2+5\amd64\api-ms-win-core-synch-l1-2-0.dll
0x000002c1a4fa0000 - 0x000002c1a4fa3000 	C:\Users\elbootic.com\.openjfx\cache\21.0.2+5\amd64\api-ms-win-core-sysinfo-l1-1-0.dll
0x000002c1a4fb0000 - 0x000002c1a4fb3000 	C:\Users\elbootic.com\.openjfx\cache\21.0.2+5\amd64\api-ms-win-core-timezone-l1-1-0.dll
0x000002c1a4fc0000 - 0x000002c1a4fc3000 	C:\Users\elbootic.com\.openjfx\cache\21.0.2+5\amd64\api-ms-win-core-util-l1-1-0.dll
0x000002c1a4fd0000 - 0x000002c1a4fd3000 	C:\Users\elbootic.com\.openjfx\cache\21.0.2+5\amd64\api-ms-win-crt-conio-l1-1-0.dll
0x000002c1a4fe0000 - 0x000002c1a4fe4000 	C:\Users\elbootic.com\.openjfx\cache\21.0.2+5\amd64\api-ms-win-crt-convert-l1-1-0.dll
0x000002c1a4ff0000 - 0x000002c1a4ff3000 	C:\Users\elbootic.com\.openjfx\cache\21.0.2+5\amd64\api-ms-win-crt-environment-l1-1-0.dll
0x000002c1a9c00000 - 0x000002c1a9c03000 	C:\Users\elbootic.com\.openjfx\cache\21.0.2+5\amd64\api-ms-win-crt-filesystem-l1-1-0.dll
0x000002c1a9c10000 - 0x000002c1a9c13000 	C:\Users\elbootic.com\.openjfx\cache\21.0.2+5\amd64\api-ms-win-crt-heap-l1-1-0.dll
0x000002c1a9c20000 - 0x000002c1a9c23000 	C:\Users\elbootic.com\.openjfx\cache\21.0.2+5\amd64\api-ms-win-crt-locale-l1-1-0.dll
0x000002c1a9c30000 - 0x000002c1a9c35000 	C:\Users\elbootic.com\.openjfx\cache\21.0.2+5\amd64\api-ms-win-crt-math-l1-1-0.dll
0x000002c1a9c40000 - 0x000002c1a9c45000 	C:\Users\elbootic.com\.openjfx\cache\21.0.2+5\amd64\api-ms-win-crt-multibyte-l1-1-0.dll
0x000002c1a9c50000 - 0x000002c1a9c60000 	C:\Users\elbootic.com\.openjfx\cache\21.0.2+5\amd64\api-ms-win-crt-private-l1-1-0.dll
0x000002c1a9c60000 - 0x000002c1a9c63000 	C:\Users\elbootic.com\.openjfx\cache\21.0.2+5\amd64\api-ms-win-crt-process-l1-1-0.dll
0x000002c1a9c70000 - 0x000002c1a9c74000 	C:\Users\elbootic.com\.openjfx\cache\21.0.2+5\amd64\api-ms-win-crt-runtime-l1-1-0.dll
0x000002c1a9c80000 - 0x000002c1a9c84000 	C:\Users\elbootic.com\.openjfx\cache\21.0.2+5\amd64\api-ms-win-crt-stdio-l1-1-0.dll
0x000002c1a9c90000 - 0x000002c1a9c94000 	C:\Users\elbootic.com\.openjfx\cache\21.0.2+5\amd64\api-ms-win-crt-string-l1-1-0.dll
0x000002c1a9ca0000 - 0x000002c1a9ca3000 	C:\Users\elbootic.com\.openjfx\cache\21.0.2+5\amd64\api-ms-win-crt-time-l1-1-0.dll
0x000002c1a9cb0000 - 0x000002c1a9cb3000 	C:\Users\elbootic.com\.openjfx\cache\21.0.2+5\amd64\api-ms-win-crt-utility-l1-1-0.dll
0x00007ffa6c610000 - 0x00007ffa6c70c000 	C:\Users\elbootic.com\.openjfx\cache\21.0.2+5\amd64\ucrtbase.dll
0x00007ffaa1ea0000 - 0x00007ffaa1ebb000 	C:\Users\elbootic.com\.openjfx\cache\21.0.2+5\amd64\vcruntime140.dll
0x00007ffaa2e30000 - 0x00007ffaa2e3c000 	C:\Users\elbootic.com\.openjfx\cache\21.0.2+5\amd64\vcruntime140_1.dll
0x00007ffa83950000 - 0x00007ffa839de000 	C:\Users\elbootic.com\.openjfx\cache\21.0.2+5\amd64\msvcp140.dll
0x00007ffaa1e90000 - 0x00007ffaa1e99000 	C:\Users\elbootic.com\.openjfx\cache\21.0.2+5\amd64\msvcp140_1.dll
0x00007ffaa1140000 - 0x00007ffaa1181000 	C:\Users\elbootic.com\.openjfx\cache\21.0.2+5\amd64\msvcp140_2.dll
0x00007ffa9c8e0000 - 0x00007ffa9c910000 	C:\Users\elbootic.com\.openjfx\cache\21.0.2+5\amd64\prism_d3d.dll
0x00007ffa804d0000 - 0x00007ffa80679000 	C:\WINDOWS\system32\d3d9.dll
0x00007ffaa6ad0000 - 0x00007ffaa6afb000 	C:\WINDOWS\SYSTEM32\dwmapi.dll
0x00007ffaa6970000 - 0x00007ffaa69a9000 	C:\WINDOWS\SYSTEM32\dxcore.dll
0x00007ffaa6870000 - 0x00007ffaa691b000 	C:\WINDOWS\system32\uxtheme.dll
0x00007ffa6bf30000 - 0x00007ffa6c095000 	C:\WINDOWS\System32\DriverStore\FileRepository\iigd_dch.inf_amd64_4b31d9b38e2bb506\igdumdim64.dll
0x00007ffaaa5a0000 - 0x00007ffaaa73f000 	C:\WINDOWS\System32\ole32.dll
0x00007ffa2c530000 - 0x00007ffa301bb000 	C:\WINDOWS\System32\DriverStore\FileRepository\iigd_dch.inf_amd64_4b31d9b38e2bb506\igd9dxva64.dll
0x00007ffaab7d0000 - 0x00007ffaabc44000 	C:\WINDOWS\System32\SETUPAPI.dll
0x00007ffaa8fb0000 - 0x00007ffaa8ffe000 	C:\WINDOWS\SYSTEM32\cfgmgr32.dll
0x00007ffa8cd90000 - 0x00007ffa8d0c6000 	C:\WINDOWS\System32\DriverStore\FileRepository\iigd_dch.inf_amd64_4b31d9b38e2bb506\igdgmm64.dll
0x00007ffa938c0000 - 0x00007ffa9390a000 	C:\WINDOWS\SYSTEM32\directxdatabasehelper.dll
0x00007ffa835c0000 - 0x00007ffa83602000 	C:\Users\elbootic.com\.openjfx\cache\21.0.2+5\amd64\glass.dll
0x00007ffaab450000 - 0x00007ffaab549000 	C:\WINDOWS\System32\COMDLG32.dll
0x00007ffaaa740000 - 0x00007ffaaa894000 	C:\WINDOWS\System32\MSCTF.dll
0x00007ffa5a990000 - 0x00007ffa5a9b7000 	C:\WINDOWS\System32\DriverStore\FileRepository\iigd_dch.inf_amd64_4b31d9b38e2bb506\igdinfo64.dll
0x00007ffaa8a80000 - 0x00007ffaa8a9b000 	C:\WINDOWS\SYSTEM32\CRYPTSP.dll
0x00007ffaa8290000 - 0x00007ffaa82c5000 	C:\WINDOWS\system32\rsaenh.dll
0x00007ffaa8a70000 - 0x00007ffaa8a7c000 	C:\WINDOWS\SYSTEM32\CRYPTBASE.dll
0x00007ffa89e40000 - 0x00007ffa8cbcf000 	C:\WINDOWS\System32\DriverStore\FileRepository\iigd_dch.inf_amd64_4b31d9b38e2bb506\igc64.dll
0x00007ffaa1e00000 - 0x00007ffaa1e14000 	C:\Users\elbootic.com\.openjfx\cache\21.0.2+5\amd64\javafx_font.dll

dbghelp: loaded successfully - version: 4.0.5 - missing functions: none
symbol engine: initialized successfully - sym options: 0x614 - pdb path: .;C:\Users\elbootic.com\.jdks\jbr-17.0.8.1\bin;C:\WINDOWS\SYSTEM32;C:\WINDOWS\WinSxS\amd64_microsoft.windows.common-controls_6595b64144ccf1df_6.0.22621.3235_none_270f74e173860f98;C:\Users\elbootic.com\.jdks\jbr-17.0.8.1\bin\server;C:\Users\elbootic.com\.openjfx\cache\21.0.2+5\amd64;C:\WINDOWS\System32\DriverStore\FileRepository\iigd_dch.inf_amd64_4b31d9b38e2bb506;C:\WINDOWS\System32\DriverStore\FileRepository\nvlt.inf_amd64_bffc2ae18ab8f148

VM Arguments:
jvm_args: --module-path=C:\Users\elbootic.com\.m2\repository\org\openjfx\javafx-base\21.0.2\javafx-base-21.0.2-win.jar;C:\Users\elbootic.com\.m2\repository\org\openjfx\javafx-base\21.0.2\javafx-base-21.0.2.jar;C:\Users\elbootic.com\.m2\repository\org\openjfx\javafx-controls\21.0.2\javafx-controls-21.0.2-win.jar;C:\Users\elbootic.com\.m2\repository\org\openjfx\javafx-controls\21.0.2\javafx-controls-21.0.2.jar;C:\Users\elbootic.com\.m2\repository\org\openjfx\javafx-fxml\21.0.2\javafx-fxml-21.0.2-win.jar;C:\Users\elbootic.com\.m2\repository\org\openjfx\javafx-fxml\21.0.2\javafx-fxml-21.0.2.jar;C:\Users\elbootic.com\.m2\repository\org\openjfx\javafx-graphics\21.0.2\javafx-graphics-21.0.2-win.jar;C:\Users\elbootic.com\.m2\repository\org\openjfx\javafx-graphics\21.0.2\javafx-graphics-21.0.2.jar;C:\Users\elbootic.com\.m2\repository\org\openjfx\javafx-media\21.0.2\javafx-media-21.0.2-win.jar;C:\Users\elbootic.com\.m2\repository\org\openjfx\javafx-media\21.0.2\javafx-media-21.0.2.jar;C:\Users\elbootic.com\.m2\repository\org\openjfx\javafx-web\21.0.2\javafx-web-21.0.2-win.jar;C:\Users\elbootic.com\.m2\repository\org\openjfx\javafx-web\21.0.2\javafx-web-21.0.2.jar --add-modules=javafx.base,javafx.controls,javafx.fxml,javafx.graphics,javafx.media,javafx.web 
java_command: com.esprit.tests.MainApp
java_class_path (initial): C:\Users\elbootic.com\OneDrive\Bureau\RAKCHA-main\target\classes;C:\Users\elbootic.com\.m2\repository\ch\qos\logback\logback-classic\1.2.3\logback-classic-1.2.3.jar;C:\Users\elbootic.com\.m2\repository\ch\qos\logback\logback-core\1.2.3\logback-core-1.2.3.jar;C:\Users\elbootic.com\.m2\repository\com\apple\AppleJavaExtensions\1.4\AppleJavaExtensions-1.4.jar;C:\Users\elbootic.com\.m2\repository\com\azure\azure-core\1.46.0\azure-core-1.46.0.jar;C:\Users\elbootic.com\.m2\repository\com\azure\azure-core-http-netty\1.14.0\azure-core-http-netty-1.14.0.jar;C:\Users\elbootic.com\.m2\repository\com\azure\azure-identity\1.12.0-beta.1\azure-identity-1.12.0-beta.1.jar;C:\Users\elbootic.com\.m2\repository\com\azure\azure-json\1.1.0\azure-json-1.1.0.jar;C:\Users\elbootic.com\.m2\repository\com\beust\jcommander\1.78\jcommander-1.78.jar;C:\Users\elbootic.com\.m2\repository\com\calendarfx\view\11.8.3\view-11.8.3.jar;C:\Users\elbootic.com\.m2\repository\com\fasterxml\jackson\core\jackson-annotations\2.8.7\jackson-annotations-2.8.7.jar;C:\Users\elbootic.com\.m2\repository\com\fasterxml\jackson\core\jackson-core\2.10.2\jackson-core-2.10.2.jar;C:\Users\elbootic.com\.m2\repository\com\fasterxml\jackson\core\jackson-databind\2.8.7\jackson-databind-2.8.7.jar;C:\Users\elbootic.com\.m2\repository\com\fasterxml\jackson\datatype\jackson-datatype-jsr310\2.13.3\jackson-datatype-jsr310-2.13.3.jar;C:\Users\elbootic.com\.m2\repository\com\fasterxml\jackson\jaxrs\jackson-jaxrs-base\2.12.2\jackson-jaxrs-base-2.12.2.jar;C:\Users\elbootic.com\.m2\repository\com\fasterxml\jackson\jaxrs\jackson-jaxrs-json-provider\2.12.2\jackson-jaxrs-json-provider-2.12.2.jar;C:\Users\elbootic.com\.m2\repository\com\fasterxml\jackson\module\jackson-module-jaxb-annotations\2.12.2\jackson-module-jaxb-annotations-2.12.2.jar;C:\Users\elbootic.com\.m2\repository\com\github\jai-imageio\jai-imageio-core\1.4.0\jai-imageio-core-1.4.0.jar;C:\Users\elbootic.com\.m2\repository\com\github\scribejava\scribej
Launcher Type: SUN_STANDARD

[Global flags]
     intx CICompilerCount                          = 4                                         {product} {ergonomic}
     uint ConcGCThreads                            = 2                                         {product} {ergonomic}
     uint G1ConcRefinementThreads                  = 8                                         {product} {ergonomic}
   size_t G1HeapRegionSize                         = 1048576                                   {product} {ergonomic}
    uintx GCDrainStackTargetSize                   = 64                                        {product} {ergonomic}
   size_t InitialHeapSize                          = 65011712                                  {product} {ergonomic}
   size_t MarkStackSize                            = 4194304                                   {product} {ergonomic}
   size_t MaxHeapSize                              = 1031798784                                {product} {ergonomic}
   size_t MaxNewSize                               = 618659840                                 {product} {ergonomic}
   size_t MinHeapDeltaBytes                        = 1048576                                   {product} {ergonomic}
   size_t MinHeapSize                              = 8388608                                   {product} {ergonomic}
    uintx NonNMethodCodeHeapSize                   = 5839372                                {pd product} {ergonomic}
    uintx NonProfiledCodeHeapSize                  = 122909434                              {pd product} {ergonomic}
    uintx ProfiledCodeHeapSize                     = 122909434                              {pd product} {ergonomic}
    uintx ReservedCodeCacheSize                    = 251658240                              {pd product} {ergonomic}
     bool SegmentedCodeCache                       = true                                      {product} {ergonomic}
   size_t SoftMaxHeapSize                          = 1031798784                             {manageable} {ergonomic}
     bool UseCompressedClassPointers               = true                           {product lp64_product} {ergonomic}
     bool UseCompressedOops                        = true                           {product lp64_product} {ergonomic}
     bool UseG1GC                                  = true                                      {product} {ergonomic}
     bool UseLargePagesIndividualAllocation        = false                                  {pd product} {ergonomic}

Logging:
Log output configuration:
 #0: stdout all=warning uptime,level,tags
 #1: stderr all=off uptime,level,tags

Environment Variables:
PATH=C:\Program Files (x86)\VMware\VMware Player\bin\;C:\WINDOWS\system32;C:\WINDOWS;C:\WINDOWS\System32\Wbem;C:\WINDOWS\System32\WindowsPowerShell\v1.0\;C:\WINDOWS\System32\OpenSSH\;C:\Program Files\MongoDB\Server\3.2\bin;C:\ProgramData\chocolatey\bin;C:\Program Files\nodejs\;C:\mongosh-1.6.2\bin;C:\Program Files\MongoDB\Server\6.0\bin;C:\Program Files\Git\cmd;C:\Program Files\Git\mingw64\bin;C:\Program Files\Git\usr\bin;C:\Users\elbootic.com\.jdks\jbr-17.0.8.1\bin;C:\xampp\php;C:\composer;C:\Users\elbootic.com\scoop\shims;C:\Users\elbootic.com\AppData\Local\Microsoft\WindowsApps;C:\Users\elbootic.com\AppData\Local\Programs\Microsoft VS Code\bin;C:\Users\elbootic.com\AppData\Roaming\npm;C:\mongosh-1.6.2\bin;C:\Program Files\MongoDB\Server\6.0\bin;C:\Users\elbootic.com\AppData\Roaming\Composer\vendor\bin;C:\Users\elbootic.com\AppData\Local\GitHubDesktop\bin
USERNAME=elbootic.com
OS=Windows_NT
PROCESSOR_IDENTIFIER=Intel64 Family 6 Model 142 Stepping 12, GenuineIntel
TMP=C:\Users\elbootic.com\AppData\Local\Temp
TEMP=C:\Users\elbootic.com\AppData\Local\Temp


JNI global refs:
JNI global refs: 14, weak refs: 5

JNI global refs memory usage: 843, weak refs: 841

OOME stack traces (most recent first):
Classloader memory used:
Loader bootstrap                                                                       : 1388K
Loader jdk.internal.loader.ClassLoaders$AppClassLoader                                 : 730K
Loader jdk.internal.reflect.DelegatingClassLoader                                      : 929B
Loader jdk.internal.loader.ClassLoaders$PlatformClassLoader                            : 509B
Loader com.sun.javafx.reflect.MethodUtil                                               : 364B


---------------  S Y S T E M  ---------------

OS:
 Windows 11 , 64 bit Build 22621 (10.0.22621.3235)
OS uptime: 1 days 2:43 hours

CPU: total 8 (initial active 8) (4 cores per cpu, 2 threads per core) family 6 model 142 stepping 12 microcode 0xde, cx8, cmov, fxsr, ht, mmx, 3dnowpref, sse, sse2, sse3, ssse3, sse4.1, sse4.2, popcnt, lzcnt, tsc, tscinvbit, avx, avx2, aes, erms, clmul, bmi1, bmi2, adx, fma, vzeroupper, clflush, clflushopt
Processor Information for all 8 processors :
  Max Mhz: 2112, Current Mhz: 1609, Mhz Limit: 1605

Memory: 4k page, system-wide physical 3929M (159M free)
TotalPageFile size 16217M (AvailPageFile size 23M)
current process WorkingSet (physical memory assigned to process): 154M, peak: 154M
current process commit charge ("private bytes"): 213M, peak: 214M

vm_info: OpenJDK 64-Bit Server VM (17.0.8.1+7-b1059.3) for windows-amd64 JRE (17.0.8.1+7-b1059.3), built on 2023-09-11 by "builduser" with MS VC++ 16.10 / 16.11 (VS2019)

END.
