#
# There is insufficient memory for the Java Runtime Environment to continue.
# Native memory allocation (mmap) failed to map 4030464 bytes for G1 virtual space
# Possible reasons:
#   The system is out of physical RAM or swap space
#   The process is running with CompressedOops enabled, and the Java Heap may be blocking the growth of the native heap
# Possible solutions:
#   Reduce memory load on the system
#   Increase physical memory or swap space
#   Check if swap backing store is full
#   Decrease Java heap size (-Xmx/-Xms)
#   Decrease number of Java threads
#   Decrease Java thread stack sizes (-Xss)
#   Set larger code cache with -XX:ReservedCodeCacheSize=
#   JVM is running with Unscaled Compressed Oops mode in which the Java heap is
#     placed in the first 4GB address space. The Java Heap base address is the
#     maximum limit for the native heap growth. Please use -XX:HeapBaseMinAddress
#     to set the Java Heap base and to place the Java Heap above 4GB virtual address.
# This output file may be truncated or incomplete.
#
#  Out of Memory Error (os_windows.cpp:3825), pid=17304, tid=10380
#
# JRE version: OpenJDK Runtime Environment JBR-17.0.8.1+7-1059.3-nomod (17.0.8.1+7) (build 17.0.8.1+7-b1059.3)
# Java VM: OpenJDK 64-Bit Server VM JBR-17.0.8.1+7-1059.3-nomod (17.0.8.1+7-b1059.3, mixed mode, tiered, compressed oops, compressed class ptrs, g1 gc, windows-amd64)
# No core dump will be written. Minidumps are not enabled by default on client versions of Windows
#

---------------  S U M M A R Y ------------

Command Line: --module-path=C:\Users\elbootic.com\.m2\repository\org\openjfx\javafx-base\21.0.2\javafx-base-21.0.2-win.jar;C:\Users\elbootic.com\.m2\repository\org\openjfx\javafx-base\21.0.2\javafx-base-21.0.2.jar;C:\Users\elbootic.com\.m2\repository\org\openjfx\javafx-controls\21.0.2\javafx-controls-21.0.2-win.jar;C:\Users\elbootic.com\.m2\repository\org\openjfx\javafx-controls\21.0.2\javafx-controls-21.0.2.jar;C:\Users\elbootic.com\.m2\repository\org\openjfx\javafx-fxml\21.0.2\javafx-fxml-21.0.2-win.jar;C:\Users\elbootic.com\.m2\repository\org\openjfx\javafx-fxml\21.0.2\javafx-fxml-21.0.2.jar;C:\Users\elbootic.com\.m2\repository\org\openjfx\javafx-graphics\21.0.2\javafx-graphics-21.0.2-win.jar;C:\Users\elbootic.com\.m2\repository\org\openjfx\javafx-graphics\21.0.2\javafx-graphics-21.0.2.jar;C:\Users\elbootic.com\.m2\repository\org\openjfx\javafx-media\21.0.2\javafx-media-21.0.2-win.jar;C:\Users\elbootic.com\.m2\repository\org\openjfx\javafx-media\21.0.2\javafx-media-21.0.2.jar;C:\Users\elbootic.com\.m2\repository\org\openjfx\javafx-web\21.0.2\javafx-web-21.0.2-win.jar;C:\Users\elbootic.com\.m2\repository\org\openjfx\javafx-web\21.0.2\javafx-web-21.0.2.jar --add-modules=javafx.base,javafx.controls,javafx.fxml,javafx.graphics,javafx.media,javafx.web com.esprit.tests.MainApp

Host: Intel(R) Core(TM) i5-10210U CPU @ 1.60GHz, 8 cores, 3G,  Windows 11 , 64 bit Build 22621 (10.0.22621.3235)
Time: Thu Mar 14 09:44:27 2024 Paris, Madrid elapsed time: 19.564230 seconds (0d 0h 0m 19s)

---------------  T H R E A D  ---------------

Current thread (0x00000188972f5a30):  VMThread "VM Thread" [stack: 0x0000006de2a00000,0x0000006de2b00000] [id=10380]

Stack: [0x0000006de2a00000,0x0000006de2b00000]
Native frames: (J=compiled Java code, j=interpreted, Vv=VM code, C=native code)
V  [jvm.dll+0x6852da]
V  [jvm.dll+0x844ad4]
V  [jvm.dll+0x8463ee]
V  [jvm.dll+0x846a53]
V  [jvm.dll+0x24b7cf]
V  [jvm.dll+0x682099]
V  [jvm.dll+0x67677a]
V  [jvm.dll+0x30be2b]
V  [jvm.dll+0x3132d6]
V  [jvm.dll+0x363043]
V  [jvm.dll+0x36325f]
V  [jvm.dll+0x2e1f48]
V  [jvm.dll+0x2e0124]
V  [jvm.dll+0x2df72c]
V  [jvm.dll+0x32427b]
V  [jvm.dll+0x84b13b]
V  [jvm.dll+0x84be74]
V  [jvm.dll+0x84c38d]
V  [jvm.dll+0x84c764]
V  [jvm.dll+0x84c830]
V  [jvm.dll+0x7f3faa]
V  [jvm.dll+0x684165]
C  [ucrtbase.dll+0x29363]
C  [KERNEL32.DLL+0x1257d]
C  [ntdll.dll+0x5aa58]

VM_Operation (0x0000006de3afaf00): G1CollectForAllocation, mode: safepoint, requested by thread 0x000001889c560b70


---------------  P R O C E S S  ---------------

Threads class SMR info:
_java_thread_list=0x00000188a335ce40, length=20, elements={
0x00000188ff895d00, 0x00000188972f8750, 0x00000188972f95d0, 0x000001889732e990,
0x00000188975df610, 0x00000188975dffd0, 0x00000188975e0990, 0x00000188975e2740,
0x0000018897600930, 0x0000018897603a30, 0x0000018897737390, 0x000001889c066250,
0x000001889c41d910, 0x000001889c56f0a0, 0x000001889c560b70, 0x00000188a0b60930,
0x00000188a0b66b80, 0x00000188a0f9b130, 0x00000188a0f9a710, 0x00000188a0f9b640
}

Java Threads: ( => current thread )
  0x00000188ff895d00 JavaThread "main" [_thread_blocked, id=15512, stack(0x0000006de2400000,0x0000006de2500000)]
  0x00000188972f8750 JavaThread "Reference Handler" daemon [_thread_blocked, id=10892, stack(0x0000006de2b00000,0x0000006de2c00000)]
  0x00000188972f95d0 JavaThread "Finalizer" daemon [_thread_blocked, id=12052, stack(0x0000006de2c00000,0x0000006de2d00000)]
  0x000001889732e990 JavaThread "Signal Dispatcher" daemon [_thread_blocked, id=14960, stack(0x0000006de2d00000,0x0000006de2e00000)]
  0x00000188975df610 JavaThread "Attach Listener" daemon [_thread_blocked, id=13768, stack(0x0000006de2e00000,0x0000006de2f00000)]
  0x00000188975dffd0 JavaThread "Service Thread" daemon [_thread_blocked, id=16420, stack(0x0000006de2f00000,0x0000006de3000000)]
  0x00000188975e0990 JavaThread "Monitor Deflation Thread" daemon [_thread_blocked, id=20264, stack(0x0000006de3000000,0x0000006de3100000)]
  0x00000188975e2740 JavaThread "C2 CompilerThread0" daemon [_thread_blocked, id=17164, stack(0x0000006de3100000,0x0000006de3200000)]
  0x0000018897600930 JavaThread "C1 CompilerThread0" daemon [_thread_blocked, id=19316, stack(0x0000006de3200000,0x0000006de3300000)]
  0x0000018897603a30 JavaThread "Sweeper thread" daemon [_thread_blocked, id=5548, stack(0x0000006de3300000,0x0000006de3400000)]
  0x0000018897737390 JavaThread "Common-Cleaner" daemon [_thread_blocked, id=7024, stack(0x0000006de3400000,0x0000006de3500000)]
  0x000001889c066250 JavaThread "Notification Thread" daemon [_thread_blocked, id=9920, stack(0x0000006de3500000,0x0000006de3600000)]
  0x000001889c41d910 JavaThread "QuantumRenderer-0" daemon [_thread_blocked, id=18416, stack(0x0000006de3700000,0x0000006de3800000)]
  0x000001889c56f0a0 JavaThread "InvokeLaterDispatcher" daemon [_thread_blocked, id=15088, stack(0x0000006de3900000,0x0000006de3a00000)]
  0x000001889c560b70 JavaThread "JavaFX Application Thread" [_thread_blocked, id=7108, stack(0x0000006de3a00000,0x0000006de3b00000)]
  0x00000188a0b60930 JavaThread "JavaFX-Launcher" [_thread_blocked, id=19620, stack(0x0000006de3f00000,0x0000006de4000000)]
  0x00000188a0b66b80 JavaThread "Thread-2" daemon [_thread_blocked, id=5624, stack(0x0000006de3e00000,0x0000006de3f00000)]
  0x00000188a0f9b130 JavaThread "Prism Font Disposer" daemon [_thread_blocked, id=17464, stack(0x0000006de3800000,0x0000006de3900000)]
  0x00000188a0f9a710 JavaThread "mysql-cj-abandoned-connection-cleanup" daemon [_thread_blocked, id=4128, stack(0x0000006de4a00000,0x0000006de4b00000)]
  0x00000188a0f9b640 JavaThread "Cleaner-0" daemon [_thread_blocked, id=19644, stack(0x0000006de5000000,0x0000006de5100000)]

Other Threads:
=>0x00000188972f5a30 VMThread "VM Thread" [stack: 0x0000006de2a00000,0x0000006de2b00000] [id=10380]
  0x00000188ff8f0330 WatcherThread [stack: 0x0000006de3600000,0x0000006de3700000] [id=5832]
  0x00000188ff8d37c0 GCTaskThread "GC Thread#0" [stack: 0x0000006de2500000,0x0000006de2600000] [id=10676]
  0x00000188a0b681f0 GCTaskThread "GC Thread#1" [stack: 0x0000006de4000000,0x0000006de4100000] [id=15948]
  0x00000188a0c21e60 GCTaskThread "GC Thread#2" [stack: 0x0000006de4100000,0x0000006de4200000] [id=10248]
  0x00000188a0c1dbd0 GCTaskThread "GC Thread#3" [stack: 0x0000006de4200000,0x0000006de4300000] [id=18912]
  0x00000188a0c1e2a0 GCTaskThread "GC Thread#4" [stack: 0x0000006de4300000,0x0000006de4400000] [id=15660]
  0x000001889c670c90 GCTaskThread "GC Thread#5" [stack: 0x0000006de4400000,0x0000006de4500000] [id=18044]
  0x00000188a1533120 GCTaskThread "GC Thread#6" [stack: 0x0000006de4500000,0x0000006de4600000] [id=10000]
  0x00000188a15427f0 GCTaskThread "GC Thread#7" [stack: 0x0000006de4600000,0x0000006de4700000] [id=16472]
  0x00000188ff8dc210 ConcurrentGCThread "G1 Main Marker" [stack: 0x0000006de2600000,0x0000006de2700000] [id=15436]
  0x00000188ff8dd3c0 ConcurrentGCThread "G1 Conc#0" [stack: 0x0000006de2700000,0x0000006de2800000] [id=14604]
  0x00000188a3287430 ConcurrentGCThread "G1 Conc#1" [stack: 0x0000006de4b00000,0x0000006de4c00000] [id=4176]
  0x00000188ff91d3d0 ConcurrentGCThread "G1 Refine#0" [stack: 0x0000006de2800000,0x0000006de2900000] [id=15704]
  0x00000188a1046d00 ConcurrentGCThread "G1 Refine#1" [stack: 0x0000006de4700000,0x0000006de4800000] [id=19852]
  0x000001889c54abc0 ConcurrentGCThread "G1 Refine#2" [stack: 0x0000006de4800000,0x0000006de4900000] [id=792]
  0x00000188a1542ab0 ConcurrentGCThread "G1 Refine#3" [stack: 0x0000006de4900000,0x0000006de4a00000] [id=16240]
  0x00000188a197aae0 ConcurrentGCThread "G1 Refine#4" [stack: 0x0000006de5500000,0x0000006de5600000] [id=13720]
  0x00000188a1979650 ConcurrentGCThread "G1 Refine#5" [stack: 0x0000006de5700000,0x0000006de5800000] [id=18168]
  0x00000188a1979940 ConcurrentGCThread "G1 Refine#6" [stack: 0x0000006de5800000,0x0000006de5900000] [id=7664]
  0x00000188a1979c30 ConcurrentGCThread "G1 Refine#7" [stack: 0x0000006de5900000,0x0000006de5a00000] [id=8964]
  0x00000188ff91de00 ConcurrentGCThread "G1 Service" [stack: 0x0000006de2900000,0x0000006de2a00000] [id=16592]

Threads with active compile tasks:
C2 CompilerThread0    19623 4568 % !   4       edu.stanford.nlp.tagger.maxent.MaxentTagger::readModelAndInit @ 490 (768 bytes)

VM state: at safepoint (normal execution)

VM Mutex/Monitor currently owned by a thread:  ([mutex/lock_event])
[0x00000188ff8931d0] Threads_lock - owner thread: 0x00000188972f5a30
[0x00000188ff892b10] Heap_lock - owner thread: 0x000001889c560b70

Heap address: 0x00000000c2800000, size: 984 MB, Compressed Oops mode: 32-bit

CDS archive(s) not mapped
Compressed class space mapped at: 0x0000000100000000-0x0000000140000000, reserved size: 1073741824
Narrow klass base: 0x0000000000000000, Narrow klass shift: 3, Narrow klass range: 0x140000000

GC Precious Log:
 CPUs: 8 total, 8 available
 Memory: 3929M
 Large Page Support: Disabled
 NUMA Support: Disabled
 Compressed Oops: Enabled (32-bit)
 Heap Region Size: 1M
 Heap Min Capacity: 8M
 Heap Initial Capacity: 62M
 Heap Max Capacity: 984M
 Pre-touch: Disabled
 Parallel Workers: 8
 Concurrent Workers: 2
 Concurrent Refinement Workers: 8
 Periodic GC: Disabled

Heap:
 garbage-first heap   total 250880K, used 162121K [0x00000000c2800000, 0x0000000100000000)
  region size 1024K, 2 young (2048K), 2 survivors (2048K)
 Metaspace       used 35997K, committed 36288K, reserved 1114112K
  class space    used 4650K, committed 4800K, reserved 1048576K

Heap Regions: E=young(eden), S=young(survivor), O=old, HS=humongous(starts), HC=humongous(continues), CS=collection set, F=free, OA=open archive, CA=closed archive, TAMS=top-at-mark-start (previous, next)
|   0|0x00000000c2800000, 0x00000000c2900000, 0x00000000c2900000|100%| O|  |TAMS 0x00000000c2900000, 0x00000000c2800000| Untracked 
|   1|0x00000000c2900000, 0x00000000c2a00000, 0x00000000c2a00000|100%|HS|  |TAMS 0x00000000c2a00000, 0x00000000c2900000| Complete 
|   2|0x00000000c2a00000, 0x00000000c2b00000, 0x00000000c2b00000|100%|HC|  |TAMS 0x00000000c2b00000, 0x00000000c2a00000| Complete 
|   3|0x00000000c2b00000, 0x00000000c2c00000, 0x00000000c2c00000|100%|HC|  |TAMS 0x00000000c2c00000, 0x00000000c2b00000| Complete 
|   4|0x00000000c2c00000, 0x00000000c2d00000, 0x00000000c2d00000|100%|HC|  |TAMS 0x00000000c2d00000, 0x00000000c2c00000| Complete 
|   5|0x00000000c2d00000, 0x00000000c2e00000, 0x00000000c2e00000|100%|HC|  |TAMS 0x00000000c2e00000, 0x00000000c2d00000| Complete 
|   6|0x00000000c2e00000, 0x00000000c2f00000, 0x00000000c2f00000|100%|HC|  |TAMS 0x00000000c2f00000, 0x00000000c2e00000| Complete 
|   7|0x00000000c2f00000, 0x00000000c3000000, 0x00000000c3000000|100%|HS|  |TAMS 0x00000000c3000000, 0x00000000c2f00000| Complete 
|   8|0x00000000c3000000, 0x00000000c3100000, 0x00000000c3100000|100%|HS|  |TAMS 0x00000000c3100000, 0x00000000c3000000| Complete 
|   9|0x00000000c3100000, 0x00000000c3200000, 0x00000000c3200000|100%|HS|  |TAMS 0x00000000c3200000, 0x00000000c3100000| Complete 
|  10|0x00000000c3200000, 0x00000000c3300000, 0x00000000c3300000|100%|HS|  |TAMS 0x00000000c3300000, 0x00000000c3200000| Complete 
|  11|0x00000000c3300000, 0x00000000c3400000, 0x00000000c3400000|100%| O|  |TAMS 0x00000000c3400000, 0x00000000c3300000| Untracked 
|  12|0x00000000c3400000, 0x00000000c3500000, 0x00000000c3500000|100%| O|  |TAMS 0x00000000c3500000, 0x00000000c3400000| Untracked 
|  13|0x00000000c3500000, 0x00000000c3600000, 0x00000000c3600000|100%| O|  |TAMS 0x00000000c3600000, 0x00000000c3500000| Untracked 
|  14|0x00000000c3600000, 0x00000000c3700000, 0x00000000c3700000|100%| O|  |TAMS 0x00000000c3700000, 0x00000000c3600000| Untracked 
|  15|0x00000000c3700000, 0x00000000c3800000, 0x00000000c3800000|100%| O|  |TAMS 0x00000000c3800000, 0x00000000c3700000| Untracked 
|  16|0x00000000c3800000, 0x00000000c3900000, 0x00000000c3900000|100%| O|  |TAMS 0x00000000c3900000, 0x00000000c3800000| Untracked 
|  17|0x00000000c3900000, 0x00000000c3a00000, 0x00000000c3a00000|100%| O|  |TAMS 0x00000000c3a00000, 0x00000000c3900000| Untracked 
|  18|0x00000000c3a00000, 0x00000000c3b00000, 0x00000000c3b00000|100%| O|  |TAMS 0x00000000c3b00000, 0x00000000c3a00000| Untracked 
|  19|0x00000000c3b00000, 0x00000000c3c00000, 0x00000000c3c00000|100%| O|  |TAMS 0x00000000c3c00000, 0x00000000c3b00000| Untracked 
|  20|0x00000000c3c00000, 0x00000000c3d00000, 0x00000000c3d00000|100%| O|  |TAMS 0x00000000c3d00000, 0x00000000c3c00000| Untracked 
|  21|0x00000000c3d00000, 0x00000000c3e00000, 0x00000000c3e00000|100%| O|  |TAMS 0x00000000c3e00000, 0x00000000c3d00000| Untracked 
|  22|0x00000000c3e00000, 0x00000000c3f00000, 0x00000000c3f00000|100%|HS|  |TAMS 0x00000000c3f00000, 0x00000000c3e00000| Complete 
|  23|0x00000000c3f00000, 0x00000000c4000000, 0x00000000c4000000|100%| O|  |TAMS 0x00000000c4000000, 0x00000000c3f00000| Untracked 
|  24|0x00000000c4000000, 0x00000000c4100000, 0x00000000c4100000|100%| O|  |TAMS 0x00000000c4100000, 0x00000000c4000000| Untracked 
|  25|0x00000000c4100000, 0x00000000c4200000, 0x00000000c4200000|100%|HS|  |TAMS 0x00000000c4200000, 0x00000000c4100000| Complete 
|  26|0x00000000c4200000, 0x00000000c4300000, 0x00000000c4300000|100%|HC|  |TAMS 0x00000000c4300000, 0x00000000c4200000| Complete 
|  27|0x00000000c4300000, 0x00000000c4400000, 0x00000000c4400000|100%|HS|  |TAMS 0x00000000c4400000, 0x00000000c4300000| Complete 
|  28|0x00000000c4400000, 0x00000000c4500000, 0x00000000c4500000|100%| O|  |TAMS 0x00000000c4500000, 0x00000000c4400000| Untracked 
|  29|0x00000000c4500000, 0x00000000c4600000, 0x00000000c4600000|100%|HS|  |TAMS 0x00000000c4600000, 0x00000000c4500000| Complete 
|  30|0x00000000c4600000, 0x00000000c4700000, 0x00000000c4700000|100%|HS|  |TAMS 0x00000000c4700000, 0x00000000c4600000| Complete 
|  31|0x00000000c4700000, 0x00000000c4800000, 0x00000000c4800000|100%|HC|  |TAMS 0x00000000c4800000, 0x00000000c4700000| Complete 
|  32|0x00000000c4800000, 0x00000000c4900000, 0x00000000c4900000|100%| O|  |TAMS 0x00000000c4900000, 0x00000000c4800000| Untracked 
|  33|0x00000000c4900000, 0x00000000c4a00000, 0x00000000c4a00000|100%| O|  |TAMS 0x00000000c4a00000, 0x00000000c4900000| Untracked 
|  34|0x00000000c4a00000, 0x00000000c4b00000, 0x00000000c4b00000|100%| O|  |TAMS 0x00000000c4b00000, 0x00000000c4a00000| Untracked 
|  35|0x00000000c4b00000, 0x00000000c4c00000, 0x00000000c4c00000|100%| O|  |TAMS 0x00000000c4c00000, 0x00000000c4b00000| Untracked 
|  36|0x00000000c4c00000, 0x00000000c4d00000, 0x00000000c4d00000|100%|HS|  |TAMS 0x00000000c4d00000, 0x00000000c4c00000| Complete 
|  37|0x00000000c4d00000, 0x00000000c4e00000, 0x00000000c4e00000|100%|HC|  |TAMS 0x00000000c4e00000, 0x00000000c4d00000| Complete 
|  38|0x00000000c4e00000, 0x00000000c4f00000, 0x00000000c4f00000|100%|HS|  |TAMS 0x00000000c4f00000, 0x00000000c4e00000| Complete 
|  39|0x00000000c4f00000, 0x00000000c5000000, 0x00000000c5000000|100%|HS|  |TAMS 0x00000000c5000000, 0x00000000c4f00000| Complete 
|  40|0x00000000c5000000, 0x00000000c5100000, 0x00000000c5100000|100%|HS|  |TAMS 0x00000000c5100000, 0x00000000c5000000| Complete 
|  41|0x00000000c5100000, 0x00000000c5200000, 0x00000000c5200000|100%|HS|  |TAMS 0x00000000c5200000, 0x00000000c5100000| Complete 
|  42|0x00000000c5200000, 0x00000000c5300000, 0x00000000c5300000|100%|HS|  |TAMS 0x00000000c5300000, 0x00000000c5200000| Complete 
|  43|0x00000000c5300000, 0x00000000c5400000, 0x00000000c5400000|100%|HS|  |TAMS 0x00000000c5400000, 0x00000000c5300000| Complete 
|  44|0x00000000c5400000, 0x00000000c5500000, 0x00000000c5500000|100%| O|  |TAMS 0x00000000c5500000, 0x00000000c5400000| Untracked 
|  45|0x00000000c5500000, 0x00000000c5600000, 0x00000000c5600000|100%| O|  |TAMS 0x00000000c5600000, 0x00000000c5500000| Untracked 
|  46|0x00000000c5600000, 0x00000000c5700000, 0x00000000c5700000|100%| O|  |TAMS 0x00000000c5700000, 0x00000000c5600000| Untracked 
|  47|0x00000000c5700000, 0x00000000c5800000, 0x00000000c5800000|100%| O|  |TAMS 0x00000000c5800000, 0x00000000c5700000| Untracked 
|  48|0x00000000c5800000, 0x00000000c5900000, 0x00000000c5900000|100%| O|  |TAMS 0x00000000c5900000, 0x00000000c5800000| Untracked 
|  49|0x00000000c5900000, 0x00000000c5a00000, 0x00000000c5a00000|100%| O|  |TAMS 0x00000000c5a00000, 0x00000000c5900000| Untracked 
|  50|0x00000000c5a00000, 0x00000000c5b00000, 0x00000000c5b00000|100%| O|  |TAMS 0x00000000c5b00000, 0x00000000c5a00000| Untracked 
|  51|0x00000000c5b00000, 0x00000000c5c00000, 0x00000000c5c00000|100%| O|  |TAMS 0x00000000c5c00000, 0x00000000c5b00000| Untracked 
|  52|0x00000000c5c00000, 0x00000000c5d00000, 0x00000000c5d00000|100%| O|  |TAMS 0x00000000c5d00000, 0x00000000c5c00000| Untracked 
|  53|0x00000000c5d00000, 0x00000000c5e00000, 0x00000000c5e00000|100%| O|  |TAMS 0x00000000c5e00000, 0x00000000c5d00000| Untracked 
|  54|0x00000000c5e00000, 0x00000000c5f00000, 0x00000000c5f00000|100%| O|  |TAMS 0x00000000c5f00000, 0x00000000c5e00000| Untracked 
|  55|0x00000000c5f00000, 0x00000000c6000000, 0x00000000c6000000|100%| O|  |TAMS 0x00000000c6000000, 0x00000000c5f00000| Untracked 
|  56|0x00000000c6000000, 0x00000000c6100000, 0x00000000c6100000|100%| O|  |TAMS 0x00000000c6100000, 0x00000000c6000000| Untracked 
|  57|0x00000000c6100000, 0x00000000c6200000, 0x00000000c6200000|100%| O|  |TAMS 0x00000000c6200000, 0x00000000c6100000| Untracked 
|  58|0x00000000c6200000, 0x00000000c6300000, 0x00000000c6300000|100%| O|  |TAMS 0x00000000c6300000, 0x00000000c6200000| Untracked 
|  59|0x00000000c6300000, 0x00000000c6400000, 0x00000000c6400000|100%| O|  |TAMS 0x00000000c6400000, 0x00000000c6300000| Untracked 
|  60|0x00000000c6400000, 0x00000000c6500000, 0x00000000c6500000|100%| O|  |TAMS 0x00000000c6500000, 0x00000000c6400000| Untracked 
|  61|0x00000000c6500000, 0x00000000c6600000, 0x00000000c6600000|100%|HS|  |TAMS 0x00000000c6600000, 0x00000000c6500000| Complete 
|  62|0x00000000c6600000, 0x00000000c6700000, 0x00000000c6700000|100%|HS|  |TAMS 0x00000000c6700000, 0x00000000c6600000| Complete 
|  63|0x00000000c6700000, 0x00000000c6800000, 0x00000000c6800000|100%|HC|  |TAMS 0x00000000c6800000, 0x00000000c6700000| Complete 
|  64|0x00000000c6800000, 0x00000000c6900000, 0x00000000c6900000|100%|HC|  |TAMS 0x00000000c6900000, 0x00000000c6800000| Complete 
|  65|0x00000000c6900000, 0x00000000c6a00000, 0x00000000c6a00000|100%|HC|  |TAMS 0x00000000c6a00000, 0x00000000c6900000| Complete 
|  66|0x00000000c6a00000, 0x00000000c6b00000, 0x00000000c6b00000|100%|HC|  |TAMS 0x00000000c6b00000, 0x00000000c6a00000| Complete 
|  67|0x00000000c6b00000, 0x00000000c6c00000, 0x00000000c6c00000|100%| O|  |TAMS 0x00000000c6c00000, 0x00000000c6b00000| Untracked 
|  68|0x00000000c6c00000, 0x00000000c6d00000, 0x00000000c6d00000|100%| O|  |TAMS 0x00000000c6d00000, 0x00000000c6c00000| Untracked 
|  69|0x00000000c6d00000, 0x00000000c6e00000, 0x00000000c6e00000|100%|HS|  |TAMS 0x00000000c6d00000, 0x00000000c6d00000| Complete 
|  70|0x00000000c6e00000, 0x00000000c6f00000, 0x00000000c6f00000|100%|HS|  |TAMS 0x00000000c6e00000, 0x00000000c6e00000| Complete 
|  71|0x00000000c6f00000, 0x00000000c7000000, 0x00000000c7000000|100%| O|  |TAMS 0x00000000c6f00000, 0x00000000c6f00000| Untracked 
|  72|0x00000000c7000000, 0x00000000c7100000, 0x00000000c7100000|100%| O|  |TAMS 0x00000000c7000000, 0x00000000c7000000| Untracked 
|  73|0x00000000c7100000, 0x00000000c7200000, 0x00000000c7200000|100%| O|  |TAMS 0x00000000c7200000, 0x00000000c7100000| Untracked 
|  74|0x00000000c7200000, 0x00000000c7300000, 0x00000000c7300000|100%| O|  |TAMS 0x00000000c7300000, 0x00000000c7200000| Untracked 
|  75|0x00000000c7300000, 0x00000000c7400000, 0x00000000c7400000|100%| O|  |TAMS 0x00000000c7400000, 0x00000000c7300000| Untracked 
|  76|0x00000000c7400000, 0x00000000c7500000, 0x00000000c7500000|100%| O|  |TAMS 0x00000000c7500000, 0x00000000c7400000| Untracked 
|  77|0x00000000c7500000, 0x00000000c7600000, 0x00000000c7600000|100%| O|  |TAMS 0x00000000c7600000, 0x00000000c7500000| Untracked 
|  78|0x00000000c7600000, 0x00000000c7700000, 0x00000000c7700000|100%| O|  |TAMS 0x00000000c7700000, 0x00000000c7600000| Untracked 
|  79|0x00000000c7700000, 0x00000000c7800000, 0x00000000c7800000|100%| O|  |TAMS 0x00000000c7800000, 0x00000000c7700000| Untracked 
|  80|0x00000000c7800000, 0x00000000c7900000, 0x00000000c7900000|100%| O|  |TAMS 0x00000000c7900000, 0x00000000c7800000| Untracked 
|  81|0x00000000c7900000, 0x00000000c7a00000, 0x00000000c7a00000|100%| O|  |TAMS 0x00000000c7a00000, 0x00000000c7900000| Untracked 
|  82|0x00000000c7a00000, 0x00000000c7b00000, 0x00000000c7b00000|100%| O|  |TAMS 0x00000000c7b00000, 0x00000000c7a00000| Untracked 
|  83|0x00000000c7b00000, 0x00000000c7c00000, 0x00000000c7c00000|100%| O|  |TAMS 0x00000000c7c00000, 0x00000000c7b00000| Untracked 
|  84|0x00000000c7c00000, 0x00000000c7d00000, 0x00000000c7d00000|100%| O|  |TAMS 0x00000000c7d00000, 0x00000000c7c00000| Untracked 
|  85|0x00000000c7d00000, 0x00000000c7e00000, 0x00000000c7e00000|100%| O|  |TAMS 0x00000000c7e00000, 0x00000000c7d00000| Untracked 
|  86|0x00000000c7e00000, 0x00000000c7f00000, 0x00000000c7f00000|100%| O|  |TAMS 0x00000000c7f00000, 0x00000000c7e00000| Untracked 
|  87|0x00000000c7f00000, 0x00000000c8000000, 0x00000000c8000000|100%| O|  |TAMS 0x00000000c8000000, 0x00000000c7f00000| Untracked 
|  88|0x00000000c8000000, 0x00000000c8100000, 0x00000000c8100000|100%| O|  |TAMS 0x00000000c8100000, 0x00000000c8000000| Untracked 
|  89|0x00000000c8100000, 0x00000000c8200000, 0x00000000c8200000|100%| O|  |TAMS 0x00000000c8200000, 0x00000000c8100000| Untracked 
|  90|0x00000000c8200000, 0x00000000c8300000, 0x00000000c8300000|100%| O|  |TAMS 0x00000000c8300000, 0x00000000c8200000| Untracked 
|  91|0x00000000c8300000, 0x00000000c8400000, 0x00000000c8400000|100%| O|  |TAMS 0x00000000c8400000, 0x00000000c8300000| Untracked 
|  92|0x00000000c8400000, 0x00000000c8500000, 0x00000000c8500000|100%| O|  |TAMS 0x00000000c8500000, 0x00000000c8400000| Untracked 
|  93|0x00000000c8500000, 0x00000000c8600000, 0x00000000c8600000|100%| O|  |TAMS 0x00000000c8600000, 0x00000000c8500000| Untracked 
|  94|0x00000000c8600000, 0x00000000c8700000, 0x00000000c8700000|100%| O|  |TAMS 0x00000000c8700000, 0x00000000c8600000| Untracked 
|  95|0x00000000c8700000, 0x00000000c8800000, 0x00000000c8800000|100%| O|  |TAMS 0x00000000c8800000, 0x00000000c8700000| Untracked 
|  96|0x00000000c8800000, 0x00000000c8900000, 0x00000000c8900000|100%| O|  |TAMS 0x00000000c8900000, 0x00000000c8800000| Untracked 
|  97|0x00000000c8900000, 0x00000000c8a00000, 0x00000000c8a00000|100%| O|  |TAMS 0x00000000c8a00000, 0x00000000c8900000| Untracked 
|  98|0x00000000c8a00000, 0x00000000c8b00000, 0x00000000c8b00000|100%| O|  |TAMS 0x00000000c8b00000, 0x00000000c8a00000| Untracked 
|  99|0x00000000c8b00000, 0x00000000c8c00000, 0x00000000c8c00000|100%| O|  |TAMS 0x00000000c8c00000, 0x00000000c8b00000| Untracked 
| 100|0x00000000c8c00000, 0x00000000c8d00000, 0x00000000c8d00000|100%| O|  |TAMS 0x00000000c8d00000, 0x00000000c8c00000| Untracked 
| 101|0x00000000c8d00000, 0x00000000c8e00000, 0x00000000c8e00000|100%| O|  |TAMS 0x00000000c8e00000, 0x00000000c8d00000| Untracked 
| 102|0x00000000c8e00000, 0x00000000c8f00000, 0x00000000c8f00000|100%| O|  |TAMS 0x00000000c8f00000, 0x00000000c8e00000| Untracked 
| 103|0x00000000c8f00000, 0x00000000c9000000, 0x00000000c9000000|100%| O|  |TAMS 0x00000000c9000000, 0x00000000c8f00000| Untracked 
| 104|0x00000000c9000000, 0x00000000c9100000, 0x00000000c9100000|100%| O|  |TAMS 0x00000000c9100000, 0x00000000c9000000| Untracked 
| 105|0x00000000c9100000, 0x00000000c9200000, 0x00000000c9200000|100%| O|  |TAMS 0x00000000c9200000, 0x00000000c9100000| Untracked 
| 106|0x00000000c9200000, 0x00000000c9300000, 0x00000000c9300000|100%| O|  |TAMS 0x00000000c9300000, 0x00000000c9200000| Untracked 
| 107|0x00000000c9300000, 0x00000000c9400000, 0x00000000c9400000|100%| O|  |TAMS 0x00000000c9400000, 0x00000000c9300000| Untracked 
| 108|0x00000000c9400000, 0x00000000c9500000, 0x00000000c9500000|100%| O|  |TAMS 0x00000000c9500000, 0x00000000c9400000| Untracked 
| 109|0x00000000c9500000, 0x00000000c9600000, 0x00000000c9600000|100%| O|  |TAMS 0x00000000c9600000, 0x00000000c9500000| Untracked 
| 110|0x00000000c9600000, 0x00000000c9700000, 0x00000000c9700000|100%| O|  |TAMS 0x00000000c9700000, 0x00000000c9600000| Untracked 
| 111|0x00000000c9700000, 0x00000000c9700000, 0x00000000c9800000|  0%| F|  |TAMS 0x00000000c9700000, 0x00000000c9700000| Untracked 
| 112|0x00000000c9800000, 0x00000000c9900000, 0x00000000c9900000|100%| O|  |TAMS 0x00000000c9900000, 0x00000000c9800000| Untracked 
| 113|0x00000000c9900000, 0x00000000c9a00000, 0x00000000c9a00000|100%| O|  |TAMS 0x00000000c9900000, 0x00000000c9900000| Untracked 
| 114|0x00000000c9a00000, 0x00000000c9b00000, 0x00000000c9b00000|100%| O|  |TAMS 0x00000000c9a00000, 0x00000000c9a00000| Untracked 
| 115|0x00000000c9b00000, 0x00000000c9c00000, 0x00000000c9c00000|100%| O|  |TAMS 0x00000000c9b00000, 0x00000000c9b00000| Untracked 
| 116|0x00000000c9c00000, 0x00000000c9d00000, 0x00000000c9d00000|100%| O|  |TAMS 0x00000000c9c00000, 0x00000000c9c00000| Untracked 
| 117|0x00000000c9d00000, 0x00000000c9e00000, 0x00000000c9e00000|100%| O|  |TAMS 0x00000000c9d00000, 0x00000000c9d00000| Untracked 
| 118|0x00000000c9e00000, 0x00000000c9f00000, 0x00000000c9f00000|100%| O|  |TAMS 0x00000000c9e00000, 0x00000000c9e00000| Untracked 
| 119|0x00000000c9f00000, 0x00000000ca000000, 0x00000000ca000000|100%| O|  |TAMS 0x00000000c9f00000, 0x00000000c9f00000| Untracked 
| 120|0x00000000ca000000, 0x00000000ca100000, 0x00000000ca100000|100%| O|  |TAMS 0x00000000ca100000, 0x00000000ca000000| Untracked 
| 121|0x00000000ca100000, 0x00000000ca200000, 0x00000000ca200000|100%| O|  |TAMS 0x00000000ca200000, 0x00000000ca100000| Untracked 
| 122|0x00000000ca200000, 0x00000000ca300000, 0x00000000ca300000|100%| O|  |TAMS 0x00000000ca300000, 0x00000000ca200000| Untracked 
| 123|0x00000000ca300000, 0x00000000ca400000, 0x00000000ca400000|100%| O|  |TAMS 0x00000000ca400000, 0x00000000ca300000| Untracked 
| 124|0x00000000ca400000, 0x00000000ca500000, 0x00000000ca500000|100%| O|  |TAMS 0x00000000ca500000, 0x00000000ca400000| Untracked 
| 125|0x00000000ca500000, 0x00000000ca600000, 0x00000000ca600000|100%| O|  |TAMS 0x00000000ca600000, 0x00000000ca500000| Untracked 
| 126|0x00000000ca600000, 0x00000000ca700000, 0x00000000ca700000|100%| O|  |TAMS 0x00000000ca700000, 0x00000000ca600000| Untracked 
| 127|0x00000000ca700000, 0x00000000ca800000, 0x00000000ca800000|100%| O|  |TAMS 0x00000000ca800000, 0x00000000ca700000| Untracked 
| 128|0x00000000ca800000, 0x00000000ca900000, 0x00000000ca900000|100%| O|  |TAMS 0x00000000ca8cf200, 0x00000000ca800000| Untracked 
| 129|0x00000000ca900000, 0x00000000caa00000, 0x00000000caa00000|100%| O|  |TAMS 0x00000000ca900000, 0x00000000ca900000| Untracked 
| 130|0x00000000caa00000, 0x00000000cab00000, 0x00000000cab00000|100%| O|  |TAMS 0x00000000caa00000, 0x00000000caa00000| Untracked 
| 131|0x00000000cab00000, 0x00000000cac00000, 0x00000000cac00000|100%| O|  |TAMS 0x00000000cab00000, 0x00000000cab00000| Untracked 
| 132|0x00000000cac00000, 0x00000000cad00000, 0x00000000cad00000|100%| O|  |TAMS 0x00000000cac00000, 0x00000000cac00000| Untracked 
| 133|0x00000000cad00000, 0x00000000cae00000, 0x00000000cae00000|100%| O|  |TAMS 0x00000000cad00000, 0x00000000cad00000| Untracked 
| 134|0x00000000cae00000, 0x00000000caf00000, 0x00000000caf00000|100%| O|  |TAMS 0x00000000cae00000, 0x00000000cae00000| Untracked 
| 135|0x00000000caf00000, 0x00000000cb000000, 0x00000000cb000000|100%| O|  |TAMS 0x00000000caf00000, 0x00000000caf00000| Untracked 
| 136|0x00000000cb000000, 0x00000000cb100000, 0x00000000cb100000|100%| O|  |TAMS 0x00000000cb000000, 0x00000000cb000000| Untracked 
| 137|0x00000000cb100000, 0x00000000cb200000, 0x00000000cb200000|100%| O|  |TAMS 0x00000000cb100000, 0x00000000cb100000| Untracked 
| 138|0x00000000cb200000, 0x00000000cb300000, 0x00000000cb300000|100%| O|  |TAMS 0x00000000cb200000, 0x00000000cb200000| Untracked 
| 139|0x00000000cb300000, 0x00000000cb400000, 0x00000000cb400000|100%| O|  |TAMS 0x00000000cb300000, 0x00000000cb300000| Untracked 
| 140|0x00000000cb400000, 0x00000000cb500000, 0x00000000cb500000|100%| O|  |TAMS 0x00000000cb400000, 0x00000000cb400000| Untracked 
| 141|0x00000000cb500000, 0x00000000cb600000, 0x00000000cb600000|100%| O|  |TAMS 0x00000000cb500000, 0x00000000cb500000| Untracked 
| 142|0x00000000cb600000, 0x00000000cb700000, 0x00000000cb700000|100%| O|  |TAMS 0x00000000cb600000, 0x00000000cb600000| Untracked 
| 143|0x00000000cb700000, 0x00000000cb800000, 0x00000000cb800000|100%| O|  |TAMS 0x00000000cb700000, 0x00000000cb700000| Untracked 
| 144|0x00000000cb800000, 0x00000000cb900000, 0x00000000cb900000|100%| O|  |TAMS 0x00000000cb800000, 0x00000000cb800000| Untracked 
| 145|0x00000000cb900000, 0x00000000cba00000, 0x00000000cba00000|100%|HS|  |TAMS 0x00000000cb900000, 0x00000000cb900000| Complete 
| 146|0x00000000cba00000, 0x00000000cbb00000, 0x00000000cbb00000|100%| O|  |TAMS 0x00000000cba00000, 0x00000000cba00000| Untracked 
| 147|0x00000000cbb00000, 0x00000000cbc00000, 0x00000000cbc00000|100%| O|  |TAMS 0x00000000cbb00000, 0x00000000cbb00000| Untracked 
| 148|0x00000000cbc00000, 0x00000000cbd00000, 0x00000000cbd00000|100%| O|  |TAMS 0x00000000cbc00000, 0x00000000cbc00000| Untracked 
| 149|0x00000000cbd00000, 0x00000000cbe00000, 0x00000000cbe00000|100%| O|  |TAMS 0x00000000cbd00000, 0x00000000cbd00000| Untracked 
| 150|0x00000000cbe00000, 0x00000000cbf00000, 0x00000000cbf00000|100%| O|  |TAMS 0x00000000cbe00000, 0x00000000cbe00000| Untracked 
| 151|0x00000000cbf00000, 0x00000000cc000000, 0x00000000cc000000|100%| O|  |TAMS 0x00000000cbf00000, 0x00000000cbf00000| Untracked 
| 152|0x00000000cc000000, 0x00000000cc100000, 0x00000000cc100000|100%| O|  |TAMS 0x00000000cc000000, 0x00000000cc000000| Untracked 
| 153|0x00000000cc100000, 0x00000000cc200000, 0x00000000cc200000|100%| O|  |TAMS 0x00000000cc100000, 0x00000000cc100000| Untracked 
| 154|0x00000000cc200000, 0x00000000cc300000, 0x00000000cc300000|100%| O|  |TAMS 0x00000000cc200000, 0x00000000cc200000| Untracked 
| 155|0x00000000cc300000, 0x00000000cc400000, 0x00000000cc400000|100%| O|  |TAMS 0x00000000cc300000, 0x00000000cc300000| Untracked 
| 156|0x00000000cc400000, 0x00000000cc500000, 0x00000000cc500000|100%| O|  |TAMS 0x00000000cc400000, 0x00000000cc400000| Untracked 
| 157|0x00000000cc500000, 0x00000000cc552400, 0x00000000cc600000| 32%| O|  |TAMS 0x00000000cc500000, 0x00000000cc500000| Untracked 
| 158|0x00000000cc600000, 0x00000000cc600000, 0x00000000cc700000|  0%| F|  |TAMS 0x00000000cc600000, 0x00000000cc600000| Untracked 
| 159|0x00000000cc700000, 0x00000000cc700000, 0x00000000cc800000|  0%| F|  |TAMS 0x00000000cc700000, 0x00000000cc700000| Untracked 
| 160|0x00000000cc800000, 0x00000000cc800000, 0x00000000cc900000|  0%| F|  |TAMS 0x00000000cc800000, 0x00000000cc800000| Untracked 
| 161|0x00000000cc900000, 0x00000000cc900000, 0x00000000cca00000|  0%| F|  |TAMS 0x00000000cc900000, 0x00000000cc900000| Untracked 
| 162|0x00000000cca00000, 0x00000000cca00000, 0x00000000ccb00000|  0%| F|  |TAMS 0x00000000cca00000, 0x00000000cca00000| Untracked 
| 163|0x00000000ccb00000, 0x00000000ccb00000, 0x00000000ccc00000|  0%| F|  |TAMS 0x00000000ccb00000, 0x00000000ccb00000| Untracked 
| 164|0x00000000ccc00000, 0x00000000ccc00000, 0x00000000ccd00000|  0%| F|  |TAMS 0x00000000ccc00000, 0x00000000ccc00000| Untracked 
| 165|0x00000000ccd00000, 0x00000000ccd00000, 0x00000000cce00000|  0%| F|  |TAMS 0x00000000ccd00000, 0x00000000ccd00000| Untracked 
| 166|0x00000000cce00000, 0x00000000cce00000, 0x00000000ccf00000|  0%| F|  |TAMS 0x00000000cce00000, 0x00000000cce00000| Untracked 
| 167|0x00000000ccf00000, 0x00000000ccf00000, 0x00000000cd000000|  0%| F|  |TAMS 0x00000000ccf00000, 0x00000000ccf00000| Untracked 
| 168|0x00000000cd000000, 0x00000000cd000000, 0x00000000cd100000|  0%| F|  |TAMS 0x00000000cd000000, 0x00000000cd000000| Untracked 
| 169|0x00000000cd100000, 0x00000000cd100000, 0x00000000cd200000|  0%| F|  |TAMS 0x00000000cd100000, 0x00000000cd100000| Untracked 
| 170|0x00000000cd200000, 0x00000000cd200000, 0x00000000cd300000|  0%| F|  |TAMS 0x00000000cd200000, 0x00000000cd200000| Untracked 
| 171|0x00000000cd300000, 0x00000000cd300000, 0x00000000cd400000|  0%| F|  |TAMS 0x00000000cd300000, 0x00000000cd300000| Untracked 
| 172|0x00000000cd400000, 0x00000000cd400000, 0x00000000cd500000|  0%| F|  |TAMS 0x00000000cd400000, 0x00000000cd400000| Untracked 
| 173|0x00000000cd500000, 0x00000000cd500000, 0x00000000cd600000|  0%| F|  |TAMS 0x00000000cd500000, 0x00000000cd500000| Untracked 
| 174|0x00000000cd600000, 0x00000000cd600000, 0x00000000cd700000|  0%| F|  |TAMS 0x00000000cd600000, 0x00000000cd600000| Untracked 
| 175|0x00000000cd700000, 0x00000000cd700000, 0x00000000cd800000|  0%| F|  |TAMS 0x00000000cd700000, 0x00000000cd700000| Untracked 
| 176|0x00000000cd800000, 0x00000000cd800000, 0x00000000cd900000|  0%| F|  |TAMS 0x00000000cd800000, 0x00000000cd800000| Untracked 
| 177|0x00000000cd900000, 0x00000000cd900000, 0x00000000cda00000|  0%| F|  |TAMS 0x00000000cd900000, 0x00000000cd900000| Untracked 
| 178|0x00000000cda00000, 0x00000000cda00000, 0x00000000cdb00000|  0%| F|  |TAMS 0x00000000cda00000, 0x00000000cda00000| Untracked 
| 179|0x00000000cdb00000, 0x00000000cdb00000, 0x00000000cdc00000|  0%| F|  |TAMS 0x00000000cdb00000, 0x00000000cdb00000| Untracked 
| 180|0x00000000cdc00000, 0x00000000cdc00000, 0x00000000cdd00000|  0%| F|  |TAMS 0x00000000cdc00000, 0x00000000cdc00000| Untracked 
| 181|0x00000000cdd00000, 0x00000000cdd00000, 0x00000000cde00000|  0%| F|  |TAMS 0x00000000cdd00000, 0x00000000cdd00000| Untracked 
| 182|0x00000000cde00000, 0x00000000cde00000, 0x00000000cdf00000|  0%| F|  |TAMS 0x00000000cde00000, 0x00000000cde00000| Untracked 
| 183|0x00000000cdf00000, 0x00000000cdf00000, 0x00000000ce000000|  0%| F|  |TAMS 0x00000000cdf00000, 0x00000000cdf00000| Untracked 
| 184|0x00000000ce000000, 0x00000000ce000000, 0x00000000ce100000|  0%| F|  |TAMS 0x00000000ce000000, 0x00000000ce000000| Untracked 
| 185|0x00000000ce100000, 0x00000000ce100000, 0x00000000ce200000|  0%| F|  |TAMS 0x00000000ce100000, 0x00000000ce100000| Untracked 
| 186|0x00000000ce200000, 0x00000000ce200000, 0x00000000ce300000|  0%| F|  |TAMS 0x00000000ce200000, 0x00000000ce200000| Untracked 
| 187|0x00000000ce300000, 0x00000000ce300000, 0x00000000ce400000|  0%| F|  |TAMS 0x00000000ce300000, 0x00000000ce300000| Untracked 
| 188|0x00000000ce400000, 0x00000000ce400000, 0x00000000ce500000|  0%| F|  |TAMS 0x00000000ce400000, 0x00000000ce400000| Untracked 
| 189|0x00000000ce500000, 0x00000000ce500000, 0x00000000ce600000|  0%| F|  |TAMS 0x00000000ce500000, 0x00000000ce500000| Untracked 
| 190|0x00000000ce600000, 0x00000000ce600000, 0x00000000ce700000|  0%| F|  |TAMS 0x00000000ce600000, 0x00000000ce600000| Untracked 
| 191|0x00000000ce700000, 0x00000000ce700000, 0x00000000ce800000|  0%| F|  |TAMS 0x00000000ce700000, 0x00000000ce700000| Untracked 
| 192|0x00000000ce800000, 0x00000000ce800000, 0x00000000ce900000|  0%| F|  |TAMS 0x00000000ce800000, 0x00000000ce800000| Untracked 
| 193|0x00000000ce900000, 0x00000000ce900000, 0x00000000cea00000|  0%| F|  |TAMS 0x00000000ce900000, 0x00000000ce900000| Untracked 
| 194|0x00000000cea00000, 0x00000000cea00000, 0x00000000ceb00000|  0%| F|  |TAMS 0x00000000cea00000, 0x00000000cea00000| Untracked 
| 195|0x00000000ceb00000, 0x00000000ceb00000, 0x00000000cec00000|  0%| F|  |TAMS 0x00000000ceb00000, 0x00000000ceb00000| Untracked 
| 196|0x00000000cec00000, 0x00000000cec00000, 0x00000000ced00000|  0%| F|  |TAMS 0x00000000cec00000, 0x00000000cec00000| Untracked 
| 197|0x00000000ced00000, 0x00000000ced00000, 0x00000000cee00000|  0%| F|  |TAMS 0x00000000ced00000, 0x00000000ced00000| Untracked 
| 198|0x00000000cee00000, 0x00000000cee00000, 0x00000000cef00000|  0%| F|  |TAMS 0x00000000cee00000, 0x00000000cee00000| Untracked 
| 199|0x00000000cef00000, 0x00000000cef00000, 0x00000000cf000000|  0%| F|  |TAMS 0x00000000cef00000, 0x00000000cef00000| Untracked 
| 200|0x00000000cf000000, 0x00000000cf000000, 0x00000000cf100000|  0%| F|  |TAMS 0x00000000cf000000, 0x00000000cf000000| Untracked 
| 201|0x00000000cf100000, 0x00000000cf100000, 0x00000000cf200000|  0%| F|  |TAMS 0x00000000cf100000, 0x00000000cf100000| Untracked 
| 202|0x00000000cf200000, 0x00000000cf200000, 0x00000000cf300000|  0%| F|  |TAMS 0x00000000cf200000, 0x00000000cf200000| Untracked 
| 203|0x00000000cf300000, 0x00000000cf300000, 0x00000000cf400000|  0%| F|  |TAMS 0x00000000cf300000, 0x00000000cf300000| Untracked 
| 204|0x00000000cf400000, 0x00000000cf400000, 0x00000000cf500000|  0%| F|  |TAMS 0x00000000cf400000, 0x00000000cf400000| Untracked 
| 205|0x00000000cf500000, 0x00000000cf500000, 0x00000000cf600000|  0%| F|  |TAMS 0x00000000cf500000, 0x00000000cf500000| Untracked 
| 206|0x00000000cf600000, 0x00000000cf600000, 0x00000000cf700000|  0%| F|  |TAMS 0x00000000cf600000, 0x00000000cf600000| Untracked 
| 207|0x00000000cf700000, 0x00000000cf700000, 0x00000000cf800000|  0%| F|  |TAMS 0x00000000cf700000, 0x00000000cf700000| Untracked 
| 208|0x00000000cf800000, 0x00000000cf800000, 0x00000000cf900000|  0%| F|  |TAMS 0x00000000cf800000, 0x00000000cf800000| Untracked 
| 209|0x00000000cf900000, 0x00000000cf900000, 0x00000000cfa00000|  0%| F|  |TAMS 0x00000000cf900000, 0x00000000cf900000| Untracked 
| 210|0x00000000cfa00000, 0x00000000cfa00000, 0x00000000cfb00000|  0%| F|  |TAMS 0x00000000cfa00000, 0x00000000cfa00000| Untracked 
| 211|0x00000000cfb00000, 0x00000000cfb00000, 0x00000000cfc00000|  0%| F|  |TAMS 0x00000000cfb00000, 0x00000000cfb00000| Untracked 
| 212|0x00000000cfc00000, 0x00000000cfc00000, 0x00000000cfd00000|  0%| F|  |TAMS 0x00000000cfc00000, 0x00000000cfc00000| Untracked 
| 213|0x00000000cfd00000, 0x00000000cfd00000, 0x00000000cfe00000|  0%| F|  |TAMS 0x00000000cfd00000, 0x00000000cfd00000| Untracked 
| 214|0x00000000cfe00000, 0x00000000cfe00000, 0x00000000cff00000|  0%| F|  |TAMS 0x00000000cfe00000, 0x00000000cfe00000| Untracked 
| 215|0x00000000cff00000, 0x00000000cff00000, 0x00000000d0000000|  0%| F|  |TAMS 0x00000000cff00000, 0x00000000cff00000| Untracked 
| 216|0x00000000d0000000, 0x00000000d0000000, 0x00000000d0100000|  0%| F|  |TAMS 0x00000000d0000000, 0x00000000d0000000| Untracked 
| 217|0x00000000d0100000, 0x00000000d0100000, 0x00000000d0200000|  0%| F|  |TAMS 0x00000000d0100000, 0x00000000d0100000| Untracked 
| 218|0x00000000d0200000, 0x00000000d0200000, 0x00000000d0300000|  0%| F|  |TAMS 0x00000000d0200000, 0x00000000d0200000| Untracked 
| 219|0x00000000d0300000, 0x00000000d0300000, 0x00000000d0400000|  0%| F|  |TAMS 0x00000000d0300000, 0x00000000d0300000| Untracked 
| 220|0x00000000d0400000, 0x00000000d0400000, 0x00000000d0500000|  0%| F|  |TAMS 0x00000000d0400000, 0x00000000d0400000| Untracked 
| 221|0x00000000d0500000, 0x00000000d0500000, 0x00000000d0600000|  0%| F|  |TAMS 0x00000000d0500000, 0x00000000d0500000| Untracked 
| 222|0x00000000d0600000, 0x00000000d0600000, 0x00000000d0700000|  0%| F|  |TAMS 0x00000000d0600000, 0x00000000d0600000| Untracked 
| 223|0x00000000d0700000, 0x00000000d0700000, 0x00000000d0800000|  0%| F|  |TAMS 0x00000000d0700000, 0x00000000d0700000| Untracked 
| 224|0x00000000d0800000, 0x00000000d0800000, 0x00000000d0900000|  0%| F|  |TAMS 0x00000000d0800000, 0x00000000d0800000| Untracked 
| 225|0x00000000d0900000, 0x00000000d0900000, 0x00000000d0a00000|  0%| F|  |TAMS 0x00000000d0900000, 0x00000000d0900000| Untracked 
| 226|0x00000000d0a00000, 0x00000000d0a00000, 0x00000000d0b00000|  0%| F|  |TAMS 0x00000000d0a00000, 0x00000000d0a00000| Untracked 
| 227|0x00000000d0b00000, 0x00000000d0b00000, 0x00000000d0c00000|  0%| F|  |TAMS 0x00000000d0b00000, 0x00000000d0b00000| Untracked 
| 228|0x00000000d0c00000, 0x00000000d0c00000, 0x00000000d0d00000|  0%| F|  |TAMS 0x00000000d0c00000, 0x00000000d0c00000| Untracked 
| 229|0x00000000d0d00000, 0x00000000d0d00000, 0x00000000d0e00000|  0%| F|  |TAMS 0x00000000d0d00000, 0x00000000d0d00000| Untracked 
| 230|0x00000000d0e00000, 0x00000000d0e00000, 0x00000000d0f00000|  0%| F|  |TAMS 0x00000000d0e00000, 0x00000000d0e00000| Untracked 
| 231|0x00000000d0f00000, 0x00000000d0f00000, 0x00000000d1000000|  0%| F|  |TAMS 0x00000000d0f00000, 0x00000000d0f00000| Untracked 
| 232|0x00000000d1000000, 0x00000000d1000000, 0x00000000d1100000|  0%| F|  |TAMS 0x00000000d1000000, 0x00000000d1000000| Untracked 
| 233|0x00000000d1100000, 0x00000000d1100000, 0x00000000d1200000|  0%| F|  |TAMS 0x00000000d1100000, 0x00000000d1100000| Untracked 
| 234|0x00000000d1200000, 0x00000000d1200000, 0x00000000d1300000|  0%| F|  |TAMS 0x00000000d1200000, 0x00000000d1200000| Untracked 
| 235|0x00000000d1300000, 0x00000000d1400000, 0x00000000d1400000|100%| S|CS|TAMS 0x00000000d1300000, 0x00000000d1300000| Complete 
| 236|0x00000000d1400000, 0x00000000d1500000, 0x00000000d1500000|100%| S|CS|TAMS 0x00000000d1400000, 0x00000000d1400000| Complete 
| 237|0x00000000d1500000, 0x00000000d1500000, 0x00000000d1600000|  0%| F|  |TAMS 0x00000000d1500000, 0x00000000d1500000| Untracked 
| 238|0x00000000d1600000, 0x00000000d1600000, 0x00000000d1700000|  0%| F|  |TAMS 0x00000000d1600000, 0x00000000d1600000| Untracked 
| 239|0x00000000d1700000, 0x00000000d1700000, 0x00000000d1800000|  0%| F|  |TAMS 0x00000000d1700000, 0x00000000d1700000| Untracked 
| 240|0x00000000d1800000, 0x00000000d1800000, 0x00000000d1900000|  0%| F|  |TAMS 0x00000000d1800000, 0x00000000d1800000| Untracked 
| 241|0x00000000d1900000, 0x00000000d1900000, 0x00000000d1a00000|  0%| F|  |TAMS 0x00000000d1900000, 0x00000000d1900000| Untracked 
| 242|0x00000000d1a00000, 0x00000000d1a00000, 0x00000000d1b00000|  0%| F|  |TAMS 0x00000000d1a00000, 0x00000000d1a00000| Untracked 
| 243|0x00000000d1b00000, 0x00000000d1b00000, 0x00000000d1c00000|  0%| F|  |TAMS 0x00000000d1b00000, 0x00000000d1b00000| Untracked 
| 244|0x00000000d1c00000, 0x00000000d1c00000, 0x00000000d1d00000|  0%| F|  |TAMS 0x00000000d1c00000, 0x00000000d1c00000| Untracked 

Card table byte_map: [0x0000018892710000,0x0000018892900000] _byte_map_base: 0x00000188920fc000

Marking Bits (Prev, Next): (CMBitMap*) 0x00000188ff8d3de0, (CMBitMap*) 0x00000188ff8d3e20
 Prev Bits: [0x0000018892af0000, 0x0000018893a50000)
 Next Bits: [0x0000018893a50000, 0x00000188949b0000)

Polling page: 0x00000188fd780000

Metaspace:

Usage:
  Non-class:     30.61 MB used.
      Class:      4.54 MB used.
       Both:     35.15 MB used.

Virtual space:
  Non-class space:       64.00 MB reserved,      30.75 MB ( 48%) committed,  1 nodes.
      Class space:        1.00 GB reserved,       4.69 MB ( <1%) committed,  1 nodes.
             Both:        1.06 GB reserved,      35.44 MB (  3%) committed. 

Chunk freelists:
   Non-Class:  985.00 KB
       Class:  11.27 MB
        Both:  12.23 MB

MaxMetaspaceSize: unlimited
CompressedClassSpaceSize: 1.00 GB
Initial GC threshold: 21.00 MB
Current GC threshold: 59.06 MB
CDS: off
MetaspaceReclaimPolicy: balanced
 - commit_granule_bytes: 65536.
 - commit_granule_words: 8192.
 - virtual_space_node_default_size: 8388608.
 - enlarge_chunks_in_place: 1.
 - new_chunks_are_fully_committed: 0.
 - uncommit_free_chunks: 1.
 - use_allocation_guard: 0.
 - handle_deallocations: 1.


Internal statistics:

num_allocs_failed_limit: 3.
num_arena_births: 316.
num_arena_deaths: 0.
num_vsnodes_births: 2.
num_vsnodes_deaths: 0.
num_space_committed: 567.
num_space_uncommitted: 0.
num_chunks_returned_to_freelist: 3.
num_chunks_taken_from_freelist: 1265.
num_chunk_merges: 3.
num_chunk_splits: 845.
num_chunks_enlarged: 623.
num_inconsistent_stats: 0.

CodeHeap 'non-profiled nmethods': size=120000Kb used=2148Kb max_used=2148Kb free=117851Kb
 bounds [0x000001888b1e0000, 0x000001888b450000, 0x0000018892710000]
CodeHeap 'profiled nmethods': size=120000Kb used=9691Kb max_used=9691Kb free=110308Kb
 bounds [0x0000018883710000, 0x0000018884090000, 0x000001888ac40000]
CodeHeap 'non-nmethods': size=5760Kb used=1497Kb max_used=1541Kb free=4262Kb
 bounds [0x000001888ac40000, 0x000001888aeb0000, 0x000001888b1e0000]
 total_blobs=5504 nmethods=4619 adapters=795
 compilation: enabled
              stopped_count=0, restarted_count=0
 full_count=0

Compilation events (20 events):
Event: 19.532 Thread 0x0000018897600930 4669       2       java.util.HashMap::putVal (300 bytes)
Event: 19.532 Thread 0x0000018897600930 nmethod 4669 0x000001888407dc90 code [0x000001888407dee0, 0x000001888407e678]
Event: 19.532 Thread 0x0000018897600930 4671       2       java.util.HashMap::resize (356 bytes)
Event: 19.533 Thread 0x0000018897600930 nmethod 4671 0x000001888407eb10 code [0x000001888407ed40, 0x000001888407f7c8]
Event: 19.533 Thread 0x0000018897600930 4670       2       edu.stanford.nlp.parser.lexparser.BinaryRule::hashCode (36 bytes)
Event: 19.533 Thread 0x0000018897600930 nmethod 4670 0x000001888407fc10 code [0x000001888407fda0, 0x000001888407fed8]
Event: 19.536 Thread 0x0000018897600930 4672       2       java.util.HashMap$TreeNode::balanceInsertion (245 bytes)
Event: 19.536 Thread 0x0000018897600930 nmethod 4672 0x000001888407ff90 code [0x00000188840801a0, 0x00000188840807f8]
Event: 19.537 Thread 0x0000018897600930 4673 %     3       java.util.HashMap::resize @ 235 (356 bytes)
Event: 19.538 Thread 0x0000018897600930 nmethod 4673% 0x0000018884080c10 code [0x0000018884080ec0, 0x0000018884082428]
Event: 19.539 Thread 0x0000018897600930 4674       2       java.util.HashMap$TreeNode::<init> (10 bytes)
Event: 19.539 Thread 0x0000018897600930 nmethod 4674 0x0000018884082910 code [0x0000018884082aa0, 0x0000018884082bc8]
Event: 19.540 Thread 0x0000018897600930 4675       2       java.util.HashMap::replacementTreeNode (21 bytes)
Event: 19.541 Thread 0x0000018897600930 nmethod 4675 0x0000018884082c90 code [0x0000018884082e40, 0x0000018884082fe8]
Event: 19.542 Thread 0x0000018897600930 4676 %     3       java.util.HashMap::resize @ 151 (356 bytes)
Event: 19.542 Thread 0x0000018897600930 nmethod 4676% 0x0000018884083110 code [0x00000188840833c0, 0x0000018884084868]
Event: 19.543 Thread 0x0000018897600930 4677       3       java.util.HashMap::resize (356 bytes)
Event: 19.543 Thread 0x0000018897600930 nmethod 4677 0x0000018884084d90 code [0x0000018884085040, 0x0000018884086408]
Event: 19.543 Thread 0x0000018897600930 4678       2       java.util.HashMap$TreeNode::rotateLeft (91 bytes)
Event: 19.543 Thread 0x0000018897600930 nmethod 4678 0x0000018884086890 code [0x0000018884086a40, 0x0000018884086e18]

GC Heap History (20 events):
Event: 18.752 GC heap after
{Heap after GC invocations=11 (full 0):
 garbage-first heap   total 76800K, used 51642K [0x00000000c2800000, 0x0000000100000000)
  region size 1024K, 3 young (3072K), 3 survivors (3072K)
 Metaspace       used 35203K, committed 35520K, reserved 1114112K
  class space    used 4574K, committed 4736K, reserved 1048576K
}
Event: 18.756 GC heap before
{Heap before GC invocations=11 (full 0):
 garbage-first heap   total 76800K, used 52666K [0x00000000c2800000, 0x0000000100000000)
  region size 1024K, 4 young (4096K), 3 survivors (3072K)
 Metaspace       used 35204K, committed 35520K, reserved 1114112K
  class space    used 4574K, committed 4736K, reserved 1048576K
}
Event: 18.760 GC heap after
{Heap after GC invocations=12 (full 0):
 garbage-first heap   total 76800K, used 52465K [0x00000000c2800000, 0x0000000100000000)
  region size 1024K, 1 young (1024K), 1 survivors (1024K)
 Metaspace       used 35204K, committed 35520K, reserved 1114112K
  class space    used 4574K, committed 4736K, reserved 1048576K
}
Event: 18.792 GC heap before
{Heap before GC invocations=12 (full 0):
 garbage-first heap   total 76800K, used 61681K [0x00000000c2800000, 0x0000000100000000)
  region size 1024K, 10 young (10240K), 1 survivors (1024K)
 Metaspace       used 35204K, committed 35520K, reserved 1114112K
  class space    used 4574K, committed 4736K, reserved 1048576K
}
Event: 18.796 GC heap after
{Heap after GC invocations=13 (full 0):
 garbage-first heap   total 76800K, used 58105K [0x00000000c2800000, 0x0000000100000000)
  region size 1024K, 2 young (2048K), 2 survivors (2048K)
 Metaspace       used 35204K, committed 35520K, reserved 1114112K
  class space    used 4574K, committed 4736K, reserved 1048576K
}
Event: 18.821 GC heap before
{Heap before GC invocations=13 (full 0):
 garbage-first heap   total 104448K, used 62201K [0x00000000c2800000, 0x0000000100000000)
  region size 1024K, 6 young (6144K), 2 survivors (2048K)
 Metaspace       used 35204K, committed 35520K, reserved 1114112K
  class space    used 4574K, committed 4736K, reserved 1048576K
}
Event: 18.824 GC heap after
{Heap after GC invocations=14 (full 0):
 garbage-first heap   total 104448K, used 61056K [0x00000000c2800000, 0x0000000100000000)
  region size 1024K, 1 young (1024K), 1 survivors (1024K)
 Metaspace       used 35204K, committed 35520K, reserved 1114112K
  class space    used 4574K, committed 4736K, reserved 1048576K
}
Event: 18.847 GC heap before
{Heap before GC invocations=15 (full 0):
 garbage-first heap   total 104448K, used 65152K [0x00000000c2800000, 0x0000000100000000)
  region size 1024K, 6 young (6144K), 1 survivors (1024K)
 Metaspace       used 35204K, committed 35520K, reserved 1114112K
  class space    used 4574K, committed 4736K, reserved 1048576K
}
Event: 18.851 GC heap after
{Heap after GC invocations=16 (full 0):
 garbage-first heap   total 222208K, used 64245K [0x00000000c2800000, 0x0000000100000000)
  region size 1024K, 2 young (2048K), 2 survivors (2048K)
 Metaspace       used 35204K, committed 35520K, reserved 1114112K
  class space    used 4574K, committed 4736K, reserved 1048576K
}
Event: 19.073 GC heap before
{Heap before GC invocations=16 (full 0):
 garbage-first heap   total 222208K, used 141045K [0x00000000c2800000, 0x0000000100000000)
  region size 1024K, 65 young (66560K), 2 survivors (2048K)
 Metaspace       used 35317K, committed 35648K, reserved 1114112K
  class space    used 4585K, committed 4736K, reserved 1048576K
}
Event: 19.104 GC heap after
{Heap after GC invocations=17 (full 0):
 garbage-first heap   total 222208K, used 113218K [0x00000000c2800000, 0x0000000100000000)
  region size 1024K, 9 young (9216K), 9 survivors (9216K)
 Metaspace       used 35317K, committed 35648K, reserved 1114112K
  class space    used 4585K, committed 4736K, reserved 1048576K
}
Event: 19.111 GC heap before
{Heap before GC invocations=17 (full 0):
 garbage-first heap   total 222208K, used 114242K [0x00000000c2800000, 0x0000000100000000)
  region size 1024K, 11 young (11264K), 9 survivors (9216K)
 Metaspace       used 35317K, committed 35648K, reserved 1114112K
  class space    used 4585K, committed 4736K, reserved 1048576K
}
Event: 19.122 GC heap after
{Heap after GC invocations=18 (full 0):
 garbage-first heap   total 222208K, used 117206K [0x00000000c2800000, 0x0000000100000000)
  region size 1024K, 2 young (2048K), 2 survivors (2048K)
 Metaspace       used 35317K, committed 35648K, reserved 1114112K
  class space    used 4585K, committed 4736K, reserved 1048576K
}
Event: 19.231 GC heap before
{Heap before GC invocations=19 (full 0):
 garbage-first heap   total 244736K, used 154070K [0x00000000c2800000, 0x0000000100000000)
  region size 1024K, 33 young (33792K), 2 survivors (2048K)
 Metaspace       used 35442K, committed 35776K, reserved 1114112K
  class space    used 4604K, committed 4800K, reserved 1048576K
}
Event: 19.244 GC heap after
{Heap after GC invocations=20 (full 0):
 garbage-first heap   total 244736K, used 137020K [0x00000000c2800000, 0x0000000100000000)
  region size 1024K, 5 young (5120K), 5 survivors (5120K)
 Metaspace       used 35442K, committed 35776K, reserved 1114112K
  class space    used 4604K, committed 4800K, reserved 1048576K
}
Event: 19.330 GC heap before
{Heap before GC invocations=20 (full 0):
 garbage-first heap   total 244736K, used 166716K [0x00000000c2800000, 0x0000000100000000)
  region size 1024K, 35 young (35840K), 5 survivors (5120K)
 Metaspace       used 35482K, committed 35840K, reserved 1114112K
  class space    used 4605K, committed 4800K, reserved 1048576K
}
Event: 19.352 GC heap after
{Heap after GC invocations=21 (full 0):
 garbage-first heap   total 244736K, used 153310K [0x00000000c2800000, 0x0000000100000000)
  region size 1024K, 5 young (5120K), 5 survivors (5120K)
 Metaspace       used 35482K, committed 35840K, reserved 1114112K
  class space    used 4605K, committed 4800K, reserved 1048576K
}
Event: 19.506 GC heap before
{Heap before GC invocations=22 (full 0):
 garbage-first heap   total 250880K, used 171742K [0x00000000c2800000, 0x0000000100000000)
  region size 1024K, 32 young (32768K), 5 survivors (5120K)
 Metaspace       used 35986K, committed 36288K, reserved 1114112K
  class space    used 4649K, committed 4800K, reserved 1048576K
}
Event: 19.517 GC heap after
{Heap after GC invocations=23 (full 0):
 garbage-first heap   total 250880K, used 154624K [0x00000000c2800000, 0x0000000100000000)
  region size 1024K, 4 young (4096K), 4 survivors (4096K)
 Metaspace       used 35986K, committed 36288K, reserved 1114112K
  class space    used 4649K, committed 4800K, reserved 1048576K
}
Event: 19.543 GC heap before
{Heap before GC invocations=23 (full 0):
 garbage-first heap   total 250880K, used 162816K [0x00000000c2800000, 0x0000000100000000)
  region size 1024K, 12 young (12288K), 4 survivors (4096K)
 Metaspace       used 35997K, committed 36288K, reserved 1114112K
  class space    used 4650K, committed 4800K, reserved 1048576K
}

Dll operation events (3 events):
Event: 0.015 Loaded shared library C:\Users\elbootic.com\.jdks\jbr-17.0.8.1\bin\java.dll
Event: 0.053 Loaded shared library C:\Users\elbootic.com\.jdks\jbr-17.0.8.1\bin\jsvml.dll
Event: 18.586 Loaded shared library C:\Users\elbootic.com\.jdks\jbr-17.0.8.1\bin\verify.dll

Deoptimization events (20 events):
Event: 19.480 Thread 0x000001889c560b70 DEOPT PACKING pc=0x000001888b3f6364 sp=0x0000006de3af9950
Event: 19.480 Thread 0x000001889c560b70 DEOPT UNPACKING pc=0x000001888ac969a3 sp=0x0000006de3af9908 mode 2
Event: 19.506 Thread 0x000001889c560b70 Uncommon trap: trap_request=0xffffff45 fr.pc=0x000001888b3f4244 relative=0x0000000000000324
Event: 19.506 Thread 0x000001889c560b70 Uncommon trap: reason=unstable_if action=reinterpret pc=0x000001888b3f4244 method=java.io.ObjectStreamClass$FieldReflector.setPrimFieldValues(Ljava/lang/Object;[B)V @ 56 c2
Event: 19.506 Thread 0x000001889c560b70 DEOPT PACKING pc=0x000001888b3f4244 sp=0x0000006de3afacb0
Event: 19.506 Thread 0x000001889c560b70 DEOPT UNPACKING pc=0x000001888ac969a3 sp=0x0000006de3afac58 mode 2
Event: 19.531 Thread 0x000001889c560b70 Uncommon trap: trap_request=0xffffff45 fr.pc=0x000001888b3a3528 relative=0x0000000000000708
Event: 19.531 Thread 0x000001889c560b70 Uncommon trap: reason=unstable_if action=reinterpret pc=0x000001888b3a3528 method=java.util.HashMap.putVal(ILjava/lang/Object;Ljava/lang/Object;ZZ)Ljava/lang/Object; @ 162 c2
Event: 19.531 Thread 0x000001889c560b70 DEOPT PACKING pc=0x000001888b3a3528 sp=0x0000006de3afb2d0
Event: 19.531 Thread 0x000001889c560b70 DEOPT UNPACKING pc=0x000001888ac969a3 sp=0x0000006de3afb218 mode 2
Event: 19.532 Thread 0x000001889c560b70 Uncommon trap: trap_request=0xffffff45 fr.pc=0x000001888b3a8828 relative=0x0000000000000588
Event: 19.532 Thread 0x000001889c560b70 Uncommon trap: reason=unstable_if action=reinterpret pc=0x000001888b3a8828 method=java.util.HashMap.putVal(ILjava/lang/Object;Ljava/lang/Object;ZZ)Ljava/lang/Object; @ 162 c2
Event: 19.532 Thread 0x000001889c560b70 DEOPT PACKING pc=0x000001888b3a8828 sp=0x0000006de3afb230
Event: 19.532 Thread 0x000001889c560b70 DEOPT UNPACKING pc=0x000001888ac969a3 sp=0x0000006de3afb210 mode 2
Event: 19.532 Thread 0x000001889c560b70 Uncommon trap: trap_request=0xffffff45 fr.pc=0x000001888b26ce0c relative=0x0000000000000a2c
Event: 19.532 Thread 0x000001889c560b70 Uncommon trap: reason=unstable_if action=reinterpret pc=0x000001888b26ce0c method=java.util.HashMap.resize()[Ljava/util/HashMap$Node; @ 203 c2
Event: 19.532 Thread 0x000001889c560b70 DEOPT PACKING pc=0x000001888b26ce0c sp=0x0000006de3afb160
Event: 19.532 Thread 0x000001889c560b70 DEOPT UNPACKING pc=0x000001888ac969a3 sp=0x0000006de3afb108 mode 2
Event: 19.542 Thread 0x000001889c560b70 DEOPT PACKING pc=0x000001888407f5fb sp=0x0000006de3afb1c0
Event: 19.542 Thread 0x000001889c560b70 DEOPT UNPACKING pc=0x000001888ac97143 sp=0x0000006de3afa620 mode 0

Classes unloaded (0 events):
No events

Classes redefined (0 events):
No events

Internal exceptions (20 events):
Event: 3.329 Thread 0x000001889c560b70 Exception <a 'java/io/FileNotFoundException'{0x00000000c6537990}> (0x00000000c6537990) 
thrown [s\src\hotspot\share\prims\jni.cpp, line 517]
Event: 3.420 Thread 0x000001889c560b70 Exception <a 'java/lang/NoSuchMethodError'{0x00000000c6e260d8}: 'int java.lang.invoke.DirectMethodHandle$Holder.invokeSpecial(java.lang.Object, java.lang.Object, int)'> (0x00000000c6e260d8) 
thrown [s\src\hotspot\share\interpreter\linkResolver.cpp, line 771]
Event: 3.531 Thread 0x000001889c560b70 Exception <a 'java/lang/NoSuchMethodError'{0x00000000c6910828}: 'void java.lang.invoke.DirectMethodHandle$Holder.invokeSpecial(java.lang.Object, java.lang.Object, int, int)'> (0x00000000c6910828) 
thrown [s\src\hotspot\share\interpreter\linkResolver.cpp, line 771]
Event: 3.532 Thread 0x000001889c560b70 Exception <a 'java/lang/NoSuchMethodError'{0x00000000c6917008}: 'java.lang.Object java.lang.invoke.DirectMethodHandle$Holder.newInvokeSpecial(java.lang.Object, java.lang.Object, int, int)'> (0x00000000c6917008) 
thrown [s\src\hotspot\share\interpreter\linkResolver.cpp, line 771]
Event: 3.536 Thread 0x000001889c560b70 Exception <a 'java/lang/NoSuchMethodError'{0x00000000c692c080}: 'java.lang.Object java.lang.invoke.DirectMethodHandle$Holder.newInvokeSpecial(java.lang.Object, java.lang.Object, int)'> (0x00000000c692c080) 
thrown [s\src\hotspot\share\interpreter\linkResolver.cpp, line 771]
Event: 3.711 Thread 0x000001889c41d910 Exception <a 'java/lang/NoSuchMethodError'{0x00000000c6880360}: 'int java.lang.invoke.DirectMethodHandle$Holder.invokeStaticInit(java.lang.Object, java.lang.Object)'> (0x00000000c6880360) 
thrown [s\src\hotspot\share\interpreter\linkResolver.cpp, line 771]
Event: 3.951 Thread 0x000001889c41d910 Exception <a 'java/lang/NoSuchMethodError'{0x00000000c72b1590}: 'java.lang.Object java.lang.invoke.DirectMethodHandle$Holder.invokeStaticInit(java.lang.Object, int)'> (0x00000000c72b1590) 
thrown [s\src\hotspot\share\interpreter\linkResolver.cpp, line 771]
Event: 6.954 Thread 0x000001889c560b70 Exception <a 'java/lang/NoSuchMethodError'{0x00000000c6e26fa8}: 'long java.lang.invoke.DirectMethodHandle$Holder.invokeStatic(java.lang.Object, java.lang.Object, java.lang.Object)'> (0x00000000c6e26fa8) 
thrown [s\src\hotspot\share\interpreter\linkResolver.cpp, line 771]
Event: 6.954 Thread 0x000001889c560b70 Exception <a 'java/lang/NoSuchMethodError'{0x00000000c6e2a750}: 'long java.lang.invoke.DirectMethodHandle$Holder.invokeStaticInit(java.lang.Object, java.lang.Object, java.lang.Object)'> (0x00000000c6e2a750) 
thrown [s\src\hotspot\share\interpreter\linkResolver.cpp, line 771]
Event: 6.955 Thread 0x000001889c560b70 Exception <a 'java/lang/NoSuchMethodError'{0x00000000c6e42350}: 'java.lang.Object java.lang.invoke.DirectMethodHandle$Holder.newInvokeSpecial(java.lang.Object, java.lang.Object, long)'> (0x00000000c6e42350) 
thrown [s\src\hotspot\share\interpreter\linkResolver.cpp, line 771]
Event: 6.956 Thread 0x000001889c560b70 Exception <a 'java/lang/NoSuchMethodError'{0x00000000c6e45ec0}: 'java.lang.Object java.lang.invoke.Invokers$Holder.linkToTargetMethod(java.lang.Object, long, java.lang.Object)'> (0x00000000c6e45ec0) 
thrown [s\src\hotspot\share\interpreter\linkResolver.cpp, line 771]
Event: 7.238 Thread 0x000001889c560b70 Exception <a 'java/lang/NoSuchMethodError'{0x00000000c6da76c0}: 'java.lang.Object java.lang.invoke.DirectMethodHandle$Holder.invokeStatic(java.lang.Object, int, java.lang.Object)'> (0x00000000c6da76c0) 
thrown [s\src\hotspot\share\interpreter\linkResolver.cpp, line 771]
Event: 7.243 Thread 0x000001889c560b70 Exception <a 'java/lang/ClassNotFoundException'{0x00000000c6db88b0}: sun/util/logging/resources/spi/loggingProvider> (0x00000000c6db88b0) 
thrown [s\src\hotspot\share\classfile\systemDictionary.cpp, line 256]
Event: 18.572 Thread 0x000001889c560b70 Exception <a 'java/lang/NoSuchMethodError'{0x00000000c698ff68}: 'void java.lang.invoke.DirectMethodHandle$Holder.invokeStaticInit(java.lang.Object, java.lang.Object, java.lang.Object)'> (0x00000000c698ff68) 
thrown [s\src\hotspot\share\interpreter\linkResolver.cpp, line 771]
Event: 18.606 Thread 0x000001889c560b70 Exception <a 'java/lang/NoSuchMethodError'{0x00000000c68aaa00}: 'void java.lang.invoke.DirectMethodHandle$Holder.invokeInterface(java.lang.Object, java.lang.Object)'> (0x00000000c68aaa00) 
thrown [s\src\hotspot\share\interpreter\linkResolver.cpp, line 771]
Event: 18.606 Thread 0x000001889c560b70 Exception <a 'java/lang/IncompatibleClassChangeError'{0x00000000c68adf90}: Found class java.lang.Object, but interface was expected> (0x00000000c68adf90) 
thrown [s\src\hotspot\share\interpreter\linkResolver.cpp, line 838]
Event: 18.639 Thread 0x000001889c560b70 Exception <a 'java/lang/ClassNotFoundException'{0x00000000c67974d8}: javax/smartcardio/CardPermission> (0x00000000c67974d8) 
thrown [s\src\hotspot\share\classfile\systemDictionary.cpp, line 256]
Event: 18.641 Thread 0x000001889c560b70 Exception <a 'java/io/FileNotFoundException'{0x00000000c67a5e68}> (0x00000000c67a5e68) 
thrown [s\src\hotspot\share\prims\jni.cpp, line 517]
Event: 18.668 Thread 0x000001889c560b70 Exception <a 'java/lang/NoSuchMethodError'{0x00000000c669e290}: 'org.slf4j.impl.StaticMDCBinder org.slf4j.impl.StaticMDCBinder.getSingleton()'> (0x00000000c669e290) 
thrown [s\src\hotspot\share\interpreter\linkResolver.cpp, line 771]
Event: 18.703 Thread 0x000001889c560b70 Exception <a 'java/lang/NoSuchMethodError'{0x00000000c6429400}: 'int java.lang.invoke.DirectMethodHandle$Holder.invokeStatic(java.lang.Object, java.lang.Object, int)'> (0x00000000c6429400) 
thrown [s\src\hotspot\share\interpreter\linkResolver.cpp, line 771]

VM Operations (20 events):
Event: 19.104 Executing VM operation: G1CollectForAllocation done
Event: 19.111 Executing VM operation: G1TryInitiateConcMark
Event: 19.122 Executing VM operation: G1TryInitiateConcMark done
Event: 19.185 Executing VM operation: G1PauseRemark
Event: 19.188 Executing VM operation: G1PauseRemark done
Event: 19.219 Executing VM operation: G1PauseCleanup
Event: 19.219 Executing VM operation: G1PauseCleanup done
Event: 19.231 Executing VM operation: G1CollectForAllocation
Event: 19.244 Executing VM operation: G1CollectForAllocation done
Event: 19.330 Executing VM operation: G1TryInitiateConcMark
Event: 19.352 Executing VM operation: G1TryInitiateConcMark done
Event: 19.380 Executing VM operation: HandshakeAllThreads
Event: 19.380 Executing VM operation: HandshakeAllThreads done
Event: 19.427 Executing VM operation: G1PauseRemark
Event: 19.429 Executing VM operation: G1PauseRemark done
Event: 19.461 Executing VM operation: G1PauseCleanup
Event: 19.462 Executing VM operation: G1PauseCleanup done
Event: 19.506 Executing VM operation: G1CollectForAllocation
Event: 19.517 Executing VM operation: G1CollectForAllocation done
Event: 19.543 Executing VM operation: G1CollectForAllocation

Events (20 events):
Event: 18.808 Thread 0x000001889c3199d0 Thread added: 0x000001889c3199d0
Event: 18.894 loading class java/io/ObjectStreamClass$ExceptionInfo
Event: 18.894 loading class java/io/ObjectStreamClass$ExceptionInfo done
Event: 18.903 loading class java/util/HashMap$UnsafeHolder
Event: 18.903 loading class java/util/HashMap$UnsafeHolder done
Event: 19.185 Thread 0x000001889c3199d0 Thread exited: 0x000001889c3199d0
Event: 19.362 loading class java/text/DigitList$1
Event: 19.362 loading class java/text/DigitList$1 done
Event: 19.363 loading class java/util/Collections$SingletonSet
Event: 19.363 loading class java/util/Collections$SingletonSet done
Event: 19.366 loading class java/util/concurrent/RejectedExecutionException
Event: 19.366 loading class java/util/concurrent/RejectedExecutionException done
Event: 19.376 loading class java/io/InvalidClassException
Event: 19.376 loading class java/io/InvalidClassException done
Event: 19.380 loading class java/util/zip/CheckedInputStream
Event: 19.380 loading class java/util/zip/CheckedInputStream done
Event: 19.389 loading class java/io/FileFilter
Event: 19.390 loading class java/io/FileFilter done
Event: 19.396 loading class java/util/function/UnaryOperator
Event: 19.396 loading class java/util/function/UnaryOperator done


Dynamic libraries:
0x00007ff7e6bd0000 - 0x00007ff7e6bda000 	C:\Users\elbootic.com\.jdks\jbr-17.0.8.1\bin\java.exe
0x00007ffaabfb0000 - 0x00007ffaac1c6000 	C:\WINDOWS\SYSTEM32\ntdll.dll
0x00007ffaab1b0000 - 0x00007ffaab274000 	C:\WINDOWS\System32\KERNEL32.DLL
0x00007ffaa95f0000 - 0x00007ffaa9996000 	C:\WINDOWS\System32\KERNELBASE.dll
0x00007ffaa9be0000 - 0x00007ffaa9cf1000 	C:\WINDOWS\System32\ucrtbase.dll
0x00007ffaa2260000 - 0x00007ffaa227b000 	C:\Users\elbootic.com\.jdks\jbr-17.0.8.1\bin\VCRUNTIME140.dll
0x00007ffaa2e40000 - 0x00007ffaa2e57000 	C:\Users\elbootic.com\.jdks\jbr-17.0.8.1\bin\jli.dll
0x00007ffaab290000 - 0x00007ffaab43d000 	C:\WINDOWS\System32\USER32.dll
0x00007ffaa9bb0000 - 0x00007ffaa9bd6000 	C:\WINDOWS\System32\win32u.dll
0x00007ffaabdc0000 - 0x00007ffaabde9000 	C:\WINDOWS\System32\GDI32.dll
0x00007ffaa99a0000 - 0x00007ffaa9ab8000 	C:\WINDOWS\System32\gdi32full.dll
0x00007ffaa9550000 - 0x00007ffaa95ea000 	C:\WINDOWS\System32\msvcp_win.dll
0x00007ffa92540000 - 0x00007ffa927d3000 	C:\WINDOWS\WinSxS\amd64_microsoft.windows.common-controls_6595b64144ccf1df_6.0.22621.3235_none_270f74e173860f98\COMCTL32.dll
0x00007ffaabd10000 - 0x00007ffaabdb7000 	C:\WINDOWS\System32\msvcrt.dll
0x00007ffaaa560000 - 0x00007ffaaa591000 	C:\WINDOWS\System32\IMM32.DLL
0x00007ffaa4370000 - 0x00007ffaa437c000 	C:\Users\elbootic.com\.jdks\jbr-17.0.8.1\bin\vcruntime140_1.dll
0x00007ffa83950000 - 0x00007ffa839dd000 	C:\Users\elbootic.com\.jdks\jbr-17.0.8.1\bin\msvcp140.dll
0x00007ffa6ba80000 - 0x00007ffa6c703000 	C:\Users\elbootic.com\.jdks\jbr-17.0.8.1\bin\server\jvm.dll
0x00007ffaabc50000 - 0x00007ffaabd02000 	C:\WINDOWS\System32\ADVAPI32.dll
0x00007ffaaac30000 - 0x00007ffaaacd8000 	C:\WINDOWS\System32\sechost.dll
0x00007ffaa93b0000 - 0x00007ffaa93d8000 	C:\WINDOWS\System32\bcrypt.dll
0x00007ffaaaa90000 - 0x00007ffaaaba5000 	C:\WINDOWS\System32\RPCRT4.dll
0x00007ffa914a0000 - 0x00007ffa914a9000 	C:\WINDOWS\SYSTEM32\WSOCK32.dll
0x00007ffaa8c60000 - 0x00007ffaa8cad000 	C:\WINDOWS\SYSTEM32\POWRPROF.dll
0x00007ffaabdf0000 - 0x00007ffaabe61000 	C:\WINDOWS\System32\WS2_32.dll
0x00007ffaa3830000 - 0x00007ffaa3864000 	C:\WINDOWS\SYSTEM32\WINMM.dll
0x00007ffaa3290000 - 0x00007ffaa329a000 	C:\WINDOWS\SYSTEM32\VERSION.dll
0x00007ffaa8ba0000 - 0x00007ffaa8bb3000 	C:\WINDOWS\SYSTEM32\UMPDC.dll
0x00007ffaa8330000 - 0x00007ffaa8348000 	C:\WINDOWS\SYSTEM32\kernel.appcore.dll
0x00007ffaa42d0000 - 0x00007ffaa42da000 	C:\Users\elbootic.com\.jdks\jbr-17.0.8.1\bin\jimage.dll
0x00007ffaa2bb0000 - 0x00007ffaa2de3000 	C:\WINDOWS\SYSTEM32\DBGHELP.DLL
0x00007ffaaace0000 - 0x00007ffaab068000 	C:\WINDOWS\System32\combase.dll
0x00007ffaaa900000 - 0x00007ffaaa9d7000 	C:\WINDOWS\System32\OLEAUT32.dll
0x00007ffaa2870000 - 0x00007ffaa28a2000 	C:\WINDOWS\SYSTEM32\dbgcore.DLL
0x00007ffaa9ac0000 - 0x00007ffaa9b3a000 	C:\WINDOWS\System32\bcryptPrimitives.dll
0x00007ffaa1ed0000 - 0x00007ffaa1ef5000 	C:\Users\elbootic.com\.jdks\jbr-17.0.8.1\bin\java.dll
0x00007ffaa1e00000 - 0x00007ffaa1e18000 	C:\Users\elbootic.com\.jdks\jbr-17.0.8.1\bin\zip.dll
0x00007ffa82230000 - 0x00007ffa82307000 	C:\Users\elbootic.com\.jdks\jbr-17.0.8.1\bin\jsvml.dll
0x00007ffaa9d00000 - 0x00007ffaaa55d000 	C:\WINDOWS\System32\SHELL32.dll
0x00007ffaa7250000 - 0x00007ffaa7b48000 	C:\WINDOWS\SYSTEM32\windows.storage.dll
0x00007ffaa7110000 - 0x00007ffaa724e000 	C:\WINDOWS\SYSTEM32\wintypes.dll
0x00007ffaabe70000 - 0x00007ffaabf63000 	C:\WINDOWS\System32\SHCORE.dll
0x00007ffaaaa10000 - 0x00007ffaaaa6e000 	C:\WINDOWS\System32\shlwapi.dll
0x00007ffaa9220000 - 0x00007ffaa9246000 	C:\WINDOWS\SYSTEM32\profapi.dll
0x00007ffaa14f0000 - 0x00007ffaa1509000 	C:\Users\elbootic.com\.jdks\jbr-17.0.8.1\bin\net.dll
0x00007ffaa3bf0000 - 0x00007ffaa3d27000 	C:\WINDOWS\SYSTEM32\WINHTTP.dll
0x00007ffaa87b0000 - 0x00007ffaa8819000 	C:\WINDOWS\system32\mswsock.dll
0x00007ffaa1170000 - 0x00007ffaa1186000 	C:\Users\elbootic.com\.jdks\jbr-17.0.8.1\bin\nio.dll
0x00000188979c0000 - 0x00000188979c3000 	C:\Users\elbootic.com\.openjfx\cache\21.0.2+5\amd64\api-ms-win-core-console-l1-1-0.dll
0x00000188979d0000 - 0x00000188979d3000 	C:\Users\elbootic.com\.openjfx\cache\21.0.2+5\amd64\api-ms-win-core-console-l1-2-0.dll
0x00000188979e0000 - 0x00000188979e3000 	C:\Users\elbootic.com\.openjfx\cache\21.0.2+5\amd64\api-ms-win-core-datetime-l1-1-0.dll
0x00000188979f0000 - 0x00000188979f3000 	C:\Users\elbootic.com\.openjfx\cache\21.0.2+5\amd64\api-ms-win-core-debug-l1-1-0.dll
0x0000018897a00000 - 0x0000018897a03000 	C:\Users\elbootic.com\.openjfx\cache\21.0.2+5\amd64\api-ms-win-core-errorhandling-l1-1-0.dll
0x0000018897a10000 - 0x0000018897a14000 	C:\Users\elbootic.com\.openjfx\cache\21.0.2+5\amd64\api-ms-win-core-file-l1-1-0.dll
0x0000018897a20000 - 0x0000018897a23000 	C:\Users\elbootic.com\.openjfx\cache\21.0.2+5\amd64\api-ms-win-core-file-l1-2-0.dll
0x0000018897a30000 - 0x0000018897a33000 	C:\Users\elbootic.com\.openjfx\cache\21.0.2+5\amd64\api-ms-win-core-file-l2-1-0.dll
0x0000018897a40000 - 0x0000018897a43000 	C:\Users\elbootic.com\.openjfx\cache\21.0.2+5\amd64\api-ms-win-core-handle-l1-1-0.dll
0x0000018897a50000 - 0x0000018897a53000 	C:\Users\elbootic.com\.openjfx\cache\21.0.2+5\amd64\api-ms-win-core-heap-l1-1-0.dll
0x0000018897a60000 - 0x0000018897a63000 	C:\Users\elbootic.com\.openjfx\cache\21.0.2+5\amd64\api-ms-win-core-interlocked-l1-1-0.dll
0x0000018897a70000 - 0x0000018897a73000 	C:\Users\elbootic.com\.openjfx\cache\21.0.2+5\amd64\api-ms-win-core-libraryloader-l1-1-0.dll
0x0000018897a80000 - 0x0000018897a83000 	C:\Users\elbootic.com\.openjfx\cache\21.0.2+5\amd64\api-ms-win-core-localization-l1-2-0.dll
0x0000018897a90000 - 0x0000018897a93000 	C:\Users\elbootic.com\.openjfx\cache\21.0.2+5\amd64\api-ms-win-core-memory-l1-1-0.dll
0x0000018897aa0000 - 0x0000018897aa3000 	C:\Users\elbootic.com\.openjfx\cache\21.0.2+5\amd64\api-ms-win-core-namedpipe-l1-1-0.dll
0x0000018897ab0000 - 0x0000018897ab3000 	C:\Users\elbootic.com\.openjfx\cache\21.0.2+5\amd64\api-ms-win-core-processenvironment-l1-1-0.dll
0x0000018897ac0000 - 0x0000018897ac3000 	C:\Users\elbootic.com\.openjfx\cache\21.0.2+5\amd64\api-ms-win-core-processthreads-l1-1-0.dll
0x0000018897ad0000 - 0x0000018897ad3000 	C:\Users\elbootic.com\.openjfx\cache\21.0.2+5\amd64\api-ms-win-core-processthreads-l1-1-1.dll
0x0000018897ae0000 - 0x0000018897ae3000 	C:\Users\elbootic.com\.openjfx\cache\21.0.2+5\amd64\api-ms-win-core-profile-l1-1-0.dll
0x0000018897af0000 - 0x0000018897af3000 	C:\Users\elbootic.com\.openjfx\cache\21.0.2+5\amd64\api-ms-win-core-rtlsupport-l1-1-0.dll
0x0000018897b00000 - 0x0000018897b03000 	C:\Users\elbootic.com\.openjfx\cache\21.0.2+5\amd64\api-ms-win-core-string-l1-1-0.dll
0x0000018897b10000 - 0x0000018897b13000 	C:\Users\elbootic.com\.openjfx\cache\21.0.2+5\amd64\api-ms-win-core-synch-l1-1-0.dll
0x0000018897b20000 - 0x0000018897b23000 	C:\Users\elbootic.com\.openjfx\cache\21.0.2+5\amd64\api-ms-win-core-synch-l1-2-0.dll
0x0000018897b30000 - 0x0000018897b33000 	C:\Users\elbootic.com\.openjfx\cache\21.0.2+5\amd64\api-ms-win-core-sysinfo-l1-1-0.dll
0x0000018897b40000 - 0x0000018897b43000 	C:\Users\elbootic.com\.openjfx\cache\21.0.2+5\amd64\api-ms-win-core-timezone-l1-1-0.dll
0x0000018897b50000 - 0x0000018897b53000 	C:\Users\elbootic.com\.openjfx\cache\21.0.2+5\amd64\api-ms-win-core-util-l1-1-0.dll
0x0000018897b60000 - 0x0000018897b63000 	C:\Users\elbootic.com\.openjfx\cache\21.0.2+5\amd64\api-ms-win-crt-conio-l1-1-0.dll
0x0000018897b70000 - 0x0000018897b74000 	C:\Users\elbootic.com\.openjfx\cache\21.0.2+5\amd64\api-ms-win-crt-convert-l1-1-0.dll
0x0000018897b80000 - 0x0000018897b83000 	C:\Users\elbootic.com\.openjfx\cache\21.0.2+5\amd64\api-ms-win-crt-environment-l1-1-0.dll
0x0000018897b90000 - 0x0000018897b93000 	C:\Users\elbootic.com\.openjfx\cache\21.0.2+5\amd64\api-ms-win-crt-filesystem-l1-1-0.dll
0x0000018897ba0000 - 0x0000018897ba3000 	C:\Users\elbootic.com\.openjfx\cache\21.0.2+5\amd64\api-ms-win-crt-heap-l1-1-0.dll
0x0000018897bb0000 - 0x0000018897bb3000 	C:\Users\elbootic.com\.openjfx\cache\21.0.2+5\amd64\api-ms-win-crt-locale-l1-1-0.dll
0x0000018897bc0000 - 0x0000018897bc5000 	C:\Users\elbootic.com\.openjfx\cache\21.0.2+5\amd64\api-ms-win-crt-math-l1-1-0.dll
0x0000018897bd0000 - 0x0000018897bd5000 	C:\Users\elbootic.com\.openjfx\cache\21.0.2+5\amd64\api-ms-win-crt-multibyte-l1-1-0.dll
0x0000018897be0000 - 0x0000018897bf0000 	C:\Users\elbootic.com\.openjfx\cache\21.0.2+5\amd64\api-ms-win-crt-private-l1-1-0.dll
0x0000018897bf0000 - 0x0000018897bf3000 	C:\Users\elbootic.com\.openjfx\cache\21.0.2+5\amd64\api-ms-win-crt-process-l1-1-0.dll
0x0000018897c00000 - 0x0000018897c04000 	C:\Users\elbootic.com\.openjfx\cache\21.0.2+5\amd64\api-ms-win-crt-runtime-l1-1-0.dll
0x0000018897c10000 - 0x0000018897c14000 	C:\Users\elbootic.com\.openjfx\cache\21.0.2+5\amd64\api-ms-win-crt-stdio-l1-1-0.dll
0x0000018897c20000 - 0x0000018897c24000 	C:\Users\elbootic.com\.openjfx\cache\21.0.2+5\amd64\api-ms-win-crt-string-l1-1-0.dll
0x0000018897c30000 - 0x0000018897c33000 	C:\Users\elbootic.com\.openjfx\cache\21.0.2+5\amd64\api-ms-win-crt-time-l1-1-0.dll
0x0000018897c40000 - 0x0000018897c43000 	C:\Users\elbootic.com\.openjfx\cache\21.0.2+5\amd64\api-ms-win-crt-utility-l1-1-0.dll
0x00007ffa82130000 - 0x00007ffa8222c000 	C:\Users\elbootic.com\.openjfx\cache\21.0.2+5\amd64\ucrtbase.dll
0x00007ffaa1150000 - 0x00007ffaa116b000 	C:\Users\elbootic.com\.openjfx\cache\21.0.2+5\amd64\vcruntime140.dll
0x00007ffaa3d50000 - 0x00007ffaa3d5c000 	C:\Users\elbootic.com\.openjfx\cache\21.0.2+5\amd64\vcruntime140_1.dll
0x00007ffa834b0000 - 0x00007ffa8353e000 	C:\Users\elbootic.com\.openjfx\cache\21.0.2+5\amd64\msvcp140.dll
0x00007ffaa2e30000 - 0x00007ffaa2e39000 	C:\Users\elbootic.com\.openjfx\cache\21.0.2+5\amd64\msvcp140_1.dll
0x00007ffa9c8c0000 - 0x00007ffa9c901000 	C:\Users\elbootic.com\.openjfx\cache\21.0.2+5\amd64\msvcp140_2.dll
0x00007ffa89080000 - 0x00007ffa890b0000 	C:\Users\elbootic.com\.openjfx\cache\21.0.2+5\amd64\prism_d3d.dll
0x00007ffa804d0000 - 0x00007ffa80679000 	C:\WINDOWS\system32\d3d9.dll
0x00007ffaa6ad0000 - 0x00007ffaa6afb000 	C:\WINDOWS\SYSTEM32\dwmapi.dll
0x00007ffaa6970000 - 0x00007ffaa69a9000 	C:\WINDOWS\SYSTEM32\dxcore.dll
0x00007ffaa6870000 - 0x00007ffaa691b000 	C:\WINDOWS\system32\uxtheme.dll
0x00007ffa6aa40000 - 0x00007ffa6aba5000 	C:\WINDOWS\System32\DriverStore\FileRepository\iigd_dch.inf_amd64_4b31d9b38e2bb506\igdumdim64.dll
0x00007ffaaa5a0000 - 0x00007ffaaa73f000 	C:\WINDOWS\System32\ole32.dll
0x00007ffa2c530000 - 0x00007ffa301bb000 	C:\WINDOWS\System32\DriverStore\FileRepository\iigd_dch.inf_amd64_4b31d9b38e2bb506\igd9dxva64.dll
0x00007ffaab7d0000 - 0x00007ffaabc44000 	C:\WINDOWS\System32\SETUPAPI.dll
0x00007ffaa8fb0000 - 0x00007ffaa8ffe000 	C:\WINDOWS\SYSTEM32\cfgmgr32.dll
0x00007ffa8cd90000 - 0x00007ffa8d0c6000 	C:\WINDOWS\System32\DriverStore\FileRepository\iigd_dch.inf_amd64_4b31d9b38e2bb506\igdgmm64.dll
0x00007ffa938c0000 - 0x00007ffa9390a000 	C:\WINDOWS\SYSTEM32\directxdatabasehelper.dll
0x00007ffa7ba00000 - 0x00007ffa7ba42000 	C:\Users\elbootic.com\.openjfx\cache\21.0.2+5\amd64\glass.dll
0x00007ffaab450000 - 0x00007ffaab549000 	C:\WINDOWS\System32\COMDLG32.dll
0x00007ffaaa740000 - 0x00007ffaaa894000 	C:\WINDOWS\System32\MSCTF.dll
0x00007ffa5a990000 - 0x00007ffa5a9b7000 	C:\WINDOWS\System32\DriverStore\FileRepository\iigd_dch.inf_amd64_4b31d9b38e2bb506\igdinfo64.dll
0x00007ffaa8a80000 - 0x00007ffaa8a9b000 	C:\WINDOWS\SYSTEM32\CRYPTSP.dll
0x00007ffaa8290000 - 0x00007ffaa82c5000 	C:\WINDOWS\system32\rsaenh.dll
0x00007ffaa8a70000 - 0x00007ffaa8a7c000 	C:\WINDOWS\SYSTEM32\CRYPTBASE.dll
0x00007ffa89e40000 - 0x00007ffa8cbcf000 	C:\WINDOWS\System32\DriverStore\FileRepository\iigd_dch.inf_amd64_4b31d9b38e2bb506\igc64.dll
0x00007ffa9c890000 - 0x00007ffa9c8a4000 	C:\Users\elbootic.com\.openjfx\cache\21.0.2+5\amd64\javafx_font.dll
0x00007ffaa5270000 - 0x00007ffaa54e4000 	C:\WINDOWS\SYSTEM32\dwrite.dll
0x00007ffaa8910000 - 0x00007ffaa893c000 	C:\WINDOWS\SYSTEM32\USERENV.dll
0x00007ffaa7db0000 - 0x00007ffaa7ddd000 	C:\WINDOWS\SYSTEM32\IPHLPAPI.DLL
0x00007ffaaa9e0000 - 0x00007ffaaa9e9000 	C:\WINDOWS\System32\NSI.dll
0x00007ffaa3d70000 - 0x00007ffaa3d89000 	C:\WINDOWS\SYSTEM32\dhcpcsvc6.DLL
0x00007ffaa3af0000 - 0x00007ffaa3b0f000 	C:\WINDOWS\SYSTEM32\dhcpcsvc.DLL
0x00007ffaa7e20000 - 0x00007ffaa7f19000 	C:\WINDOWS\SYSTEM32\DNSAPI.dll
0x00007ffaa2440000 - 0x00007ffaa244a000 	C:\Windows\System32\rasadhlp.dll
0x00007ffaa3420000 - 0x00007ffaa34a3000 	C:\WINDOWS\System32\fwpuclnt.dll
0x00007ffaab070000 - 0x00007ffaab120000 	C:\WINDOWS\System32\clbcatq.dll
0x00007ffaa50c0000 - 0x00007ffaa5270000 	C:\WINDOWS\SYSTEM32\WindowsCodecs.dll
0x00007ffa7b740000 - 0x00007ffa7b79e000 	C:\WINDOWS\system32\dataexchange.dll

dbghelp: loaded successfully - version: 4.0.5 - missing functions: none
symbol engine: initialized successfully - sym options: 0x614 - pdb path: .;C:\Users\elbootic.com\.jdks\jbr-17.0.8.1\bin;C:\WINDOWS\SYSTEM32;C:\WINDOWS\WinSxS\amd64_microsoft.windows.common-controls_6595b64144ccf1df_6.0.22621.3235_none_270f74e173860f98;C:\Users\elbootic.com\.jdks\jbr-17.0.8.1\bin\server;C:\Users\elbootic.com\.openjfx\cache\21.0.2+5\amd64;C:\WINDOWS\System32\DriverStore\FileRepository\iigd_dch.inf_amd64_4b31d9b38e2bb506;C:\WINDOWS\System32\DriverStore\FileRepository\nvlt.inf_amd64_bffc2ae18ab8f148;C:\Program Files\Common Files\Microsoft Shared\Ink

VM Arguments:
jvm_args: --module-path=C:\Users\elbootic.com\.m2\repository\org\openjfx\javafx-base\21.0.2\javafx-base-21.0.2-win.jar;C:\Users\elbootic.com\.m2\repository\org\openjfx\javafx-base\21.0.2\javafx-base-21.0.2.jar;C:\Users\elbootic.com\.m2\repository\org\openjfx\javafx-controls\21.0.2\javafx-controls-21.0.2-win.jar;C:\Users\elbootic.com\.m2\repository\org\openjfx\javafx-controls\21.0.2\javafx-controls-21.0.2.jar;C:\Users\elbootic.com\.m2\repository\org\openjfx\javafx-fxml\21.0.2\javafx-fxml-21.0.2-win.jar;C:\Users\elbootic.com\.m2\repository\org\openjfx\javafx-fxml\21.0.2\javafx-fxml-21.0.2.jar;C:\Users\elbootic.com\.m2\repository\org\openjfx\javafx-graphics\21.0.2\javafx-graphics-21.0.2-win.jar;C:\Users\elbootic.com\.m2\repository\org\openjfx\javafx-graphics\21.0.2\javafx-graphics-21.0.2.jar;C:\Users\elbootic.com\.m2\repository\org\openjfx\javafx-media\21.0.2\javafx-media-21.0.2-win.jar;C:\Users\elbootic.com\.m2\repository\org\openjfx\javafx-media\21.0.2\javafx-media-21.0.2.jar;C:\Users\elbootic.com\.m2\repository\org\openjfx\javafx-web\21.0.2\javafx-web-21.0.2-win.jar;C:\Users\elbootic.com\.m2\repository\org\openjfx\javafx-web\21.0.2\javafx-web-21.0.2.jar --add-modules=javafx.base,javafx.controls,javafx.fxml,javafx.graphics,javafx.media,javafx.web 
java_command: com.esprit.tests.MainApp
java_class_path (initial): C:\Users\elbootic.com\OneDrive\Bureau\RAKCHA-main\target\classes;C:\Users\elbootic.com\.m2\repository\ch\qos\logback\logback-classic\1.2.3\logback-classic-1.2.3.jar;C:\Users\elbootic.com\.m2\repository\ch\qos\logback\logback-core\1.2.3\logback-core-1.2.3.jar;C:\Users\elbootic.com\.m2\repository\com\apple\AppleJavaExtensions\1.4\AppleJavaExtensions-1.4.jar;C:\Users\elbootic.com\.m2\repository\com\azure\azure-core\1.46.0\azure-core-1.46.0.jar;C:\Users\elbootic.com\.m2\repository\com\azure\azure-core-http-netty\1.14.0\azure-core-http-netty-1.14.0.jar;C:\Users\elbootic.com\.m2\repository\com\azure\azure-identity\1.12.0-beta.1\azure-identity-1.12.0-beta.1.jar;C:\Users\elbootic.com\.m2\repository\com\azure\azure-json\1.1.0\azure-json-1.1.0.jar;C:\Users\elbootic.com\.m2\repository\com\beust\jcommander\1.78\jcommander-1.78.jar;C:\Users\elbootic.com\.m2\repository\com\calendarfx\view\11.8.3\view-11.8.3.jar;C:\Users\elbootic.com\.m2\repository\com\fasterxml\jackson\core\jackson-annotations\2.8.7\jackson-annotations-2.8.7.jar;C:\Users\elbootic.com\.m2\repository\com\fasterxml\jackson\core\jackson-core\2.10.2\jackson-core-2.10.2.jar;C:\Users\elbootic.com\.m2\repository\com\fasterxml\jackson\core\jackson-databind\2.8.7\jackson-databind-2.8.7.jar;C:\Users\elbootic.com\.m2\repository\com\fasterxml\jackson\datatype\jackson-datatype-jsr310\2.13.3\jackson-datatype-jsr310-2.13.3.jar;C:\Users\elbootic.com\.m2\repository\com\fasterxml\jackson\jaxrs\jackson-jaxrs-base\2.12.2\jackson-jaxrs-base-2.12.2.jar;C:\Users\elbootic.com\.m2\repository\com\fasterxml\jackson\jaxrs\jackson-jaxrs-json-provider\2.12.2\jackson-jaxrs-json-provider-2.12.2.jar;C:\Users\elbootic.com\.m2\repository\com\fasterxml\jackson\module\jackson-module-jaxb-annotations\2.12.2\jackson-module-jaxb-annotations-2.12.2.jar;C:\Users\elbootic.com\.m2\repository\com\github\jai-imageio\jai-imageio-core\1.4.0\jai-imageio-core-1.4.0.jar;C:\Users\elbootic.com\.m2\repository\com\github\scribejava\scribej
Launcher Type: SUN_STANDARD

[Global flags]
     intx CICompilerCount                          = 4                                         {product} {ergonomic}
     uint ConcGCThreads                            = 2                                         {product} {ergonomic}
     uint G1ConcRefinementThreads                  = 8                                         {product} {ergonomic}
   size_t G1HeapRegionSize                         = 1048576                                   {product} {ergonomic}
    uintx GCDrainStackTargetSize                   = 64                                        {product} {ergonomic}
   size_t InitialHeapSize                          = 65011712                                  {product} {ergonomic}
   size_t MarkStackSize                            = 4194304                                   {product} {ergonomic}
   size_t MaxHeapSize                              = 1031798784                                {product} {ergonomic}
   size_t MaxNewSize                               = 618659840                                 {product} {ergonomic}
   size_t MinHeapDeltaBytes                        = 1048576                                   {product} {ergonomic}
   size_t MinHeapSize                              = 8388608                                   {product} {ergonomic}
    uintx NonNMethodCodeHeapSize                   = 5839372                                {pd product} {ergonomic}
    uintx NonProfiledCodeHeapSize                  = 122909434                              {pd product} {ergonomic}
    uintx ProfiledCodeHeapSize                     = 122909434                              {pd product} {ergonomic}
    uintx ReservedCodeCacheSize                    = 251658240                              {pd product} {ergonomic}
     bool SegmentedCodeCache                       = true                                      {product} {ergonomic}
   size_t SoftMaxHeapSize                          = 1031798784                             {manageable} {ergonomic}
     bool UseCompressedClassPointers               = true                           {product lp64_product} {ergonomic}
     bool UseCompressedOops                        = true                           {product lp64_product} {ergonomic}
     bool UseG1GC                                  = true                                      {product} {ergonomic}
     bool UseLargePagesIndividualAllocation        = false                                  {pd product} {ergonomic}

Logging:
Log output configuration:
 #0: stdout all=warning uptime,level,tags
 #1: stderr all=off uptime,level,tags

Environment Variables:
PATH=C:\Program Files (x86)\VMware\VMware Player\bin\;C:\WINDOWS\system32;C:\WINDOWS;C:\WINDOWS\System32\Wbem;C:\WINDOWS\System32\WindowsPowerShell\v1.0\;C:\WINDOWS\System32\OpenSSH\;C:\Program Files\MongoDB\Server\3.2\bin;C:\ProgramData\chocolatey\bin;C:\Program Files\nodejs\;C:\mongosh-1.6.2\bin;C:\Program Files\MongoDB\Server\6.0\bin;C:\Program Files\Git\cmd;C:\Program Files\Git\mingw64\bin;C:\Program Files\Git\usr\bin;C:\Users\elbootic.com\.jdks\jbr-17.0.8.1\bin;C:\xampp\php;C:\composer;C:\Users\elbootic.com\scoop\shims;C:\Users\elbootic.com\AppData\Local\Microsoft\WindowsApps;C:\Users\elbootic.com\AppData\Local\Programs\Microsoft VS Code\bin;C:\Users\elbootic.com\AppData\Roaming\npm;C:\mongosh-1.6.2\bin;C:\Program Files\MongoDB\Server\6.0\bin;C:\Users\elbootic.com\AppData\Roaming\Composer\vendor\bin;C:\Users\elbootic.com\AppData\Local\GitHubDesktop\bin
USERNAME=elbootic.com
OS=Windows_NT
PROCESSOR_IDENTIFIER=Intel64 Family 6 Model 142 Stepping 12, GenuineIntel
TMP=C:\Users\elbootic.com\AppData\Local\Temp
TEMP=C:\Users\elbootic.com\AppData\Local\Temp


JNI global refs:
JNI global refs: 38, weak refs: 6

JNI global refs memory usage: 843, weak refs: 841

OOME stack traces (most recent first):
Classloader memory used:
Loader jdk.internal.loader.ClassLoaders$AppClassLoader                                 : 2375K
Loader bootstrap                                                                       : 2054K
Loader jdk.internal.loader.ClassLoaders$PlatformClassLoader                            : 46817B
Loader jdk.internal.reflect.DelegatingClassLoader                                      : 23966B
Loader com.sun.javafx.reflect.MethodUtil                                               : 364B


---------------  S Y S T E M  ---------------

OS:
 Windows 11 , 64 bit Build 22621 (10.0.22621.3235)
OS uptime: 1 days 0:53 hours

CPU: total 8 (initial active 8) (4 cores per cpu, 2 threads per core) family 6 model 142 stepping 12 microcode 0xde, cx8, cmov, fxsr, ht, mmx, 3dnowpref, sse, sse2, sse3, ssse3, sse4.1, sse4.2, popcnt, lzcnt, tsc, tscinvbit, avx, avx2, aes, erms, clmul, bmi1, bmi2, adx, fma, vzeroupper, clflush, clflushopt
Processor Information for all 8 processors :
  Max Mhz: 2112, Current Mhz: 1609, Mhz Limit: 1605

Memory: 4k page, system-wide physical 3929M (254M free)
TotalPageFile size 16217M (AvailPageFile size 6M)
current process WorkingSet (physical memory assigned to process): 393M, peak: 434M
current process commit charge ("private bytes"): 752M, peak: 757M

vm_info: OpenJDK 64-Bit Server VM (17.0.8.1+7-b1059.3) for windows-amd64 JRE (17.0.8.1+7-b1059.3), built on 2023-09-11 by "builduser" with MS VC++ 16.10 / 16.11 (VS2019)

END.
