#
# There is insufficient memory for the Java Runtime Environment to continue.
# Native memory allocation (malloc) failed to allocate 430336 bytes for Chunk::new
# Possible reasons:
#   The system is out of physical RAM or swap space
#   The process is running with CompressedOops enabled, and the Java Heap may be blocking the growth of the native heap
# Possible solutions:
#   Reduce memory load on the system
#   Increase physical memory or swap space
#   Check if swap backing store is full
#   Decrease Java heap size (-Xmx/-Xms)
#   Decrease number of Java threads
#   Decrease Java thread stack sizes (-Xss)
#   Set larger code cache with -XX:ReservedCodeCacheSize=
#   JVM is running with Unscaled Compressed Oops mode in which the Java heap is
#     placed in the first 4GB address space. The Java Heap base address is the
#     maximum limit for the native heap growth. Please use -XX:HeapBaseMinAddress
#     to set the Java Heap base and to place the Java Heap above 4GB virtual address.
# This output file may be truncated or incomplete.
#
#  Out of Memory Error (arena.cpp:189), pid=13864, tid=7464
#
# JRE version: OpenJDK Runtime Environment JBR-17.0.8.1+7-1059.3-nomod (17.0.8.1+7) (build 17.0.8.1+7-b1059.3)
# Java VM: OpenJDK 64-Bit Server VM JBR-17.0.8.1+7-1059.3-nomod (17.0.8.1+7-b1059.3, mixed mode, tiered, compressed oops, compressed class ptrs, g1 gc, windows-amd64)
# No core dump will be written. Minidumps are not enabled by default on client versions of Windows
#

---------------  S U M M A R Y ------------

Command Line: --module-path=C:\Users\elbootic.com\.m2\repository\org\openjfx\javafx-base\21.0.2\javafx-base-21.0.2-win.jar;C:\Users\elbootic.com\.m2\repository\org\openjfx\javafx-base\21.0.2\javafx-base-21.0.2.jar;C:\Users\elbootic.com\.m2\repository\org\openjfx\javafx-controls\21.0.2\javafx-controls-21.0.2-win.jar;C:\Users\elbootic.com\.m2\repository\org\openjfx\javafx-controls\21.0.2\javafx-controls-21.0.2.jar;C:\Users\elbootic.com\.m2\repository\org\openjfx\javafx-fxml\21.0.2\javafx-fxml-21.0.2-win.jar;C:\Users\elbootic.com\.m2\repository\org\openjfx\javafx-fxml\21.0.2\javafx-fxml-21.0.2.jar;C:\Users\elbootic.com\.m2\repository\org\openjfx\javafx-graphics\21.0.2\javafx-graphics-21.0.2-win.jar;C:\Users\elbootic.com\.m2\repository\org\openjfx\javafx-graphics\21.0.2\javafx-graphics-21.0.2.jar;C:\Users\elbootic.com\.m2\repository\org\openjfx\javafx-media\21.0.2\javafx-media-21.0.2-win.jar;C:\Users\elbootic.com\.m2\repository\org\openjfx\javafx-media\21.0.2\javafx-media-21.0.2.jar;C:\Users\elbootic.com\.m2\repository\org\openjfx\javafx-web\21.0.2\javafx-web-21.0.2-win.jar;C:\Users\elbootic.com\.m2\repository\org\openjfx\javafx-web\21.0.2\javafx-web-21.0.2.jar --add-modules=javafx.base,javafx.controls,javafx.fxml,javafx.graphics,javafx.media,javafx.web com.esprit.tests.MainApp

Host: Intel(R) Core(TM) i5-10210U CPU @ 1.60GHz, 8 cores, 3G,  Windows 11 , 64 bit Build 22621 (10.0.22621.3085)
Time: Fri Mar  8 06:05:01 2024 Paris, Madrid elapsed time: 1.460585 seconds (0d 0h 0m 1s)

---------------  T H R E A D  ---------------

Current thread (0x000001f54b51c410):  JavaThread "C2 CompilerThread0" daemon [_thread_in_native, id=7464, stack(0x0000005a8aa00000,0x0000005a8ab00000)]


Current CompileTask:
C2:   1460 1028       4       java.io.WinNTFileSystem::normalize (143 bytes)

Stack: [0x0000005a8aa00000,0x0000005a8ab00000]
Native frames: (J=compiled Java code, j=interpreted, Vv=VM code, C=native code)
V  [jvm.dll+0x6852da]
V  [jvm.dll+0x844ad4]
V  [jvm.dll+0x8463ee]
V  [jvm.dll+0x846a53]
V  [jvm.dll+0x24b7cf]
V  [jvm.dll+0xac3bc]
V  [jvm.dll+0xac98c]
V  [jvm.dll+0x36af97]
V  [jvm.dll+0x3352b1]
V  [jvm.dll+0x33475a]
V  [jvm.dll+0x21d7f1]
V  [jvm.dll+0x21cc11]
V  [jvm.dll+0x1a660d]
V  [jvm.dll+0x22c9c8]
V  [jvm.dll+0x22a990]
V  [jvm.dll+0x7f9b8c]
V  [jvm.dll+0x7f3faa]
V  [jvm.dll+0x684165]
C  [ucrtbase.dll+0x29363]
C  [KERNEL32.DLL+0x1257d]
C  [ntdll.dll+0x5aa58]


---------------  P R O C E S S  ---------------

Threads class SMR info:
_java_thread_list=0x000001f55286df60, length=14, elements={
0x000001f531bd6020, 0x000001f54b4bb2b0, 0x000001f54b4bc130, 0x000001f54b517820,
0x000001f54b51a2f0, 0x000001f54b51acb0, 0x000001f54b51b670, 0x000001f54b51c410,
0x000001f54b51cec0, 0x000001f54b51ea00, 0x000001f54b955a60, 0x000001f54bb60420,
0x000001f550619030, 0x000001f5506d7700
}

Java Threads: ( => current thread )
  0x000001f531bd6020 JavaThread "main" [_thread_blocked, id=10116, stack(0x0000005a89d00000,0x0000005a89e00000)]
  0x000001f54b4bb2b0 JavaThread "Reference Handler" daemon [_thread_blocked, id=8620, stack(0x0000005a8a400000,0x0000005a8a500000)]
  0x000001f54b4bc130 JavaThread "Finalizer" daemon [_thread_blocked, id=6048, stack(0x0000005a8a500000,0x0000005a8a600000)]
  0x000001f54b517820 JavaThread "Signal Dispatcher" daemon [_thread_blocked, id=13932, stack(0x0000005a8a600000,0x0000005a8a700000)]
  0x000001f54b51a2f0 JavaThread "Attach Listener" daemon [_thread_blocked, id=4752, stack(0x0000005a8a700000,0x0000005a8a800000)]
  0x000001f54b51acb0 JavaThread "Service Thread" daemon [_thread_blocked, id=4964, stack(0x0000005a8a800000,0x0000005a8a900000)]
  0x000001f54b51b670 JavaThread "Monitor Deflation Thread" daemon [_thread_blocked, id=1504, stack(0x0000005a8a900000,0x0000005a8aa00000)]
=>0x000001f54b51c410 JavaThread "C2 CompilerThread0" daemon [_thread_in_native, id=7464, stack(0x0000005a8aa00000,0x0000005a8ab00000)]
  0x000001f54b51cec0 JavaThread "C1 CompilerThread0" daemon [_thread_blocked, id=19608, stack(0x0000005a8ab00000,0x0000005a8ac00000)]
  0x000001f54b51ea00 JavaThread "Sweeper thread" daemon [_thread_blocked, id=14648, stack(0x0000005a8ac00000,0x0000005a8ad00000)]
  0x000001f54b955a60 JavaThread "Common-Cleaner" daemon [_thread_blocked, id=12904, stack(0x0000005a8ad00000,0x0000005a8ae00000)]
  0x000001f54bb60420 JavaThread "Notification Thread" daemon [_thread_blocked, id=14888, stack(0x0000005a8ae00000,0x0000005a8af00000)]
  0x000001f550619030 JavaThread "InvokeLaterDispatcher" daemon [_thread_blocked, id=10872, stack(0x0000005a8b200000,0x0000005a8b300000)]
  0x000001f5506d7700 JavaThread "Thread-2" daemon [_thread_in_native, id=10356, stack(0x0000005a8b400000,0x0000005a8b500000)]

Other Threads:
  0x000001f54b4ea400 VMThread "VM Thread" [stack: 0x0000005a8a300000,0x0000005a8a400000] [id=5948]
  0x000001f531c354c0 WatcherThread [stack: 0x0000005a8af00000,0x0000005a8b000000] [id=14432]
  0x000001f531c13ae0 GCTaskThread "GC Thread#0" [stack: 0x0000005a89e00000,0x0000005a89f00000] [id=15488]
  0x000001f54b7c3800 GCTaskThread "GC Thread#1" [stack: 0x0000005a8b600000,0x0000005a8b700000] [id=17816]
  0x000001f54b7c3ac0 GCTaskThread "GC Thread#2" [stack: 0x0000005a8b700000,0x0000005a8b800000] [id=19148]
  0x000001f54b7c4b40 GCTaskThread "GC Thread#3" [stack: 0x0000005a8b800000,0x0000005a8b900000] [id=10180]
  0x000001f54b7c4880 GCTaskThread "GC Thread#4" [stack: 0x0000005a8b900000,0x0000005a8ba00000] [id=13032]
  0x000001f54b7c4e00 GCTaskThread "GC Thread#5" [stack: 0x0000005a8ba00000,0x0000005a8bb00000] [id=4352]
  0x000001f531c1c530 ConcurrentGCThread "G1 Main Marker" [stack: 0x0000005a89f00000,0x0000005a8a000000] [id=18248]
  0x000001f531c1d6e0 ConcurrentGCThread "G1 Conc#0" [stack: 0x0000005a8a000000,0x0000005a8a100000] [id=14708]
  0x000001f531c6d990 ConcurrentGCThread "G1 Refine#0" [stack: 0x0000005a8a100000,0x0000005a8a200000] [id=7524]
  0x000001f531c6e3c0 ConcurrentGCThread "G1 Service" [stack: 0x0000005a8a200000,0x0000005a8a300000] [id=14604]

Threads with active compile tasks:
C2 CompilerThread0     1544 1028       4       java.io.WinNTFileSystem::normalize (143 bytes)

VM state: not at safepoint (normal execution)

VM Mutex/Monitor currently owned by a thread: None

OutOfMemory and StackOverflow Exception counts:
OutOfMemoryError java_heap_errors=1
LinkageErrors=11

Heap address: 0x00000000c2800000, size: 984 MB, Compressed Oops mode: 32-bit

CDS archive(s) not mapped
Compressed class space mapped at: 0x0000000100000000-0x0000000140000000, reserved size: 1073741824
Narrow klass base: 0x0000000000000000, Narrow klass shift: 3, Narrow klass range: 0x140000000

GC Precious Log:
 CPUs: 8 total, 8 available
 Memory: 3929M
 Large Page Support: Disabled
 NUMA Support: Disabled
 Compressed Oops: Enabled (32-bit)
 Heap Region Size: 1M
 Heap Min Capacity: 8M
 Heap Initial Capacity: 62M
 Heap Max Capacity: 984M
 Pre-touch: Disabled
 Parallel Workers: 8
 Concurrent Workers: 2
 Concurrent Refinement Workers: 8
 Periodic GC: Disabled

Heap:
 garbage-first heap   total 63488K, used 15620K [0x00000000c2800000, 0x0000000100000000)
  region size 1024K, 9 young (9216K), 3 survivors (3072K)
 Metaspace       used 12082K, committed 12288K, reserved 1114112K
  class space    used 1242K, committed 1344K, reserved 1048576K

Heap Regions: E=young(eden), S=young(survivor), O=old, HS=humongous(starts), HC=humongous(continues), CS=collection set, F=free, OA=open archive, CA=closed archive, TAMS=top-at-mark-start (previous, next)
|   0|0x00000000c2800000, 0x00000000c2900000, 0x00000000c2900000|100%|HS|  |TAMS 0x00000000c2800000, 0x00000000c2800000| Complete 
|   1|0x00000000c2900000, 0x00000000c2a00000, 0x00000000c2a00000|100%|HC|  |TAMS 0x00000000c2900000, 0x00000000c2900000| Complete 
|   2|0x00000000c2a00000, 0x00000000c2b00000, 0x00000000c2b00000|100%|HC|  |TAMS 0x00000000c2a00000, 0x00000000c2a00000| Complete 
|   3|0x00000000c2b00000, 0x00000000c2c00000, 0x00000000c2c00000|100%|HC|  |TAMS 0x00000000c2b00000, 0x00000000c2b00000| Complete 
|   4|0x00000000c2c00000, 0x00000000c2d00000, 0x00000000c2d00000|100%|HC|  |TAMS 0x00000000c2c00000, 0x00000000c2c00000| Complete 
|   5|0x00000000c2d00000, 0x00000000c2e00000, 0x00000000c2e00000|100%|HC|  |TAMS 0x00000000c2d00000, 0x00000000c2d00000| Complete 
|   6|0x00000000c2e00000, 0x00000000c2e41000, 0x00000000c2f00000| 25%| O|  |TAMS 0x00000000c2e00000, 0x00000000c2e00000| Untracked 
|   7|0x00000000c2f00000, 0x00000000c3000000, 0x00000000c3000000|100%|HS|  |TAMS 0x00000000c2f00000, 0x00000000c2f00000| Complete 
|   8|0x00000000c3000000, 0x00000000c3000000, 0x00000000c3100000|  0%| F|  |TAMS 0x00000000c3000000, 0x00000000c3000000| Untracked 
|   9|0x00000000c3100000, 0x00000000c3100000, 0x00000000c3200000|  0%| F|  |TAMS 0x00000000c3100000, 0x00000000c3100000| Untracked 
|  10|0x00000000c3200000, 0x00000000c3200000, 0x00000000c3300000|  0%| F|  |TAMS 0x00000000c3200000, 0x00000000c3200000| Untracked 
|  11|0x00000000c3300000, 0x00000000c3300000, 0x00000000c3400000|  0%| F|  |TAMS 0x00000000c3300000, 0x00000000c3300000| Untracked 
|  12|0x00000000c3400000, 0x00000000c3400000, 0x00000000c3500000|  0%| F|  |TAMS 0x00000000c3400000, 0x00000000c3400000| Untracked 
|  13|0x00000000c3500000, 0x00000000c3500000, 0x00000000c3600000|  0%| F|  |TAMS 0x00000000c3500000, 0x00000000c3500000| Untracked 
|  14|0x00000000c3600000, 0x00000000c3600000, 0x00000000c3700000|  0%| F|  |TAMS 0x00000000c3600000, 0x00000000c3600000| Untracked 
|  15|0x00000000c3700000, 0x00000000c3700000, 0x00000000c3800000|  0%| F|  |TAMS 0x00000000c3700000, 0x00000000c3700000| Untracked 
|  16|0x00000000c3800000, 0x00000000c3800000, 0x00000000c3900000|  0%| F|  |TAMS 0x00000000c3800000, 0x00000000c3800000| Untracked 
|  17|0x00000000c3900000, 0x00000000c3900000, 0x00000000c3a00000|  0%| F|  |TAMS 0x00000000c3900000, 0x00000000c3900000| Untracked 
|  18|0x00000000c3a00000, 0x00000000c3a00000, 0x00000000c3b00000|  0%| F|  |TAMS 0x00000000c3a00000, 0x00000000c3a00000| Untracked 
|  19|0x00000000c3b00000, 0x00000000c3b00000, 0x00000000c3c00000|  0%| F|  |TAMS 0x00000000c3b00000, 0x00000000c3b00000| Untracked 
|  20|0x00000000c3c00000, 0x00000000c3c00000, 0x00000000c3d00000|  0%| F|  |TAMS 0x00000000c3c00000, 0x00000000c3c00000| Untracked 
|  21|0x00000000c3d00000, 0x00000000c3d00000, 0x00000000c3e00000|  0%| F|  |TAMS 0x00000000c3d00000, 0x00000000c3d00000| Untracked 
|  22|0x00000000c3e00000, 0x00000000c3e00000, 0x00000000c3f00000|  0%| F|  |TAMS 0x00000000c3e00000, 0x00000000c3e00000| Untracked 
|  23|0x00000000c3f00000, 0x00000000c3f00000, 0x00000000c4000000|  0%| F|  |TAMS 0x00000000c3f00000, 0x00000000c3f00000| Untracked 
|  24|0x00000000c4000000, 0x00000000c4000000, 0x00000000c4100000|  0%| F|  |TAMS 0x00000000c4000000, 0x00000000c4000000| Untracked 
|  25|0x00000000c4100000, 0x00000000c4100000, 0x00000000c4200000|  0%| F|  |TAMS 0x00000000c4100000, 0x00000000c4100000| Untracked 
|  26|0x00000000c4200000, 0x00000000c4200000, 0x00000000c4300000|  0%| F|  |TAMS 0x00000000c4200000, 0x00000000c4200000| Untracked 
|  27|0x00000000c4300000, 0x00000000c4300000, 0x00000000c4400000|  0%| F|  |TAMS 0x00000000c4300000, 0x00000000c4300000| Untracked 
|  28|0x00000000c4400000, 0x00000000c4400000, 0x00000000c4500000|  0%| F|  |TAMS 0x00000000c4400000, 0x00000000c4400000| Untracked 
|  29|0x00000000c4500000, 0x00000000c4500000, 0x00000000c4600000|  0%| F|  |TAMS 0x00000000c4500000, 0x00000000c4500000| Untracked 
|  30|0x00000000c4600000, 0x00000000c4600000, 0x00000000c4700000|  0%| F|  |TAMS 0x00000000c4600000, 0x00000000c4600000| Untracked 
|  31|0x00000000c4700000, 0x00000000c4700000, 0x00000000c4800000|  0%| F|  |TAMS 0x00000000c4700000, 0x00000000c4700000| Untracked 
|  32|0x00000000c4800000, 0x00000000c4800000, 0x00000000c4900000|  0%| F|  |TAMS 0x00000000c4800000, 0x00000000c4800000| Untracked 
|  33|0x00000000c4900000, 0x00000000c4900000, 0x00000000c4a00000|  0%| F|  |TAMS 0x00000000c4900000, 0x00000000c4900000| Untracked 
|  34|0x00000000c4a00000, 0x00000000c4a00000, 0x00000000c4b00000|  0%| F|  |TAMS 0x00000000c4a00000, 0x00000000c4a00000| Untracked 
|  35|0x00000000c4b00000, 0x00000000c4b00000, 0x00000000c4c00000|  0%| F|  |TAMS 0x00000000c4b00000, 0x00000000c4b00000| Untracked 
|  36|0x00000000c4c00000, 0x00000000c4d00000, 0x00000000c4d00000|100%| S|CS|TAMS 0x00000000c4c00000, 0x00000000c4c00000| Complete 
|  37|0x00000000c4d00000, 0x00000000c4e00000, 0x00000000c4e00000|100%| S|CS|TAMS 0x00000000c4d00000, 0x00000000c4d00000| Complete 
|  38|0x00000000c4e00000, 0x00000000c4f00000, 0x00000000c4f00000|100%| S|CS|TAMS 0x00000000c4e00000, 0x00000000c4e00000| Complete 
|  39|0x00000000c4f00000, 0x00000000c4f00000, 0x00000000c5000000|  0%| F|  |TAMS 0x00000000c4f00000, 0x00000000c4f00000| Untracked 
|  40|0x00000000c5000000, 0x00000000c5000000, 0x00000000c5100000|  0%| F|  |TAMS 0x00000000c5000000, 0x00000000c5000000| Untracked 
|  41|0x00000000c5100000, 0x00000000c5100000, 0x00000000c5200000|  0%| F|  |TAMS 0x00000000c5100000, 0x00000000c5100000| Untracked 
|  42|0x00000000c5200000, 0x00000000c5200000, 0x00000000c5300000|  0%| F|  |TAMS 0x00000000c5200000, 0x00000000c5200000| Untracked 
|  43|0x00000000c5300000, 0x00000000c5300000, 0x00000000c5400000|  0%| F|  |TAMS 0x00000000c5300000, 0x00000000c5300000| Untracked 
|  44|0x00000000c5400000, 0x00000000c5400000, 0x00000000c5500000|  0%| F|  |TAMS 0x00000000c5400000, 0x00000000c5400000| Untracked 
|  45|0x00000000c5500000, 0x00000000c5500000, 0x00000000c5600000|  0%| F|  |TAMS 0x00000000c5500000, 0x00000000c5500000| Untracked 
|  46|0x00000000c5600000, 0x00000000c5600000, 0x00000000c5700000|  0%| F|  |TAMS 0x00000000c5600000, 0x00000000c5600000| Untracked 
|  47|0x00000000c5700000, 0x00000000c5700000, 0x00000000c5800000|  0%| F|  |TAMS 0x00000000c5700000, 0x00000000c5700000| Untracked 
|  48|0x00000000c5800000, 0x00000000c5800000, 0x00000000c5900000|  0%| F|  |TAMS 0x00000000c5800000, 0x00000000c5800000| Untracked 
|  49|0x00000000c5900000, 0x00000000c5900000, 0x00000000c5a00000|  0%| F|  |TAMS 0x00000000c5900000, 0x00000000c5900000| Untracked 
|  50|0x00000000c5a00000, 0x00000000c5a00000, 0x00000000c5b00000|  0%| F|  |TAMS 0x00000000c5a00000, 0x00000000c5a00000| Untracked 
|  51|0x00000000c5b00000, 0x00000000c5b00000, 0x00000000c5c00000|  0%| F|  |TAMS 0x00000000c5b00000, 0x00000000c5b00000| Untracked 
|  52|0x00000000c5c00000, 0x00000000c5c00000, 0x00000000c5d00000|  0%| F|  |TAMS 0x00000000c5c00000, 0x00000000c5c00000| Untracked 
|  53|0x00000000c5d00000, 0x00000000c5d00000, 0x00000000c5e00000|  0%| F|  |TAMS 0x00000000c5d00000, 0x00000000c5d00000| Untracked 
|  54|0x00000000c5e00000, 0x00000000c5e00000, 0x00000000c5f00000|  0%| F|  |TAMS 0x00000000c5e00000, 0x00000000c5e00000| Untracked 
|  55|0x00000000c5f00000, 0x00000000c5f00000, 0x00000000c6000000|  0%| F|  |TAMS 0x00000000c5f00000, 0x00000000c5f00000| Untracked 
|  56|0x00000000c6000000, 0x00000000c6100000, 0x00000000c6100000|100%| E|  |TAMS 0x00000000c6000000, 0x00000000c6000000| Complete 
|  57|0x00000000c6100000, 0x00000000c6200000, 0x00000000c6200000|100%| E|CS|TAMS 0x00000000c6100000, 0x00000000c6100000| Complete 
|  58|0x00000000c6200000, 0x00000000c6300000, 0x00000000c6300000|100%| E|CS|TAMS 0x00000000c6200000, 0x00000000c6200000| Complete 
|  59|0x00000000c6300000, 0x00000000c6400000, 0x00000000c6400000|100%| E|CS|TAMS 0x00000000c6300000, 0x00000000c6300000| Complete 
|  60|0x00000000c6400000, 0x00000000c6500000, 0x00000000c6500000|100%| E|CS|TAMS 0x00000000c6400000, 0x00000000c6400000| Complete 
|  61|0x00000000c6500000, 0x00000000c6600000, 0x00000000c6600000|100%| E|CS|TAMS 0x00000000c6500000, 0x00000000c6500000| Complete 

Card table byte_map: [0x000001f5467c0000,0x000001f5469b0000] _byte_map_base: 0x000001f5461ac000

Marking Bits (Prev, Next): (CMBitMap*) 0x000001f531c14100, (CMBitMap*) 0x000001f531c14140
 Prev Bits: [0x000001f546ba0000, 0x000001f547b00000)
 Next Bits: [0x000001f547b00000, 0x000001f548a60000)

Polling page: 0x000001f531c70000

Metaspace:

Usage:
  Non-class:     10.59 MB used.
      Class:      1.21 MB used.
       Both:     11.80 MB used.

Virtual space:
  Non-class space:       64.00 MB reserved,      10.69 MB ( 17%) committed,  1 nodes.
      Class space:        1.00 GB reserved,       1.31 MB ( <1%) committed,  1 nodes.
             Both:        1.06 GB reserved,      12.00 MB (  1%) committed. 

Chunk freelists:
   Non-Class:  5.36 MB
       Class:  14.54 MB
        Both:  19.90 MB

MaxMetaspaceSize: unlimited
CompressedClassSpaceSize: 1.00 GB
Initial GC threshold: 21.00 MB
Current GC threshold: 21.00 MB
CDS: off
MetaspaceReclaimPolicy: balanced
 - commit_granule_bytes: 65536.
 - commit_granule_words: 8192.
 - virtual_space_node_default_size: 8388608.
 - enlarge_chunks_in_place: 1.
 - new_chunks_are_fully_committed: 0.
 - uncommit_free_chunks: 1.
 - use_allocation_guard: 0.
 - handle_deallocations: 1.


Internal statistics:

num_allocs_failed_limit: 0.
num_arena_births: 90.
num_arena_deaths: 0.
num_vsnodes_births: 2.
num_vsnodes_deaths: 0.
num_space_committed: 192.
num_space_uncommitted: 0.
num_chunks_returned_to_freelist: 0.
num_chunks_taken_from_freelist: 243.
num_chunk_merges: 0.
num_chunk_splits: 151.
num_chunks_enlarged: 99.
num_inconsistent_stats: 0.

CodeHeap 'non-profiled nmethods': size=120000Kb used=346Kb max_used=346Kb free=119653Kb
 bounds [0x000001f53e640000, 0x000001f53e8b0000, 0x000001f545b70000]
CodeHeap 'profiled nmethods': size=120000Kb used=1732Kb max_used=1732Kb free=118268Kb
 bounds [0x000001f536b70000, 0x000001f536de0000, 0x000001f53e0a0000]
CodeHeap 'non-nmethods': size=5760Kb used=1168Kb max_used=1183Kb free=4591Kb
 bounds [0x000001f53e0a0000, 0x000001f53e310000, 0x000001f53e640000]
 total_blobs=1508 nmethods=1045 adapters=376
 compilation: enabled
              stopped_count=0, restarted_count=0
 full_count=0

Compilation events (20 events):
Event: 1.416 Thread 0x000001f54b51cec0 1027       3       java.lang.String::equalsIgnoreCase (45 bytes)
Event: 1.417 Thread 0x000001f54b51cec0 nmethod 1027 0x000001f536d17d10 code [0x000001f536d17f00, 0x000001f536d18468]
Event: 1.417 Thread 0x000001f54b51cec0 1023       1       java.util.zip.ZipEntry::getSize (5 bytes)
Event: 1.417 Thread 0x000001f54b51cec0 nmethod 1023 0x000001f53e695810 code [0x000001f53e6959a0, 0x000001f53e695a78]
Event: 1.418 Thread 0x000001f54b51cec0 1029       3       java.util.jar.Attributes$Name::hash (148 bytes)
Event: 1.419 Thread 0x000001f54b51cec0 nmethod 1029 0x000001f536d18690 code [0x000001f536d18920, 0x000001f536d19608]
Event: 1.419 Thread 0x000001f54b51cec0 1031       3       java.util.Arrays::fill (21 bytes)
Event: 1.419 Thread 0x000001f54b51cec0 nmethod 1031 0x000001f536d19b10 code [0x000001f536d19ca0, 0x000001f536d19e58]
Event: 1.420 Thread 0x000001f54b51c410 nmethod 1019% 0x000001f53e695b10 code [0x000001f53e695ca0, 0x000001f53e6960b8]
Event: 1.420 Thread 0x000001f54b51c410 1028       4       java.io.WinNTFileSystem::normalize (143 bytes)
Event: 1.422 Thread 0x000001f54b51cec0 1032       3       java.security.AccessController::executePrivileged (65 bytes)
Event: 1.423 Thread 0x000001f54b51cec0 nmethod 1032 0x000001f536d19f90 code [0x000001f536d1a160, 0x000001f536d1a458]
Event: 1.427 Thread 0x000001f54b51cec0 1035       3       java.lang.ref.ReferenceQueue::reallyPoll (65 bytes)
Event: 1.427 Thread 0x000001f54b51cec0 nmethod 1035 0x000001f536d1a590 code [0x000001f536d1a760, 0x000001f536d1ac78]
Event: 1.431 Thread 0x000001f54b51cec0 1036       3       java.security.AccessController::checkContext (49 bytes)
Event: 1.431 Thread 0x000001f54b51cec0 nmethod 1036 0x000001f536d1ad90 code [0x000001f536d1afa0, 0x000001f536d1b5f8]
Event: 1.437 Thread 0x000001f54b51cec0 1037       3       jdk.internal.org.objectweb.asm.MethodWriter::visitInsn (115 bytes)
Event: 1.438 Thread 0x000001f54b51cec0 nmethod 1037 0x000001f536d1b810 code [0x000001f536d1b9e0, 0x000001f536d1be08]
Event: 1.447 Thread 0x000001f54b51cec0 1038       3       java.nio.Buffer::remaining (20 bytes)
Event: 1.447 Thread 0x000001f54b51cec0 nmethod 1038 0x000001f536d1bf90 code [0x000001f536d1c120, 0x000001f536d1c2b8]

GC Heap History (2 events):
Event: 1.331 GC heap before
{Heap before GC invocations=0 (full 0):
 garbage-first heap   total 63488K, used 28672K [0x00000000c2800000, 0x0000000100000000)
  region size 1024K, 23 young (23552K), 0 survivors (0K)
 Metaspace       used 11764K, committed 12032K, reserved 1114112K
  class space    used 1219K, committed 1344K, reserved 1048576K
}
Event: 1.339 GC heap after
{Heap after GC invocations=1 (full 0):
 garbage-first heap   total 63488K, used 9476K [0x00000000c2800000, 0x0000000100000000)
  region size 1024K, 3 young (3072K), 3 survivors (3072K)
 Metaspace       used 11764K, committed 12032K, reserved 1114112K
  class space    used 1219K, committed 1344K, reserved 1048576K
}

Dll operation events (2 events):
Event: 0.025 Loaded shared library C:\Users\elbootic.com\.jdks\jbr-17.0.8.1\bin\java.dll
Event: 0.058 Loaded shared library C:\Users\elbootic.com\.jdks\jbr-17.0.8.1\bin\jsvml.dll

Deoptimization events (20 events):
Event: 0.571 Thread 0x000001f531bd6020 DEOPT PACKING pc=0x000001f53e65ae28 sp=0x0000005a89dfde40
Event: 0.571 Thread 0x000001f531bd6020 DEOPT UNPACKING pc=0x000001f53e0f69a3 sp=0x0000005a89dfddd0 mode 2
Event: 0.770 Thread 0x000001f531bd6020 DEOPT PACKING pc=0x000001f536c68ed7 sp=0x0000005a89dfe1a0
Event: 0.770 Thread 0x000001f531bd6020 DEOPT UNPACKING pc=0x000001f53e0f7143 sp=0x0000005a89dfd5c0 mode 0
Event: 0.777 Thread 0x000001f531bd6020 DEOPT PACKING pc=0x000001f536c5444a sp=0x0000005a89dfe170
Event: 0.777 Thread 0x000001f531bd6020 DEOPT UNPACKING pc=0x000001f53e0f7143 sp=0x0000005a89dfd608 mode 0
Event: 1.071 Thread 0x000001f5505f6340 Uncommon trap: trap_request=0xffffff45 fr.pc=0x000001f53e6728bc relative=0x000000000000027c
Event: 1.071 Thread 0x000001f5505f6340 Uncommon trap: reason=unstable_if action=reinterpret pc=0x000001f53e6728bc method=java.lang.invoke.VarHandle.checkExactAccessMode(Ljava/lang/invoke/VarHandle$AccessDescriptor;)V @ 4 c2
Event: 1.071 Thread 0x000001f5505f6340 DEOPT PACKING pc=0x000001f53e6728bc sp=0x0000005a8b3fe550
Event: 1.071 Thread 0x000001f5505f6340 DEOPT UNPACKING pc=0x000001f53e0f69a3 sp=0x0000005a8b3fe4c0 mode 2
Event: 1.250 Thread 0x000001f5505f6340 Uncommon trap: trap_request=0xffffff45 fr.pc=0x000001f53e662b34 relative=0x00000000000005f4
Event: 1.250 Thread 0x000001f5505f6340 Uncommon trap: reason=unstable_if action=reinterpret pc=0x000001f53e662b34 method=java.util.zip.ZipFile$Source.checkAndAddEntry(II)I @ 50 c2
Event: 1.250 Thread 0x000001f5505f6340 DEOPT PACKING pc=0x000001f53e662b34 sp=0x0000005a8b3fcd60
Event: 1.250 Thread 0x000001f5505f6340 DEOPT UNPACKING pc=0x000001f53e0f69a3 sp=0x0000005a8b3fccd0 mode 2
Event: 1.251 Thread 0x000001f5505f6340 Uncommon trap: trap_request=0xffffff45 fr.pc=0x000001f53e688cb4 relative=0x0000000000000e54
Event: 1.251 Thread 0x000001f5505f6340 Uncommon trap: reason=unstable_if action=reinterpret pc=0x000001f53e688cb4 method=java.util.zip.ZipFile.getZipEntry(Ljava/lang/String;I)Ljava/util/zip/ZipEntry; @ 224 c2
Event: 1.251 Thread 0x000001f5505f6340 DEOPT PACKING pc=0x000001f53e688cb4 sp=0x0000005a8b3fce90
Event: 1.251 Thread 0x000001f5505f6340 DEOPT UNPACKING pc=0x000001f53e0f69a3 sp=0x0000005a8b3fce58 mode 2
Event: 1.386 Thread 0x000001f5505f6340 DEOPT PACKING pc=0x000001f536cf4055 sp=0x0000005a8b3fcff0
Event: 1.386 Thread 0x000001f5505f6340 DEOPT UNPACKING pc=0x000001f53e0f7143 sp=0x0000005a8b3fc460 mode 0

Classes unloaded (0 events):
No events

Classes redefined (0 events):
No events

Internal exceptions (12 events):
Event: 0.471 Thread 0x000001f531bd6020 Exception <a 'java/lang/NoSuchMethodError'{0x00000000c5d23880}: 'java.lang.Object java.lang.invoke.DirectMethodHandle$Holder.invokeStaticInit(java.lang.Object)'> (0x00000000c5d23880) 
thrown [s\src\hotspot\share\interpreter\linkResolver.cpp, line 771]
Event: 0.476 Thread 0x000001f531bd6020 Exception <a 'java/lang/NoSuchMethodError'{0x00000000c5d2b490}: 'void java.lang.invoke.DirectMethodHandle$Holder.invokeStatic(java.lang.Object, java.lang.Object)'> (0x00000000c5d2b490) 
thrown [s\src\hotspot\share\interpreter\linkResolver.cpp, line 771]
Event: 0.838 Thread 0x000001f531bd6020 Exception <a 'java/lang/NoSuchMethodError'{0x00000000c57226d0}: 'void java.lang.invoke.DirectMethodHandle$Holder.invokeSpecial(java.lang.Object, java.lang.Object, java.lang.Object)'> (0x00000000c57226d0) 
thrown [s\src\hotspot\share\interpreter\linkResolver.cpp, line 771]
Event: 0.851 Thread 0x000001f531bd6020 Exception <a 'java/lang/NoSuchMethodError'{0x00000000c575b4a8}: 'void java.lang.invoke.DirectMethodHandle$Holder.invokeStatic(java.lang.Object, java.lang.Object, java.lang.Object)'> (0x00000000c575b4a8) 
thrown [s\src\hotspot\share\interpreter\linkResolver.cpp, line 771]
Event: 0.993 Thread 0x000001f531bd6020 Exception <a 'java/lang/NoSuchMethodError'{0x00000000c5778118}: 'int java.lang.invoke.DirectMethodHandle$Holder.invokeStaticInit(java.lang.Object, java.lang.Object, java.lang.Object)'> (0x00000000c5778118) 
thrown [s\src\hotspot\share\interpreter\linkResolver.cpp, line 771]
Event: 1.033 Thread 0x000001f531bd6020 Exception <a 'java/lang/NoSuchMethodError'{0x00000000c56abb08}: 'java.lang.Object java.lang.invoke.DirectMethodHandle$Holder.newInvokeSpecial(java.lang.Object, java.lang.Object, int, java.lang.Object)'> (0x00000000c56abb08) 
thrown [s\src\hotspot\share\interpreter\linkResolver.cpp, line 771]
Event: 1.033 Thread 0x000001f531bd6020 Exception <a 'java/lang/NoSuchMethodError'{0x00000000c56afee8}: 'java.lang.Object java.lang.invoke.DirectMethodHandle$Holder.invokeSpecial(java.lang.Object, java.lang.Object, java.lang.Object, int, java.lang.Object)'> (0x00000000c56afee8) 
thrown [s\src\hotspot\share\interpreter\linkResolver.cpp, line 771]
Event: 1.140 Thread 0x000001f5505f6340 Exception <a 'java/lang/NoSuchMethodError'{0x00000000c540d4a8}: 'void java.lang.invoke.DirectMethodHandle$Holder.invokeStaticInit(java.lang.Object)'> (0x00000000c540d4a8) 
thrown [s\src\hotspot\share\interpreter\linkResolver.cpp, line 771]
Event: 1.146 Thread 0x000001f531bd6020 Exception <a 'java/lang/NoSuchMethodError'{0x00000000c56c4f78}: 'java.lang.Object java.lang.invoke.DirectMethodHandle$Holder.newInvokeSpecial(java.lang.Object, java.lang.Object, java.lang.Object, java.lang.Object, java.lang.Object, java.lang.Object)'> (0x00000000c56c4f78) 
thrown [s\src\hotspot\share\interpreter\linkResolver.cpp, line 771]
Event: 1.154 Thread 0x000001f531bd6020 Exception <a 'java/lang/NoSuchMethodError'{0x00000000c56f5a58}: 'java.lang.Object java.lang.invoke.DirectMethodHandle$Holder.newInvokeSpecial(java.lang.Object, java.lang.Object, java.lang.Object, java.lang.Object, java.lang.Object)'> (0x00000000c56f5a58) 
thrown [s\src\hotspot\share\interpreter\linkResolver.cpp, line 771]
Event: 1.155 Thread 0x000001f55065b850 Exception <a 'java/lang/NoSuchMethodError'{0x00000000c54f3b10}: 'void java.lang.invoke.DirectMethodHandle$Holder.invokeStatic(java.lang.Object, java.lang.Object, java.lang.Object, java.lang.Object)'> (0x00000000c54f3b10) 
thrown [s\src\hotspot\share\interpreter\linkResolver.cpp, line 771]
Event: 1.423 Thread 0x000001f5505f6340 Exception <a 'java/lang/OutOfMemoryError'{0x00000000c616c608}> (0x00000000c616c608) 
thrown [s\src\hotspot\share\prims\jni.cpp, line 536]

VM Operations (10 events):
Event: 0.353 Executing VM operation: HandshakeAllThreads
Event: 0.353 Executing VM operation: HandshakeAllThreads done
Event: 0.405 Executing VM operation: HandshakeAllThreads
Event: 0.405 Executing VM operation: HandshakeAllThreads done
Event: 1.007 Executing VM operation: HandshakeAllThreads
Event: 1.007 Executing VM operation: HandshakeAllThreads done
Event: 1.270 Executing VM operation: ICBufferFull
Event: 1.271 Executing VM operation: ICBufferFull done
Event: 1.330 Executing VM operation: G1CollectForAllocation
Event: 1.340 Executing VM operation: G1CollectForAllocation done

Events (20 events):
Event: 1.257 loading class java/util/zip/ZipFile$ZipEntryIterator
Event: 1.257 loading class java/util/zip/ZipFile$ZipEntryIterator done
Event: 1.268 loading class java/util/TreeSet
Event: 1.269 loading class java/util/NavigableSet
Event: 1.269 loading class java/util/SortedSet
Event: 1.269 loading class java/util/SortedSet done
Event: 1.269 loading class java/util/NavigableSet done
Event: 1.269 loading class java/util/TreeSet done
Event: 1.269 loading class java/util/TreeMap$KeySet
Event: 1.270 loading class java/util/TreeMap$KeySet done
Event: 1.270 loading class java/util/TreeMap$KeyIterator
Event: 1.270 loading class java/util/TreeMap$KeyIterator done
Event: 1.423 loading class java/util/zip/DataFormatException
Event: 1.425 loading class java/util/zip/DataFormatException done
Event: 1.425 loading class java/security/PrivilegedActionException
Event: 1.425 loading class java/security/PrivilegedActionException done
Event: 1.425 loading class java/util/ServiceConfigurationError
Event: 1.426 loading class java/util/ServiceConfigurationError done
Event: 1.452 loading class java/util/LinkedList$ListItr
Event: 1.452 loading class java/util/LinkedList$ListItr done


Dynamic libraries:
0x00007ff720280000 - 0x00007ff72028a000 	C:\Users\elbootic.com\.jdks\jbr-17.0.8.1\bin\java.exe
0x00007ffcc4030000 - 0x00007ffcc4247000 	C:\WINDOWS\SYSTEM32\ntdll.dll
0x00007ffcc2b70000 - 0x00007ffcc2c34000 	C:\WINDOWS\System32\KERNEL32.DLL
0x00007ffcc19d0000 - 0x00007ffcc1d76000 	C:\WINDOWS\System32\KERNELBASE.dll
0x00007ffcc1830000 - 0x00007ffcc1941000 	C:\WINDOWS\System32\ucrtbase.dll
0x00007ffcab150000 - 0x00007ffcab167000 	C:\Users\elbootic.com\.jdks\jbr-17.0.8.1\bin\jli.dll
0x00007ffcaac50000 - 0x00007ffcaac6b000 	C:\Users\elbootic.com\.jdks\jbr-17.0.8.1\bin\VCRUNTIME140.dll
0x00007ffcc3040000 - 0x00007ffcc31ee000 	C:\WINDOWS\System32\USER32.dll
0x00007ffcc0660000 - 0x00007ffcc08f3000 	C:\WINDOWS\WinSxS\amd64_microsoft.windows.common-controls_6595b64144ccf1df_6.0.22621.2506_none_270c5ae97388e100\COMCTL32.dll
0x00007ffcc1430000 - 0x00007ffcc1456000 	C:\WINDOWS\System32\win32u.dll
0x00007ffcc3e90000 - 0x00007ffcc3f37000 	C:\WINDOWS\System32\msvcrt.dll
0x00007ffcc1f80000 - 0x00007ffcc1fa9000 	C:\WINDOWS\System32\GDI32.dll
0x00007ffcc1710000 - 0x00007ffcc1828000 	C:\WINDOWS\System32\gdi32full.dll
0x00007ffcc1460000 - 0x00007ffcc14fa000 	C:\WINDOWS\System32\msvcp_win.dll
0x00007ffcc2540000 - 0x00007ffcc2571000 	C:\WINDOWS\System32\IMM32.DLL
0x00007ffcbb2f0000 - 0x00007ffcbb2fc000 	C:\Users\elbootic.com\.jdks\jbr-17.0.8.1\bin\vcruntime140_1.dll
0x00007ffca92a0000 - 0x00007ffca932d000 	C:\Users\elbootic.com\.jdks\jbr-17.0.8.1\bin\msvcp140.dll
0x00007ffc7f2e0000 - 0x00007ffc7ff63000 	C:\Users\elbootic.com\.jdks\jbr-17.0.8.1\bin\server\jvm.dll
0x00007ffcc3390000 - 0x00007ffcc3443000 	C:\WINDOWS\System32\ADVAPI32.dll
0x00007ffcc3f40000 - 0x00007ffcc3fe8000 	C:\WINDOWS\System32\sechost.dll
0x00007ffcc1670000 - 0x00007ffcc1698000 	C:\WINDOWS\System32\bcrypt.dll
0x00007ffcc31f0000 - 0x00007ffcc3307000 	C:\WINDOWS\System32\RPCRT4.dll
0x00007ffca4450000 - 0x00007ffca4459000 	C:\WINDOWS\SYSTEM32\WSOCK32.dll
0x00007ffcc2fb0000 - 0x00007ffcc3021000 	C:\WINDOWS\System32\WS2_32.dll
0x00007ffcc1240000 - 0x00007ffcc128d000 	C:\WINDOWS\SYSTEM32\POWRPROF.dll
0x00007ffcba190000 - 0x00007ffcba1c4000 	C:\WINDOWS\SYSTEM32\WINMM.dll
0x00007ffcb9dd0000 - 0x00007ffcb9dda000 	C:\WINDOWS\SYSTEM32\VERSION.dll
0x00007ffcc1220000 - 0x00007ffcc1233000 	C:\WINDOWS\SYSTEM32\UMPDC.dll
0x00007ffcbfaf0000 - 0x00007ffcbfb08000 	C:\WINDOWS\SYSTEM32\kernel.appcore.dll
0x00007ffcaac40000 - 0x00007ffcaac4a000 	C:\Users\elbootic.com\.jdks\jbr-17.0.8.1\bin\jimage.dll
0x00007ffcc0bf0000 - 0x00007ffcc0e23000 	C:\WINDOWS\SYSTEM32\DBGHELP.DLL
0x00007ffcc21a0000 - 0x00007ffcc2529000 	C:\WINDOWS\System32\combase.dll
0x00007ffcc3450000 - 0x00007ffcc3527000 	C:\WINDOWS\System32\OLEAUT32.dll
0x00007ffcc0ae0000 - 0x00007ffcc0b12000 	C:\WINDOWS\SYSTEM32\dbgcore.DLL
0x00007ffcc1950000 - 0x00007ffcc19ca000 	C:\WINDOWS\System32\bcryptPrimitives.dll
0x00007ffcaac10000 - 0x00007ffcaac35000 	C:\Users\elbootic.com\.jdks\jbr-17.0.8.1\bin\java.dll
0x00007ffcaabf0000 - 0x00007ffcaac08000 	C:\Users\elbootic.com\.jdks\jbr-17.0.8.1\bin\zip.dll
0x00007ffc8d960000 - 0x00007ffc8da37000 	C:\Users\elbootic.com\.jdks\jbr-17.0.8.1\bin\jsvml.dll
0x00007ffcc3630000 - 0x00007ffcc3e8b000 	C:\WINDOWS\System32\SHELL32.dll
0x00007ffcbe8c0000 - 0x00007ffcbf1b6000 	C:\WINDOWS\SYSTEM32\windows.storage.dll
0x00007ffcbe760000 - 0x00007ffcbe89e000 	C:\WINDOWS\SYSTEM32\wintypes.dll
0x00007ffcc2c40000 - 0x00007ffcc2d33000 	C:\WINDOWS\System32\SHCORE.dll
0x00007ffcc2aa0000 - 0x00007ffcc2afe000 	C:\WINDOWS\System32\shlwapi.dll
0x00007ffcc12a0000 - 0x00007ffcc12c6000 	C:\WINDOWS\SYSTEM32\profapi.dll
0x00007ffcaa670000 - 0x00007ffcaa689000 	C:\Users\elbootic.com\.jdks\jbr-17.0.8.1\bin\net.dll
0x00007ffcbaa00000 - 0x00007ffcbab37000 	C:\WINDOWS\SYSTEM32\WINHTTP.dll
0x00007ffcbff70000 - 0x00007ffcbffd9000 	C:\WINDOWS\system32\mswsock.dll
0x00007ffca9280000 - 0x00007ffca9296000 	C:\Users\elbootic.com\.jdks\jbr-17.0.8.1\bin\nio.dll
0x000001f54bbb0000 - 0x000001f54bbb3000 	C:\Users\elbootic.com\.openjfx\cache\21.0.2+5\amd64\api-ms-win-core-console-l1-1-0.dll
0x000001f54bbc0000 - 0x000001f54bbc3000 	C:\Users\elbootic.com\.openjfx\cache\21.0.2+5\amd64\api-ms-win-core-console-l1-2-0.dll
0x000001f54bbd0000 - 0x000001f54bbd3000 	C:\Users\elbootic.com\.openjfx\cache\21.0.2+5\amd64\api-ms-win-core-datetime-l1-1-0.dll
0x000001f54bbe0000 - 0x000001f54bbe3000 	C:\Users\elbootic.com\.openjfx\cache\21.0.2+5\amd64\api-ms-win-core-debug-l1-1-0.dll
0x000001f54bbf0000 - 0x000001f54bbf3000 	C:\Users\elbootic.com\.openjfx\cache\21.0.2+5\amd64\api-ms-win-core-errorhandling-l1-1-0.dll
0x000001f54bc00000 - 0x000001f54bc04000 	C:\Users\elbootic.com\.openjfx\cache\21.0.2+5\amd64\api-ms-win-core-file-l1-1-0.dll
0x000001f54bc10000 - 0x000001f54bc13000 	C:\Users\elbootic.com\.openjfx\cache\21.0.2+5\amd64\api-ms-win-core-file-l1-2-0.dll
0x000001f54bc20000 - 0x000001f54bc23000 	C:\Users\elbootic.com\.openjfx\cache\21.0.2+5\amd64\api-ms-win-core-file-l2-1-0.dll
0x000001f54bc30000 - 0x000001f54bc33000 	C:\Users\elbootic.com\.openjfx\cache\21.0.2+5\amd64\api-ms-win-core-handle-l1-1-0.dll
0x000001f54bc40000 - 0x000001f54bc43000 	C:\Users\elbootic.com\.openjfx\cache\21.0.2+5\amd64\api-ms-win-core-heap-l1-1-0.dll
0x000001f54bc50000 - 0x000001f54bc53000 	C:\Users\elbootic.com\.openjfx\cache\21.0.2+5\amd64\api-ms-win-core-interlocked-l1-1-0.dll
0x000001f54bc60000 - 0x000001f54bc63000 	C:\Users\elbootic.com\.openjfx\cache\21.0.2+5\amd64\api-ms-win-core-libraryloader-l1-1-0.dll
0x000001f54bc70000 - 0x000001f54bc73000 	C:\Users\elbootic.com\.openjfx\cache\21.0.2+5\amd64\api-ms-win-core-localization-l1-2-0.dll
0x000001f54bc80000 - 0x000001f54bc83000 	C:\Users\elbootic.com\.openjfx\cache\21.0.2+5\amd64\api-ms-win-core-memory-l1-1-0.dll
0x000001f54bc90000 - 0x000001f54bc93000 	C:\Users\elbootic.com\.openjfx\cache\21.0.2+5\amd64\api-ms-win-core-namedpipe-l1-1-0.dll
0x000001f54bca0000 - 0x000001f54bca3000 	C:\Users\elbootic.com\.openjfx\cache\21.0.2+5\amd64\api-ms-win-core-processenvironment-l1-1-0.dll
0x000001f54bcb0000 - 0x000001f54bcb3000 	C:\Users\elbootic.com\.openjfx\cache\21.0.2+5\amd64\api-ms-win-core-processthreads-l1-1-0.dll
0x000001f54bcc0000 - 0x000001f54bcc3000 	C:\Users\elbootic.com\.openjfx\cache\21.0.2+5\amd64\api-ms-win-core-processthreads-l1-1-1.dll
0x000001f54bcd0000 - 0x000001f54bcd3000 	C:\Users\elbootic.com\.openjfx\cache\21.0.2+5\amd64\api-ms-win-core-profile-l1-1-0.dll
0x000001f54bce0000 - 0x000001f54bce3000 	C:\Users\elbootic.com\.openjfx\cache\21.0.2+5\amd64\api-ms-win-core-rtlsupport-l1-1-0.dll
0x000001f54bcf0000 - 0x000001f54bcf3000 	C:\Users\elbootic.com\.openjfx\cache\21.0.2+5\amd64\api-ms-win-core-string-l1-1-0.dll
0x000001f54bd00000 - 0x000001f54bd03000 	C:\Users\elbootic.com\.openjfx\cache\21.0.2+5\amd64\api-ms-win-core-synch-l1-1-0.dll
0x000001f54bd10000 - 0x000001f54bd13000 	C:\Users\elbootic.com\.openjfx\cache\21.0.2+5\amd64\api-ms-win-core-synch-l1-2-0.dll
0x000001f54bd20000 - 0x000001f54bd23000 	C:\Users\elbootic.com\.openjfx\cache\21.0.2+5\amd64\api-ms-win-core-sysinfo-l1-1-0.dll
0x000001f54bd30000 - 0x000001f54bd33000 	C:\Users\elbootic.com\.openjfx\cache\21.0.2+5\amd64\api-ms-win-core-timezone-l1-1-0.dll
0x000001f54bd40000 - 0x000001f54bd43000 	C:\Users\elbootic.com\.openjfx\cache\21.0.2+5\amd64\api-ms-win-core-util-l1-1-0.dll
0x000001f54bd50000 - 0x000001f54bd53000 	C:\Users\elbootic.com\.openjfx\cache\21.0.2+5\amd64\api-ms-win-crt-conio-l1-1-0.dll
0x000001f54bd60000 - 0x000001f54bd64000 	C:\Users\elbootic.com\.openjfx\cache\21.0.2+5\amd64\api-ms-win-crt-convert-l1-1-0.dll
0x000001f54bd70000 - 0x000001f54bd73000 	C:\Users\elbootic.com\.openjfx\cache\21.0.2+5\amd64\api-ms-win-crt-environment-l1-1-0.dll
0x000001f54bd80000 - 0x000001f54bd83000 	C:\Users\elbootic.com\.openjfx\cache\21.0.2+5\amd64\api-ms-win-crt-filesystem-l1-1-0.dll
0x000001f54bd90000 - 0x000001f54bd93000 	C:\Users\elbootic.com\.openjfx\cache\21.0.2+5\amd64\api-ms-win-crt-heap-l1-1-0.dll
0x000001f54bda0000 - 0x000001f54bda3000 	C:\Users\elbootic.com\.openjfx\cache\21.0.2+5\amd64\api-ms-win-crt-locale-l1-1-0.dll
0x000001f54bdb0000 - 0x000001f54bdb5000 	C:\Users\elbootic.com\.openjfx\cache\21.0.2+5\amd64\api-ms-win-crt-math-l1-1-0.dll
0x000001f54bdc0000 - 0x000001f54bdc5000 	C:\Users\elbootic.com\.openjfx\cache\21.0.2+5\amd64\api-ms-win-crt-multibyte-l1-1-0.dll
0x000001f54bdd0000 - 0x000001f54bde0000 	C:\Users\elbootic.com\.openjfx\cache\21.0.2+5\amd64\api-ms-win-crt-private-l1-1-0.dll
0x000001f54bde0000 - 0x000001f54bde3000 	C:\Users\elbootic.com\.openjfx\cache\21.0.2+5\amd64\api-ms-win-crt-process-l1-1-0.dll
0x000001f54bdf0000 - 0x000001f54bdf4000 	C:\Users\elbootic.com\.openjfx\cache\21.0.2+5\amd64\api-ms-win-crt-runtime-l1-1-0.dll
0x000001f54be00000 - 0x000001f54be04000 	C:\Users\elbootic.com\.openjfx\cache\21.0.2+5\amd64\api-ms-win-crt-stdio-l1-1-0.dll
0x000001f54be10000 - 0x000001f54be14000 	C:\Users\elbootic.com\.openjfx\cache\21.0.2+5\amd64\api-ms-win-crt-string-l1-1-0.dll
0x000001f54be20000 - 0x000001f54be23000 	C:\Users\elbootic.com\.openjfx\cache\21.0.2+5\amd64\api-ms-win-crt-time-l1-1-0.dll
0x000001f54be30000 - 0x000001f54be33000 	C:\Users\elbootic.com\.openjfx\cache\21.0.2+5\amd64\api-ms-win-crt-utility-l1-1-0.dll
0x00007ffc86eb0000 - 0x00007ffc86fac000 	C:\Users\elbootic.com\.openjfx\cache\21.0.2+5\amd64\ucrtbase.dll
0x00007ffca9260000 - 0x00007ffca927b000 	C:\Users\elbootic.com\.openjfx\cache\21.0.2+5\amd64\vcruntime140.dll
0x00007ffcaa660000 - 0x00007ffcaa66c000 	C:\Users\elbootic.com\.openjfx\cache\21.0.2+5\amd64\vcruntime140_1.dll
0x00007ffca8cd0000 - 0x00007ffca8d5e000 	C:\Users\elbootic.com\.openjfx\cache\21.0.2+5\amd64\msvcp140.dll
0x00007ffca9250000 - 0x00007ffca9259000 	C:\Users\elbootic.com\.openjfx\cache\21.0.2+5\amd64\msvcp140_1.dll
0x00007ffca9200000 - 0x00007ffca9241000 	C:\Users\elbootic.com\.openjfx\cache\21.0.2+5\amd64\msvcp140_2.dll
0x00007ffca8fa0000 - 0x00007ffca8fd0000 	C:\Users\elbootic.com\.openjfx\cache\21.0.2+5\amd64\prism_d3d.dll
0x00007ffcaf400000 - 0x00007ffcaf5a9000 	C:\WINDOWS\system32\d3d9.dll
0x00007ffcbde90000 - 0x00007ffcbdebb000 	C:\WINDOWS\SYSTEM32\dwmapi.dll
0x00007ffcbdd40000 - 0x00007ffcbdd79000 	C:\WINDOWS\SYSTEM32\dxcore.dll
0x00007ffcbdc00000 - 0x00007ffcbdcab000 	C:\WINDOWS\system32\uxtheme.dll
0x00007ffcc1fb0000 - 0x00007ffcc2150000 	C:\WINDOWS\System32\ole32.dll
0x00007ffcba5f0000 - 0x00007ffcba63a000 	C:\WINDOWS\SYSTEM32\directxdatabasehelper.dll
0x00007ffca8950000 - 0x00007ffca8988000 	C:\WINDOWS\System32\DriverStore\FileRepository\nvlt.inf_amd64_bffc2ae18ab8f148\nvdlistx.dll
0x00007ffc97a50000 - 0x00007ffc97a92000 	C:\Users\elbootic.com\.openjfx\cache\21.0.2+5\amd64\glass.dll
0x00007ffcc3530000 - 0x00007ffcc3629000 	C:\WINDOWS\System32\COMDLG32.dll
0x00007ffcc1d90000 - 0x00007ffcc1ee1000 	C:\WINDOWS\System32\MSCTF.dll

dbghelp: loaded successfully - version: 4.0.5 - missing functions: none
symbol engine: initialized successfully - sym options: 0x614 - pdb path: .;C:\Users\elbootic.com\.jdks\jbr-17.0.8.1\bin;C:\WINDOWS\SYSTEM32;C:\WINDOWS\WinSxS\amd64_microsoft.windows.common-controls_6595b64144ccf1df_6.0.22621.2506_none_270c5ae97388e100;C:\Users\elbootic.com\.jdks\jbr-17.0.8.1\bin\server;C:\Users\elbootic.com\.openjfx\cache\21.0.2+5\amd64;C:\WINDOWS\System32\DriverStore\FileRepository\iigd_dch.inf_amd64_4b31d9b38e2bb506;C:\WINDOWS\System32\DriverStore\FileRepository\nvlt.inf_amd64_bffc2ae18ab8f148

VM Arguments:
jvm_args: --module-path=C:\Users\elbootic.com\.m2\repository\org\openjfx\javafx-base\21.0.2\javafx-base-21.0.2-win.jar;C:\Users\elbootic.com\.m2\repository\org\openjfx\javafx-base\21.0.2\javafx-base-21.0.2.jar;C:\Users\elbootic.com\.m2\repository\org\openjfx\javafx-controls\21.0.2\javafx-controls-21.0.2-win.jar;C:\Users\elbootic.com\.m2\repository\org\openjfx\javafx-controls\21.0.2\javafx-controls-21.0.2.jar;C:\Users\elbootic.com\.m2\repository\org\openjfx\javafx-fxml\21.0.2\javafx-fxml-21.0.2-win.jar;C:\Users\elbootic.com\.m2\repository\org\openjfx\javafx-fxml\21.0.2\javafx-fxml-21.0.2.jar;C:\Users\elbootic.com\.m2\repository\org\openjfx\javafx-graphics\21.0.2\javafx-graphics-21.0.2-win.jar;C:\Users\elbootic.com\.m2\repository\org\openjfx\javafx-graphics\21.0.2\javafx-graphics-21.0.2.jar;C:\Users\elbootic.com\.m2\repository\org\openjfx\javafx-media\21.0.2\javafx-media-21.0.2-win.jar;C:\Users\elbootic.com\.m2\repository\org\openjfx\javafx-media\21.0.2\javafx-media-21.0.2.jar;C:\Users\elbootic.com\.m2\repository\org\openjfx\javafx-web\21.0.2\javafx-web-21.0.2-win.jar;C:\Users\elbootic.com\.m2\repository\org\openjfx\javafx-web\21.0.2\javafx-web-21.0.2.jar --add-modules=javafx.base,javafx.controls,javafx.fxml,javafx.graphics,javafx.media,javafx.web 
java_command: com.esprit.tests.MainApp
java_class_path (initial): C:\Users\elbootic.com\OneDrive\Bureau\rakcha\RAKCHA\target\classes;C:\Users\elbootic.com\.m2\repository\ch\qos\logback\logback-classic\1.4.14\logback-classic-1.4.14.jar;C:\Users\elbootic.com\.m2\repository\ch\qos\logback\logback-core\1.4.14\logback-core-1.4.14.jar;C:\Users\elbootic.com\.m2\repository\com\azure\azure-core\1.46.0\azure-core-1.46.0.jar;C:\Users\elbootic.com\.m2\repository\com\azure\azure-core-http-netty\1.14.0\azure-core-http-netty-1.14.0.jar;C:\Users\elbootic.com\.m2\repository\com\azure\azure-identity\1.12.0-beta.1\azure-identity-1.12.0-beta.1.jar;C:\Users\elbootic.com\.m2\repository\com\azure\azure-json\1.1.0\azure-json-1.1.0.jar;C:\Users\elbootic.com\.m2\repository\com\fasterxml\jackson\core\jackson-annotations\2.8.7\jackson-annotations-2.8.7.jar;C:\Users\elbootic.com\.m2\repository\com\fasterxml\jackson\core\jackson-core\2.10.2\jackson-core-2.10.2.jar;C:\Users\elbootic.com\.m2\repository\com\fasterxml\jackson\core\jackson-databind\2.8.7\jackson-databind-2.8.7.jar;C:\Users\elbootic.com\.m2\repository\com\fasterxml\jackson\datatype\jackson-datatype-jsr310\2.13.3\jackson-datatype-jsr310-2.13.3.jar;C:\Users\elbootic.com\.m2\repository\com\fasterxml\jackson\jaxrs\jackson-jaxrs-base\2.12.2\jackson-jaxrs-base-2.12.2.jar;C:\Users\elbootic.com\.m2\repository\com\fasterxml\jackson\jaxrs\jackson-jaxrs-json-provider\2.12.2\jackson-jaxrs-json-provider-2.12.2.jar;C:\Users\elbootic.com\.m2\repository\com\fasterxml\jackson\module\jackson-module-jaxb-annotations\2.12.2\jackson-module-jaxb-annotations-2.12.2.jar;C:\Users\elbootic.com\.m2\repository\com\github\scribejava\scribejava-apis\8.3.3\scribejava-apis-8.3.3.jar;C:\Users\elbootic.com\.m2\repository\com\github\scribejava\scribejava-core\8.3.3\scribejava-core-8.3.3.jar;C:\Users\elbootic.com\.m2\repository\com\github\scribejava\scribejava-java8\8.3.3\scribejava-java8-8.3.3.jar;C:\Users\elbootic.com\.m2\repository\com\github\stephenc\jcip\jcip-annotations\1.0-1\jcip-annotations-1.0-1.j
Launcher Type: SUN_STANDARD

[Global flags]
     intx CICompilerCount                          = 4                                         {product} {ergonomic}
     uint ConcGCThreads                            = 2                                         {product} {ergonomic}
     uint G1ConcRefinementThreads                  = 8                                         {product} {ergonomic}
   size_t G1HeapRegionSize                         = 1048576                                   {product} {ergonomic}
    uintx GCDrainStackTargetSize                   = 64                                        {product} {ergonomic}
   size_t InitialHeapSize                          = 65011712                                  {product} {ergonomic}
   size_t MarkStackSize                            = 4194304                                   {product} {ergonomic}
   size_t MaxHeapSize                              = 1031798784                                {product} {ergonomic}
   size_t MaxNewSize                               = 618659840                                 {product} {ergonomic}
   size_t MinHeapDeltaBytes                        = 1048576                                   {product} {ergonomic}
   size_t MinHeapSize                              = 8388608                                   {product} {ergonomic}
    uintx NonNMethodCodeHeapSize                   = 5839372                                {pd product} {ergonomic}
    uintx NonProfiledCodeHeapSize                  = 122909434                              {pd product} {ergonomic}
    uintx ProfiledCodeHeapSize                     = 122909434                              {pd product} {ergonomic}
    uintx ReservedCodeCacheSize                    = 251658240                              {pd product} {ergonomic}
     bool SegmentedCodeCache                       = true                                      {product} {ergonomic}
   size_t SoftMaxHeapSize                          = 1031798784                             {manageable} {ergonomic}
     bool UseCompressedClassPointers               = true                           {product lp64_product} {ergonomic}
     bool UseCompressedOops                        = true                           {product lp64_product} {ergonomic}
     bool UseG1GC                                  = true                                      {product} {ergonomic}
     bool UseLargePagesIndividualAllocation        = false                                  {pd product} {ergonomic}

Logging:
Log output configuration:
 #0: stdout all=warning uptime,level,tags
 #1: stderr all=off uptime,level,tags

Environment Variables:
PATH=C:\Program Files (x86)\VMware\VMware Player\bin\;C:\WINDOWS\system32;C:\WINDOWS;C:\WINDOWS\System32\Wbem;C:\WINDOWS\System32\WindowsPowerShell\v1.0\;C:\WINDOWS\System32\OpenSSH\;C:\Program Files\MongoDB\Server\3.2\bin;C:\ProgramData\chocolatey\bin;C:\Program Files\nodejs\;C:\mongosh-1.6.2\bin;C:\Program Files\MongoDB\Server\6.0\bin;C:\Program Files\Git\cmd;C:\Program Files\Git\mingw64\bin;C:\Program Files\Git\usr\bin;C:\Users\elbootic.com\.jdks\jbr-17.0.8.1\bin;C:\xampp\php;C:\composer;C:\Users\elbootic.com\scoop\shims;C:\Users\elbootic.com\AppData\Local\Microsoft\WindowsApps;C:\Users\elbootic.com\AppData\Local\Programs\Microsoft VS Code\bin;C:\Users\elbootic.com\AppData\Roaming\npm;C:\mongosh-1.6.2\bin;C:\Program Files\MongoDB\Server\6.0\bin;C:\Users\elbootic.com\AppData\Roaming\Composer\vendor\bin;C:\Users\elbootic.com\AppData\Local\GitHubDesktop\bin
USERNAME=elbootic.com
OS=Windows_NT
PROCESSOR_IDENTIFIER=Intel64 Family 6 Model 142 Stepping 12, GenuineIntel
TMP=C:\Users\elbootic.com\AppData\Local\Temp
TEMP=C:\Users\elbootic.com\AppData\Local\Temp


JNI global refs:
JNI global refs: 11, weak refs: 0

JNI global refs memory usage: 843, weak refs: 209

OOME stack traces (most recent first):
Classloader memory used:
Loader bootstrap                                                                       : 1202K
Loader jdk.internal.loader.ClassLoaders$AppClassLoader                                 : 307K
Loader jdk.internal.loader.ClassLoaders$PlatformClassLoader                            : 509B
Loader jdk.internal.reflect.DelegatingClassLoader                                      : 432B


---------------  S Y S T E M  ---------------

OS:
 Windows 11 , 64 bit Build 22621 (10.0.22621.3085)
OS uptime: 1 days 6:18 hours

CPU: total 8 (initial active 8) (4 cores per cpu, 2 threads per core) family 6 model 142 stepping 12 microcode 0xde, cx8, cmov, fxsr, ht, mmx, 3dnowpref, sse, sse2, sse3, ssse3, sse4.1, sse4.2, popcnt, lzcnt, tsc, tscinvbit, avx, avx2, aes, erms, clmul, bmi1, bmi2, adx, fma, vzeroupper, clflush, clflushopt
Processor Information for all 8 processors :
  Max Mhz: 2112, Current Mhz: 1609, Mhz Limit: 1605

Memory: 4k page, system-wide physical 3929M (223M free)
TotalPageFile size 16217M (AvailPageFile size 0M)
current process WorkingSet (physical memory assigned to process): 90M, peak: 91M
current process commit charge ("private bytes"): 157M, peak: 159M

vm_info: OpenJDK 64-Bit Server VM (17.0.8.1+7-b1059.3) for windows-amd64 JRE (17.0.8.1+7-b1059.3), built on 2023-09-11 by "builduser" with MS VC++ 16.10 / 16.11 (VS2019)

END.
